TMS320C2000 Assembler PC v6.1.3 Tue Oct 01 15:27:07 2013

Tools Copyright (c) 1996-2012 Texas Instruments Incorporated
C:\Users\a0272466\AppData\Local\Temp\0936410                         PAGE    1

       1              ;***************************************************************
       2              ;* TMS320C2000 C/C++ Codegen                         PC v6.1.3 *
       3              ;* Date/Time created: Tue Oct 01 15:27:07 2013                 *
       4              ;***************************************************************
       5                      .compiler_opts --float_support=fpu32 --hll_source=on --mem_model:code=flat --mem_model:data=large --o
       6        0002  FP      .set    XAR2
       7              
       8              $C$DW$CU        .dwtag  DW_TAG_compile_unit
       9                      .dwattr $C$DW$CU, DW_AT_name("C:/work/grepos/device_support/device_support/f2837x/F2837x_bootROM_dev/
      10                      .dwattr $C$DW$CU, DW_AT_producer("TMS320C2000 C/C++ Codegen PC v6.1.3 Copyright (c) 1996-2012 Texas I
      11                      .dwattr $C$DW$CU, DW_AT_TI_version(0x01)
      12                      .dwattr $C$DW$CU, DW_AT_comp_dir("C:\work\grepos\device_support\device_support\f2837x\F2837x_bootROM_
      13                      .global _PHY_dsssFftDiffSeqTable
      14 00000000               .sect   "sunPhyTable"
      15                      .align  1
      16 00000000       _PHY_dsssFftDiffSeqTable:
      17 00000000 0000          .field  0,16                    ; _PHY_dsssFftDiffSeqTable[0]._real @ 0
      18 00000001 5000          .field  20480,16                        ; _PHY_dsssFftDiffSeqTable[0]._imag @ 16
      19 00000002 D42D          .field  -11219,16                       ; _PHY_dsssFftDiffSeqTable[1]._real @ 32
      20 00000003 E427          .field  -7129,16                        ; _PHY_dsssFftDiffSeqTable[1]._imag @ 48
      21 00000004 0DF5          .field  3573,16                 ; _PHY_dsssFftDiffSeqTable[2]._real @ 64
      22 00000005 1B29          .field  6953,16                 ; _PHY_dsssFftDiffSeqTable[2]._imag @ 80
      23 00000006 1BB5          .field  7093,16                 ; _PHY_dsssFftDiffSeqTable[3]._real @ 96
      24 00000007 FA1D          .field  -1507,16                        ; _PHY_dsssFftDiffSeqTable[3]._imag @ 112
      25 00000008 1739          .field  5945,16                 ; _PHY_dsssFftDiffSeqTable[4]._real @ 128
      26 00000009 D941          .field  -9919,16                        ; _PHY_dsssFftDiffSeqTable[4]._imag @ 144
      27 0000000a 1A07          .field  6663,16                 ; _PHY_dsssFftDiffSeqTable[5]._real @ 160
      28 0000000b 9F09          .field  -24823,16                       ; _PHY_dsssFftDiffSeqTable[5]._imag @ 176
      29 0000000c ED9A          .field  -4710,16                        ; _PHY_dsssFftDiffSeqTable[6]._real @ 192
      30 0000000d 2C0C          .field  11276,16                        ; _PHY_dsssFftDiffSeqTable[6]._imag @ 208
      31 0000000e EBCB          .field  -5173,16                        ; _PHY_dsssFftDiffSeqTable[7]._real @ 224
      32 0000000f D7F7          .field  -10249,16                       ; _PHY_dsssFftDiffSeqTable[7]._imag @ 240
      33 00000010 04B0          .field  1200,16                 ; _PHY_dsssFftDiffSeqTable[8]._real @ 256
      34 00000011 A0CE          .field  -24370,16                       ; _PHY_dsssFftDiffSeqTable[8]._imag @ 272
      35 00000012 B2A2          .field  -19806,16                       ; _PHY_dsssFftDiffSeqTable[9]._real @ 288
      36 00000013 006C          .field  108,16                  ; _PHY_dsssFftDiffSeqTable[9]._imag @ 304
      37 00000014 2F63          .field  12131,16                        ; _PHY_dsssFftDiffSeqTable[10]._real @ 320
      38 00000015 E8C5          .field  -5947,16                        ; _PHY_dsssFftDiffSeqTable[10]._imag @ 336
      39 00000016 CD78          .field  -12936,16                       ; _PHY_dsssFftDiffSeqTable[11]._real @ 352
      40 00000017 0EF4          .field  3828,16                 ; _PHY_dsssFftDiffSeqTable[11]._imag @ 368
      41 00000018 B100          .field  -20224,16                       ; _PHY_dsssFftDiffSeqTable[12]._real @ 384
      42 00000019 4A89          .field  19081,16                        ; _PHY_dsssFftDiffSeqTable[12]._imag @ 400
      43 0000001a 16AF          .field  5807,16                 ; _PHY_dsssFftDiffSeqTable[13]._real @ 416
      44 0000001b 1721          .field  5921,16                 ; _PHY_dsssFftDiffSeqTable[13]._imag @ 432
      45 0000001c 17AA          .field  6058,16                 ; _PHY_dsssFftDiffSeqTable[14]._real @ 448
      46 0000001d E4D4          .field  -6956,16                        ; _PHY_dsssFftDiffSeqTable[14]._imag @ 464
      47 0000001e D712          .field  -10478,16                       ; _PHY_dsssFftDiffSeqTable[15]._real @ 480
      48 0000001f E4E9          .field  -6935,16                        ; _PHY_dsssFftDiffSeqTable[15]._imag @ 496
      49 00000020 D000          .field  -12288,16                       ; _PHY_dsssFftDiffSeqTable[16]._real @ 512
      50 00000021 C000          .field  -16384,16                       ; _PHY_dsssFftDiffSeqTable[16]._imag @ 528
      51 00000022 C57D          .field  -14979,16                       ; _PHY_dsssFftDiffSeqTable[17]._real @ 544
      52 00000023 3092          .field  12434,16                        ; _PHY_dsssFftDiffSeqTable[17]._imag @ 560
      53 00000024 353A          .field  13626,16                        ; _PHY_dsssFftDiffSeqTable[18]._real @ 576
      54 00000025 1A2A          .field  6698,16                 ; _PHY_dsssFftDiffSeqTable[18]._imag @ 592
      55 00000026 BEA4          .field  -16732,16                       ; _PHY_dsssFftDiffSeqTable[19]._real @ 608
TMS320C2000 Assembler PC v6.1.3 Tue Oct 01 15:27:07 2013

Tools Copyright (c) 1996-2012 Texas Instruments Incorporated
C:\Users\a0272466\AppData\Local\Temp\0936410                         PAGE    2

      56 00000027 2E23          .field  11811,16                        ; _PHY_dsssFftDiffSeqTable[19]._imag @ 624
      57 00000028 07A0          .field  1952,16                 ; _PHY_dsssFftDiffSeqTable[20]._real @ 640
      58 00000029 D959          .field  -9895,16                        ; _PHY_dsssFftDiffSeqTable[20]._imag @ 656
      59 0000002a 41D9          .field  16857,16                        ; _PHY_dsssFftDiffSeqTable[21]._real @ 672
      60 0000002b EA2E          .field  -5586,16                        ; _PHY_dsssFftDiffSeqTable[21]._imag @ 688
      61 0000002c 2324          .field  8996,16                 ; _PHY_dsssFftDiffSeqTable[22]._real @ 704
      62 0000002d 46EC          .field  18156,16                        ; _PHY_dsssFftDiffSeqTable[22]._imag @ 720
      63 0000002e DCB1          .field  -9039,16                        ; _PHY_dsssFftDiffSeqTable[23]._real @ 736
      64 0000002f EC86          .field  -4986,16                        ; _PHY_dsssFftDiffSeqTable[23]._imag @ 752
      65 00000030 E4B0          .field  -6992,16                        ; _PHY_dsssFftDiffSeqTable[24]._real @ 768
      66 00000031 3F32          .field  16178,16                        ; _PHY_dsssFftDiffSeqTable[24]._imag @ 784
      67 00000032 DDFB          .field  -8709,16                        ; _PHY_dsssFftDiffSeqTable[25]._real @ 800
      68 00000033 D874          .field  -10124,16                       ; _PHY_dsssFftDiffSeqTable[25]._imag @ 816
      69 00000034 E15B          .field  -7845,16                        ; _PHY_dsssFftDiffSeqTable[26]._real @ 832
      70 00000035 3EC6          .field  16070,16                        ; _PHY_dsssFftDiffSeqTable[26]._imag @ 848
      71 00000036 E046          .field  -8122,16                        ; _PHY_dsssFftDiffSeqTable[27]._real @ 864
      72 00000037 D437          .field  -11209,16                       ; _PHY_dsssFftDiffSeqTable[27]._imag @ 880
      73 00000038 EDDA          .field  -4646,16                        ; _PHY_dsssFftDiffSeqTable[28]._real @ 896
      74 00000039 C2DD          .field  -15651,16                       ; _PHY_dsssFftDiffSeqTable[28]._imag @ 912
      75 0000003a CA8D          .field  -13683,16                       ; _PHY_dsssFftDiffSeqTable[29]._real @ 928
      76 0000003b D43D          .field  -11203,16                       ; _PHY_dsssFftDiffSeqTable[29]._imag @ 944
      77 0000003c 2B85          .field  11141,16                        ; _PHY_dsssFftDiffSeqTable[30]._real @ 960
      78 0000003d CB57          .field  -13481,16                       ; _PHY_dsssFftDiffSeqTable[30]._imag @ 976
      79 0000003e 3FBD          .field  16317,16                        ; _PHY_dsssFftDiffSeqTable[31]._real @ 992
      80 0000003f E901          .field  -5887,16                        ; _PHY_dsssFftDiffSeqTable[31]._imag @ 1008
      81 00000040 0000          .field  0,16                    ; _PHY_dsssFftDiffSeqTable[32]._real @ 1024
      82 00000041 F000          .field  -4096,16                        ; _PHY_dsssFftDiffSeqTable[32]._imag @ 1040
      83 00000042 C043          .field  -16317,16                       ; _PHY_dsssFftDiffSeqTable[33]._real @ 1056
      84 00000043 E901          .field  -5887,16                        ; _PHY_dsssFftDiffSeqTable[33]._imag @ 1072
      85 00000044 D47B          .field  -11141,16                       ; _PHY_dsssFftDiffSeqTable[34]._real @ 1088
      86 00000045 CB57          .field  -13481,16                       ; _PHY_dsssFftDiffSeqTable[34]._imag @ 1104
      87 00000046 3573          .field  13683,16                        ; _PHY_dsssFftDiffSeqTable[35]._real @ 1120
      88 00000047 D43D          .field  -11203,16                       ; _PHY_dsssFftDiffSeqTable[35]._imag @ 1136
      89 00000048 1226          .field  4646,16                 ; _PHY_dsssFftDiffSeqTable[36]._real @ 1152
      90 00000049 C2DD          .field  -15651,16                       ; _PHY_dsssFftDiffSeqTable[36]._imag @ 1168
      91 0000004a 1FBA          .field  8122,16                 ; _PHY_dsssFftDiffSeqTable[37]._real @ 1184
      92 0000004b D437          .field  -11209,16                       ; _PHY_dsssFftDiffSeqTable[37]._imag @ 1200
      93 0000004c 1EA5          .field  7845,16                 ; _PHY_dsssFftDiffSeqTable[38]._real @ 1216
      94 0000004d 3EC6          .field  16070,16                        ; _PHY_dsssFftDiffSeqTable[38]._imag @ 1232
      95 0000004e 2205          .field  8709,16                 ; _PHY_dsssFftDiffSeqTable[39]._real @ 1248
      96 0000004f D874          .field  -10124,16                       ; _PHY_dsssFftDiffSeqTable[39]._imag @ 1264
      97 00000050 1B50          .field  6992,16                 ; _PHY_dsssFftDiffSeqTable[40]._real @ 1280
      98 00000051 3F32          .field  16178,16                        ; _PHY_dsssFftDiffSeqTable[40]._imag @ 1296
      99 00000052 234F          .field  9039,16                 ; _PHY_dsssFftDiffSeqTable[41]._real @ 1312
     100 00000053 EC86          .field  -4986,16                        ; _PHY_dsssFftDiffSeqTable[41]._imag @ 1328
     101 00000054 DCDC          .field  -8996,16                        ; _PHY_dsssFftDiffSeqTable[42]._real @ 1344
     102 00000055 46EC          .field  18156,16                        ; _PHY_dsssFftDiffSeqTable[42]._imag @ 1360
     103 00000056 BE27          .field  -16857,16                       ; _PHY_dsssFftDiffSeqTable[43]._real @ 1376
     104 00000057 EA2E          .field  -5586,16                        ; _PHY_dsssFftDiffSeqTable[43]._imag @ 1392
     105 00000058 F860          .field  -1952,16                        ; _PHY_dsssFftDiffSeqTable[44]._real @ 1408
     106 00000059 D959          .field  -9895,16                        ; _PHY_dsssFftDiffSeqTable[44]._imag @ 1424
     107 0000005a 415C          .field  16732,16                        ; _PHY_dsssFftDiffSeqTable[45]._real @ 1440
     108 0000005b 2E23          .field  11811,16                        ; _PHY_dsssFftDiffSeqTable[45]._imag @ 1456
     109 0000005c CAC6          .field  -13626,16                       ; _PHY_dsssFftDiffSeqTable[46]._real @ 1472
     110 0000005d 1A2A          .field  6698,16                 ; _PHY_dsssFftDiffSeqTable[46]._imag @ 1488
TMS320C2000 Assembler PC v6.1.3 Tue Oct 01 15:27:07 2013

Tools Copyright (c) 1996-2012 Texas Instruments Incorporated
C:\Users\a0272466\AppData\Local\Temp\0936410                         PAGE    3

     111 0000005e 3A83          .field  14979,16                        ; _PHY_dsssFftDiffSeqTable[47]._real @ 1504
     112 0000005f 3092          .field  12434,16                        ; _PHY_dsssFftDiffSeqTable[47]._imag @ 1520
     113 00000060 3000          .field  12288,16                        ; _PHY_dsssFftDiffSeqTable[48]._real @ 1536
     114 00000061 C000          .field  -16384,16                       ; _PHY_dsssFftDiffSeqTable[48]._imag @ 1552
     115 00000062 28EE          .field  10478,16                        ; _PHY_dsssFftDiffSeqTable[49]._real @ 1568
     116 00000063 E4E9          .field  -6935,16                        ; _PHY_dsssFftDiffSeqTable[49]._imag @ 1584
     117 00000064 E856          .field  -6058,16                        ; _PHY_dsssFftDiffSeqTable[50]._real @ 1600
     118 00000065 E4D4          .field  -6956,16                        ; _PHY_dsssFftDiffSeqTable[50]._imag @ 1616
     119 00000066 E951          .field  -5807,16                        ; _PHY_dsssFftDiffSeqTable[51]._real @ 1632
     120 00000067 1721          .field  5921,16                 ; _PHY_dsssFftDiffSeqTable[51]._imag @ 1648
     121 00000068 4F00          .field  20224,16                        ; _PHY_dsssFftDiffSeqTable[52]._real @ 1664
     122 00000069 4A89          .field  19081,16                        ; _PHY_dsssFftDiffSeqTable[52]._imag @ 1680
     123 0000006a 3288          .field  12936,16                        ; _PHY_dsssFftDiffSeqTable[53]._real @ 1696
     124 0000006b 0EF4          .field  3828,16                 ; _PHY_dsssFftDiffSeqTable[53]._imag @ 1712
     125 0000006c D09D          .field  -12131,16                       ; _PHY_dsssFftDiffSeqTable[54]._real @ 1728
     126 0000006d E8C5          .field  -5947,16                        ; _PHY_dsssFftDiffSeqTable[54]._imag @ 1744
     127 0000006e 4D5E          .field  19806,16                        ; _PHY_dsssFftDiffSeqTable[55]._real @ 1760
     128 0000006f 006C          .field  108,16                  ; _PHY_dsssFftDiffSeqTable[55]._imag @ 1776
     129 00000070 FB50          .field  -1200,16                        ; _PHY_dsssFftDiffSeqTable[56]._real @ 1792
     130 00000071 A0CE          .field  -24370,16                       ; _PHY_dsssFftDiffSeqTable[56]._imag @ 1808
     131 00000072 1435          .field  5173,16                 ; _PHY_dsssFftDiffSeqTable[57]._real @ 1824
     132 00000073 D7F7          .field  -10249,16                       ; _PHY_dsssFftDiffSeqTable[57]._imag @ 1840
     133 00000074 1266          .field  4710,16                 ; _PHY_dsssFftDiffSeqTable[58]._real @ 1856
     134 00000075 2C0C          .field  11276,16                        ; _PHY_dsssFftDiffSeqTable[58]._imag @ 1872
     135 00000076 E5F9          .field  -6663,16                        ; _PHY_dsssFftDiffSeqTable[59]._real @ 1888
     136 00000077 9F09          .field  -24823,16                       ; _PHY_dsssFftDiffSeqTable[59]._imag @ 1904
     137 00000078 E8C7          .field  -5945,16                        ; _PHY_dsssFftDiffSeqTable[60]._real @ 1920
     138 00000079 D941          .field  -9919,16                        ; _PHY_dsssFftDiffSeqTable[60]._imag @ 1936
     139 0000007a E44B          .field  -7093,16                        ; _PHY_dsssFftDiffSeqTable[61]._real @ 1952
     140 0000007b FA1D          .field  -1507,16                        ; _PHY_dsssFftDiffSeqTable[61]._imag @ 1968
     141 0000007c F20B          .field  -3573,16                        ; _PHY_dsssFftDiffSeqTable[62]._real @ 1984
     142 0000007d 1B29          .field  6953,16                 ; _PHY_dsssFftDiffSeqTable[62]._imag @ 2000
     143 0000007e 2BD3          .field  11219,16                        ; _PHY_dsssFftDiffSeqTable[63]._real @ 2016
     144 0000007f E427          .field  -7129,16                        ; _PHY_dsssFftDiffSeqTable[63]._imag @ 2032
     145              
     146              $C$DW$1 .dwtag  DW_TAG_variable, DW_AT_name("PHY_dsssFftDiffSeqTable")
     147                      .dwattr $C$DW$1, DW_AT_TI_symbol_name("_PHY_dsssFftDiffSeqTable")
     148                      .dwattr $C$DW$1, DW_AT_location[DW_OP_addr _PHY_dsssFftDiffSeqTable]
     149                      .dwattr $C$DW$1, DW_AT_type(*$C$DW$T$23)
     150                      .dwattr $C$DW$1, DW_AT_external
     151              ;       C:\ti\ccsv5\tools\compiler\c2000_6.1.3\bin\ac2000.exe -@C:\\Users\\a0272466\\AppData\\Local\\Temp\\09
     152              
     153              ;***************************************************************
     154              ;* TYPE INFORMATION                                            *
     155              ;***************************************************************
     156              
     157              $C$DW$T$20      .dwtag  DW_TAG_structure_type
     158                      .dwattr $C$DW$T$20, DW_AT_byte_size(0x02)
     159              $C$DW$2 .dwtag  DW_TAG_member
     160                      .dwattr $C$DW$2, DW_AT_type(*$C$DW$T$19)
     161                      .dwattr $C$DW$2, DW_AT_name("real")
     162                      .dwattr $C$DW$2, DW_AT_TI_symbol_name("_real")
     163                      .dwattr $C$DW$2, DW_AT_data_member_location[DW_OP_plus_uconst 0x0]
     164                      .dwattr $C$DW$2, DW_AT_accessibility(DW_ACCESS_public)
     165              $C$DW$3 .dwtag  DW_TAG_member
TMS320C2000 Assembler PC v6.1.3 Tue Oct 01 15:27:07 2013

Tools Copyright (c) 1996-2012 Texas Instruments Incorporated
C:\Users\a0272466\AppData\Local\Temp\0936410                         PAGE    4

     166                      .dwattr $C$DW$3, DW_AT_type(*$C$DW$T$19)
     167                      .dwattr $C$DW$3, DW_AT_name("imag")
     168                      .dwattr $C$DW$3, DW_AT_TI_symbol_name("_imag")
     169                      .dwattr $C$DW$3, DW_AT_data_member_location[DW_OP_plus_uconst 0x1]
     170                      .dwattr $C$DW$3, DW_AT_accessibility(DW_ACCESS_public)
     171                      .dwendtag $C$DW$T$20
     172              
     173              $C$DW$T$21      .dwtag  DW_TAG_typedef, DW_AT_name("ComplexShort_t")
     174                      .dwattr $C$DW$T$21, DW_AT_type(*$C$DW$T$20)
     175                      .dwattr $C$DW$T$21, DW_AT_language(DW_LANG_C)
     176              $C$DW$4 .dwtag  DW_TAG_TI_far_type
     177                      .dwattr $C$DW$4, DW_AT_type(*$C$DW$T$21)
     178              $C$DW$T$22      .dwtag  DW_TAG_const_type
     179                      .dwattr $C$DW$T$22, DW_AT_type(*$C$DW$4)
     180              
     181              $C$DW$T$23      .dwtag  DW_TAG_array_type
     182                      .dwattr $C$DW$T$23, DW_AT_type(*$C$DW$T$22)
     183                      .dwattr $C$DW$T$23, DW_AT_language(DW_LANG_C)
     184                      .dwattr $C$DW$T$23, DW_AT_byte_size(0x80)
     185              $C$DW$5 .dwtag  DW_TAG_subrange_type
     186                      .dwattr $C$DW$5, DW_AT_upper_bound(0x3f)
     187                      .dwendtag $C$DW$T$23
     188              
     189              $C$DW$T$4       .dwtag  DW_TAG_base_type
     190                      .dwattr $C$DW$T$4, DW_AT_encoding(DW_ATE_boolean)
     191                      .dwattr $C$DW$T$4, DW_AT_name("bool")
     192                      .dwattr $C$DW$T$4, DW_AT_byte_size(0x01)
     193              $C$DW$T$5       .dwtag  DW_TAG_base_type
     194                      .dwattr $C$DW$T$5, DW_AT_encoding(DW_ATE_signed_char)
     195                      .dwattr $C$DW$T$5, DW_AT_name("signed char")
     196                      .dwattr $C$DW$T$5, DW_AT_byte_size(0x01)
     197              $C$DW$T$6       .dwtag  DW_TAG_base_type
     198                      .dwattr $C$DW$T$6, DW_AT_encoding(DW_ATE_unsigned_char)
     199                      .dwattr $C$DW$T$6, DW_AT_name("unsigned char")
     200                      .dwattr $C$DW$T$6, DW_AT_byte_size(0x01)
     201              $C$DW$T$7       .dwtag  DW_TAG_base_type
     202                      .dwattr $C$DW$T$7, DW_AT_encoding(DW_ATE_signed_char)
     203                      .dwattr $C$DW$T$7, DW_AT_name("wchar_t")
     204                      .dwattr $C$DW$T$7, DW_AT_byte_size(0x01)
     205              $C$DW$T$8       .dwtag  DW_TAG_base_type
     206                      .dwattr $C$DW$T$8, DW_AT_encoding(DW_ATE_signed)
     207                      .dwattr $C$DW$T$8, DW_AT_name("short")
     208                      .dwattr $C$DW$T$8, DW_AT_byte_size(0x01)
     209              $C$DW$T$9       .dwtag  DW_TAG_base_type
     210                      .dwattr $C$DW$T$9, DW_AT_encoding(DW_ATE_unsigned)
     211                      .dwattr $C$DW$T$9, DW_AT_name("unsigned short")
     212                      .dwattr $C$DW$T$9, DW_AT_byte_size(0x01)
     213              $C$DW$T$10      .dwtag  DW_TAG_base_type
     214                      .dwattr $C$DW$T$10, DW_AT_encoding(DW_ATE_signed)
     215                      .dwattr $C$DW$T$10, DW_AT_name("int")
     216                      .dwattr $C$DW$T$10, DW_AT_byte_size(0x01)
     217              $C$DW$T$19      .dwtag  DW_TAG_typedef, DW_AT_name("SINT16")
     218                      .dwattr $C$DW$T$19, DW_AT_type(*$C$DW$T$10)
     219                      .dwattr $C$DW$T$19, DW_AT_language(DW_LANG_C)
     220              $C$DW$T$11      .dwtag  DW_TAG_base_type
TMS320C2000 Assembler PC v6.1.3 Tue Oct 01 15:27:07 2013

Tools Copyright (c) 1996-2012 Texas Instruments Incorporated
C:\Users\a0272466\AppData\Local\Temp\0936410                         PAGE    5

     221                      .dwattr $C$DW$T$11, DW_AT_encoding(DW_ATE_unsigned)
     222                      .dwattr $C$DW$T$11, DW_AT_name("unsigned int")
     223                      .dwattr $C$DW$T$11, DW_AT_byte_size(0x01)
     224              $C$DW$T$12      .dwtag  DW_TAG_base_type
     225                      .dwattr $C$DW$T$12, DW_AT_encoding(DW_ATE_signed)
     226                      .dwattr $C$DW$T$12, DW_AT_name("long")
     227                      .dwattr $C$DW$T$12, DW_AT_byte_size(0x02)
     228              $C$DW$T$13      .dwtag  DW_TAG_base_type
     229                      .dwattr $C$DW$T$13, DW_AT_encoding(DW_ATE_unsigned)
     230                      .dwattr $C$DW$T$13, DW_AT_name("unsigned long")
     231                      .dwattr $C$DW$T$13, DW_AT_byte_size(0x02)
     232              $C$DW$T$14      .dwtag  DW_TAG_base_type
     233                      .dwattr $C$DW$T$14, DW_AT_encoding(DW_ATE_signed)
     234                      .dwattr $C$DW$T$14, DW_AT_name("long long")
     235                      .dwattr $C$DW$T$14, DW_AT_byte_size(0x04)
     236              $C$DW$T$15      .dwtag  DW_TAG_base_type
     237                      .dwattr $C$DW$T$15, DW_AT_encoding(DW_ATE_unsigned)
     238                      .dwattr $C$DW$T$15, DW_AT_name("unsigned long long")
     239                      .dwattr $C$DW$T$15, DW_AT_byte_size(0x04)
     240              $C$DW$T$16      .dwtag  DW_TAG_base_type
     241                      .dwattr $C$DW$T$16, DW_AT_encoding(DW_ATE_float)
     242                      .dwattr $C$DW$T$16, DW_AT_name("float")
     243                      .dwattr $C$DW$T$16, DW_AT_byte_size(0x02)
     244              $C$DW$T$17      .dwtag  DW_TAG_base_type
     245                      .dwattr $C$DW$T$17, DW_AT_encoding(DW_ATE_float)
     246                      .dwattr $C$DW$T$17, DW_AT_name("double")
     247                      .dwattr $C$DW$T$17, DW_AT_byte_size(0x02)
     248              $C$DW$T$18      .dwtag  DW_TAG_base_type
     249                      .dwattr $C$DW$T$18, DW_AT_encoding(DW_ATE_float)
     250                      .dwattr $C$DW$T$18, DW_AT_name("long double")
     251                      .dwattr $C$DW$T$18, DW_AT_byte_size(0x04)
     252                      .dwattr $C$DW$CU, DW_AT_language(DW_LANG_C)
     253              
     254              ;***************************************************************
     255              ;* DWARF CIE ENTRIES                                           *
     256              ;***************************************************************
     257              
     258              $C$DW$CIE       .dwcie 78
     259                      .dwcfi  cfa_register, 20
     260                      .dwcfi  cfa_offset, 0
     261                      .dwcfi  undefined, 0
     262                      .dwcfi  undefined, 1
     263                      .dwcfi  undefined, 2
     264                      .dwcfi  undefined, 3
     265                      .dwcfi  undefined, 22
     266                      .dwcfi  undefined, 37
     267                      .dwcfi  undefined, 36
     268                      .dwcfi  undefined, 23
     269                      .dwcfi  undefined, 30
     270                      .dwcfi  undefined, 31
     271                      .dwcfi  undefined, 32
     272                      .dwcfi  undefined, 38
     273                      .dwcfi  undefined, 75
     274                      .dwcfi  undefined, 24
     275                      .dwcfi  undefined, 33
TMS320C2000 Assembler PC v6.1.3 Tue Oct 01 15:27:07 2013

Tools Copyright (c) 1996-2012 Texas Instruments Incorporated
C:\Users\a0272466\AppData\Local\Temp\0936410                         PAGE    6

     276                      .dwcfi  undefined, 35
     277                      .dwcfi  undefined, 34
     278                      .dwcfi  undefined, 76
     279                      .dwcfi  undefined, 21
     280                      .dwcfi  undefined, 20
     281                      .dwcfi  undefined, 28
     282                      .dwcfi  undefined, 29
     283                      .dwcfi  undefined, 25
     284                      .dwcfi  undefined, 77
     285                      .dwcfi  undefined, 4
     286                      .dwcfi  undefined, 6
     287                      .dwcfi  undefined, 8
     288                      .dwcfi  undefined, 10
     289                      .dwcfi  undefined, 12
     290                      .dwcfi  undefined, 14
     291                      .dwcfi  undefined, 16
     292                      .dwcfi  undefined, 17
     293                      .dwcfi  undefined, 18
     294                      .dwcfi  undefined, 19
     295                      .dwcfi  undefined, 5
     296                      .dwcfi  undefined, 7
     297                      .dwcfi  undefined, 9
     298                      .dwcfi  undefined, 11
     299                      .dwcfi  undefined, 13
     300                      .dwcfi  undefined, 15
     301                      .dwcfi  undefined, 43
     302                      .dwcfi  undefined, 44
     303                      .dwcfi  undefined, 47
     304                      .dwcfi  undefined, 48
     305                      .dwcfi  undefined, 51
     306                      .dwcfi  undefined, 52
     307                      .dwcfi  undefined, 55
     308                      .dwcfi  undefined, 56
     309                      .dwcfi  undefined, 59
     310                      .dwcfi  undefined, 60
     311                      .dwcfi  undefined, 63
     312                      .dwcfi  undefined, 64
     313                      .dwcfi  undefined, 67
     314                      .dwcfi  undefined, 68
     315                      .dwcfi  undefined, 71
     316                      .dwcfi  undefined, 72
     317                      .dwcfi  undefined, 73
     318                      .dwcfi  undefined, 74
     319                      .dwcfi  undefined, 39
     320                      .dwcfi  undefined, 40
     321                      .dwcfi  undefined, 27
     322                      .dwcfi  undefined, 78
     323                      .dwendentry
     324              
     325              ;***************************************************************
     326              ;* DWARF REGISTER MAP                                          *
     327              ;***************************************************************
     328              
     329              $C$DW$6 .dwtag  DW_TAG_TI_assign_register, DW_AT_name("AL")
     330                      .dwattr $C$DW$6, DW_AT_location[DW_OP_reg0]
TMS320C2000 Assembler PC v6.1.3 Tue Oct 01 15:27:07 2013

Tools Copyright (c) 1996-2012 Texas Instruments Incorporated
C:\Users\a0272466\AppData\Local\Temp\0936410                         PAGE    7

     331              $C$DW$7 .dwtag  DW_TAG_TI_assign_register, DW_AT_name("AH")
     332                      .dwattr $C$DW$7, DW_AT_location[DW_OP_reg1]
     333              $C$DW$8 .dwtag  DW_TAG_TI_assign_register, DW_AT_name("PL")
     334                      .dwattr $C$DW$8, DW_AT_location[DW_OP_reg2]
     335              $C$DW$9 .dwtag  DW_TAG_TI_assign_register, DW_AT_name("PH")
     336                      .dwattr $C$DW$9, DW_AT_location[DW_OP_reg3]
     337              $C$DW$10        .dwtag  DW_TAG_TI_assign_register, DW_AT_name("T")
     338                      .dwattr $C$DW$10, DW_AT_location[DW_OP_reg22]
     339              $C$DW$11        .dwtag  DW_TAG_TI_assign_register, DW_AT_name("IER")
     340                      .dwattr $C$DW$11, DW_AT_location[DW_OP_regx 0x25]
     341              $C$DW$12        .dwtag  DW_TAG_TI_assign_register, DW_AT_name("IFR")
     342                      .dwattr $C$DW$12, DW_AT_location[DW_OP_regx 0x24]
     343              $C$DW$13        .dwtag  DW_TAG_TI_assign_register, DW_AT_name("ST0")
     344                      .dwattr $C$DW$13, DW_AT_location[DW_OP_reg23]
     345              $C$DW$14        .dwtag  DW_TAG_TI_assign_register, DW_AT_name("SXM")
     346                      .dwattr $C$DW$14, DW_AT_location[DW_OP_reg30]
     347              $C$DW$15        .dwtag  DW_TAG_TI_assign_register, DW_AT_name("PM")
     348                      .dwattr $C$DW$15, DW_AT_location[DW_OP_reg31]
     349              $C$DW$16        .dwtag  DW_TAG_TI_assign_register, DW_AT_name("OVM")
     350                      .dwattr $C$DW$16, DW_AT_location[DW_OP_regx 0x20]
     351              $C$DW$17        .dwtag  DW_TAG_TI_assign_register, DW_AT_name("V")
     352                      .dwattr $C$DW$17, DW_AT_location[DW_OP_regx 0x26]
     353              $C$DW$18        .dwtag  DW_TAG_TI_assign_register, DW_AT_name("PSEUDO")
     354                      .dwattr $C$DW$18, DW_AT_location[DW_OP_regx 0x4b]
     355              $C$DW$19        .dwtag  DW_TAG_TI_assign_register, DW_AT_name("ST1")
     356                      .dwattr $C$DW$19, DW_AT_location[DW_OP_reg24]
     357              $C$DW$20        .dwtag  DW_TAG_TI_assign_register, DW_AT_name("PAGE0")
     358                      .dwattr $C$DW$20, DW_AT_location[DW_OP_regx 0x21]
     359              $C$DW$21        .dwtag  DW_TAG_TI_assign_register, DW_AT_name("INTM")
     360                      .dwattr $C$DW$21, DW_AT_location[DW_OP_regx 0x23]
     361              $C$DW$22        .dwtag  DW_TAG_TI_assign_register, DW_AT_name("AMODE")
     362                      .dwattr $C$DW$22, DW_AT_location[DW_OP_regx 0x22]
     363              $C$DW$23        .dwtag  DW_TAG_TI_assign_register, DW_AT_name("PSEUDOH")
     364                      .dwattr $C$DW$23, DW_AT_location[DW_OP_regx 0x4c]
     365              $C$DW$24        .dwtag  DW_TAG_TI_assign_register, DW_AT_name("XT")
     366                      .dwattr $C$DW$24, DW_AT_location[DW_OP_reg21]
     367              $C$DW$25        .dwtag  DW_TAG_TI_assign_register, DW_AT_name("SP")
     368                      .dwattr $C$DW$25, DW_AT_location[DW_OP_reg20]
     369              $C$DW$26        .dwtag  DW_TAG_TI_assign_register, DW_AT_name("FP")
     370                      .dwattr $C$DW$26, DW_AT_location[DW_OP_reg28]
     371              $C$DW$27        .dwtag  DW_TAG_TI_assign_register, DW_AT_name("DP")
     372                      .dwattr $C$DW$27, DW_AT_location[DW_OP_reg29]
     373              $C$DW$28        .dwtag  DW_TAG_TI_assign_register, DW_AT_name("PC")
     374                      .dwattr $C$DW$28, DW_AT_location[DW_OP_reg25]
     375              $C$DW$29        .dwtag  DW_TAG_TI_assign_register, DW_AT_name("VOL")
     376                      .dwattr $C$DW$29, DW_AT_location[DW_OP_regx 0x4d]
     377              $C$DW$30        .dwtag  DW_TAG_TI_assign_register, DW_AT_name("AR0")
     378                      .dwattr $C$DW$30, DW_AT_location[DW_OP_reg4]
     379              $C$DW$31        .dwtag  DW_TAG_TI_assign_register, DW_AT_name("AR1")
     380                      .dwattr $C$DW$31, DW_AT_location[DW_OP_reg6]
     381              $C$DW$32        .dwtag  DW_TAG_TI_assign_register, DW_AT_name("AR2")
     382                      .dwattr $C$DW$32, DW_AT_location[DW_OP_reg8]
     383              $C$DW$33        .dwtag  DW_TAG_TI_assign_register, DW_AT_name("AR3")
     384                      .dwattr $C$DW$33, DW_AT_location[DW_OP_reg10]
     385              $C$DW$34        .dwtag  DW_TAG_TI_assign_register, DW_AT_name("AR4")
TMS320C2000 Assembler PC v6.1.3 Tue Oct 01 15:27:07 2013

Tools Copyright (c) 1996-2012 Texas Instruments Incorporated
C:\Users\a0272466\AppData\Local\Temp\0936410                         PAGE    8

     386                      .dwattr $C$DW$34, DW_AT_location[DW_OP_reg12]
     387              $C$DW$35        .dwtag  DW_TAG_TI_assign_register, DW_AT_name("AR5")
     388                      .dwattr $C$DW$35, DW_AT_location[DW_OP_reg14]
     389              $C$DW$36        .dwtag  DW_TAG_TI_assign_register, DW_AT_name("AR6")
     390                      .dwattr $C$DW$36, DW_AT_location[DW_OP_reg16]
     391              $C$DW$37        .dwtag  DW_TAG_TI_assign_register, DW_AT_name("XAR6")
     392                      .dwattr $C$DW$37, DW_AT_location[DW_OP_reg17]
     393              $C$DW$38        .dwtag  DW_TAG_TI_assign_register, DW_AT_name("AR7")
     394                      .dwattr $C$DW$38, DW_AT_location[DW_OP_reg18]
     395              $C$DW$39        .dwtag  DW_TAG_TI_assign_register, DW_AT_name("XAR7")
     396                      .dwattr $C$DW$39, DW_AT_location[DW_OP_reg19]
     397              $C$DW$40        .dwtag  DW_TAG_TI_assign_register, DW_AT_name("XAR0")
     398                      .dwattr $C$DW$40, DW_AT_location[DW_OP_reg5]
     399              $C$DW$41        .dwtag  DW_TAG_TI_assign_register, DW_AT_name("XAR1")
     400                      .dwattr $C$DW$41, DW_AT_location[DW_OP_reg7]
     401              $C$DW$42        .dwtag  DW_TAG_TI_assign_register, DW_AT_name("XAR2")
     402                      .dwattr $C$DW$42, DW_AT_location[DW_OP_reg9]
     403              $C$DW$43        .dwtag  DW_TAG_TI_assign_register, DW_AT_name("XAR3")
     404                      .dwattr $C$DW$43, DW_AT_location[DW_OP_reg11]
     405              $C$DW$44        .dwtag  DW_TAG_TI_assign_register, DW_AT_name("XAR4")
     406                      .dwattr $C$DW$44, DW_AT_location[DW_OP_reg13]
     407              $C$DW$45        .dwtag  DW_TAG_TI_assign_register, DW_AT_name("XAR5")
     408                      .dwattr $C$DW$45, DW_AT_location[DW_OP_reg15]
     409              $C$DW$46        .dwtag  DW_TAG_TI_assign_register, DW_AT_name("R0HL")
     410                      .dwattr $C$DW$46, DW_AT_location[DW_OP_regx 0x2b]
     411              $C$DW$47        .dwtag  DW_TAG_TI_assign_register, DW_AT_name("R0H")
     412                      .dwattr $C$DW$47, DW_AT_location[DW_OP_regx 0x2c]
     413              $C$DW$48        .dwtag  DW_TAG_TI_assign_register, DW_AT_name("R1HL")
     414                      .dwattr $C$DW$48, DW_AT_location[DW_OP_regx 0x2f]
     415              $C$DW$49        .dwtag  DW_TAG_TI_assign_register, DW_AT_name("R1H")
     416                      .dwattr $C$DW$49, DW_AT_location[DW_OP_regx 0x30]
     417              $C$DW$50        .dwtag  DW_TAG_TI_assign_register, DW_AT_name("R2HL")
     418                      .dwattr $C$DW$50, DW_AT_location[DW_OP_regx 0x33]
     419              $C$DW$51        .dwtag  DW_TAG_TI_assign_register, DW_AT_name("R2H")
     420                      .dwattr $C$DW$51, DW_AT_location[DW_OP_regx 0x34]
     421              $C$DW$52        .dwtag  DW_TAG_TI_assign_register, DW_AT_name("R3HL")
     422                      .dwattr $C$DW$52, DW_AT_location[DW_OP_regx 0x37]
     423              $C$DW$53        .dwtag  DW_TAG_TI_assign_register, DW_AT_name("R3H")
     424                      .dwattr $C$DW$53, DW_AT_location[DW_OP_regx 0x38]
     425              $C$DW$54        .dwtag  DW_TAG_TI_assign_register, DW_AT_name("R4HL")
     426                      .dwattr $C$DW$54, DW_AT_location[DW_OP_regx 0x3b]
     427              $C$DW$55        .dwtag  DW_TAG_TI_assign_register, DW_AT_name("R4H")
     428                      .dwattr $C$DW$55, DW_AT_location[DW_OP_regx 0x3c]
     429              $C$DW$56        .dwtag  DW_TAG_TI_assign_register, DW_AT_name("R5HL")
     430                      .dwattr $C$DW$56, DW_AT_location[DW_OP_regx 0x3f]
     431              $C$DW$57        .dwtag  DW_TAG_TI_assign_register, DW_AT_name("R5H")
     432                      .dwattr $C$DW$57, DW_AT_location[DW_OP_regx 0x40]
     433              $C$DW$58        .dwtag  DW_TAG_TI_assign_register, DW_AT_name("R6HL")
     434                      .dwattr $C$DW$58, DW_AT_location[DW_OP_regx 0x43]
     435              $C$DW$59        .dwtag  DW_TAG_TI_assign_register, DW_AT_name("R6H")
     436                      .dwattr $C$DW$59, DW_AT_location[DW_OP_regx 0x44]
     437              $C$DW$60        .dwtag  DW_TAG_TI_assign_register, DW_AT_name("R7HL")
     438                      .dwattr $C$DW$60, DW_AT_location[DW_OP_regx 0x47]
     439              $C$DW$61        .dwtag  DW_TAG_TI_assign_register, DW_AT_name("R7H")
     440                      .dwattr $C$DW$61, DW_AT_location[DW_OP_regx 0x48]
TMS320C2000 Assembler PC v6.1.3 Tue Oct 01 15:27:07 2013

Tools Copyright (c) 1996-2012 Texas Instruments Incorporated
C:\Users\a0272466\AppData\Local\Temp\0936410                         PAGE    9

     441              $C$DW$62        .dwtag  DW_TAG_TI_assign_register, DW_AT_name("RBL")
     442                      .dwattr $C$DW$62, DW_AT_location[DW_OP_regx 0x49]
     443              $C$DW$63        .dwtag  DW_TAG_TI_assign_register, DW_AT_name("RB")
     444                      .dwattr $C$DW$63, DW_AT_location[DW_OP_regx 0x4a]
     445              $C$DW$64        .dwtag  DW_TAG_TI_assign_register, DW_AT_name("STFL")
     446                      .dwattr $C$DW$64, DW_AT_location[DW_OP_regx 0x27]
     447              $C$DW$65        .dwtag  DW_TAG_TI_assign_register, DW_AT_name("STF")
     448                      .dwattr $C$DW$65, DW_AT_location[DW_OP_regx 0x28]
     449              $C$DW$66        .dwtag  DW_TAG_TI_assign_register, DW_AT_name("FPUHAZ")
     450                      .dwattr $C$DW$66, DW_AT_location[DW_OP_reg27]
     451              $C$DW$67        .dwtag  DW_TAG_TI_assign_register, DW_AT_name("CIE_RETA")
     452                      .dwattr $C$DW$67, DW_AT_location[DW_OP_regx 0x4e]
     453                      .dwendtag $C$DW$CU
     454              

No Assembly Errors, No Assembly Warnings
