TMS320C2000 Assembler PC v6.1.3 Tue Oct 01 15:27:11 2013

Tools Copyright (c) 1996-2012 Texas Instruments Incorporated
C:\Users\a0272466\AppData\Local\Temp\1048010                         PAGE    1

       1              ;***************************************************************
       2              ;* TMS320C2000 C/C++ Codegen                         PC v6.1.3 *
       3              ;* Date/Time created: Tue Oct 01 15:27:11 2013                 *
       4              ;***************************************************************
       5                      .compiler_opts --float_support=fpu32 --hll_source=on --mem_model:code=flat --mem_model:data=large --o
       6        0002  FP      .set    XAR2
       7              
       8              $C$DW$CU        .dwtag  DW_TAG_compile_unit
       9                      .dwattr $C$DW$CU, DW_AT_name("C:/work/grepos/device_support/device_support/f2837x/F2837x_bootROM_dev/
      10                      .dwattr $C$DW$CU, DW_AT_producer("TMS320C2000 C/C++ Codegen PC v6.1.3 Copyright (c) 1996-2012 Texas I
      11                      .dwattr $C$DW$CU, DW_AT_TI_version(0x01)
      12                      .dwattr $C$DW$CU, DW_AT_comp_dir("C:\work\grepos\device_support\device_support\f2837x\F2837x_bootROM_
      13                      .global _PHY_primeRXPreamble
      14 00000000               .sect   "primeRxPreamble"
      15                      .align  2
      16 00000000       _PHY_primeRXPreamble:
      17 00000000 0080          .field  8388736,32                      ; _PHY_primeRXPreamble[0] @ 0
         00000001 0080 
      18 00000002 FFE1          .field  -1966111,32                     ; _PHY_primeRXPreamble[1] @ 32
         00000003 FFE1 
      19 00000004 FF68          .field  -9896088,32                     ; _PHY_primeRXPreamble[2] @ 64
         00000005 FF68 
      20 00000006 00A6          .field  10879142,32                     ; _PHY_primeRXPreamble[3] @ 96
         00000007 00A6 
      21 00000008 001E          .field  1966110,32                      ; _PHY_primeRXPreamble[4] @ 128
         00000009 001E 
      22 0000000a FF40          .field  -12517568,32                    ; _PHY_primeRXPreamble[5] @ 160
         0000000b FF40 
      23 0000000c 0058          .field  5767256,32                      ; _PHY_primeRXPreamble[6] @ 192
         0000000d 0058 
      24 0000000e 0094          .field  9699476,32                      ; _PHY_primeRXPreamble[7] @ 224
         0000000f 0094 
      25 00000010 FF60          .field  -10420384,32                    ; _PHY_primeRXPreamble[8] @ 256
         00000011 FF60 
      26 00000012 FFAB          .field  -5505109,32                     ; _PHY_primeRXPreamble[9] @ 288
         00000013 FFAB 
      27 00000014 00BE          .field  12452030,32                     ; _PHY_primeRXPreamble[10] @ 320
         00000015 00BE 
      28 00000016 0026          .field  2490406,32                      ; _PHY_primeRXPreamble[11] @ 352
         00000017 0026 
      29 00000018 FF39          .field  -12976327,32                    ; _PHY_primeRXPreamble[12] @ 384
         00000019 FF39 
      30 0000001a FFF0          .field  -983056,32                      ; _PHY_primeRXPreamble[13] @ 416
         0000001b FFF0 
      31 0000001c 00C8          .field  13107400,32                     ; _PHY_primeRXPreamble[14] @ 448
         0000001d 00C8 
      32 0000001e 0018          .field  1572888,32                      ; _PHY_primeRXPreamble[15] @ 480
         0000001f 0018 
      33 00000020 FF3C          .field  -12779716,32                    ; _PHY_primeRXPreamble[16] @ 512
         00000021 FF3C 
      34 00000022 FFC4          .field  -3866684,32                     ; _PHY_primeRXPreamble[17] @ 544
         00000023 FFC4 
      35 00000024 00B3          .field  11731123,32                     ; _PHY_primeRXPreamble[18] @ 576
         00000025 00B3 
      36 00000026 0077          .field  7798903,32                      ; _PHY_primeRXPreamble[19] @ 608
TMS320C2000 Assembler PC v6.1.3 Tue Oct 01 15:27:11 2013

Tools Copyright (c) 1996-2012 Texas Instruments Incorporated
C:\Users\a0272466\AppData\Local\Temp\1048010                         PAGE    2

         00000027 0077 
      37 00000028 FF7E          .field  -8454274,32                     ; _PHY_primeRXPreamble[20] @ 640
         00000029 FF7E 
      38 0000002a FF4E          .field  -11600050,32                    ; _PHY_primeRXPreamble[21] @ 672
         0000002b FF4E 
      39 0000002c 001F          .field  2031647,32                      ; _PHY_primeRXPreamble[22] @ 704
         0000002d 001F 
      40 0000002e 00C1          .field  12648641,32                     ; _PHY_primeRXPreamble[23] @ 736
         0000002f 00C1 
      41 00000030 0065          .field  6619237,32                      ; _PHY_primeRXPreamble[24] @ 768
         00000031 0065 
      42 00000032 FF8F          .field  -7340145,32                     ; _PHY_primeRXPreamble[25] @ 800
         00000033 FF8F 
      43 00000034 FF42          .field  -12386494,32                    ; _PHY_primeRXPreamble[26] @ 832
         00000035 FF42 
      44 00000036 FFC7          .field  -3670073,32                     ; _PHY_primeRXPreamble[27] @ 864
         00000037 FFC7 
      45 00000038 0083          .field  8585347,32                      ; _PHY_primeRXPreamble[28] @ 896
         00000039 0083 
      46 0000003a 00BA          .field  12189882,32                     ; _PHY_primeRXPreamble[29] @ 928
         0000003b 00BA 
      47 0000003c 0048          .field  4718664,32                      ; _PHY_primeRXPreamble[30] @ 960
         0000003d 0048 
      48 0000003e FF9D          .field  -6422627,32                     ; _PHY_primeRXPreamble[31] @ 992
         0000003f FF9D 
      49 00000040 FF47          .field  -12058809,32                    ; _PHY_primeRXPreamble[32] @ 1024
         00000041 FF47 
      50 00000042 FF7A          .field  -8716422,32                     ; _PHY_primeRXPreamble[33] @ 1056
         00000043 FF7A 
      51 00000044 0005          .field  327685,32                       ; _PHY_primeRXPreamble[34] @ 1088
         00000045 0005 
      52 00000046 0086          .field  8781958,32                      ; _PHY_primeRXPreamble[35] @ 1120
         00000047 0086 
      53 00000048 00B5          .field  11862197,32                     ; _PHY_primeRXPreamble[36] @ 1152
         00000049 00B5 
      54 0000004a 0085          .field  8716421,32                      ; _PHY_primeRXPreamble[37] @ 1184
         0000004b 0085 
      55 0000004c 001B          .field  1769499,32                      ; _PHY_primeRXPreamble[38] @ 1216
         0000004d 001B 
      56 0000004e FFAB          .field  -5505109,32                     ; _PHY_primeRXPreamble[39] @ 1248
         0000004f FFAB 
      57 00000050 FF62          .field  -10289310,32                    ; _PHY_primeRXPreamble[40] @ 1280
         00000051 FF62 
      58 00000052 FF52          .field  -11337902,32                    ; _PHY_primeRXPreamble[41] @ 1312
         00000053 FF52 
      59 00000054 FF76          .field  -8978570,32                     ; _PHY_primeRXPreamble[42] @ 1344
         00000055 FF76 
      60 00000056 FFBB          .field  -4456517,32                     ; _PHY_primeRXPreamble[43] @ 1376
         00000057 FFBB 
      61 00000058 0009          .field  589833,32                       ; _PHY_primeRXPreamble[44] @ 1408
         00000059 0009 
      62 0000005a 004F          .field  5177423,32                      ; _PHY_primeRXPreamble[45] @ 1440
         0000005b 004F 
      63 0000005c 0082          .field  8519810,32                      ; _PHY_primeRXPreamble[46] @ 1472
         0000005d 0082 
TMS320C2000 Assembler PC v6.1.3 Tue Oct 01 15:27:11 2013

Tools Copyright (c) 1996-2012 Texas Instruments Incorporated
C:\Users\a0272466\AppData\Local\Temp\1048010                         PAGE    3

      64 0000005e 009F          .field  10420383,32                     ; _PHY_primeRXPreamble[47] @ 1504
         0000005f 009F 
      65 00000060 00A8          .field  11010216,32                     ; _PHY_primeRXPreamble[48] @ 1536
         00000061 00A8 
      66 00000062 00A2          .field  10616994,32                     ; _PHY_primeRXPreamble[49] @ 1568
         00000063 00A2 
      67 00000064 0093          .field  9633939,32                      ; _PHY_primeRXPreamble[50] @ 1600
         00000065 0093 
      68 00000066 007F          .field  8323199,32                      ; _PHY_primeRXPreamble[51] @ 1632
         00000067 007F 
      69 00000068 006B          .field  7012459,32                      ; _PHY_primeRXPreamble[52] @ 1664
         00000069 006B 
      70 0000006a 0059          .field  5832793,32                      ; _PHY_primeRXPreamble[53] @ 1696
         0000006b 0059 
      71 0000006c 004B          .field  4915275,32                      ; _PHY_primeRXPreamble[54] @ 1728
         0000006d 004B 
      72 0000006e 0042          .field  4325442,32                      ; _PHY_primeRXPreamble[55] @ 1760
         0000006f 0042 
      73 00000070 003E          .field  4063294,32                      ; _PHY_primeRXPreamble[56] @ 1792
         00000071 003E 
      74 00000072 0040          .field  4194368,32                      ; _PHY_primeRXPreamble[57] @ 1824
         00000073 0040 
      75 00000074 0048          .field  4718664,32                      ; _PHY_primeRXPreamble[58] @ 1856
         00000075 0048 
      76 00000076 0055          .field  5570645,32                      ; _PHY_primeRXPreamble[59] @ 1888
         00000077 0055 
      77 00000078 0066          .field  6684774,32                      ; _PHY_primeRXPreamble[60] @ 1920
         00000079 0066 
      78 0000007a 007A          .field  7995514,32                      ; _PHY_primeRXPreamble[61] @ 1952
         0000007b 007A 
      79 0000007c 008E          .field  9306254,32                      ; _PHY_primeRXPreamble[62] @ 1984
         0000007d 008E 
      80 0000007e 009F          .field  10420383,32                     ; _PHY_primeRXPreamble[63] @ 2016
         0000007f 009F 
      81 00000080 00A8          .field  11010216,32                     ; _PHY_primeRXPreamble[64] @ 2048
         00000081 00A8 
      82 00000082 00A3          .field  10682531,32                     ; _PHY_primeRXPreamble[65] @ 2080
         00000083 00A3 
      83 00000084 008B          .field  9109643,32                      ; _PHY_primeRXPreamble[66] @ 2112
         00000085 008B 
      84 00000086 005D          .field  6094941,32                      ; _PHY_primeRXPreamble[67] @ 2144
         00000087 005D 
      85 00000088 001B          .field  1769499,32                      ; _PHY_primeRXPreamble[68] @ 2176
         00000089 001B 
      86 0000008a FFCD          .field  -3276851,32                     ; _PHY_primeRXPreamble[69] @ 2208
         0000008b FFCD 
      87 0000008c FF84          .field  -8061052,32                     ; _PHY_primeRXPreamble[70] @ 2240
         0000008d FF84 
      88 0000008e FF57          .field  -11010217,32                    ; _PHY_primeRXPreamble[71] @ 2272
         0000008f FF57 
      89 00000090 FF59          .field  -10879143,32                    ; _PHY_primeRXPreamble[72] @ 2304
         00000091 FF59 
      90 00000092 FF95          .field  -6946923,32                     ; _PHY_primeRXPreamble[73] @ 2336
         00000093 FF95 
      91 00000094 FFFE          .field  -65538,32                       ; _PHY_primeRXPreamble[74] @ 2368
TMS320C2000 Assembler PC v6.1.3 Tue Oct 01 15:27:11 2013

Tools Copyright (c) 1996-2012 Texas Instruments Incorporated
C:\Users\a0272466\AppData\Local\Temp\1048010                         PAGE    4

         00000095 FFFE 
      92 00000096 006F          .field  7274607,32                      ; _PHY_primeRXPreamble[75] @ 2400
         00000097 006F 
      93 00000098 00B1          .field  11600049,32                     ; _PHY_primeRXPreamble[76] @ 2432
         00000099 00B1 
      94 0000009a 009A          .field  10092698,32                     ; _PHY_primeRXPreamble[77] @ 2464
         0000009b 009A 
      95 0000009c 0028          .field  2621480,32                      ; _PHY_primeRXPreamble[78] @ 2496
         0000009d 0028 
      96 0000009e FF97          .field  -6815849,32                     ; _PHY_primeRXPreamble[79] @ 2528
         0000009f FF97 
      97 000000a0 FF47          .field  -12058809,32                    ; _PHY_primeRXPreamble[80] @ 2560
         000000a1 FF47 
      98 000000a2 FF7C          .field  -8585348,32                     ; _PHY_primeRXPreamble[81] @ 2592
         000000a3 FF7C 
      99 000000a4 001D          .field  1900573,32                      ; _PHY_primeRXPreamble[82] @ 2624
         000000a5 001D 
     100 000000a6 00AB          .field  11206827,32                     ; _PHY_primeRXPreamble[83] @ 2656
         000000a7 00AB 
     101 000000a8 00A1          .field  10551457,32                     ; _PHY_primeRXPreamble[84] @ 2688
         000000a9 00A1 
     102 000000aa FFF9          .field  -393223,32                      ; _PHY_primeRXPreamble[85] @ 2720
         000000ab FFF9 
     103 000000ac FF52          .field  -11337902,32                    ; _PHY_primeRXPreamble[86] @ 2752
         000000ad FF52 
     104 000000ae FF67          .field  -9961625,32                     ; _PHY_primeRXPreamble[87] @ 2784
         000000af FF67 
     105 000000b0 0030          .field  3145776,32                      ; _PHY_primeRXPreamble[88] @ 2816
         000000b1 0030 
     106 000000b2 00C2          .field  12714178,32                     ; _PHY_primeRXPreamble[89] @ 2848
         000000b3 00C2 
     107 000000b4 0059          .field  5832793,32                      ; _PHY_primeRXPreamble[90] @ 2880
         000000b5 0059 
     108 000000b6 FF73          .field  -9175181,32                     ; _PHY_primeRXPreamble[91] @ 2912
         000000b7 FF73 
     109 000000b8 FF54          .field  -11206828,32                    ; _PHY_primeRXPreamble[92] @ 2944
         000000b9 FF54 
     110 000000ba 003A          .field  3801146,32                      ; _PHY_primeRXPreamble[93] @ 2976
         000000bb 003A 
     111 000000bc 00C6          .field  12976326,32                     ; _PHY_primeRXPreamble[94] @ 3008
         000000bd 00C6 
     112 000000be 000C          .field  786444,32                       ; _PHY_primeRXPreamble[95] @ 3040
         000000bf 000C 
     113 000000c0 FF3B          .field  -12845253,32                    ; _PHY_primeRXPreamble[96] @ 3072
         000000c1 FF3B 
     114 000000c2 FFCC          .field  -3342388,32                     ; _PHY_primeRXPreamble[97] @ 3104
         000000c3 FFCC 
     115 000000c4 00BF          .field  12517567,32                     ; _PHY_primeRXPreamble[98] @ 3136
         000000c5 00BF 
     116 000000c6 003F          .field  4128831,32                      ; _PHY_primeRXPreamble[99] @ 3168
         000000c7 003F 
     117 000000c8 FF41          .field  -12452031,32                    ; _PHY_primeRXPreamble[100] @ 3200
         000000c9 FF41 
     118 000000ca FFD2          .field  -2949166,32                     ; _PHY_primeRXPreamble[101] @ 3232
         000000cb FFD2 
TMS320C2000 Assembler PC v6.1.3 Tue Oct 01 15:27:11 2013

Tools Copyright (c) 1996-2012 Texas Instruments Incorporated
C:\Users\a0272466\AppData\Local\Temp\1048010                         PAGE    5

     119 000000cc 00C5          .field  12910789,32                     ; _PHY_primeRXPreamble[102] @ 3264
         000000cd 00C5 
     120 000000ce 0000          .field  0,32                    ; _PHY_primeRXPreamble[103] @ 3296
         000000cf 0000 
     121 000000d0 FF3D          .field  -12714179,32                    ; _PHY_primeRXPreamble[104] @ 3328
         000000d1 FF3D 
     122 000000d2 004A          .field  4849738,32                      ; _PHY_primeRXPreamble[105] @ 3360
         000000d3 004A 
     123 000000d4 009E          .field  10354846,32                     ; _PHY_primeRXPreamble[106] @ 3392
         000000d5 009E 
     124 000000d6 FF65          .field  -10092699,32                    ; _PHY_primeRXPreamble[107] @ 3424
         000000d7 FF65 
     125 000000d8 FFC0          .field  -4128832,32                     ; _PHY_primeRXPreamble[108] @ 3456
         000000d9 FFC0 
     126 000000da 00C0          .field  12583104,32                     ; _PHY_primeRXPreamble[109] @ 3488
         000000db 00C0 
     127 000000dc FFB3          .field  -4980813,32                     ; _PHY_primeRXPreamble[110] @ 3520
         000000dd FFB3 
     128 000000de FF83          .field  -8126589,32                     ; _PHY_primeRXPreamble[111] @ 3552
         000000df FF83 
     129 000000e0 00B5          .field  11862197,32                     ; _PHY_primeRXPreamble[112] @ 3584
         000000e1 00B5 
     130 000000e2 FFD2          .field  -2949166,32                     ; _PHY_primeRXPreamble[113] @ 3616
         000000e3 FFD2 
     131 000000e4 FF7F          .field  -8388737,32                     ; _PHY_primeRXPreamble[114] @ 3648
         000000e5 FF7F 
     132 000000e6 00B1          .field  11600049,32                     ; _PHY_primeRXPreamble[115] @ 3680
         000000e7 00B1 
     133 000000e8 FFB9          .field  -4587591,32                     ; _PHY_primeRXPreamble[116] @ 3712
         000000e9 FFB9 
     134 000000ea FFAB          .field  -5505109,32                     ; _PHY_primeRXPreamble[117] @ 3744
         000000eb FFAB 
     135 000000ec 00AA          .field  11141290,32                     ; _PHY_primeRXPreamble[118] @ 3776
         000000ed 00AA 
     136 000000ee FF7A          .field  -8716422,32                     ; _PHY_primeRXPreamble[119] @ 3808
         000000ef FF7A 
     137 000000f0 0010          .field  1048592,32                      ; _PHY_primeRXPreamble[120] @ 3840
         000000f1 0010 
     138 000000f2 0066          .field  6684774,32                      ; _PHY_primeRXPreamble[121] @ 3872
         000000f3 0066 
     139 000000f4 FF61          .field  -10354847,32                    ; _PHY_primeRXPreamble[122] @ 3904
         000000f5 FF61 
     140 000000f6 0087          .field  8847495,32                      ; _PHY_primeRXPreamble[123] @ 3936
         000000f7 0087 
     141 000000f8 FFC8          .field  -3604536,32                     ; _PHY_primeRXPreamble[124] @ 3968
         000000f9 FFC8 
     142 000000fa FFDB          .field  -2359333,32                     ; _PHY_primeRXPreamble[125] @ 4000
         000000fb FFDB 
     143 000000fc 006D          .field  7143533,32                      ; _PHY_primeRXPreamble[126] @ 4032
         000000fd 006D 
     144 000000fe FF80          .field  -8323200,32                     ; _PHY_primeRXPreamble[127] @ 4064
         000000ff FF80 
     145 00000100 FFD9          .field  -2490407,32                     ; _PHY_primeRXPreamble[128] @ 4096
         00000101 FFD9 
     146 00000102 FF5B          .field  -10748069,32                    ; _PHY_primeRXPreamble[129] @ 4128
TMS320C2000 Assembler PC v6.1.3 Tue Oct 01 15:27:11 2013

Tools Copyright (c) 1996-2012 Texas Instruments Incorporated
C:\Users\a0272466\AppData\Local\Temp\1048010                         PAGE    6

         00000103 FF5B 
     147 00000104 0074          .field  7602292,32                      ; _PHY_primeRXPreamble[130] @ 4160
         00000105 0074 
     148 00000106 005E          .field  6160478,32                      ; _PHY_primeRXPreamble[131] @ 4192
         00000107 005E 
     149 00000108 FF41          .field  -12452031,32                    ; _PHY_primeRXPreamble[132] @ 4224
         00000109 FF41 
     150 0000010a 0024          .field  2359332,32                      ; _PHY_primeRXPreamble[133] @ 4256
         0000010b 0024 
     151 0000010c 00AE          .field  11403438,32                     ; _PHY_primeRXPreamble[134] @ 4288
         0000010d 00AE 
     152 0000010e FF7C          .field  -8585348,32                     ; _PHY_primeRXPreamble[135] @ 4320
         0000010f FF7C 
     153 00000110 FF8D          .field  -7471219,32                     ; _PHY_primeRXPreamble[136] @ 4352
         00000111 FF8D 
     154 00000112 00B4          .field  11796660,32                     ; _PHY_primeRXPreamble[137] @ 4384
         00000113 00B4 
     155 00000114 0039          .field  3735609,32                      ; _PHY_primeRXPreamble[138] @ 4416
         00000115 0039 
     156 00000116 FF3C          .field  -12779716,32                    ; _PHY_primeRXPreamble[139] @ 4448
         00000117 FF3C 
     157 00000118 FFEA          .field  -1376278,32                     ; _PHY_primeRXPreamble[140] @ 4480
         00000119 FFEA 
     158 0000011a 00C8          .field  13107400,32                     ; _PHY_primeRXPreamble[141] @ 4512
         0000011b 00C8 
     159 0000011c 000F          .field  983055,32                       ; _PHY_primeRXPreamble[142] @ 4544
         0000011d 000F 
     160 0000011e FF39          .field  -12976327,32                    ; _PHY_primeRXPreamble[143] @ 4576
         0000011f FF39 
     161 00000120 FFDA          .field  -2424870,32                     ; _PHY_primeRXPreamble[144] @ 4608
         00000121 FFDA 
     162 00000122 00BF          .field  12517567,32                     ; _PHY_primeRXPreamble[145] @ 4640
         00000123 00BF 
     163 00000124 0057          .field  5701719,32                      ; _PHY_primeRXPreamble[146] @ 4672
         00000125 0057 
     164 00000126 FF60          .field  -10420384,32                    ; _PHY_primeRXPreamble[147] @ 4704
         00000127 FF60 
     165 00000128 FF6A          .field  -9765014,32                     ; _PHY_primeRXPreamble[148] @ 4736
         00000129 FF6A 
     166 0000012a 0057          .field  5701719,32                      ; _PHY_primeRXPreamble[149] @ 4768
         0000012b 0057 
     167 0000012c 00C3          .field  12779715,32                     ; _PHY_primeRXPreamble[150] @ 4800
         0000012d 00C3 
     168 0000012e 0022          .field  2228258,32                      ; _PHY_primeRXPreamble[151] @ 4832
         0000012f 0022 
     169 00000130 FF59          .field  -10879143,32                    ; _PHY_primeRXPreamble[152] @ 4864
         00000131 FF59 
     170 00000132 FF62          .field  -10289310,32                    ; _PHY_primeRXPreamble[153] @ 4896
         00000133 FF62 
     171 00000134 0022          .field  2228258,32                      ; _PHY_primeRXPreamble[154] @ 4928
         00000135 0022 
     172 00000136 00B7          .field  11993271,32                     ; _PHY_primeRXPreamble[155] @ 4960
         00000137 00B7 
     173 00000138 008C          .field  9175180,32                      ; _PHY_primeRXPreamble[156] @ 4992
         00000139 008C 
TMS320C2000 Assembler PC v6.1.3 Tue Oct 01 15:27:11 2013

Tools Copyright (c) 1996-2012 Texas Instruments Incorporated
C:\Users\a0272466\AppData\Local\Temp\1048010                         PAGE    7

     174 0000013a FFDB          .field  -2359333,32                     ; _PHY_primeRXPreamble[157] @ 5024
         0000013b FFDB 
     175 0000013c FF52          .field  -11337902,32                    ; _PHY_primeRXPreamble[158] @ 5056
         0000013d FF52 
     176 0000013e FF60          .field  -10420384,32                    ; _PHY_primeRXPreamble[159] @ 5088
         0000013f FF60 
     177 00000140 FFEB          .field  -1310741,32                     ; _PHY_primeRXPreamble[160] @ 5120
         00000141 FFEB 
     178 00000142 007F          .field  8323199,32                      ; _PHY_primeRXPreamble[161] @ 5152
         00000143 007F 
     179 00000144 00B8          .field  12058808,32                     ; _PHY_primeRXPreamble[162] @ 5184
         00000145 00B8 
     180 00000146 007D          .field  8192125,32                      ; _PHY_primeRXPreamble[163] @ 5216
         00000147 007D 
     181 00000148 FFFF          .field  -1,32                   ; _PHY_primeRXPreamble[164] @ 5248
         00000149 FFFF 
     182 0000014a FF89          .field  -7733367,32                     ; _PHY_primeRXPreamble[165] @ 5280
         0000014b FF89 
     183 0000014c FF50          .field  -11468976,32                    ; _PHY_primeRXPreamble[166] @ 5312
         0000014d FF50 
     184 0000014e FF64          .field  -10158236,32                    ; _PHY_primeRXPreamble[167] @ 5344
         0000014f FF64 
     185 00000150 FFB1          .field  -5111887,32                     ; _PHY_primeRXPreamble[168] @ 5376
         00000151 FFB1 
     186 00000152 0013          .field  1245203,32                      ; _PHY_primeRXPreamble[169] @ 5408
         00000153 0013 
     187 00000154 0069          .field  6881385,32                      ; _PHY_primeRXPreamble[170] @ 5440
         00000155 0069 
     188 00000156 009E          .field  10354846,32                     ; _PHY_primeRXPreamble[171] @ 5472
         00000157 009E 
     189 00000158 00AC          .field  11272364,32                     ; _PHY_primeRXPreamble[172] @ 5504
         00000159 00AC 
     190 0000015a 0098          .field  9961624,32                      ; _PHY_primeRXPreamble[173] @ 5536
         0000015b 0098 
     191 0000015c 006E          .field  7209070,32                      ; _PHY_primeRXPreamble[174] @ 5568
         0000015d 006E 
     192 0000015e 003A          .field  3801146,32                      ; _PHY_primeRXPreamble[175] @ 5600
         0000015f 003A 
     193 00000160 0005          .field  327685,32                       ; _PHY_primeRXPreamble[176] @ 5632
         00000161 0005 
     194 00000162 FFD7          .field  -2621481,32                     ; _PHY_primeRXPreamble[177] @ 5664
         00000163 FFD7 
     195 00000164 FFB1          .field  -5111887,32                     ; _PHY_primeRXPreamble[178] @ 5696
         00000165 FFB1 
     196 00000166 FF95          .field  -6946923,32                     ; _PHY_primeRXPreamble[179] @ 5728
         00000167 FF95 
     197 00000168 FF81          .field  -8257663,32                     ; _PHY_primeRXPreamble[180] @ 5760
         00000169 FF81 
     198 0000016a FF74          .field  -9109644,32                     ; _PHY_primeRXPreamble[181] @ 5792
         0000016b FF74 
     199 0000016c FF6C          .field  -9633940,32                     ; _PHY_primeRXPreamble[182] @ 5824
         0000016d FF6C 
     200 0000016e FF68          .field  -9896088,32                     ; _PHY_primeRXPreamble[183] @ 5856
         0000016f FF68 
     201 00000170 FF67          .field  -9961625,32                     ; _PHY_primeRXPreamble[184] @ 5888
TMS320C2000 Assembler PC v6.1.3 Tue Oct 01 15:27:11 2013

Tools Copyright (c) 1996-2012 Texas Instruments Incorporated
C:\Users\a0272466\AppData\Local\Temp\1048010                         PAGE    8

         00000171 FF67 
     202 00000172 FF67          .field  -9961625,32                     ; _PHY_primeRXPreamble[185] @ 5920
         00000173 FF67 
     203 00000174 FF6B          .field  -9699477,32                     ; _PHY_primeRXPreamble[186] @ 5952
         00000175 FF6B 
     204 00000176 FF71          .field  -9306255,32                     ; _PHY_primeRXPreamble[187] @ 5984
         00000177 FF71 
     205 00000178 FF7D          .field  -8519811,32                     ; _PHY_primeRXPreamble[188] @ 6016
         00000179 FF7D 
     206 0000017a FF8E          .field  -7405682,32                     ; _PHY_primeRXPreamble[189] @ 6048
         0000017b FF8E 
     207 0000017c FFA8          .field  -5701720,32                     ; _PHY_primeRXPreamble[190] @ 6080
         0000017d FFA8 
     208 0000017e FFCC          .field  -3342388,32                     ; _PHY_primeRXPreamble[191] @ 6112
         0000017f FFCC 
     209 00000180 FFF8          .field  -458760,32                      ; _PHY_primeRXPreamble[192] @ 6144
         00000181 FFF8 
     210 00000182 002C          .field  2883628,32                      ; _PHY_primeRXPreamble[193] @ 6176
         00000183 002C 
     211 00000184 0061          .field  6357089,32                      ; _PHY_primeRXPreamble[194] @ 6208
         00000185 0061 
     212 00000186 008F          .field  9371791,32                      ; _PHY_primeRXPreamble[195] @ 6240
         00000187 008F 
     213 00000188 00A9          .field  11075753,32                     ; _PHY_primeRXPreamble[196] @ 6272
         00000189 00A9 
     214 0000018a 00A5          .field  10813605,32                     ; _PHY_primeRXPreamble[197] @ 6304
         0000018b 00A5 
     215 0000018c 007B          .field  8061051,32                      ; _PHY_primeRXPreamble[198] @ 6336
         0000018d 007B 
     216 0000018e 002C          .field  2883628,32                      ; _PHY_primeRXPreamble[199] @ 6368
         0000018f 002C 
     217 00000190 FFCA          .field  -3473462,32                     ; _PHY_primeRXPreamble[200] @ 6400
         00000191 FFCA 
     218 00000192 FF74          .field  -9109644,32                     ; _PHY_primeRXPreamble[201] @ 6432
         00000193 FF74 
     219 00000194 FF4E          .field  -11600050,32                    ; _PHY_primeRXPreamble[202] @ 6464
         00000195 FF4E 
     220 00000196 FF72          .field  -9240718,32                     ; _PHY_primeRXPreamble[203] @ 6496
         00000197 FF72 
     221 00000198 FFDD          .field  -2228259,32                     ; _PHY_primeRXPreamble[204] @ 6528
         00000199 FFDD 
     222 0000019a 0060          .field  6291552,32                      ; _PHY_primeRXPreamble[205] @ 6560
         0000019b 0060 
     223 0000019c 00B3          .field  11731123,32                     ; _PHY_primeRXPreamble[206] @ 6592
         0000019d 00B3 
     224 0000019e 0099          .field  10027161,32                     ; _PHY_primeRXPreamble[207] @ 6624
         0000019f 0099 
     225 000001a0 0015          .field  1376277,32                      ; _PHY_primeRXPreamble[208] @ 6656
         000001a1 0015 
     226 000001a2 FF7C          .field  -8585348,32                     ; _PHY_primeRXPreamble[209] @ 6688
         000001a3 FF7C 
     227 000001a4 FF46          .field  -12124346,32                    ; _PHY_primeRXPreamble[210] @ 6720
         000001a5 FF46 
     228 000001a6 FFAD          .field  -5374035,32                     ; _PHY_primeRXPreamble[211] @ 6752
         000001a7 FFAD 
TMS320C2000 Assembler PC v6.1.3 Tue Oct 01 15:27:11 2013

Tools Copyright (c) 1996-2012 Texas Instruments Incorporated
C:\Users\a0272466\AppData\Local\Temp\1048010                         PAGE    9

     229 000001a8 0065          .field  6619237,32                      ; _PHY_primeRXPreamble[212] @ 6784
         000001a9 0065 
     230 000001aa 00C0          .field  12583104,32                     ; _PHY_primeRXPreamble[213] @ 6816
         000001ab 00C0 
     231 000001ac 0055          .field  5570645,32                      ; _PHY_primeRXPreamble[214] @ 6848
         000001ad 0055 
     232 000001ae FF89          .field  -7733367,32                     ; _PHY_primeRXPreamble[215] @ 6880
         000001af FF89 
     233 000001b0 FF43          .field  -12320957,32                    ; _PHY_primeRXPreamble[216] @ 6912
         000001b1 FF43 
     234 000001b2 FFE7          .field  -1572889,32                     ; _PHY_primeRXPreamble[217] @ 6944
         000001b3 FFE7 
     235 000001b4 00AF          .field  11468975,32                     ; _PHY_primeRXPreamble[218] @ 6976
         000001b5 00AF 
     236 000001b6 008B          .field  9109643,32                      ; _PHY_primeRXPreamble[219] @ 7008
         000001b7 008B 
     237 000001b8 FF9C          .field  -6488164,32                     ; _PHY_primeRXPreamble[220] @ 7040
         000001b9 FF9C 
     238 000001ba FF42          .field  -12386494,32                    ; _PHY_primeRXPreamble[221] @ 7072
         000001bb FF42 
     239 000001bc 0014          .field  1310740,32                      ; _PHY_primeRXPreamble[222] @ 7104
         000001bd 0014 
     240 000001be 00C8          .field  13107400,32                     ; _PHY_primeRXPreamble[223] @ 7136
         000001bf 00C8 
     241 000001c0 0023          .field  2293795,32                      ; _PHY_primeRXPreamble[224] @ 7168
         000001c1 0023 
     242 000001c2 FF3E          .field  -12648642,32                    ; _PHY_primeRXPreamble[225] @ 7200
         000001c3 FF3E 
     243 000001c4 FFC4          .field  -3866684,32                     ; _PHY_primeRXPreamble[226] @ 7232
         000001c5 FFC4 
     244 000001c6 00BE          .field  12452030,32                     ; _PHY_primeRXPreamble[227] @ 7264
         000001c7 00BE 
     245 000001c8 0039          .field  3735609,32                      ; _PHY_primeRXPreamble[228] @ 7296
         000001c9 0039 
     246 000001ca FF3D          .field  -12714179,32                    ; _PHY_primeRXPreamble[229] @ 7328
         000001cb FF3D 
     247 000001cc FFE7          .field  -1572889,32                     ; _PHY_primeRXPreamble[230] @ 7360
         000001cd FFE7 
     248 000001ce 00C7          .field  13041863,32                     ; _PHY_primeRXPreamble[231] @ 7392
         000001cf 00C7 
     249 000001d0 FFDC          .field  -2293796,32                     ; _PHY_primeRXPreamble[232] @ 7424
         000001d1 FFDC 
     250 000001d2 FF4A          .field  -11862198,32                    ; _PHY_primeRXPreamble[233] @ 7456
         000001d3 FF4A 
     251 000001d4 0075          .field  7667829,32                      ; _PHY_primeRXPreamble[234] @ 7488
         000001d5 0075 
     252 000001d6 0075          .field  7667829,32                      ; _PHY_primeRXPreamble[235] @ 7520
         000001d7 0075 
     253 000001d8 FF49          .field  -11927735,32                    ; _PHY_primeRXPreamble[236] @ 7552
         000001d9 FF49 
     254 000001da 0007          .field  458759,32                       ; _PHY_primeRXPreamble[237] @ 7584
         000001db 0007 
     255 000001dc 00AD          .field  11337901,32                     ; _PHY_primeRXPreamble[238] @ 7616
         000001dd 00AD 
     256 000001de FF71          .field  -9306255,32                     ; _PHY_primeRXPreamble[239] @ 7648
TMS320C2000 Assembler PC v6.1.3 Tue Oct 01 15:27:11 2013

Tools Copyright (c) 1996-2012 Texas Instruments Incorporated
C:\Users\a0272466\AppData\Local\Temp\1048010                         PAGE   10

         000001df FF71 
     257 000001e0 FFD3          .field  -2883629,32                     ; _PHY_primeRXPreamble[240] @ 7680
         000001e1 FFD3 
     258 000001e2 00B2          .field  11665586,32                     ; _PHY_primeRXPreamble[241] @ 7712
         000001e3 00B2 
     259 000001e4 FF7D          .field  -8519811,32                     ; _PHY_primeRXPreamble[242] @ 7744
         000001e5 FF7D 
     260 000001e6 FFDE          .field  -2162722,32                     ; _PHY_primeRXPreamble[243] @ 7776
         000001e7 FFDE 
     261 000001e8 00A2          .field  10616994,32                     ; _PHY_primeRXPreamble[244] @ 7808
         000001e9 00A2 
     262 000001ea FF66          .field  -10027162,32                    ; _PHY_primeRXPreamble[245] @ 7840
         000001eb FF66 
     263 000001ec 0022          .field  2228258,32                      ; _PHY_primeRXPreamble[246] @ 7872
         000001ed 0022 
     264 000001ee 0067          .field  6750311,32                      ; _PHY_primeRXPreamble[247] @ 7904
         000001ef 0067 
     265 000001f0 FF5A          .field  -10813606,32                    ; _PHY_primeRXPreamble[248] @ 7936
         000001f1 FF5A 
     266 000001f2 0081          .field  8454273,32                      ; _PHY_primeRXPreamble[249] @ 7968
         000001f3 0081 
     267 000001f4 FFE4          .field  -1769500,32                     ; _PHY_primeRXPreamble[250] @ 8000
         000001f5 FFE4 
     268 000001f6 FFB2          .field  -5046350,32                     ; _PHY_primeRXPreamble[251] @ 8032
         000001f7 FFB2 
     269 000001f8 008F          .field  9371791,32                      ; _PHY_primeRXPreamble[252] @ 8064
         000001f9 008F 
     270 000001fa FF6E          .field  -9502866,32                     ; _PHY_primeRXPreamble[253] @ 8096
         000001fb FF6E 
     271 000001fc 0064          .field  6553700,32                      ; _PHY_primeRXPreamble[254] @ 8128
         000001fd 0064 
     272 000001fe FFF5          .field  -655371,32                      ; _PHY_primeRXPreamble[255] @ 8160
         000001ff FFF5 
     273              
     274              $C$DW$1 .dwtag  DW_TAG_variable, DW_AT_name("PHY_primeRXPreamble")
     275                      .dwattr $C$DW$1, DW_AT_TI_symbol_name("_PHY_primeRXPreamble")
     276                      .dwattr $C$DW$1, DW_AT_location[DW_OP_addr _PHY_primeRXPreamble]
     277                      .dwattr $C$DW$1, DW_AT_type(*$C$DW$T$21)
     278                      .dwattr $C$DW$1, DW_AT_external
     279              ;       C:\ti\ccsv5\tools\compiler\c2000_6.1.3\bin\ac2000.exe -@C:\\Users\\a0272466\\AppData\\Local\\Temp\\10
     280              
     281              ;***************************************************************
     282              ;* TYPE INFORMATION                                            *
     283              ;***************************************************************
     284              $C$DW$T$4       .dwtag  DW_TAG_base_type
     285                      .dwattr $C$DW$T$4, DW_AT_encoding(DW_ATE_boolean)
     286                      .dwattr $C$DW$T$4, DW_AT_name("bool")
     287                      .dwattr $C$DW$T$4, DW_AT_byte_size(0x01)
     288              $C$DW$T$5       .dwtag  DW_TAG_base_type
     289                      .dwattr $C$DW$T$5, DW_AT_encoding(DW_ATE_signed_char)
     290                      .dwattr $C$DW$T$5, DW_AT_name("signed char")
     291                      .dwattr $C$DW$T$5, DW_AT_byte_size(0x01)
     292              $C$DW$T$6       .dwtag  DW_TAG_base_type
     293                      .dwattr $C$DW$T$6, DW_AT_encoding(DW_ATE_unsigned_char)
     294                      .dwattr $C$DW$T$6, DW_AT_name("unsigned char")
TMS320C2000 Assembler PC v6.1.3 Tue Oct 01 15:27:11 2013

Tools Copyright (c) 1996-2012 Texas Instruments Incorporated
C:\Users\a0272466\AppData\Local\Temp\1048010                         PAGE   11

     295                      .dwattr $C$DW$T$6, DW_AT_byte_size(0x01)
     296              $C$DW$T$7       .dwtag  DW_TAG_base_type
     297                      .dwattr $C$DW$T$7, DW_AT_encoding(DW_ATE_signed_char)
     298                      .dwattr $C$DW$T$7, DW_AT_name("wchar_t")
     299                      .dwattr $C$DW$T$7, DW_AT_byte_size(0x01)
     300              $C$DW$T$8       .dwtag  DW_TAG_base_type
     301                      .dwattr $C$DW$T$8, DW_AT_encoding(DW_ATE_signed)
     302                      .dwattr $C$DW$T$8, DW_AT_name("short")
     303                      .dwattr $C$DW$T$8, DW_AT_byte_size(0x01)
     304              $C$DW$T$9       .dwtag  DW_TAG_base_type
     305                      .dwattr $C$DW$T$9, DW_AT_encoding(DW_ATE_unsigned)
     306                      .dwattr $C$DW$T$9, DW_AT_name("unsigned short")
     307                      .dwattr $C$DW$T$9, DW_AT_byte_size(0x01)
     308              $C$DW$T$10      .dwtag  DW_TAG_base_type
     309                      .dwattr $C$DW$T$10, DW_AT_encoding(DW_ATE_signed)
     310                      .dwattr $C$DW$T$10, DW_AT_name("int")
     311                      .dwattr $C$DW$T$10, DW_AT_byte_size(0x01)
     312              $C$DW$T$11      .dwtag  DW_TAG_base_type
     313                      .dwattr $C$DW$T$11, DW_AT_encoding(DW_ATE_unsigned)
     314                      .dwattr $C$DW$T$11, DW_AT_name("unsigned int")
     315                      .dwattr $C$DW$T$11, DW_AT_byte_size(0x01)
     316              $C$DW$T$12      .dwtag  DW_TAG_base_type
     317                      .dwattr $C$DW$T$12, DW_AT_encoding(DW_ATE_signed)
     318                      .dwattr $C$DW$T$12, DW_AT_name("long")
     319                      .dwattr $C$DW$T$12, DW_AT_byte_size(0x02)
     320              $C$DW$T$13      .dwtag  DW_TAG_base_type
     321                      .dwattr $C$DW$T$13, DW_AT_encoding(DW_ATE_unsigned)
     322                      .dwattr $C$DW$T$13, DW_AT_name("unsigned long")
     323                      .dwattr $C$DW$T$13, DW_AT_byte_size(0x02)
     324              $C$DW$T$19      .dwtag  DW_TAG_typedef, DW_AT_name("Uint32")
     325                      .dwattr $C$DW$T$19, DW_AT_type(*$C$DW$T$13)
     326                      .dwattr $C$DW$T$19, DW_AT_language(DW_LANG_C)
     327              $C$DW$2 .dwtag  DW_TAG_TI_far_type
     328                      .dwattr $C$DW$2, DW_AT_type(*$C$DW$T$19)
     329              $C$DW$T$20      .dwtag  DW_TAG_const_type
     330                      .dwattr $C$DW$T$20, DW_AT_type(*$C$DW$2)
     331              
     332              $C$DW$T$21      .dwtag  DW_TAG_array_type
     333                      .dwattr $C$DW$T$21, DW_AT_type(*$C$DW$T$20)
     334                      .dwattr $C$DW$T$21, DW_AT_language(DW_LANG_C)
     335                      .dwattr $C$DW$T$21, DW_AT_byte_size(0x200)
     336              $C$DW$3 .dwtag  DW_TAG_subrange_type
     337                      .dwattr $C$DW$3, DW_AT_upper_bound(0xff)
     338                      .dwendtag $C$DW$T$21
     339              
     340              $C$DW$T$14      .dwtag  DW_TAG_base_type
     341                      .dwattr $C$DW$T$14, DW_AT_encoding(DW_ATE_signed)
     342                      .dwattr $C$DW$T$14, DW_AT_name("long long")
     343                      .dwattr $C$DW$T$14, DW_AT_byte_size(0x04)
     344              $C$DW$T$15      .dwtag  DW_TAG_base_type
     345                      .dwattr $C$DW$T$15, DW_AT_encoding(DW_ATE_unsigned)
     346                      .dwattr $C$DW$T$15, DW_AT_name("unsigned long long")
     347                      .dwattr $C$DW$T$15, DW_AT_byte_size(0x04)
     348              $C$DW$T$16      .dwtag  DW_TAG_base_type
     349                      .dwattr $C$DW$T$16, DW_AT_encoding(DW_ATE_float)
TMS320C2000 Assembler PC v6.1.3 Tue Oct 01 15:27:11 2013

Tools Copyright (c) 1996-2012 Texas Instruments Incorporated
C:\Users\a0272466\AppData\Local\Temp\1048010                         PAGE   12

     350                      .dwattr $C$DW$T$16, DW_AT_name("float")
     351                      .dwattr $C$DW$T$16, DW_AT_byte_size(0x02)
     352              $C$DW$T$17      .dwtag  DW_TAG_base_type
     353                      .dwattr $C$DW$T$17, DW_AT_encoding(DW_ATE_float)
     354                      .dwattr $C$DW$T$17, DW_AT_name("double")
     355                      .dwattr $C$DW$T$17, DW_AT_byte_size(0x02)
     356              $C$DW$T$18      .dwtag  DW_TAG_base_type
     357                      .dwattr $C$DW$T$18, DW_AT_encoding(DW_ATE_float)
     358                      .dwattr $C$DW$T$18, DW_AT_name("long double")
     359                      .dwattr $C$DW$T$18, DW_AT_byte_size(0x04)
     360                      .dwattr $C$DW$CU, DW_AT_language(DW_LANG_C)
     361              
     362              ;***************************************************************
     363              ;* DWARF CIE ENTRIES                                           *
     364              ;***************************************************************
     365              
     366              $C$DW$CIE       .dwcie 78
     367                      .dwcfi  cfa_register, 20
     368                      .dwcfi  cfa_offset, 0
     369                      .dwcfi  undefined, 0
     370                      .dwcfi  undefined, 1
     371                      .dwcfi  undefined, 2
     372                      .dwcfi  undefined, 3
     373                      .dwcfi  undefined, 22
     374                      .dwcfi  undefined, 37
     375                      .dwcfi  undefined, 36
     376                      .dwcfi  undefined, 23
     377                      .dwcfi  undefined, 30
     378                      .dwcfi  undefined, 31
     379                      .dwcfi  undefined, 32
     380                      .dwcfi  undefined, 38
     381                      .dwcfi  undefined, 75
     382                      .dwcfi  undefined, 24
     383                      .dwcfi  undefined, 33
     384                      .dwcfi  undefined, 35
     385                      .dwcfi  undefined, 34
     386                      .dwcfi  undefined, 76
     387                      .dwcfi  undefined, 21
     388                      .dwcfi  undefined, 20
     389                      .dwcfi  undefined, 28
     390                      .dwcfi  undefined, 29
     391                      .dwcfi  undefined, 25
     392                      .dwcfi  undefined, 77
     393                      .dwcfi  undefined, 4
     394                      .dwcfi  undefined, 6
     395                      .dwcfi  undefined, 8
     396                      .dwcfi  undefined, 10
     397                      .dwcfi  undefined, 12
     398                      .dwcfi  undefined, 14
     399                      .dwcfi  undefined, 16
     400                      .dwcfi  undefined, 17
     401                      .dwcfi  undefined, 18
     402                      .dwcfi  undefined, 19
     403                      .dwcfi  undefined, 5
     404                      .dwcfi  undefined, 7
TMS320C2000 Assembler PC v6.1.3 Tue Oct 01 15:27:11 2013

Tools Copyright (c) 1996-2012 Texas Instruments Incorporated
C:\Users\a0272466\AppData\Local\Temp\1048010                         PAGE   13

     405                      .dwcfi  undefined, 9
     406                      .dwcfi  undefined, 11
     407                      .dwcfi  undefined, 13
     408                      .dwcfi  undefined, 15
     409                      .dwcfi  undefined, 43
     410                      .dwcfi  undefined, 44
     411                      .dwcfi  undefined, 47
     412                      .dwcfi  undefined, 48
     413                      .dwcfi  undefined, 51
     414                      .dwcfi  undefined, 52
     415                      .dwcfi  undefined, 55
     416                      .dwcfi  undefined, 56
     417                      .dwcfi  undefined, 59
     418                      .dwcfi  undefined, 60
     419                      .dwcfi  undefined, 63
     420                      .dwcfi  undefined, 64
     421                      .dwcfi  undefined, 67
     422                      .dwcfi  undefined, 68
     423                      .dwcfi  undefined, 71
     424                      .dwcfi  undefined, 72
     425                      .dwcfi  undefined, 73
     426                      .dwcfi  undefined, 74
     427                      .dwcfi  undefined, 39
     428                      .dwcfi  undefined, 40
     429                      .dwcfi  undefined, 27
     430                      .dwcfi  undefined, 78
     431                      .dwendentry
     432              
     433              ;***************************************************************
     434              ;* DWARF REGISTER MAP                                          *
     435              ;***************************************************************
     436              
     437              $C$DW$4 .dwtag  DW_TAG_TI_assign_register, DW_AT_name("AL")
     438                      .dwattr $C$DW$4, DW_AT_location[DW_OP_reg0]
     439              $C$DW$5 .dwtag  DW_TAG_TI_assign_register, DW_AT_name("AH")
     440                      .dwattr $C$DW$5, DW_AT_location[DW_OP_reg1]
     441              $C$DW$6 .dwtag  DW_TAG_TI_assign_register, DW_AT_name("PL")
     442                      .dwattr $C$DW$6, DW_AT_location[DW_OP_reg2]
     443              $C$DW$7 .dwtag  DW_TAG_TI_assign_register, DW_AT_name("PH")
     444                      .dwattr $C$DW$7, DW_AT_location[DW_OP_reg3]
     445              $C$DW$8 .dwtag  DW_TAG_TI_assign_register, DW_AT_name("T")
     446                      .dwattr $C$DW$8, DW_AT_location[DW_OP_reg22]
     447              $C$DW$9 .dwtag  DW_TAG_TI_assign_register, DW_AT_name("IER")
     448                      .dwattr $C$DW$9, DW_AT_location[DW_OP_regx 0x25]
     449              $C$DW$10        .dwtag  DW_TAG_TI_assign_register, DW_AT_name("IFR")
     450                      .dwattr $C$DW$10, DW_AT_location[DW_OP_regx 0x24]
     451              $C$DW$11        .dwtag  DW_TAG_TI_assign_register, DW_AT_name("ST0")
     452                      .dwattr $C$DW$11, DW_AT_location[DW_OP_reg23]
     453              $C$DW$12        .dwtag  DW_TAG_TI_assign_register, DW_AT_name("SXM")
     454                      .dwattr $C$DW$12, DW_AT_location[DW_OP_reg30]
     455              $C$DW$13        .dwtag  DW_TAG_TI_assign_register, DW_AT_name("PM")
     456                      .dwattr $C$DW$13, DW_AT_location[DW_OP_reg31]
     457              $C$DW$14        .dwtag  DW_TAG_TI_assign_register, DW_AT_name("OVM")
     458                      .dwattr $C$DW$14, DW_AT_location[DW_OP_regx 0x20]
     459              $C$DW$15        .dwtag  DW_TAG_TI_assign_register, DW_AT_name("V")
TMS320C2000 Assembler PC v6.1.3 Tue Oct 01 15:27:11 2013

Tools Copyright (c) 1996-2012 Texas Instruments Incorporated
C:\Users\a0272466\AppData\Local\Temp\1048010                         PAGE   14

     460                      .dwattr $C$DW$15, DW_AT_location[DW_OP_regx 0x26]
     461              $C$DW$16        .dwtag  DW_TAG_TI_assign_register, DW_AT_name("PSEUDO")
     462                      .dwattr $C$DW$16, DW_AT_location[DW_OP_regx 0x4b]
     463              $C$DW$17        .dwtag  DW_TAG_TI_assign_register, DW_AT_name("ST1")
     464                      .dwattr $C$DW$17, DW_AT_location[DW_OP_reg24]
     465              $C$DW$18        .dwtag  DW_TAG_TI_assign_register, DW_AT_name("PAGE0")
     466                      .dwattr $C$DW$18, DW_AT_location[DW_OP_regx 0x21]
     467              $C$DW$19        .dwtag  DW_TAG_TI_assign_register, DW_AT_name("INTM")
     468                      .dwattr $C$DW$19, DW_AT_location[DW_OP_regx 0x23]
     469              $C$DW$20        .dwtag  DW_TAG_TI_assign_register, DW_AT_name("AMODE")
     470                      .dwattr $C$DW$20, DW_AT_location[DW_OP_regx 0x22]
     471              $C$DW$21        .dwtag  DW_TAG_TI_assign_register, DW_AT_name("PSEUDOH")
     472                      .dwattr $C$DW$21, DW_AT_location[DW_OP_regx 0x4c]
     473              $C$DW$22        .dwtag  DW_TAG_TI_assign_register, DW_AT_name("XT")
     474                      .dwattr $C$DW$22, DW_AT_location[DW_OP_reg21]
     475              $C$DW$23        .dwtag  DW_TAG_TI_assign_register, DW_AT_name("SP")
     476                      .dwattr $C$DW$23, DW_AT_location[DW_OP_reg20]
     477              $C$DW$24        .dwtag  DW_TAG_TI_assign_register, DW_AT_name("FP")
     478                      .dwattr $C$DW$24, DW_AT_location[DW_OP_reg28]
     479              $C$DW$25        .dwtag  DW_TAG_TI_assign_register, DW_AT_name("DP")
     480                      .dwattr $C$DW$25, DW_AT_location[DW_OP_reg29]
     481              $C$DW$26        .dwtag  DW_TAG_TI_assign_register, DW_AT_name("PC")
     482                      .dwattr $C$DW$26, DW_AT_location[DW_OP_reg25]
     483              $C$DW$27        .dwtag  DW_TAG_TI_assign_register, DW_AT_name("VOL")
     484                      .dwattr $C$DW$27, DW_AT_location[DW_OP_regx 0x4d]
     485              $C$DW$28        .dwtag  DW_TAG_TI_assign_register, DW_AT_name("AR0")
     486                      .dwattr $C$DW$28, DW_AT_location[DW_OP_reg4]
     487              $C$DW$29        .dwtag  DW_TAG_TI_assign_register, DW_AT_name("AR1")
     488                      .dwattr $C$DW$29, DW_AT_location[DW_OP_reg6]
     489              $C$DW$30        .dwtag  DW_TAG_TI_assign_register, DW_AT_name("AR2")
     490                      .dwattr $C$DW$30, DW_AT_location[DW_OP_reg8]
     491              $C$DW$31        .dwtag  DW_TAG_TI_assign_register, DW_AT_name("AR3")
     492                      .dwattr $C$DW$31, DW_AT_location[DW_OP_reg10]
     493              $C$DW$32        .dwtag  DW_TAG_TI_assign_register, DW_AT_name("AR4")
     494                      .dwattr $C$DW$32, DW_AT_location[DW_OP_reg12]
     495              $C$DW$33        .dwtag  DW_TAG_TI_assign_register, DW_AT_name("AR5")
     496                      .dwattr $C$DW$33, DW_AT_location[DW_OP_reg14]
     497              $C$DW$34        .dwtag  DW_TAG_TI_assign_register, DW_AT_name("AR6")
     498                      .dwattr $C$DW$34, DW_AT_location[DW_OP_reg16]
     499              $C$DW$35        .dwtag  DW_TAG_TI_assign_register, DW_AT_name("XAR6")
     500                      .dwattr $C$DW$35, DW_AT_location[DW_OP_reg17]
     501              $C$DW$36        .dwtag  DW_TAG_TI_assign_register, DW_AT_name("AR7")
     502                      .dwattr $C$DW$36, DW_AT_location[DW_OP_reg18]
     503              $C$DW$37        .dwtag  DW_TAG_TI_assign_register, DW_AT_name("XAR7")
     504                      .dwattr $C$DW$37, DW_AT_location[DW_OP_reg19]
     505              $C$DW$38        .dwtag  DW_TAG_TI_assign_register, DW_AT_name("XAR0")
     506                      .dwattr $C$DW$38, DW_AT_location[DW_OP_reg5]
     507              $C$DW$39        .dwtag  DW_TAG_TI_assign_register, DW_AT_name("XAR1")
     508                      .dwattr $C$DW$39, DW_AT_location[DW_OP_reg7]
     509              $C$DW$40        .dwtag  DW_TAG_TI_assign_register, DW_AT_name("XAR2")
     510                      .dwattr $C$DW$40, DW_AT_location[DW_OP_reg9]
     511              $C$DW$41        .dwtag  DW_TAG_TI_assign_register, DW_AT_name("XAR3")
     512                      .dwattr $C$DW$41, DW_AT_location[DW_OP_reg11]
     513              $C$DW$42        .dwtag  DW_TAG_TI_assign_register, DW_AT_name("XAR4")
     514                      .dwattr $C$DW$42, DW_AT_location[DW_OP_reg13]
TMS320C2000 Assembler PC v6.1.3 Tue Oct 01 15:27:11 2013

Tools Copyright (c) 1996-2012 Texas Instruments Incorporated
C:\Users\a0272466\AppData\Local\Temp\1048010                         PAGE   15

     515              $C$DW$43        .dwtag  DW_TAG_TI_assign_register, DW_AT_name("XAR5")
     516                      .dwattr $C$DW$43, DW_AT_location[DW_OP_reg15]
     517              $C$DW$44        .dwtag  DW_TAG_TI_assign_register, DW_AT_name("R0HL")
     518                      .dwattr $C$DW$44, DW_AT_location[DW_OP_regx 0x2b]
     519              $C$DW$45        .dwtag  DW_TAG_TI_assign_register, DW_AT_name("R0H")
     520                      .dwattr $C$DW$45, DW_AT_location[DW_OP_regx 0x2c]
     521              $C$DW$46        .dwtag  DW_TAG_TI_assign_register, DW_AT_name("R1HL")
     522                      .dwattr $C$DW$46, DW_AT_location[DW_OP_regx 0x2f]
     523              $C$DW$47        .dwtag  DW_TAG_TI_assign_register, DW_AT_name("R1H")
     524                      .dwattr $C$DW$47, DW_AT_location[DW_OP_regx 0x30]
     525              $C$DW$48        .dwtag  DW_TAG_TI_assign_register, DW_AT_name("R2HL")
     526                      .dwattr $C$DW$48, DW_AT_location[DW_OP_regx 0x33]
     527              $C$DW$49        .dwtag  DW_TAG_TI_assign_register, DW_AT_name("R2H")
     528                      .dwattr $C$DW$49, DW_AT_location[DW_OP_regx 0x34]
     529              $C$DW$50        .dwtag  DW_TAG_TI_assign_register, DW_AT_name("R3HL")
     530                      .dwattr $C$DW$50, DW_AT_location[DW_OP_regx 0x37]
     531              $C$DW$51        .dwtag  DW_TAG_TI_assign_register, DW_AT_name("R3H")
     532                      .dwattr $C$DW$51, DW_AT_location[DW_OP_regx 0x38]
     533              $C$DW$52        .dwtag  DW_TAG_TI_assign_register, DW_AT_name("R4HL")
     534                      .dwattr $C$DW$52, DW_AT_location[DW_OP_regx 0x3b]
     535              $C$DW$53        .dwtag  DW_TAG_TI_assign_register, DW_AT_name("R4H")
     536                      .dwattr $C$DW$53, DW_AT_location[DW_OP_regx 0x3c]
     537              $C$DW$54        .dwtag  DW_TAG_TI_assign_register, DW_AT_name("R5HL")
     538                      .dwattr $C$DW$54, DW_AT_location[DW_OP_regx 0x3f]
     539              $C$DW$55        .dwtag  DW_TAG_TI_assign_register, DW_AT_name("R5H")
     540                      .dwattr $C$DW$55, DW_AT_location[DW_OP_regx 0x40]
     541              $C$DW$56        .dwtag  DW_TAG_TI_assign_register, DW_AT_name("R6HL")
     542                      .dwattr $C$DW$56, DW_AT_location[DW_OP_regx 0x43]
     543              $C$DW$57        .dwtag  DW_TAG_TI_assign_register, DW_AT_name("R6H")
     544                      .dwattr $C$DW$57, DW_AT_location[DW_OP_regx 0x44]
     545              $C$DW$58        .dwtag  DW_TAG_TI_assign_register, DW_AT_name("R7HL")
     546                      .dwattr $C$DW$58, DW_AT_location[DW_OP_regx 0x47]
     547              $C$DW$59        .dwtag  DW_TAG_TI_assign_register, DW_AT_name("R7H")
     548                      .dwattr $C$DW$59, DW_AT_location[DW_OP_regx 0x48]
     549              $C$DW$60        .dwtag  DW_TAG_TI_assign_register, DW_AT_name("RBL")
     550                      .dwattr $C$DW$60, DW_AT_location[DW_OP_regx 0x49]
     551              $C$DW$61        .dwtag  DW_TAG_TI_assign_register, DW_AT_name("RB")
     552                      .dwattr $C$DW$61, DW_AT_location[DW_OP_regx 0x4a]
     553              $C$DW$62        .dwtag  DW_TAG_TI_assign_register, DW_AT_name("STFL")
     554                      .dwattr $C$DW$62, DW_AT_location[DW_OP_regx 0x27]
     555              $C$DW$63        .dwtag  DW_TAG_TI_assign_register, DW_AT_name("STF")
     556                      .dwattr $C$DW$63, DW_AT_location[DW_OP_regx 0x28]
     557              $C$DW$64        .dwtag  DW_TAG_TI_assign_register, DW_AT_name("FPUHAZ")
     558                      .dwattr $C$DW$64, DW_AT_location[DW_OP_reg27]
     559              $C$DW$65        .dwtag  DW_TAG_TI_assign_register, DW_AT_name("CIE_RETA")
     560                      .dwattr $C$DW$65, DW_AT_location[DW_OP_regx 0x4e]
     561                      .dwendtag $C$DW$CU
     562              

No Assembly Errors, No Assembly Warnings
