TMS320C2000 Assembler PC v6.1.3 Thu Jan 30 10:23:44 2014

Tools Copyright (c) 1996-2012 Texas Instruments Incorporated
C:\Users\a0272466\AppData\Local\Temp\0939610                         PAGE    1

       1              ;***************************************************************
       2              ;* TMS320C2000 C/C++ Codegen                         PC v6.1.3 *
       3              ;* Date/Time created: Thu Jan 30 10:23:43 2014                 *
       4              ;***************************************************************
       5                      .compiler_opts --float_support=fpu32 --hll_source=on --mem_model:code=flat --mem_model:data=large --o
       6        0002  FP      .set    XAR2
       7              
       8              $C$DW$CU        .dwtag  DW_TAG_compile_unit
       9                      .dwattr $C$DW$CU, DW_AT_name("C:/work/grepos/bootrom/Boot_ROM/F2837x_bootROM-REVB/F2837x_bootROM_dev/
      10                      .dwattr $C$DW$CU, DW_AT_producer("TMS320C2000 C/C++ Codegen PC v6.1.3 Copyright (c) 1996-2012 Texas I
      11                      .dwattr $C$DW$CU, DW_AT_TI_version(0x01)
      12                      .dwattr $C$DW$CU, DW_AT_comp_dir("C:\work\grepos\bootrom\Boot_ROM\F2837x_bootROM-REVB\F2837x_bootROM_
      13                      .global _PHY_fskTxSrcCoefTable
      14 00000000               .sect   "sunPhyTable"
      15                      .align  2
      16 00000000       _PHY_fskTxSrcCoefTable:
      17 00000000 0000          .field  0,16                    ; _PHY_fskTxSrcCoefTable[0] @ 0
      18 00000001 0000          .field  0,16                    ; _PHY_fskTxSrcCoefTable[1] @ 16
      19 00000002 7FFF          .field  32767,16                        ; _PHY_fskTxSrcCoefTable[2] @ 32
      20 00000003 0000          .field  0,16                    ; _PHY_fskTxSrcCoefTable[3] @ 48
      21 00000004 0000          .field  0,16                    ; _PHY_fskTxSrcCoefTable[4] @ 64
      22 00000005 0000          .field  0,16                    ; _PHY_fskTxSrcCoefTable[5] @ 80
      23 00000006 0096          .field  150,16                  ; _PHY_fskTxSrcCoefTable[6] @ 96
      24 00000007 FD12          .field  -750,16                 ; _PHY_fskTxSrcCoefTable[7] @ 112
      25 00000008 7FC3          .field  32707,16                        ; _PHY_fskTxSrcCoefTable[8] @ 128
      26 00000009 033A          .field  826,16                  ; _PHY_fskTxSrcCoefTable[9] @ 144
      27 0000000a FF58          .field  -168,16                 ; _PHY_fskTxSrcCoefTable[10] @ 160
      28 0000000b 001C          .field  28,16                   ; _PHY_fskTxSrcCoefTable[11] @ 176
      29 0000000c 0119          .field  281,16                  ; _PHY_fskTxSrcCoefTable[12] @ 192
      30 0000000d FA70          .field  -1424,16                        ; _PHY_fskTxSrcCoefTable[13] @ 208
      31 0000000e 7F0E          .field  32526,16                        ; _PHY_fskTxSrcCoefTable[14] @ 224
      32 0000000f 06BF          .field  1727,16                 ; _PHY_fskTxSrcCoefTable[15] @ 240
      33 00000010 FE9F          .field  -353,16                 ; _PHY_fskTxSrcCoefTable[16] @ 256
      34 00000011 0038          .field  56,16                   ; _PHY_fskTxSrcCoefTable[17] @ 272
      35 00000012 0189          .field  393,16                  ; _PHY_fskTxSrcCoefTable[18] @ 288
      36 00000013 F81C          .field  -2020,16                        ; _PHY_fskTxSrcCoefTable[19] @ 304
      37 00000014 7DE1          .field  32225,16                        ; _PHY_fskTxSrcCoefTable[20] @ 320
      38 00000015 0A8B          .field  2699,16                 ; _PHY_fskTxSrcCoefTable[21] @ 336
      39 00000016 FDD4          .field  -556,16                 ; _PHY_fskTxSrcCoefTable[22] @ 352
      40 00000017 0056          .field  86,16                   ; _PHY_fskTxSrcCoefTable[23] @ 368
      41 00000018 01E8          .field  488,16                  ; _PHY_fskTxSrcCoefTable[24] @ 384
      42 00000019 F613          .field  -2541,16                        ; _PHY_fskTxSrcCoefTable[25] @ 400
      43 0000001a 7C3F          .field  31807,16                        ; _PHY_fskTxSrcCoefTable[26] @ 416
      44 0000001b 0E9D          .field  3741,16                 ; _PHY_fskTxSrcCoefTable[27] @ 432
      45 0000001c FCF9          .field  -775,16                 ; _PHY_fskTxSrcCoefTable[28] @ 448
      46 0000001d 0075          .field  117,16                  ; _PHY_fskTxSrcCoefTable[29] @ 464
      47 0000001e 0236          .field  566,16                  ; _PHY_fskTxSrcCoefTable[30] @ 480
      48 0000001f F457          .field  -2985,16                        ; _PHY_fskTxSrcCoefTable[31] @ 496
      49 00000020 7A2A          .field  31274,16                        ; _PHY_fskTxSrcCoefTable[32] @ 512
      50 00000021 12EF          .field  4847,16                 ; _PHY_fskTxSrcCoefTable[33] @ 528
      51 00000022 FC10          .field  -1008,16                        ; _PHY_fskTxSrcCoefTable[34] @ 544
      52 00000023 0095          .field  149,16                  ; _PHY_fskTxSrcCoefTable[35] @ 560
      53 00000024 0273          .field  627,16                  ; _PHY_fskTxSrcCoefTable[36] @ 576
      54 00000025 F2E3          .field  -3357,16                        ; _PHY_fskTxSrcCoefTable[37] @ 592
      55 00000026 77A8          .field  30632,16                        ; _PHY_fskTxSrcCoefTable[38] @ 608
TMS320C2000 Assembler PC v6.1.3 Thu Jan 30 10:23:44 2014

Tools Copyright (c) 1996-2012 Texas Instruments Incorporated
C:\Users\a0272466\AppData\Local\Temp\0939610                         PAGE    2

      56 00000027 177E          .field  6014,16                 ; _PHY_fskTxSrcCoefTable[39] @ 624
      57 00000028 FB1A          .field  -1254,16                        ; _PHY_fskTxSrcCoefTable[40] @ 640
      58 00000029 00B7          .field  183,16                  ; _PHY_fskTxSrcCoefTable[41] @ 656
      59 0000002a 02A1          .field  673,16                  ; _PHY_fskTxSrcCoefTable[42] @ 672
      60 0000002b F1B7          .field  -3657,16                        ; _PHY_fskTxSrcCoefTable[43] @ 688
      61 0000002c 74BD          .field  29885,16                        ; _PHY_fskTxSrcCoefTable[44] @ 704
      62 0000002d 1C45          .field  7237,16                 ; _PHY_fskTxSrcCoefTable[45] @ 720
      63 0000002e FA1A          .field  -1510,16                        ; _PHY_fskTxSrcCoefTable[46] @ 736
      64 0000002f 00DB          .field  219,16                  ; _PHY_fskTxSrcCoefTable[47] @ 752
      65 00000030 02C0          .field  704,16                  ; _PHY_fskTxSrcCoefTable[48] @ 768
      66 00000031 F0CF          .field  -3889,16                        ; _PHY_fskTxSrcCoefTable[49] @ 784
      67 00000032 716F          .field  29039,16                        ; _PHY_fskTxSrcCoefTable[50] @ 800
      68 00000033 213D          .field  8509,16                 ; _PHY_fskTxSrcCoefTable[51] @ 816
      69 00000034 F912          .field  -1774,16                        ; _PHY_fskTxSrcCoefTable[52] @ 832
      70 00000035 0101          .field  257,16                  ; _PHY_fskTxSrcCoefTable[53] @ 848
      71 00000036 02D2          .field  722,16                  ; _PHY_fskTxSrcCoefTable[54] @ 864
      72 00000037 F029          .field  -4055,16                        ; _PHY_fskTxSrcCoefTable[55] @ 880
      73 00000038 6DC4          .field  28100,16                        ; _PHY_fskTxSrcCoefTable[56] @ 896
      74 00000039 2660          .field  9824,16                 ; _PHY_fskTxSrcCoefTable[57] @ 912
      75 0000003a F805          .field  -2043,16                        ; _PHY_fskTxSrcCoefTable[58] @ 928
      76 0000003b 0128          .field  296,16                  ; _PHY_fskTxSrcCoefTable[59] @ 944
      77 0000003c 02D8          .field  728,16                  ; _PHY_fskTxSrcCoefTable[60] @ 960
      78 0000003d EFBF          .field  -4161,16                        ; _PHY_fskTxSrcCoefTable[61] @ 976
      79 0000003e 69C3          .field  27075,16                        ; _PHY_fskTxSrcCoefTable[62] @ 992
      80 0000003f 2BA7          .field  11175,16                        ; _PHY_fskTxSrcCoefTable[63] @ 1008
      81 00000040 F6F6          .field  -2314,16                        ; _PHY_fskTxSrcCoefTable[64] @ 1024
      82 00000041 0151          .field  337,16                  ; _PHY_fskTxSrcCoefTable[65] @ 1040
      83 00000042 02D4          .field  724,16                  ; _PHY_fskTxSrcCoefTable[66] @ 1056
      84 00000043 EF8E          .field  -4210,16                        ; _PHY_fskTxSrcCoefTable[67] @ 1072
      85 00000044 6573          .field  25971,16                        ; _PHY_fskTxSrcCoefTable[68] @ 1088
      86 00000045 310A          .field  12554,16                        ; _PHY_fskTxSrcCoefTable[69] @ 1104
      87 00000046 F5E9          .field  -2583,16                        ; _PHY_fskTxSrcCoefTable[70] @ 1120
      88 00000047 017B          .field  379,16                  ; _PHY_fskTxSrcCoefTable[71] @ 1136
      89 00000048 02C6          .field  710,16                  ; _PHY_fskTxSrcCoefTable[72] @ 1152
      90 00000049 EF93          .field  -4205,16                        ; _PHY_fskTxSrcCoefTable[73] @ 1168
      91 0000004a 60DD          .field  24797,16                        ; _PHY_fskTxSrcCoefTable[74] @ 1184
      92 0000004b 3681          .field  13953,16                        ; _PHY_fskTxSrcCoefTable[75] @ 1200
      93 0000004c F4E2          .field  -2846,16                        ; _PHY_fskTxSrcCoefTable[76] @ 1216
      94 0000004d 01A6          .field  422,16                  ; _PHY_fskTxSrcCoefTable[77] @ 1232
      95 0000004e 02B1          .field  689,16                  ; _PHY_fskTxSrcCoefTable[78] @ 1248
      96 0000004f EFC7          .field  -4153,16                        ; _PHY_fskTxSrcCoefTable[79] @ 1264
      97 00000050 5C0A          .field  23562,16                        ; _PHY_fskTxSrcCoefTable[80] @ 1280
      98 00000051 3C03          .field  15363,16                        ; _PHY_fskTxSrcCoefTable[81] @ 1296
      99 00000052 F3E4          .field  -3100,16                        ; _PHY_fskTxSrcCoefTable[82] @ 1312
     100 00000053 01D2          .field  466,16                  ; _PHY_fskTxSrcCoefTable[83] @ 1328
     101 00000054 0295          .field  661,16                  ; _PHY_fskTxSrcCoefTable[84] @ 1344
     102 00000055 F027          .field  -4057,16                        ; _PHY_fskTxSrcCoefTable[85] @ 1360
     103 00000056 5702          .field  22274,16                        ; _PHY_fskTxSrcCoefTable[86] @ 1376
     104 00000057 4189          .field  16777,16                        ; _PHY_fskTxSrcCoefTable[87] @ 1392
     105 00000058 F2F5          .field  -3339,16                        ; _PHY_fskTxSrcCoefTable[88] @ 1408
     106 00000059 01FD          .field  509,16                  ; _PHY_fskTxSrcCoefTable[89] @ 1424
     107 0000005a 0274          .field  628,16                  ; _PHY_fskTxSrcCoefTable[90] @ 1440
     108 0000005b F0AD          .field  -3923,16                        ; _PHY_fskTxSrcCoefTable[91] @ 1456
     109 0000005c 51CE          .field  20942,16                        ; _PHY_fskTxSrcCoefTable[92] @ 1472
     110 0000005d 4708          .field  18184,16                        ; _PHY_fskTxSrcCoefTable[93] @ 1488
TMS320C2000 Assembler PC v6.1.3 Thu Jan 30 10:23:44 2014

Tools Copyright (c) 1996-2012 Texas Instruments Incorporated
C:\Users\a0272466\AppData\Local\Temp\0939610                         PAGE    3

     111 0000005e F219          .field  -3559,16                        ; _PHY_fskTxSrcCoefTable[94] @ 1504
     112 0000005f 0227          .field  551,16                  ; _PHY_fskTxSrcCoefTable[95] @ 1520
     113 00000060 024F          .field  591,16                  ; _PHY_fskTxSrcCoefTable[96] @ 1536
     114 00000061 F155          .field  -3755,16                        ; _PHY_fskTxSrcCoefTable[97] @ 1552
     115 00000062 4C77          .field  19575,16                        ; _PHY_fskTxSrcCoefTable[98] @ 1568
     116 00000063 4C77          .field  19575,16                        ; _PHY_fskTxSrcCoefTable[99] @ 1584
     117 00000064 F155          .field  -3755,16                        ; _PHY_fskTxSrcCoefTable[100] @ 1600
     118 00000065 024F          .field  591,16                  ; _PHY_fskTxSrcCoefTable[101] @ 1616
     119 00000066 0227          .field  551,16                  ; _PHY_fskTxSrcCoefTable[102] @ 1632
     120 00000067 F219          .field  -3559,16                        ; _PHY_fskTxSrcCoefTable[103] @ 1648
     121 00000068 4708          .field  18184,16                        ; _PHY_fskTxSrcCoefTable[104] @ 1664
     122 00000069 51CE          .field  20942,16                        ; _PHY_fskTxSrcCoefTable[105] @ 1680
     123 0000006a F0AD          .field  -3923,16                        ; _PHY_fskTxSrcCoefTable[106] @ 1696
     124 0000006b 0274          .field  628,16                  ; _PHY_fskTxSrcCoefTable[107] @ 1712
     125 0000006c 01FD          .field  509,16                  ; _PHY_fskTxSrcCoefTable[108] @ 1728
     126 0000006d F2F5          .field  -3339,16                        ; _PHY_fskTxSrcCoefTable[109] @ 1744
     127 0000006e 4189          .field  16777,16                        ; _PHY_fskTxSrcCoefTable[110] @ 1760
     128 0000006f 5702          .field  22274,16                        ; _PHY_fskTxSrcCoefTable[111] @ 1776
     129 00000070 F027          .field  -4057,16                        ; _PHY_fskTxSrcCoefTable[112] @ 1792
     130 00000071 0295          .field  661,16                  ; _PHY_fskTxSrcCoefTable[113] @ 1808
     131 00000072 01D2          .field  466,16                  ; _PHY_fskTxSrcCoefTable[114] @ 1824
     132 00000073 F3E4          .field  -3100,16                        ; _PHY_fskTxSrcCoefTable[115] @ 1840
     133 00000074 3C03          .field  15363,16                        ; _PHY_fskTxSrcCoefTable[116] @ 1856
     134 00000075 5C0A          .field  23562,16                        ; _PHY_fskTxSrcCoefTable[117] @ 1872
     135 00000076 EFC7          .field  -4153,16                        ; _PHY_fskTxSrcCoefTable[118] @ 1888
     136 00000077 02B1          .field  689,16                  ; _PHY_fskTxSrcCoefTable[119] @ 1904
     137 00000078 01A6          .field  422,16                  ; _PHY_fskTxSrcCoefTable[120] @ 1920
     138 00000079 F4E2          .field  -2846,16                        ; _PHY_fskTxSrcCoefTable[121] @ 1936
     139 0000007a 3681          .field  13953,16                        ; _PHY_fskTxSrcCoefTable[122] @ 1952
     140 0000007b 60DD          .field  24797,16                        ; _PHY_fskTxSrcCoefTable[123] @ 1968
     141 0000007c EF93          .field  -4205,16                        ; _PHY_fskTxSrcCoefTable[124] @ 1984
     142 0000007d 02C6          .field  710,16                  ; _PHY_fskTxSrcCoefTable[125] @ 2000
     143 0000007e 017B          .field  379,16                  ; _PHY_fskTxSrcCoefTable[126] @ 2016
     144 0000007f F5E9          .field  -2583,16                        ; _PHY_fskTxSrcCoefTable[127] @ 2032
     145 00000080 310A          .field  12554,16                        ; _PHY_fskTxSrcCoefTable[128] @ 2048
     146 00000081 6573          .field  25971,16                        ; _PHY_fskTxSrcCoefTable[129] @ 2064
     147 00000082 EF8E          .field  -4210,16                        ; _PHY_fskTxSrcCoefTable[130] @ 2080
     148 00000083 02D4          .field  724,16                  ; _PHY_fskTxSrcCoefTable[131] @ 2096
     149 00000084 0151          .field  337,16                  ; _PHY_fskTxSrcCoefTable[132] @ 2112
     150 00000085 F6F6          .field  -2314,16                        ; _PHY_fskTxSrcCoefTable[133] @ 2128
     151 00000086 2BA7          .field  11175,16                        ; _PHY_fskTxSrcCoefTable[134] @ 2144
     152 00000087 69C3          .field  27075,16                        ; _PHY_fskTxSrcCoefTable[135] @ 2160
     153 00000088 EFBF          .field  -4161,16                        ; _PHY_fskTxSrcCoefTable[136] @ 2176
     154 00000089 02D8          .field  728,16                  ; _PHY_fskTxSrcCoefTable[137] @ 2192
     155 0000008a 0128          .field  296,16                  ; _PHY_fskTxSrcCoefTable[138] @ 2208
     156 0000008b F805          .field  -2043,16                        ; _PHY_fskTxSrcCoefTable[139] @ 2224
     157 0000008c 2660          .field  9824,16                 ; _PHY_fskTxSrcCoefTable[140] @ 2240
     158 0000008d 6DC4          .field  28100,16                        ; _PHY_fskTxSrcCoefTable[141] @ 2256
     159 0000008e F029          .field  -4055,16                        ; _PHY_fskTxSrcCoefTable[142] @ 2272
     160 0000008f 02D2          .field  722,16                  ; _PHY_fskTxSrcCoefTable[143] @ 2288
     161 00000090 0101          .field  257,16                  ; _PHY_fskTxSrcCoefTable[144] @ 2304
     162 00000091 F912          .field  -1774,16                        ; _PHY_fskTxSrcCoefTable[145] @ 2320
     163 00000092 213D          .field  8509,16                 ; _PHY_fskTxSrcCoefTable[146] @ 2336
     164 00000093 716F          .field  29039,16                        ; _PHY_fskTxSrcCoefTable[147] @ 2352
     165 00000094 F0CF          .field  -3889,16                        ; _PHY_fskTxSrcCoefTable[148] @ 2368
TMS320C2000 Assembler PC v6.1.3 Thu Jan 30 10:23:44 2014

Tools Copyright (c) 1996-2012 Texas Instruments Incorporated
C:\Users\a0272466\AppData\Local\Temp\0939610                         PAGE    4

     166 00000095 02C0          .field  704,16                  ; _PHY_fskTxSrcCoefTable[149] @ 2384
     167 00000096 00DB          .field  219,16                  ; _PHY_fskTxSrcCoefTable[150] @ 2400
     168 00000097 FA1A          .field  -1510,16                        ; _PHY_fskTxSrcCoefTable[151] @ 2416
     169 00000098 1C45          .field  7237,16                 ; _PHY_fskTxSrcCoefTable[152] @ 2432
     170 00000099 74BD          .field  29885,16                        ; _PHY_fskTxSrcCoefTable[153] @ 2448
     171 0000009a F1B7          .field  -3657,16                        ; _PHY_fskTxSrcCoefTable[154] @ 2464
     172 0000009b 02A1          .field  673,16                  ; _PHY_fskTxSrcCoefTable[155] @ 2480
     173 0000009c 00B7          .field  183,16                  ; _PHY_fskTxSrcCoefTable[156] @ 2496
     174 0000009d FB1A          .field  -1254,16                        ; _PHY_fskTxSrcCoefTable[157] @ 2512
     175 0000009e 177E          .field  6014,16                 ; _PHY_fskTxSrcCoefTable[158] @ 2528
     176 0000009f 77A8          .field  30632,16                        ; _PHY_fskTxSrcCoefTable[159] @ 2544
     177 000000a0 F2E3          .field  -3357,16                        ; _PHY_fskTxSrcCoefTable[160] @ 2560
     178 000000a1 0273          .field  627,16                  ; _PHY_fskTxSrcCoefTable[161] @ 2576
     179 000000a2 0095          .field  149,16                  ; _PHY_fskTxSrcCoefTable[162] @ 2592
     180 000000a3 FC10          .field  -1008,16                        ; _PHY_fskTxSrcCoefTable[163] @ 2608
     181 000000a4 12EF          .field  4847,16                 ; _PHY_fskTxSrcCoefTable[164] @ 2624
     182 000000a5 7A2A          .field  31274,16                        ; _PHY_fskTxSrcCoefTable[165] @ 2640
     183 000000a6 F457          .field  -2985,16                        ; _PHY_fskTxSrcCoefTable[166] @ 2656
     184 000000a7 0236          .field  566,16                  ; _PHY_fskTxSrcCoefTable[167] @ 2672
     185 000000a8 0075          .field  117,16                  ; _PHY_fskTxSrcCoefTable[168] @ 2688
     186 000000a9 FCF9          .field  -775,16                 ; _PHY_fskTxSrcCoefTable[169] @ 2704
     187 000000aa 0E9D          .field  3741,16                 ; _PHY_fskTxSrcCoefTable[170] @ 2720
     188 000000ab 7C3F          .field  31807,16                        ; _PHY_fskTxSrcCoefTable[171] @ 2736
     189 000000ac F613          .field  -2541,16                        ; _PHY_fskTxSrcCoefTable[172] @ 2752
     190 000000ad 01E8          .field  488,16                  ; _PHY_fskTxSrcCoefTable[173] @ 2768
     191 000000ae 0056          .field  86,16                   ; _PHY_fskTxSrcCoefTable[174] @ 2784
     192 000000af FDD4          .field  -556,16                 ; _PHY_fskTxSrcCoefTable[175] @ 2800
     193 000000b0 0A8B          .field  2699,16                 ; _PHY_fskTxSrcCoefTable[176] @ 2816
     194 000000b1 7DE1          .field  32225,16                        ; _PHY_fskTxSrcCoefTable[177] @ 2832
     195 000000b2 F81C          .field  -2020,16                        ; _PHY_fskTxSrcCoefTable[178] @ 2848
     196 000000b3 0189          .field  393,16                  ; _PHY_fskTxSrcCoefTable[179] @ 2864
     197 000000b4 0038          .field  56,16                   ; _PHY_fskTxSrcCoefTable[180] @ 2880
     198 000000b5 FE9F          .field  -353,16                 ; _PHY_fskTxSrcCoefTable[181] @ 2896
     199 000000b6 06BF          .field  1727,16                 ; _PHY_fskTxSrcCoefTable[182] @ 2912
     200 000000b7 7F0E          .field  32526,16                        ; _PHY_fskTxSrcCoefTable[183] @ 2928
     201 000000b8 FA70          .field  -1424,16                        ; _PHY_fskTxSrcCoefTable[184] @ 2944
     202 000000b9 0119          .field  281,16                  ; _PHY_fskTxSrcCoefTable[185] @ 2960
     203 000000ba 001C          .field  28,16                   ; _PHY_fskTxSrcCoefTable[186] @ 2976
     204 000000bb FF58          .field  -168,16                 ; _PHY_fskTxSrcCoefTable[187] @ 2992
     205 000000bc 033A          .field  826,16                  ; _PHY_fskTxSrcCoefTable[188] @ 3008
     206 000000bd 7FC3          .field  32707,16                        ; _PHY_fskTxSrcCoefTable[189] @ 3024
     207 000000be FD12          .field  -750,16                 ; _PHY_fskTxSrcCoefTable[190] @ 3040
     208 000000bf 0096          .field  150,16                  ; _PHY_fskTxSrcCoefTable[191] @ 3056
     209              
     210              $C$DW$1 .dwtag  DW_TAG_variable, DW_AT_name("PHY_fskTxSrcCoefTable")
     211                      .dwattr $C$DW$1, DW_AT_TI_symbol_name("_PHY_fskTxSrcCoefTable")
     212                      .dwattr $C$DW$1, DW_AT_location[DW_OP_addr _PHY_fskTxSrcCoefTable]
     213                      .dwattr $C$DW$1, DW_AT_type(*$C$DW$T$21)
     214                      .dwattr $C$DW$1, DW_AT_external
     215              ;       C:\ti\ccsv5\tools\compiler\c2000_6.1.3\bin\ac2000.exe -@C:\\Users\\a0272466\\AppData\\Local\\Temp\\09
     216              
     217              ;***************************************************************
     218              ;* TYPE INFORMATION                                            *
     219              ;***************************************************************
     220              $C$DW$T$4       .dwtag  DW_TAG_base_type
TMS320C2000 Assembler PC v6.1.3 Thu Jan 30 10:23:44 2014

Tools Copyright (c) 1996-2012 Texas Instruments Incorporated
C:\Users\a0272466\AppData\Local\Temp\0939610                         PAGE    5

     221                      .dwattr $C$DW$T$4, DW_AT_encoding(DW_ATE_boolean)
     222                      .dwattr $C$DW$T$4, DW_AT_name("bool")
     223                      .dwattr $C$DW$T$4, DW_AT_byte_size(0x01)
     224              $C$DW$T$5       .dwtag  DW_TAG_base_type
     225                      .dwattr $C$DW$T$5, DW_AT_encoding(DW_ATE_signed_char)
     226                      .dwattr $C$DW$T$5, DW_AT_name("signed char")
     227                      .dwattr $C$DW$T$5, DW_AT_byte_size(0x01)
     228              $C$DW$T$6       .dwtag  DW_TAG_base_type
     229                      .dwattr $C$DW$T$6, DW_AT_encoding(DW_ATE_unsigned_char)
     230                      .dwattr $C$DW$T$6, DW_AT_name("unsigned char")
     231                      .dwattr $C$DW$T$6, DW_AT_byte_size(0x01)
     232              $C$DW$T$7       .dwtag  DW_TAG_base_type
     233                      .dwattr $C$DW$T$7, DW_AT_encoding(DW_ATE_signed_char)
     234                      .dwattr $C$DW$T$7, DW_AT_name("wchar_t")
     235                      .dwattr $C$DW$T$7, DW_AT_byte_size(0x01)
     236              $C$DW$T$8       .dwtag  DW_TAG_base_type
     237                      .dwattr $C$DW$T$8, DW_AT_encoding(DW_ATE_signed)
     238                      .dwattr $C$DW$T$8, DW_AT_name("short")
     239                      .dwattr $C$DW$T$8, DW_AT_byte_size(0x01)
     240              $C$DW$T$9       .dwtag  DW_TAG_base_type
     241                      .dwattr $C$DW$T$9, DW_AT_encoding(DW_ATE_unsigned)
     242                      .dwattr $C$DW$T$9, DW_AT_name("unsigned short")
     243                      .dwattr $C$DW$T$9, DW_AT_byte_size(0x01)
     244              $C$DW$T$10      .dwtag  DW_TAG_base_type
     245                      .dwattr $C$DW$T$10, DW_AT_encoding(DW_ATE_signed)
     246                      .dwattr $C$DW$T$10, DW_AT_name("int")
     247                      .dwattr $C$DW$T$10, DW_AT_byte_size(0x01)
     248              $C$DW$T$19      .dwtag  DW_TAG_typedef, DW_AT_name("SINT16")
     249                      .dwattr $C$DW$T$19, DW_AT_type(*$C$DW$T$10)
     250                      .dwattr $C$DW$T$19, DW_AT_language(DW_LANG_C)
     251              $C$DW$2 .dwtag  DW_TAG_TI_far_type
     252                      .dwattr $C$DW$2, DW_AT_type(*$C$DW$T$19)
     253              $C$DW$T$20      .dwtag  DW_TAG_const_type
     254                      .dwattr $C$DW$T$20, DW_AT_type(*$C$DW$2)
     255              
     256              $C$DW$T$21      .dwtag  DW_TAG_array_type
     257                      .dwattr $C$DW$T$21, DW_AT_type(*$C$DW$T$20)
     258                      .dwattr $C$DW$T$21, DW_AT_language(DW_LANG_C)
     259                      .dwattr $C$DW$T$21, DW_AT_byte_size(0xc0)
     260              $C$DW$3 .dwtag  DW_TAG_subrange_type
     261                      .dwattr $C$DW$3, DW_AT_upper_bound(0xbf)
     262                      .dwendtag $C$DW$T$21
     263              
     264              $C$DW$T$11      .dwtag  DW_TAG_base_type
     265                      .dwattr $C$DW$T$11, DW_AT_encoding(DW_ATE_unsigned)
     266                      .dwattr $C$DW$T$11, DW_AT_name("unsigned int")
     267                      .dwattr $C$DW$T$11, DW_AT_byte_size(0x01)
     268              $C$DW$T$12      .dwtag  DW_TAG_base_type
     269                      .dwattr $C$DW$T$12, DW_AT_encoding(DW_ATE_signed)
     270                      .dwattr $C$DW$T$12, DW_AT_name("long")
     271                      .dwattr $C$DW$T$12, DW_AT_byte_size(0x02)
     272              $C$DW$T$13      .dwtag  DW_TAG_base_type
     273                      .dwattr $C$DW$T$13, DW_AT_encoding(DW_ATE_unsigned)
     274                      .dwattr $C$DW$T$13, DW_AT_name("unsigned long")
     275                      .dwattr $C$DW$T$13, DW_AT_byte_size(0x02)
TMS320C2000 Assembler PC v6.1.3 Thu Jan 30 10:23:44 2014

Tools Copyright (c) 1996-2012 Texas Instruments Incorporated
C:\Users\a0272466\AppData\Local\Temp\0939610                         PAGE    6

     276              $C$DW$T$14      .dwtag  DW_TAG_base_type
     277                      .dwattr $C$DW$T$14, DW_AT_encoding(DW_ATE_signed)
     278                      .dwattr $C$DW$T$14, DW_AT_name("long long")
     279                      .dwattr $C$DW$T$14, DW_AT_byte_size(0x04)
     280              $C$DW$T$15      .dwtag  DW_TAG_base_type
     281                      .dwattr $C$DW$T$15, DW_AT_encoding(DW_ATE_unsigned)
     282                      .dwattr $C$DW$T$15, DW_AT_name("unsigned long long")
     283                      .dwattr $C$DW$T$15, DW_AT_byte_size(0x04)
     284              $C$DW$T$16      .dwtag  DW_TAG_base_type
     285                      .dwattr $C$DW$T$16, DW_AT_encoding(DW_ATE_float)
     286                      .dwattr $C$DW$T$16, DW_AT_name("float")
     287                      .dwattr $C$DW$T$16, DW_AT_byte_size(0x02)
     288              $C$DW$T$17      .dwtag  DW_TAG_base_type
     289                      .dwattr $C$DW$T$17, DW_AT_encoding(DW_ATE_float)
     290                      .dwattr $C$DW$T$17, DW_AT_name("double")
     291                      .dwattr $C$DW$T$17, DW_AT_byte_size(0x02)
     292              $C$DW$T$18      .dwtag  DW_TAG_base_type
     293                      .dwattr $C$DW$T$18, DW_AT_encoding(DW_ATE_float)
     294                      .dwattr $C$DW$T$18, DW_AT_name("long double")
     295                      .dwattr $C$DW$T$18, DW_AT_byte_size(0x04)
     296                      .dwattr $C$DW$CU, DW_AT_language(DW_LANG_C)
     297              
     298              ;***************************************************************
     299              ;* DWARF CIE ENTRIES                                           *
     300              ;***************************************************************
     301              
     302              $C$DW$CIE       .dwcie 78
     303                      .dwcfi  cfa_register, 20
     304                      .dwcfi  cfa_offset, 0
     305                      .dwcfi  undefined, 0
     306                      .dwcfi  undefined, 1
     307                      .dwcfi  undefined, 2
     308                      .dwcfi  undefined, 3
     309                      .dwcfi  undefined, 22
     310                      .dwcfi  undefined, 37
     311                      .dwcfi  undefined, 36
     312                      .dwcfi  undefined, 23
     313                      .dwcfi  undefined, 30
     314                      .dwcfi  undefined, 31
     315                      .dwcfi  undefined, 32
     316                      .dwcfi  undefined, 38
     317                      .dwcfi  undefined, 75
     318                      .dwcfi  undefined, 24
     319                      .dwcfi  undefined, 33
     320                      .dwcfi  undefined, 35
     321                      .dwcfi  undefined, 34
     322                      .dwcfi  undefined, 76
     323                      .dwcfi  undefined, 21
     324                      .dwcfi  undefined, 20
     325                      .dwcfi  undefined, 28
     326                      .dwcfi  undefined, 29
     327                      .dwcfi  undefined, 25
     328                      .dwcfi  undefined, 77
     329                      .dwcfi  undefined, 4
     330                      .dwcfi  undefined, 6
TMS320C2000 Assembler PC v6.1.3 Thu Jan 30 10:23:44 2014

Tools Copyright (c) 1996-2012 Texas Instruments Incorporated
C:\Users\a0272466\AppData\Local\Temp\0939610                         PAGE    7

     331                      .dwcfi  undefined, 8
     332                      .dwcfi  undefined, 10
     333                      .dwcfi  undefined, 12
     334                      .dwcfi  undefined, 14
     335                      .dwcfi  undefined, 16
     336                      .dwcfi  undefined, 17
     337                      .dwcfi  undefined, 18
     338                      .dwcfi  undefined, 19
     339                      .dwcfi  undefined, 5
     340                      .dwcfi  undefined, 7
     341                      .dwcfi  undefined, 9
     342                      .dwcfi  undefined, 11
     343                      .dwcfi  undefined, 13
     344                      .dwcfi  undefined, 15
     345                      .dwcfi  undefined, 43
     346                      .dwcfi  undefined, 44
     347                      .dwcfi  undefined, 47
     348                      .dwcfi  undefined, 48
     349                      .dwcfi  undefined, 51
     350                      .dwcfi  undefined, 52
     351                      .dwcfi  undefined, 55
     352                      .dwcfi  undefined, 56
     353                      .dwcfi  undefined, 59
     354                      .dwcfi  undefined, 60
     355                      .dwcfi  undefined, 63
     356                      .dwcfi  undefined, 64
     357                      .dwcfi  undefined, 67
     358                      .dwcfi  undefined, 68
     359                      .dwcfi  undefined, 71
     360                      .dwcfi  undefined, 72
     361                      .dwcfi  undefined, 73
     362                      .dwcfi  undefined, 74
     363                      .dwcfi  undefined, 39
     364                      .dwcfi  undefined, 40
     365                      .dwcfi  undefined, 27
     366                      .dwcfi  undefined, 78
     367                      .dwendentry
     368              
     369              ;***************************************************************
     370              ;* DWARF REGISTER MAP                                          *
     371              ;***************************************************************
     372              
     373              $C$DW$4 .dwtag  DW_TAG_TI_assign_register, DW_AT_name("AL")
     374                      .dwattr $C$DW$4, DW_AT_location[DW_OP_reg0]
     375              $C$DW$5 .dwtag  DW_TAG_TI_assign_register, DW_AT_name("AH")
     376                      .dwattr $C$DW$5, DW_AT_location[DW_OP_reg1]
     377              $C$DW$6 .dwtag  DW_TAG_TI_assign_register, DW_AT_name("PL")
     378                      .dwattr $C$DW$6, DW_AT_location[DW_OP_reg2]
     379              $C$DW$7 .dwtag  DW_TAG_TI_assign_register, DW_AT_name("PH")
     380                      .dwattr $C$DW$7, DW_AT_location[DW_OP_reg3]
     381              $C$DW$8 .dwtag  DW_TAG_TI_assign_register, DW_AT_name("T")
     382                      .dwattr $C$DW$8, DW_AT_location[DW_OP_reg22]
     383              $C$DW$9 .dwtag  DW_TAG_TI_assign_register, DW_AT_name("IER")
     384                      .dwattr $C$DW$9, DW_AT_location[DW_OP_regx 0x25]
     385              $C$DW$10        .dwtag  DW_TAG_TI_assign_register, DW_AT_name("IFR")
TMS320C2000 Assembler PC v6.1.3 Thu Jan 30 10:23:44 2014

Tools Copyright (c) 1996-2012 Texas Instruments Incorporated
C:\Users\a0272466\AppData\Local\Temp\0939610                         PAGE    8

     386                      .dwattr $C$DW$10, DW_AT_location[DW_OP_regx 0x24]
     387              $C$DW$11        .dwtag  DW_TAG_TI_assign_register, DW_AT_name("ST0")
     388                      .dwattr $C$DW$11, DW_AT_location[DW_OP_reg23]
     389              $C$DW$12        .dwtag  DW_TAG_TI_assign_register, DW_AT_name("SXM")
     390                      .dwattr $C$DW$12, DW_AT_location[DW_OP_reg30]
     391              $C$DW$13        .dwtag  DW_TAG_TI_assign_register, DW_AT_name("PM")
     392                      .dwattr $C$DW$13, DW_AT_location[DW_OP_reg31]
     393              $C$DW$14        .dwtag  DW_TAG_TI_assign_register, DW_AT_name("OVM")
     394                      .dwattr $C$DW$14, DW_AT_location[DW_OP_regx 0x20]
     395              $C$DW$15        .dwtag  DW_TAG_TI_assign_register, DW_AT_name("V")
     396                      .dwattr $C$DW$15, DW_AT_location[DW_OP_regx 0x26]
     397              $C$DW$16        .dwtag  DW_TAG_TI_assign_register, DW_AT_name("PSEUDO")
     398                      .dwattr $C$DW$16, DW_AT_location[DW_OP_regx 0x4b]
     399              $C$DW$17        .dwtag  DW_TAG_TI_assign_register, DW_AT_name("ST1")
     400                      .dwattr $C$DW$17, DW_AT_location[DW_OP_reg24]
     401              $C$DW$18        .dwtag  DW_TAG_TI_assign_register, DW_AT_name("PAGE0")
     402                      .dwattr $C$DW$18, DW_AT_location[DW_OP_regx 0x21]
     403              $C$DW$19        .dwtag  DW_TAG_TI_assign_register, DW_AT_name("INTM")
     404                      .dwattr $C$DW$19, DW_AT_location[DW_OP_regx 0x23]
     405              $C$DW$20        .dwtag  DW_TAG_TI_assign_register, DW_AT_name("AMODE")
     406                      .dwattr $C$DW$20, DW_AT_location[DW_OP_regx 0x22]
     407              $C$DW$21        .dwtag  DW_TAG_TI_assign_register, DW_AT_name("PSEUDOH")
     408                      .dwattr $C$DW$21, DW_AT_location[DW_OP_regx 0x4c]
     409              $C$DW$22        .dwtag  DW_TAG_TI_assign_register, DW_AT_name("XT")
     410                      .dwattr $C$DW$22, DW_AT_location[DW_OP_reg21]
     411              $C$DW$23        .dwtag  DW_TAG_TI_assign_register, DW_AT_name("SP")
     412                      .dwattr $C$DW$23, DW_AT_location[DW_OP_reg20]
     413              $C$DW$24        .dwtag  DW_TAG_TI_assign_register, DW_AT_name("FP")
     414                      .dwattr $C$DW$24, DW_AT_location[DW_OP_reg28]
     415              $C$DW$25        .dwtag  DW_TAG_TI_assign_register, DW_AT_name("DP")
     416                      .dwattr $C$DW$25, DW_AT_location[DW_OP_reg29]
     417              $C$DW$26        .dwtag  DW_TAG_TI_assign_register, DW_AT_name("PC")
     418                      .dwattr $C$DW$26, DW_AT_location[DW_OP_reg25]
     419              $C$DW$27        .dwtag  DW_TAG_TI_assign_register, DW_AT_name("VOL")
     420                      .dwattr $C$DW$27, DW_AT_location[DW_OP_regx 0x4d]
     421              $C$DW$28        .dwtag  DW_TAG_TI_assign_register, DW_AT_name("AR0")
     422                      .dwattr $C$DW$28, DW_AT_location[DW_OP_reg4]
     423              $C$DW$29        .dwtag  DW_TAG_TI_assign_register, DW_AT_name("AR1")
     424                      .dwattr $C$DW$29, DW_AT_location[DW_OP_reg6]
     425              $C$DW$30        .dwtag  DW_TAG_TI_assign_register, DW_AT_name("AR2")
     426                      .dwattr $C$DW$30, DW_AT_location[DW_OP_reg8]
     427              $C$DW$31        .dwtag  DW_TAG_TI_assign_register, DW_AT_name("AR3")
     428                      .dwattr $C$DW$31, DW_AT_location[DW_OP_reg10]
     429              $C$DW$32        .dwtag  DW_TAG_TI_assign_register, DW_AT_name("AR4")
     430                      .dwattr $C$DW$32, DW_AT_location[DW_OP_reg12]
     431              $C$DW$33        .dwtag  DW_TAG_TI_assign_register, DW_AT_name("AR5")
     432                      .dwattr $C$DW$33, DW_AT_location[DW_OP_reg14]
     433              $C$DW$34        .dwtag  DW_TAG_TI_assign_register, DW_AT_name("AR6")
     434                      .dwattr $C$DW$34, DW_AT_location[DW_OP_reg16]
     435              $C$DW$35        .dwtag  DW_TAG_TI_assign_register, DW_AT_name("XAR6")
     436                      .dwattr $C$DW$35, DW_AT_location[DW_OP_reg17]
     437              $C$DW$36        .dwtag  DW_TAG_TI_assign_register, DW_AT_name("AR7")
     438                      .dwattr $C$DW$36, DW_AT_location[DW_OP_reg18]
     439              $C$DW$37        .dwtag  DW_TAG_TI_assign_register, DW_AT_name("XAR7")
     440                      .dwattr $C$DW$37, DW_AT_location[DW_OP_reg19]
TMS320C2000 Assembler PC v6.1.3 Thu Jan 30 10:23:44 2014

Tools Copyright (c) 1996-2012 Texas Instruments Incorporated
C:\Users\a0272466\AppData\Local\Temp\0939610                         PAGE    9

     441              $C$DW$38        .dwtag  DW_TAG_TI_assign_register, DW_AT_name("XAR0")
     442                      .dwattr $C$DW$38, DW_AT_location[DW_OP_reg5]
     443              $C$DW$39        .dwtag  DW_TAG_TI_assign_register, DW_AT_name("XAR1")
     444                      .dwattr $C$DW$39, DW_AT_location[DW_OP_reg7]
     445              $C$DW$40        .dwtag  DW_TAG_TI_assign_register, DW_AT_name("XAR2")
     446                      .dwattr $C$DW$40, DW_AT_location[DW_OP_reg9]
     447              $C$DW$41        .dwtag  DW_TAG_TI_assign_register, DW_AT_name("XAR3")
     448                      .dwattr $C$DW$41, DW_AT_location[DW_OP_reg11]
     449              $C$DW$42        .dwtag  DW_TAG_TI_assign_register, DW_AT_name("XAR4")
     450                      .dwattr $C$DW$42, DW_AT_location[DW_OP_reg13]
     451              $C$DW$43        .dwtag  DW_TAG_TI_assign_register, DW_AT_name("XAR5")
     452                      .dwattr $C$DW$43, DW_AT_location[DW_OP_reg15]
     453              $C$DW$44        .dwtag  DW_TAG_TI_assign_register, DW_AT_name("R0HL")
     454                      .dwattr $C$DW$44, DW_AT_location[DW_OP_regx 0x2b]
     455              $C$DW$45        .dwtag  DW_TAG_TI_assign_register, DW_AT_name("R0H")
     456                      .dwattr $C$DW$45, DW_AT_location[DW_OP_regx 0x2c]
     457              $C$DW$46        .dwtag  DW_TAG_TI_assign_register, DW_AT_name("R1HL")
     458                      .dwattr $C$DW$46, DW_AT_location[DW_OP_regx 0x2f]
     459              $C$DW$47        .dwtag  DW_TAG_TI_assign_register, DW_AT_name("R1H")
     460                      .dwattr $C$DW$47, DW_AT_location[DW_OP_regx 0x30]
     461              $C$DW$48        .dwtag  DW_TAG_TI_assign_register, DW_AT_name("R2HL")
     462                      .dwattr $C$DW$48, DW_AT_location[DW_OP_regx 0x33]
     463              $C$DW$49        .dwtag  DW_TAG_TI_assign_register, DW_AT_name("R2H")
     464                      .dwattr $C$DW$49, DW_AT_location[DW_OP_regx 0x34]
     465              $C$DW$50        .dwtag  DW_TAG_TI_assign_register, DW_AT_name("R3HL")
     466                      .dwattr $C$DW$50, DW_AT_location[DW_OP_regx 0x37]
     467              $C$DW$51        .dwtag  DW_TAG_TI_assign_register, DW_AT_name("R3H")
     468                      .dwattr $C$DW$51, DW_AT_location[DW_OP_regx 0x38]
     469              $C$DW$52        .dwtag  DW_TAG_TI_assign_register, DW_AT_name("R4HL")
     470                      .dwattr $C$DW$52, DW_AT_location[DW_OP_regx 0x3b]
     471              $C$DW$53        .dwtag  DW_TAG_TI_assign_register, DW_AT_name("R4H")
     472                      .dwattr $C$DW$53, DW_AT_location[DW_OP_regx 0x3c]
     473              $C$DW$54        .dwtag  DW_TAG_TI_assign_register, DW_AT_name("R5HL")
     474                      .dwattr $C$DW$54, DW_AT_location[DW_OP_regx 0x3f]
     475              $C$DW$55        .dwtag  DW_TAG_TI_assign_register, DW_AT_name("R5H")
     476                      .dwattr $C$DW$55, DW_AT_location[DW_OP_regx 0x40]
     477              $C$DW$56        .dwtag  DW_TAG_TI_assign_register, DW_AT_name("R6HL")
     478                      .dwattr $C$DW$56, DW_AT_location[DW_OP_regx 0x43]
     479              $C$DW$57        .dwtag  DW_TAG_TI_assign_register, DW_AT_name("R6H")
     480                      .dwattr $C$DW$57, DW_AT_location[DW_OP_regx 0x44]
     481              $C$DW$58        .dwtag  DW_TAG_TI_assign_register, DW_AT_name("R7HL")
     482                      .dwattr $C$DW$58, DW_AT_location[DW_OP_regx 0x47]
     483              $C$DW$59        .dwtag  DW_TAG_TI_assign_register, DW_AT_name("R7H")
     484                      .dwattr $C$DW$59, DW_AT_location[DW_OP_regx 0x48]
     485              $C$DW$60        .dwtag  DW_TAG_TI_assign_register, DW_AT_name("RBL")
     486                      .dwattr $C$DW$60, DW_AT_location[DW_OP_regx 0x49]
     487              $C$DW$61        .dwtag  DW_TAG_TI_assign_register, DW_AT_name("RB")
     488                      .dwattr $C$DW$61, DW_AT_location[DW_OP_regx 0x4a]
     489              $C$DW$62        .dwtag  DW_TAG_TI_assign_register, DW_AT_name("STFL")
     490                      .dwattr $C$DW$62, DW_AT_location[DW_OP_regx 0x27]
     491              $C$DW$63        .dwtag  DW_TAG_TI_assign_register, DW_AT_name("STF")
     492                      .dwattr $C$DW$63, DW_AT_location[DW_OP_regx 0x28]
     493              $C$DW$64        .dwtag  DW_TAG_TI_assign_register, DW_AT_name("FPUHAZ")
     494                      .dwattr $C$DW$64, DW_AT_location[DW_OP_reg27]
     495              $C$DW$65        .dwtag  DW_TAG_TI_assign_register, DW_AT_name("CIE_RETA")
TMS320C2000 Assembler PC v6.1.3 Thu Jan 30 10:23:44 2014

Tools Copyright (c) 1996-2012 Texas Instruments Incorporated
C:\Users\a0272466\AppData\Local\Temp\0939610                         PAGE   10

     496                      .dwattr $C$DW$65, DW_AT_location[DW_OP_regx 0x4e]
     497                      .dwendtag $C$DW$CU
     498              

No Assembly Errors, No Assembly Warnings
