TMS320C2000 Assembler PC v6.1.3 Thu Jan 30 10:24:34 2014

Tools Copyright (c) 1996-2012 Texas Instruments Incorporated
C:/work/grepos/bootrom/Boot_ROM/F2837x_bootROM-REVB/F2837x_bootROM_dev/F2837x_bootROM/cpu01-bootROM/source/tables/phy_tf384pFFTTable.asm PAGE    1

       1              ;============================================================================
       2              ;
       3              ; File Name     : phy_tf384pFFTTable.asm
       4              ; 
       5              ; Description   : This file contains the radix-3 twiddle table for 384 pt compelx FFT 
       6              ;                 
       7              ;               
       8              ; Date          : 21/12/2012 (dd/mm/yyyy)
       9              ;
      10              ; Copyright (c) 2010 Texas Instruments Inc.
      11              ;===========================================================================    
      12              ; Routine Type  : C Callable        
      13              ;
      14              ;======================================================================
      15                      
      16                      
      17 00000000               .sect   "twiddleFactors" 
      18                      .global  _PHY_tf384pFFTTable
      19              ;=======================================
      20              ; % matlab code for twiddle factor generation
      21              ; n = 384
      22              ; kk = [0:n-1];
      23              ; w = round(32767*(cos(2*pi*kk/n)-j*sin(2*pi*kk/n)));
      24              ; fp = fopen('tf_384.dat','w');
      25              ; for ii = 1:4:n
      26              ;  fprintf(fp, '        .word   %d, %d,  %d, %d,  %d, %d,  %d, %d, \n',imag(w(ii)), real(w(ii)),imag(w(ii+1))
      27              ; end
      28              ;=======================================         
      29 00000000       _PHY_tf384pFFTTable:                                     
      30 00000000 0000          .word   0, 32767,  -536, 32763,  -1072, 32749,  -1608, 32728 
         00000001 7FFF 
         00000002 FDE8 
         00000003 7FFB 
         00000004 FBD0 
         00000005 7FED 
         00000006 F9B8 
         00000007 7FD8 
      31 00000008 F7A1          .word   -2143, 32697,  -2678, 32657,  -3212, 32609,  -3745, 32552 
         00000009 7FB9 
         0000000a F58A 
         0000000b 7F91 
         0000000c F374 
         0000000d 7F61 
         0000000e F15F 
         0000000f 7F28 
      32 00000010 EF4B          .word   -4277, 32487,  -4808, 32412,  -5338, 32329,  -5866, 32238 
         00000011 7EE7 
         00000012 ED38 
         00000013 7E9C 
         00000014 EB26 
         00000015 7E49 
         00000016 E916 
         00000017 7DEE 
      33 00000018 E707          .word   -6393, 32137,  -6917, 32028,  -7441, 31911,  -7962, 31785 
         00000019 7D89 
TMS320C2000 Assembler PC v6.1.3 Thu Jan 30 10:24:34 2014

Tools Copyright (c) 1996-2012 Texas Instruments Incorporated
C:/work/grepos/bootrom/Boot_ROM/F2837x_bootROM-REVB/F2837x_bootROM_dev/F2837x_bootROM/cpu01-bootROM/source/tables/phy_tf384pFFTTable.asm PAGE    2

         0000001a E4FB 
         0000001b 7D1C 
         0000001c E2EF 
         0000001d 7CA7 
         0000001e E0E6 
         0000001f 7C29 
      34 00000020 DEDF          .word   -8481, 31650,  -8997, 31507,  -9512, 31356,  -10024, 31196 
         00000021 7BA2 
         00000022 DCDB 
         00000023 7B13 
         00000024 DAD8 
         00000025 7A7C 
         00000026 D8D8 
         00000027 79DC 
      35 00000028 D6DB          .word   -10533, 31028,  -11039, 30852,  -11542, 30667,  -12042, 30474 
         00000029 7934 
         0000002a D4E1 
         0000002b 7884 
         0000002c D2EA 
         0000002d 77CB 
         0000002e D0F6 
         0000002f 770A 
      36 00000030 CF05          .word   -12539, 30273,  -13033, 30064,  -13523, 29846,  -14010, 29621 
         00000031 7641 
         00000032 CD17 
         00000033 7570 
         00000034 CB2D 
         00000035 7496 
         00000036 C946 
         00000037 73B5 
      37 00000038 C764          .word   -14492, 29388,  -14971, 29147,  -15446, 28898,  -15917, 28641 
         00000039 72CC 
         0000003a C585 
         0000003b 71DB 
         0000003c C3AA 
         0000003d 70E2 
         0000003e C1D3 
         0000003f 6FE1 
      38 00000040 C001          .word   -16383, 28377,  -16846, 28105,  -17303, 27826,  -17756, 27539 
         00000041 6ED9 
         00000042 BE32 
         00000043 6DC9 
         00000044 BC69 
         00000045 6CB2 
         00000046 BAA4 
         00000047 6B93 
      39 00000048 B8E4          .word   -18204, 27245,  -18648, 26943,  -19086, 26635,  -19519, 26319 
         00000049 6A6D 
         0000004a B728 
         0000004b 693F 
         0000004c B572 
         0000004d 680B 
         0000004e B3C1 
         0000004f 66CF 
      40 00000050 B215          .word   -19947, 25996,  -20370, 25666,  -20787, 25329,  -21199, 24986 
TMS320C2000 Assembler PC v6.1.3 Thu Jan 30 10:24:34 2014

Tools Copyright (c) 1996-2012 Texas Instruments Incorporated
C:/work/grepos/bootrom/Boot_ROM/F2837x_bootROM-REVB/F2837x_bootROM_dev/F2837x_bootROM/cpu01-bootROM/source/tables/phy_tf384pFFTTable.asm PAGE    3

         00000051 658C 
         00000052 B06E 
         00000053 6442 
         00000054 AECD 
         00000055 62F1 
         00000056 AD31 
         00000057 619A 
      41 00000058 AB9B          .word   -21605, 24636,  -22005, 24279,  -22399, 23915,  -22788, 23546 
         00000059 603C 
         0000005a AA0B 
         0000005b 5ED7 
         0000005c A881 
         0000005d 5D6B 
         0000005e A6FC 
         0000005f 5BFA 
      42 00000060 A57E          .word   -23170, 23170,  -23546, 22788,  -23915, 22399,  -24279, 22005 
         00000061 5A82 
         00000062 A406 
         00000063 5904 
         00000064 A295 
         00000065 577F 
         00000066 A129 
         00000067 55F5 
      43 00000068 9FC4          .word   -24636, 21605,  -24986, 21199,  -25329, 20787,  -25666, 20370 
         00000069 5465 
         0000006a 9E66 
         0000006b 52CF 
         0000006c 9D0F 
         0000006d 5133 
         0000006e 9BBE 
         0000006f 4F92 
      44 00000070 9A74          .word   -25996, 19947,  -26319, 19519,  -26635, 19086,  -26943, 18648 
         00000071 4DEB 
         00000072 9931 
         00000073 4C3F 
         00000074 97F5 
         00000075 4A8E 
         00000076 96C1 
         00000077 48D8 
      45 00000078 9593          .word   -27245, 18204,  -27539, 17756,  -27826, 17303,  -28105, 16846 
         00000079 471C 
         0000007a 946D 
         0000007b 455C 
         0000007c 934E 
         0000007d 4397 
         0000007e 9237 
         0000007f 41CE 
      46 00000080 9127          .word   -28377, 16384,  -28641, 15917,  -28898, 15446,  -29147, 14971 
         00000081 4000 
         00000082 901F 
         00000083 3E2D 
         00000084 8F1E 
         00000085 3C56 
         00000086 8E25 
         00000087 3A7B 
TMS320C2000 Assembler PC v6.1.3 Thu Jan 30 10:24:34 2014

Tools Copyright (c) 1996-2012 Texas Instruments Incorporated
C:/work/grepos/bootrom/Boot_ROM/F2837x_bootROM-REVB/F2837x_bootROM_dev/F2837x_bootROM/cpu01-bootROM/source/tables/phy_tf384pFFTTable.asm PAGE    4

      47 00000088 8D34          .word   -29388, 14492,  -29621, 14010,  -29846, 13523,  -30064, 13033 
         00000089 389C 
         0000008a 8C4B 
         0000008b 36BA 
         0000008c 8B6A 
         0000008d 34D3 
         0000008e 8A90 
         0000008f 32E9 
      48 00000090 89BF          .word   -30273, 12539,  -30474, 12042,  -30667, 11542,  -30852, 11039 
         00000091 30FB 
         00000092 88F6 
         00000093 2F0A 
         00000094 8835 
         00000095 2D16 
         00000096 877C 
         00000097 2B1F 
      49 00000098 86CC          .word   -31028, 10533,  -31196, 10024,  -31356, 9512,  -31507, 8997 
         00000099 2925 
         0000009a 8624 
         0000009b 2728 
         0000009c 8584 
         0000009d 2528 
         0000009e 84ED 
         0000009f 2325 
      50 000000a0 845E          .word   -31650, 8481,  -31785, 7962,  -31911, 7441,  -32028, 6917 
         000000a1 2121 
         000000a2 83D7 
         000000a3 1F1A 
         000000a4 8359 
         000000a5 1D11 
         000000a6 82E4 
         000000a7 1B05 
      51 000000a8 8277          .word   -32137, 6393,  -32238, 5866,  -32329, 5338,  -32412, 4808 
         000000a9 18F9 
         000000aa 8212 
         000000ab 16EA 
         000000ac 81B7 
         000000ad 14DA 
         000000ae 8164 
         000000af 12C8 
      52 000000b0 8119          .word   -32487, 4277,  -32552, 3745,  -32609, 3212,  -32657, 2678 
         000000b1 10B5 
         000000b2 80D8 
         000000b3 0EA1 
         000000b4 809F 
         000000b5 0C8C 
         000000b6 806F 
         000000b7 0A76 
      53 000000b8 8047          .word   -32697, 2143,  -32728, 1608,  -32749, 1072,  -32763, 536 
         000000b9 085F 
         000000ba 8028 
         000000bb 0648 
         000000bc 8013 
         000000bd 0430 
         000000be 8005 
TMS320C2000 Assembler PC v6.1.3 Thu Jan 30 10:24:34 2014

Tools Copyright (c) 1996-2012 Texas Instruments Incorporated
C:/work/grepos/bootrom/Boot_ROM/F2837x_bootROM-REVB/F2837x_bootROM_dev/F2837x_bootROM/cpu01-bootROM/source/tables/phy_tf384pFFTTable.asm PAGE    5

         000000bf 0218 
      54 000000c0 8001          .word   -32767, 0,  -32763, -536,  -32749, -1072,  -32728, -1608 
         000000c1 0000 
         000000c2 8005 
         000000c3 FDE8 
         000000c4 8013 
         000000c5 FBD0 
         000000c6 8028 
         000000c7 F9B8 
      55 000000c8 8047          .word   -32697, -2143,  -32657, -2678,  -32609, -3212,  -32552, -3745 
         000000c9 F7A1 
         000000ca 806F 
         000000cb F58A 
         000000cc 809F 
         000000cd F374 
         000000ce 80D8 
         000000cf F15F 
      56 000000d0 8119          .word   -32487, -4277,  -32412, -4808,  -32329, -5338,  -32238, -5866 
         000000d1 EF4B 
         000000d2 8164 
         000000d3 ED38 
         000000d4 81B7 
         000000d5 EB26 
         000000d6 8212 
         000000d7 E916 
      57 000000d8 8277          .word   -32137, -6393,  -32028, -6917,  -31911, -7441,  -31785, -7962 
         000000d9 E707 
         000000da 82E4 
         000000db E4FB 
         000000dc 8359 
         000000dd E2EF 
         000000de 83D7 
         000000df E0E6 
      58 000000e0 845E          .word   -31650, -8481,  -31507, -8997,  -31356, -9512,  -31196, -10024 
         000000e1 DEDF 
         000000e2 84ED 
         000000e3 DCDB 
         000000e4 8584 
         000000e5 DAD8 
         000000e6 8624 
         000000e7 D8D8 
      59 000000e8 86CC          .word   -31028, -10533,  -30852, -11039,  -30667, -11542,  -30474, -12042 
         000000e9 D6DB 
         000000ea 877C 
         000000eb D4E1 
         000000ec 8835 
         000000ed D2EA 
         000000ee 88F6 
         000000ef D0F6 
      60 000000f0 89BF          .word   -30273, -12539,  -30064, -13033,  -29846, -13523,  -29621, -14010 
         000000f1 CF05 
         000000f2 8A90 
         000000f3 CD17 
         000000f4 8B6A 
         000000f5 CB2D 
TMS320C2000 Assembler PC v6.1.3 Thu Jan 30 10:24:34 2014

Tools Copyright (c) 1996-2012 Texas Instruments Incorporated
C:/work/grepos/bootrom/Boot_ROM/F2837x_bootROM-REVB/F2837x_bootROM_dev/F2837x_bootROM/cpu01-bootROM/source/tables/phy_tf384pFFTTable.asm PAGE    6

         000000f6 8C4B 
         000000f7 C946 
      61 000000f8 8D34          .word   -29388, -14492,  -29147, -14971,  -28898, -15446,  -28641, -15917 
         000000f9 C764 
         000000fa 8E25 
         000000fb C585 
         000000fc 8F1E 
         000000fd C3AA 
         000000fe 901F 
         000000ff C1D3 
      62 00000100 9127          .word   -28377, -16383,  -28105, -16846,  -27826, -17303,  -27539, -17756 
         00000101 C001 
         00000102 9237 
         00000103 BE32 
         00000104 934E 
         00000105 BC69 
         00000106 946D 
         00000107 BAA4 
      63 00000108 9593          .word   -27245, -18204,  -26943, -18648,  -26635, -19086,  -26319, -19519 
         00000109 B8E4 
         0000010a 96C1 
         0000010b B728 
         0000010c 97F5 
         0000010d B572 
         0000010e 9931 
         0000010f B3C1 
      64 00000110 9A74          .word   -25996, -19947,  -25666, -20370,  -25329, -20787,  -24986, -21199 
         00000111 B215 
         00000112 9BBE 
         00000113 B06E 
         00000114 9D0F 
         00000115 AECD 
         00000116 9E66 
         00000117 AD31 
      65 00000118 9FC4          .word   -24636, -21605,  -24279, -22005,  -23915, -22399,  -23546, -22788 
         00000119 AB9B 
         0000011a A129 
         0000011b AA0B 
         0000011c A295 
         0000011d A881 
         0000011e A406 
         0000011f A6FC 
      66 00000120 A57E          .word   -23170, -23170,  -22788, -23546,  -22399, -23915,  -22005, -24279 
         00000121 A57E 
         00000122 A6FC 
         00000123 A406 
         00000124 A881 
         00000125 A295 
         00000126 AA0B 
         00000127 A129 
      67 00000128 AB9B          .word   -21605, -24636,  -21199, -24986,  -20787, -25329,  -20370, -25666 
         00000129 9FC4 
         0000012a AD31 
         0000012b 9E66 
         0000012c AECD 
TMS320C2000 Assembler PC v6.1.3 Thu Jan 30 10:24:34 2014

Tools Copyright (c) 1996-2012 Texas Instruments Incorporated
C:/work/grepos/bootrom/Boot_ROM/F2837x_bootROM-REVB/F2837x_bootROM_dev/F2837x_bootROM/cpu01-bootROM/source/tables/phy_tf384pFFTTable.asm PAGE    7

         0000012d 9D0F 
         0000012e B06E 
         0000012f 9BBE 
      68 00000130 B215          .word   -19947, -25996,  -19519, -26319,  -19086, -26635,  -18648, -26943 
         00000131 9A74 
         00000132 B3C1 
         00000133 9931 
         00000134 B572 
         00000135 97F5 
         00000136 B728 
         00000137 96C1 
      69 00000138 B8E4          .word   -18204, -27245,  -17756, -27539,  -17303, -27826,  -16846, -28105 
         00000139 9593 
         0000013a BAA4 
         0000013b 946D 
         0000013c BC69 
         0000013d 934E 
         0000013e BE32 
         0000013f 9237 
      70 00000140 C001          .word   -16383, -28377,  -15917, -28641,  -15446, -28898,  -14971, -29147 
         00000141 9127 
         00000142 C1D3 
         00000143 901F 
         00000144 C3AA 
         00000145 8F1E 
         00000146 C585 
         00000147 8E25 
      71 00000148 C764          .word   -14492, -29388,  -14010, -29621,  -13523, -29846,  -13033, -30064 
         00000149 8D34 
         0000014a C946 
         0000014b 8C4B 
         0000014c CB2D 
         0000014d 8B6A 
         0000014e CD17 
         0000014f 8A90 
      72 00000150 CF05          .word   -12539, -30273,  -12042, -30474,  -11542, -30667,  -11039, -30852 
         00000151 89BF 
         00000152 D0F6 
         00000153 88F6 
         00000154 D2EA 
         00000155 8835 
         00000156 D4E1 
         00000157 877C 
      73 00000158 D6DB          .word   -10533, -31028,  -10024, -31196,  -9512, -31356,  -8997, -31507 
         00000159 86CC 
         0000015a D8D8 
         0000015b 8624 
         0000015c DAD8 
         0000015d 8584 
         0000015e DCDB 
         0000015f 84ED 
      74 00000160 DEDF          .word   -8481, -31650,  -7962, -31785,  -7441, -31911,  -6917, -32028 
         00000161 845E 
         00000162 E0E6 
         00000163 83D7 
TMS320C2000 Assembler PC v6.1.3 Thu Jan 30 10:24:34 2014

Tools Copyright (c) 1996-2012 Texas Instruments Incorporated
C:/work/grepos/bootrom/Boot_ROM/F2837x_bootROM-REVB/F2837x_bootROM_dev/F2837x_bootROM/cpu01-bootROM/source/tables/phy_tf384pFFTTable.asm PAGE    8

         00000164 E2EF 
         00000165 8359 
         00000166 E4FB 
         00000167 82E4 
      75 00000168 E707          .word   -6393, -32137,  -5866, -32238,  -5338, -32329,  -4808, -32412 
         00000169 8277 
         0000016a E916 
         0000016b 8212 
         0000016c EB26 
         0000016d 81B7 
         0000016e ED38 
         0000016f 8164 
      76 00000170 EF4B          .word   -4277, -32487,  -3745, -32552,  -3212, -32609,  -2678, -32657 
         00000171 8119 
         00000172 F15F 
         00000173 80D8 
         00000174 F374 
         00000175 809F 
         00000176 F58A 
         00000177 806F 
      77 00000178 F7A1          .word   -2143, -32697,  -1608, -32728,  -1072, -32749,  -536, -32763 
         00000179 8047 
         0000017a F9B8 
         0000017b 8028 
         0000017c FBD0 
         0000017d 8013 
         0000017e FDE8 
         0000017f 8005 
      78 00000180 0000          .word   0, -32767,  536, -32763,  1072, -32749,  1608, -32728 
         00000181 8001 
         00000182 0218 
         00000183 8005 
         00000184 0430 
         00000185 8013 
         00000186 0648 
         00000187 8028 
      79 00000188 085F          .word   2143, -32697,  2678, -32657,  3212, -32609,  3745, -32552 
         00000189 8047 
         0000018a 0A76 
         0000018b 806F 
         0000018c 0C8C 
         0000018d 809F 
         0000018e 0EA1 
         0000018f 80D8 
      80 00000190 10B5          .word   4277, -32487,  4808, -32412,  5338, -32329,  5866, -32238 
         00000191 8119 
         00000192 12C8 
         00000193 8164 
         00000194 14DA 
         00000195 81B7 
         00000196 16EA 
         00000197 8212 
      81 00000198 18F9          .word   6393, -32137,  6917, -32028,  7441, -31911,  7962, -31785 
         00000199 8277 
         0000019a 1B05 
TMS320C2000 Assembler PC v6.1.3 Thu Jan 30 10:24:34 2014

Tools Copyright (c) 1996-2012 Texas Instruments Incorporated
C:/work/grepos/bootrom/Boot_ROM/F2837x_bootROM-REVB/F2837x_bootROM_dev/F2837x_bootROM/cpu01-bootROM/source/tables/phy_tf384pFFTTable.asm PAGE    9

         0000019b 82E4 
         0000019c 1D11 
         0000019d 8359 
         0000019e 1F1A 
         0000019f 83D7 
      82 000001a0 2121          .word   8481, -31650,  8997, -31507,  9512, -31356,  10024, -31196 
         000001a1 845E 
         000001a2 2325 
         000001a3 84ED 
         000001a4 2528 
         000001a5 8584 
         000001a6 2728 
         000001a7 8624 
      83 000001a8 2925          .word   10533, -31028,  11039, -30852,  11542, -30667,  12042, -30474 
         000001a9 86CC 
         000001aa 2B1F 
         000001ab 877C 
         000001ac 2D16 
         000001ad 8835 
         000001ae 2F0A 
         000001af 88F6 
      84 000001b0 30FB          .word   12539, -30273,  13033, -30064,  13523, -29846,  14010, -29621 
         000001b1 89BF 
         000001b2 32E9 
         000001b3 8A90 
         000001b4 34D3 
         000001b5 8B6A 
         000001b6 36BA 
         000001b7 8C4B 
      85 000001b8 389C          .word   14492, -29388,  14971, -29147,  15446, -28898,  15917, -28641 
         000001b9 8D34 
         000001ba 3A7B 
         000001bb 8E25 
         000001bc 3C56 
         000001bd 8F1E 
         000001be 3E2D 
         000001bf 901F 
      86 000001c0 3FFF          .word   16383, -28377,  16846, -28105,  17303, -27826,  17756, -27539 
         000001c1 9127 
         000001c2 41CE 
         000001c3 9237 
         000001c4 4397 
         000001c5 934E 
         000001c6 455C 
         000001c7 946D 
      87 000001c8 471C          .word   18204, -27245,  18648, -26943,  19086, -26635,  19519, -26319 
         000001c9 9593 
         000001ca 48D8 
         000001cb 96C1 
         000001cc 4A8E 
         000001cd 97F5 
         000001ce 4C3F 
         000001cf 9931 
      88 000001d0 4DEB          .word   19947, -25996,  20370, -25666,  20787, -25329,  21199, -24986 
         000001d1 9A74 
TMS320C2000 Assembler PC v6.1.3 Thu Jan 30 10:24:34 2014

Tools Copyright (c) 1996-2012 Texas Instruments Incorporated
C:/work/grepos/bootrom/Boot_ROM/F2837x_bootROM-REVB/F2837x_bootROM_dev/F2837x_bootROM/cpu01-bootROM/source/tables/phy_tf384pFFTTable.asm PAGE   10

         000001d2 4F92 
         000001d3 9BBE 
         000001d4 5133 
         000001d5 9D0F 
         000001d6 52CF 
         000001d7 9E66 
      89 000001d8 5465          .word   21605, -24636,  22005, -24279,  22399, -23915,  22788, -23546 
         000001d9 9FC4 
         000001da 55F5 
         000001db A129 
         000001dc 577F 
         000001dd A295 
         000001de 5904 
         000001df A406 
      90 000001e0 5A82          .word   23170, -23170,  23546, -22788,  23915, -22399,  24279, -22005 
         000001e1 A57E 
         000001e2 5BFA 
         000001e3 A6FC 
         000001e4 5D6B 
         000001e5 A881 
         000001e6 5ED7 
         000001e7 AA0B 
      91 000001e8 603C          .word   24636, -21605,  24986, -21199,  25329, -20787,  25666, -20370 
         000001e9 AB9B 
         000001ea 619A 
         000001eb AD31 
         000001ec 62F1 
         000001ed AECD 
         000001ee 6442 
         000001ef B06E 
      92 000001f0 658C          .word   25996, -19947,  26319, -19519,  26635, -19086,  26943, -18648 
         000001f1 B215 
         000001f2 66CF 
         000001f3 B3C1 
         000001f4 680B 
         000001f5 B572 
         000001f6 693F 
         000001f7 B728 
      93 000001f8 6A6D          .word   27245, -18204,  27539, -17756,  27826, -17303,  28105, -16846 
         000001f9 B8E4 
         000001fa 6B93 
         000001fb BAA4 
         000001fc 6CB2 
         000001fd BC69 
         000001fe 6DC9 
         000001ff BE32 
      94 00000200 6ED9          .word   28377, -16384,  28641, -15917,  28898, -15446,  29147, -14971 
         00000201 C000 
         00000202 6FE1 
         00000203 C1D3 
         00000204 70E2 
         00000205 C3AA 
         00000206 71DB 
         00000207 C585 
      95 00000208 72CC          .word   29388, -14492,  29621, -14010,  29846, -13523,  30064, -13033 
TMS320C2000 Assembler PC v6.1.3 Thu Jan 30 10:24:34 2014

Tools Copyright (c) 1996-2012 Texas Instruments Incorporated
C:/work/grepos/bootrom/Boot_ROM/F2837x_bootROM-REVB/F2837x_bootROM_dev/F2837x_bootROM/cpu01-bootROM/source/tables/phy_tf384pFFTTable.asm PAGE   11

         00000209 C764 
         0000020a 73B5 
         0000020b C946 
         0000020c 7496 
         0000020d CB2D 
         0000020e 7570 
         0000020f CD17 
      96 00000210 7641          .word   30273, -12539,  30474, -12042,  30667, -11542,  30852, -11039 
         00000211 CF05 
         00000212 770A 
         00000213 D0F6 
         00000214 77CB 
         00000215 D2EA 
         00000216 7884 
         00000217 D4E1 
      97 00000218 7934          .word   31028, -10533,  31196, -10024,  31356, -9512,  31507, -8997 
         00000219 D6DB 
         0000021a 79DC 
         0000021b D8D8 
         0000021c 7A7C 
         0000021d DAD8 
         0000021e 7B13 
         0000021f DCDB 
      98 00000220 7BA2          .word   31650, -8481,  31785, -7962,  31911, -7441,  32028, -6917 
         00000221 DEDF 
         00000222 7C29 
         00000223 E0E6 
         00000224 7CA7 
         00000225 E2EF 
         00000226 7D1C 
         00000227 E4FB 
      99 00000228 7D89          .word   32137, -6393,  32238, -5866,  32329, -5338,  32412, -4808 
         00000229 E707 
         0000022a 7DEE 
         0000022b E916 
         0000022c 7E49 
         0000022d EB26 
         0000022e 7E9C 
         0000022f ED38 
     100 00000230 7EE7          .word   32487, -4277,  32552, -3745,  32609, -3212,  32657, -2678 
         00000231 EF4B 
         00000232 7F28 
         00000233 F15F 
         00000234 7F61 
         00000235 F374 
         00000236 7F91 
         00000237 F58A 
     101 00000238 7FB9          .word   32697, -2143,  32728, -1608,  32749, -1072,  32763, -536 
         00000239 F7A1 
         0000023a 7FD8 
         0000023b F9B8 
         0000023c 7FED 
         0000023d FBD0 
         0000023e 7FFB 
         0000023f FDE8 
TMS320C2000 Assembler PC v6.1.3 Thu Jan 30 10:24:34 2014

Tools Copyright (c) 1996-2012 Texas Instruments Incorporated
C:/work/grepos/bootrom/Boot_ROM/F2837x_bootROM-REVB/F2837x_bootROM_dev/F2837x_bootROM/cpu01-bootROM/source/tables/phy_tf384pFFTTable.asm PAGE   12

     102 00000240 7FFF          .word   32767, 0,  32763, 536,  32749, 1072,  32728, 1608 
         00000241 0000 
         00000242 7FFB 
         00000243 0218 
         00000244 7FED 
         00000245 0430 
         00000246 7FD8 
         00000247 0648 
     103 00000248 7FB9          .word   32697, 2143,  32657, 2678,  32609, 3212,  32552, 3745 
         00000249 085F 
         0000024a 7F91 
         0000024b 0A76 
         0000024c 7F61 
         0000024d 0C8C 
         0000024e 7F28 
         0000024f 0EA1 
     104 00000250 7EE7          .word   32487, 4277,  32412, 4808,  32329, 5338,  32238, 5866 
         00000251 10B5 
         00000252 7E9C 
         00000253 12C8 
         00000254 7E49 
         00000255 14DA 
         00000256 7DEE 
         00000257 16EA 
     105 00000258 7D89          .word   32137, 6393,  32028, 6917,  31911, 7441,  31785, 7962 
         00000259 18F9 
         0000025a 7D1C 
         0000025b 1B05 
         0000025c 7CA7 
         0000025d 1D11 
         0000025e 7C29 
         0000025f 1F1A 
     106 00000260 7BA2          .word   31650, 8481,  31507, 8997,  31356, 9512,  31196, 10024 
         00000261 2121 
         00000262 7B13 
         00000263 2325 
         00000264 7A7C 
         00000265 2528 
         00000266 79DC 
         00000267 2728 
     107 00000268 7934          .word   31028, 10533,  30852, 11039,  30667, 11542,  30474, 12042 
         00000269 2925 
         0000026a 7884 
         0000026b 2B1F 
         0000026c 77CB 
         0000026d 2D16 
         0000026e 770A 
         0000026f 2F0A 
     108 00000270 7641          .word   30273, 12539,  30064, 13033,  29846, 13523,  29621, 14010 
         00000271 30FB 
         00000272 7570 
         00000273 32E9 
         00000274 7496 
         00000275 34D3 
         00000276 73B5 
TMS320C2000 Assembler PC v6.1.3 Thu Jan 30 10:24:34 2014

Tools Copyright (c) 1996-2012 Texas Instruments Incorporated
C:/work/grepos/bootrom/Boot_ROM/F2837x_bootROM-REVB/F2837x_bootROM_dev/F2837x_bootROM/cpu01-bootROM/source/tables/phy_tf384pFFTTable.asm PAGE   13

         00000277 36BA 
     109 00000278 72CC          .word   29388, 14492,  29147, 14971,  28898, 15446,  28641, 15917 
         00000279 389C 
         0000027a 71DB 
         0000027b 3A7B 
         0000027c 70E2 
         0000027d 3C56 
         0000027e 6FE1 
         0000027f 3E2D 
     110 00000280 6ED9          .word   28377, 16384,  28105, 16846,  27826, 17303,  27539, 17756 
         00000281 4000 
         00000282 6DC9 
         00000283 41CE 
         00000284 6CB2 
         00000285 4397 
         00000286 6B93 
         00000287 455C 
     111 00000288 6A6D          .word   27245, 18204,  26943, 18648,  26635, 19086,  26319, 19519 
         00000289 471C 
         0000028a 693F 
         0000028b 48D8 
         0000028c 680B 
         0000028d 4A8E 
         0000028e 66CF 
         0000028f 4C3F 
     112 00000290 658C          .word   25996, 19947,  25666, 20370,  25329, 20787,  24986, 21199 
         00000291 4DEB 
         00000292 6442 
         00000293 4F92 
         00000294 62F1 
         00000295 5133 
         00000296 619A 
         00000297 52CF 
     113 00000298 603C          .word   24636, 21605,  24279, 22005,  23915, 22399,  23546, 22788 
         00000299 5465 
         0000029a 5ED7 
         0000029b 55F5 
         0000029c 5D6B 
         0000029d 577F 
         0000029e 5BFA 
         0000029f 5904 
     114 000002a0 5A82          .word   23170, 23170,  22788, 23546,  22399, 23915,  22005, 24279 
         000002a1 5A82 
         000002a2 5904 
         000002a3 5BFA 
         000002a4 577F 
         000002a5 5D6B 
         000002a6 55F5 
         000002a7 5ED7 
     115 000002a8 5465          .word   21605, 24636,  21199, 24986,  20787, 25329,  20370, 25666 
         000002a9 603C 
         000002aa 52CF 
         000002ab 619A 
         000002ac 5133 
         000002ad 62F1 
TMS320C2000 Assembler PC v6.1.3 Thu Jan 30 10:24:34 2014

Tools Copyright (c) 1996-2012 Texas Instruments Incorporated
C:/work/grepos/bootrom/Boot_ROM/F2837x_bootROM-REVB/F2837x_bootROM_dev/F2837x_bootROM/cpu01-bootROM/source/tables/phy_tf384pFFTTable.asm PAGE   14

         000002ae 4F92 
         000002af 6442 
     116 000002b0 4DEB          .word   19947, 25996,  19519, 26319,  19086, 26635,  18648, 26943 
         000002b1 658C 
         000002b2 4C3F 
         000002b3 66CF 
         000002b4 4A8E 
         000002b5 680B 
         000002b6 48D8 
         000002b7 693F 
     117 000002b8 471C          .word   18204, 27245,  17756, 27539,  17303, 27826,  16846, 28105 
         000002b9 6A6D 
         000002ba 455C 
         000002bb 6B93 
         000002bc 4397 
         000002bd 6CB2 
         000002be 41CE 
         000002bf 6DC9 
     118 000002c0 4000          .word   16384, 28377,  15917, 28641,  15446, 28898,  14971, 29147 
         000002c1 6ED9 
         000002c2 3E2D 
         000002c3 6FE1 
         000002c4 3C56 
         000002c5 70E2 
         000002c6 3A7B 
         000002c7 71DB 
     119 000002c8 389C          .word   14492, 29388,  14010, 29621,  13523, 29846,  13033, 30064 
         000002c9 72CC 
         000002ca 36BA 
         000002cb 73B5 
         000002cc 34D3 
         000002cd 7496 
         000002ce 32E9 
         000002cf 7570 
     120 000002d0 30FB          .word   12539, 30273,  12042, 30474,  11542, 30667,  11039, 30852 
         000002d1 7641 
         000002d2 2F0A 
         000002d3 770A 
         000002d4 2D16 
         000002d5 77CB 
         000002d6 2B1F 
         000002d7 7884 
     121 000002d8 2925          .word   10533, 31028,  10024, 31196,  9512, 31356,  8997, 31507 
         000002d9 7934 
         000002da 2728 
         000002db 79DC 
         000002dc 2528 
         000002dd 7A7C 
         000002de 2325 
         000002df 7B13 
     122 000002e0 2121          .word   8481, 31650,  7962, 31785,  7441, 31911,  6917, 32028 
         000002e1 7BA2 
         000002e2 1F1A 
         000002e3 7C29 
         000002e4 1D11 
TMS320C2000 Assembler PC v6.1.3 Thu Jan 30 10:24:34 2014

Tools Copyright (c) 1996-2012 Texas Instruments Incorporated
C:/work/grepos/bootrom/Boot_ROM/F2837x_bootROM-REVB/F2837x_bootROM_dev/F2837x_bootROM/cpu01-bootROM/source/tables/phy_tf384pFFTTable.asm PAGE   15

         000002e5 7CA7 
         000002e6 1B05 
         000002e7 7D1C 
     123 000002e8 18F9          .word   6393, 32137,  5866, 32238,  5338, 32329,  4808, 32412 
         000002e9 7D89 
         000002ea 16EA 
         000002eb 7DEE 
         000002ec 14DA 
         000002ed 7E49 
         000002ee 12C8 
         000002ef 7E9C 
     124 000002f0 10B5          .word   4277, 32487,  3745, 32552,  3212, 32609,  2678, 32657 
         000002f1 7EE7 
         000002f2 0EA1 
         000002f3 7F28 
         000002f4 0C8C 
         000002f5 7F61 
         000002f6 0A76 
         000002f7 7F91 
     125 000002f8 085F          .word   2143, 32697,  1608, 32728,  1072, 32749,  536, 32763 
         000002f9 7FB9 
         000002fa 0648 
         000002fb 7FD8 
         000002fc 0430 
         000002fd 7FED 
         000002fe 0218 
         000002ff 7FFB 
     126 00000300 0000          .word   0, 32767,  -268, 32766,  -536, 32763,  -804, 32757 
         00000301 7FFF 
         00000302 FEF4 
         00000303 7FFE 
         00000304 FDE8 
         00000305 7FFB 
         00000306 FCDC 
         00000307 7FF5 
     127 00000308 FBD0          .word   -1072, 32749,  -1340, 32740,  -1608, 32728,  -1875, 32713 
         00000309 7FED 
         0000030a FAC4 
         0000030b 7FE4 
         0000030c F9B8 
         0000030d 7FD8 
         0000030e F8AD 
         0000030f 7FC9 
     128 00000310 F7A1          .word   -2143, 32697,  -2410, 32678,  -2678, 32657,  -2945, 32634 
         00000311 7FB9 
         00000312 F696 
         00000313 7FA6 
         00000314 F58A 
         00000315 7F91 
         00000316 F47F 
         00000317 7F7A 
     129 00000318 F374          .word   -3212, 32609,  -3478, 32582,  -3745, 32552,  -4011, 32521 
         00000319 7F61 
         0000031a F26A 
         0000031b 7F46 
TMS320C2000 Assembler PC v6.1.3 Thu Jan 30 10:24:34 2014

Tools Copyright (c) 1996-2012 Texas Instruments Incorporated
C:/work/grepos/bootrom/Boot_ROM/F2837x_bootROM-REVB/F2837x_bootROM_dev/F2837x_bootROM/cpu01-bootROM/source/tables/phy_tf384pFFTTable.asm PAGE   16

         0000031c F15F 
         0000031d 7F28 
         0000031e F055 
         0000031f 7F09 
     130 00000320 EF4B          .word   -4277, 32487,  -4543, 32451,  -4808, 32412,  -5073, 32372 
         00000321 7EE7 
         00000322 EE41 
         00000323 7EC3 
         00000324 ED38 
         00000325 7E9C 
         00000326 EC2F 
         00000327 7E74 
     131 00000328 EB26          .word   -5338, 32329,  -5602, 32285,  -5866, 32238,  -6129, 32189 
         00000329 7E49 
         0000032a EA1E 
         0000032b 7E1D 
         0000032c E916 
         0000032d 7DEE 
         0000032e E80F 
         0000032f 7DBD 
     132 00000330 E707          .word   -6393, 32137,  -6655, 32084,  -6917, 32028,  -7179, 31971 
         00000331 7D89 
         00000332 E601 
         00000333 7D54 
         00000334 E4FB 
         00000335 7D1C 
         00000336 E3F5 
         00000337 7CE3 
     133 00000338 E2EF          .word   -7441, 31911,  -7701, 31849,  -7962, 31785,  -8222, 31719 
         00000339 7CA7 
         0000033a E1EB 
         0000033b 7C69 
         0000033c E0E6 
         0000033d 7C29 
         0000033e DFE2 
         0000033f 7BE7 
     134 00000340 DEDF          .word   -8481, 31650,  -8739, 31580,  -8997, 31507,  -9255, 31433 
         00000341 7BA2 
         00000342 DDDD 
         00000343 7B5C 
         00000344 DCDB 
         00000345 7B13 
         00000346 DBD9 
         00000347 7AC9 
     135 00000348 DAD8          .word   -9512, 31356,  -9768, 31277,  -10024, 31196,  -10278, 31113 
         00000349 7A7C 
         0000034a D9D8 
         0000034b 7A2D 
         0000034c D8D8 
         0000034d 79DC 
         0000034e D7DA 
         0000034f 7989 
     136 00000350 D6DB          .word   -10533, 31028,  -10786, 30941,  -11039, 30852,  -11291, 30760 
         00000351 7934 
         00000352 D5DE 
TMS320C2000 Assembler PC v6.1.3 Thu Jan 30 10:24:34 2014

Tools Copyright (c) 1996-2012 Texas Instruments Incorporated
C:/work/grepos/bootrom/Boot_ROM/F2837x_bootROM-REVB/F2837x_bootROM_dev/F2837x_bootROM/cpu01-bootROM/source/tables/phy_tf384pFFTTable.asm PAGE   17

         00000353 78DD 
         00000354 D4E1 
         00000355 7884 
         00000356 D3E5 
         00000357 7828 
     137 00000358 D2EA          .word   -11542, 30667,  -11793, 30571,  -12042, 30474,  -12291, 30374 
         00000359 77CB 
         0000035a D1EF 
         0000035b 776B 
         0000035c D0F6 
         0000035d 770A 
         0000035e CFFD 
         0000035f 76A6 
     138 00000360 CF05          .word   -12539, 30273,  -12787, 30169,  -13033, 30064,  -13279, 29956 
         00000361 7641 
         00000362 CE0D 
         00000363 75D9 
         00000364 CD17 
         00000365 7570 
         00000366 CC21 
         00000367 7504 
     139 00000368 CB2D          .word   -13523, 29846,  -13767, 29735,  -14010, 29621,  -14252, 29505 
         00000369 7496 
         0000036a CA39 
         0000036b 7427 
         0000036c C946 
         0000036d 73B5 
         0000036e C854 
         0000036f 7341 
     140 00000370 C764          .word   -14492, 29388,  -14732, 29268,  -14971, 29147,  -15209, 29023 
         00000371 72CC 
         00000372 C674 
         00000373 7254 
         00000374 C585 
         00000375 71DB 
         00000376 C497 
         00000377 715F 
     141 00000378 C3AA          .word   -15446, 28898,  -15682, 28771,  -15917, 28641,  -16151, 28510 
         00000379 70E2 
         0000037a C2BE 
         0000037b 7063 
         0000037c C1D3 
         0000037d 6FE1 
         0000037e C0E9 
         0000037f 6F5E 
     142 00000380 C001          .word   -16383, 28377,  -16615, 28242,  -16846, 28105,  -17075, 27966 
         00000381 6ED9 
         00000382 BF19 
         00000383 6E52 
         00000384 BE32 
         00000385 6DC9 
         00000386 BD4D 
         00000387 6D3E 
     143 00000388 BC69          .word   -17303, 27826,  -17530, 27683,  -17756, 27539,  -17981, 27393 
         00000389 6CB2 
TMS320C2000 Assembler PC v6.1.3 Thu Jan 30 10:24:34 2014

Tools Copyright (c) 1996-2012 Texas Instruments Incorporated
C:/work/grepos/bootrom/Boot_ROM/F2837x_bootROM-REVB/F2837x_bootROM_dev/F2837x_bootROM/cpu01-bootROM/source/tables/phy_tf384pFFTTable.asm PAGE   18

         0000038a BB86 
         0000038b 6C23 
         0000038c BAA4 
         0000038d 6B93 
         0000038e B9C3 
         0000038f 6B01 
     144 00000390 B8E4          .word   -18204, 27245,  -18427, 27095,  -18648, 26943,  -18868, 26790 
         00000391 6A6D 
         00000392 B805 
         00000393 69D7 
         00000394 B728 
         00000395 693F 
         00000396 B64C 
         00000397 68A6 
     145 00000398 B572          .word   -19086, 26635,  -19303, 26478,  -19519, 26319,  -19734, 26158 
         00000399 680B 
         0000039a B499 
         0000039b 676E 
         0000039c B3C1 
         0000039d 66CF 
         0000039e B2EA 
         0000039f 662E 
     146 000003a0 B215          .word   -19947, 25996,  -20159, 25832,  -20370, 25666,  -20579, 25498 
         000003a1 658C 
         000003a2 B141 
         000003a3 64E8 
         000003a4 B06E 
         000003a5 6442 
         000003a6 AF9D 
         000003a7 639A 
     147 000003a8 AECD          .word   -20787, 25329,  -20994, 25158,  -21199, 24986,  -21403, 24811 
         000003a9 62F1 
         000003aa ADFE 
         000003ab 6246 
         000003ac AD31 
         000003ad 619A 
         000003ae AC65 
         000003af 60EB 
     148 000003b0 AB9B          .word   -21605, 24636,  -21806, 24458,  -22005, 24279,  -22203, 24098 
         000003b1 603C 
         000003b2 AAD2 
         000003b3 5F8A 
         000003b4 AA0B 
         000003b5 5ED7 
         000003b6 A945 
         000003b7 5E22 
     149 000003b8 A881          .word   -22399, 23915,  -22594, 23731,  -22788, 23546,  -22979, 23359 
         000003b9 5D6B 
         000003ba A7BE 
         000003bb 5CB3 
         000003bc A6FC 
         000003bd 5BFA 
         000003be A63D 
         000003bf 5B3F 
     150 000003c0 A57E          .word   -23170, 23170,  -23359, 22979,  -23546, 22788,  -23731, 22594 
TMS320C2000 Assembler PC v6.1.3 Thu Jan 30 10:24:34 2014

Tools Copyright (c) 1996-2012 Texas Instruments Incorporated
C:/work/grepos/bootrom/Boot_ROM/F2837x_bootROM-REVB/F2837x_bootROM_dev/F2837x_bootROM/cpu01-bootROM/source/tables/phy_tf384pFFTTable.asm PAGE   19

         000003c1 5A82 
         000003c2 A4C1 
         000003c3 59C3 
         000003c4 A406 
         000003c5 5904 
         000003c6 A34D 
         000003c7 5842 
     151 000003c8 A295          .word   -23915, 22399,  -24098, 22203,  -24279, 22005,  -24458, 21806 
         000003c9 577F 
         000003ca A1DE 
         000003cb 56BB 
         000003cc A129 
         000003cd 55F5 
         000003ce A076 
         000003cf 552E 
     152 000003d0 9FC4          .word   -24636, 21605,  -24811, 21403,  -24986, 21199,  -25158, 20994 
         000003d1 5465 
         000003d2 9F15 
         000003d3 539B 
         000003d4 9E66 
         000003d5 52CF 
         000003d6 9DBA 
         000003d7 5202 
     153 000003d8 9D0F          .word   -25329, 20787,  -25498, 20579,  -25666, 20370,  -25832, 20159 
         000003d9 5133 
         000003da 9C66 
         000003db 5063 
         000003dc 9BBE 
         000003dd 4F92 
         000003de 9B18 
         000003df 4EBF 
     154 000003e0 9A74          .word   -25996, 19947,  -26158, 19734,  -26319, 19519,  -26478, 19303 
         000003e1 4DEB 
         000003e2 99D2 
         000003e3 4D16 
         000003e4 9931 
         000003e5 4C3F 
         000003e6 9892 
         000003e7 4B67 
     155 000003e8 97F5          .word   -26635, 19086,  -26790, 18868,  -26943, 18648,  -27095, 18427 
         000003e9 4A8E 
         000003ea 975A 
         000003eb 49B4 
         000003ec 96C1 
         000003ed 48D8 
         000003ee 9629 
         000003ef 47FB 
     156 000003f0 9593          .word   -27245, 18204,  -27393, 17981,  -27539, 17756,  -27683, 17530 
         000003f1 471C 
         000003f2 94FF 
         000003f3 463D 
         000003f4 946D 
         000003f5 455C 
         000003f6 93DD 
         000003f7 447A 
TMS320C2000 Assembler PC v6.1.3 Thu Jan 30 10:24:34 2014

Tools Copyright (c) 1996-2012 Texas Instruments Incorporated
C:/work/grepos/bootrom/Boot_ROM/F2837x_bootROM-REVB/F2837x_bootROM_dev/F2837x_bootROM/cpu01-bootROM/source/tables/phy_tf384pFFTTable.asm PAGE   20

     157 000003f8 934E          .word   -27826, 17303,  -27966, 17075,  -28105, 16846,  -28242, 16615 
         000003f9 4397 
         000003fa 92C2 
         000003fb 42B3 
         000003fc 9237 
         000003fd 41CE 
         000003fe 91AE 
         000003ff 40E7 
     158 00000400 9127          .word   -28377, 16384,  -28510, 16151,  -28641, 15917,  -28771, 15682 
         00000401 4000 
         00000402 90A2 
         00000403 3F17 
         00000404 901F 
         00000405 3E2D 
         00000406 8F9D 
         00000407 3D42 
     159 00000408 8F1E          .word   -28898, 15446,  -29023, 15209,  -29147, 14971,  -29268, 14732 
         00000409 3C56 
         0000040a 8EA1 
         0000040b 3B69 
         0000040c 8E25 
         0000040d 3A7B 
         0000040e 8DAC 
         0000040f 398C 
     160 00000410 8D34          .word   -29388, 14492,  -29505, 14252,  -29621, 14010,  -29735, 13767 
         00000411 389C 
         00000412 8CBF 
         00000413 37AC 
         00000414 8C4B 
         00000415 36BA 
         00000416 8BD9 
         00000417 35C7 
     161 00000418 8B6A          .word   -29846, 13523,  -29956, 13279,  -30064, 13033,  -30169, 12787 
         00000419 34D3 
         0000041a 8AFC 
         0000041b 33DF 
         0000041c 8A90 
         0000041d 32E9 
         0000041e 8A27 
         0000041f 31F3 
     162 00000420 89BF          .word   -30273, 12539,  -30374, 12291,  -30474, 12042,  -30571, 11793 
         00000421 30FB 
         00000422 895A 
         00000423 3003 
         00000424 88F6 
         00000425 2F0A 
         00000426 8895 
         00000427 2E11 
     163 00000428 8835          .word   -30667, 11542,  -30760, 11291,  -30852, 11039,  -30941, 10786 
         00000429 2D16 
         0000042a 87D8 
         0000042b 2C1B 
         0000042c 877C 
         0000042d 2B1F 
         0000042e 8723 
TMS320C2000 Assembler PC v6.1.3 Thu Jan 30 10:24:34 2014

Tools Copyright (c) 1996-2012 Texas Instruments Incorporated
C:/work/grepos/bootrom/Boot_ROM/F2837x_bootROM-REVB/F2837x_bootROM_dev/F2837x_bootROM/cpu01-bootROM/source/tables/phy_tf384pFFTTable.asm PAGE   21

         0000042f 2A22 
     164 00000430 86CC          .word   -31028, 10533,  -31113, 10278,  -31196, 10024,  -31277, 9768 
         00000431 2925 
         00000432 8677 
         00000433 2826 
         00000434 8624 
         00000435 2728 
         00000436 85D3 
         00000437 2628 
     165 00000438 8584          .word   -31356, 9512,  -31433, 9255,  -31507, 8997,  -31580, 8739 
         00000439 2528 
         0000043a 8537 
         0000043b 2427 
         0000043c 84ED 
         0000043d 2325 
         0000043e 84A4 
         0000043f 2223 
     166 00000440 845E          .word   -31650, 8481,  -31719, 8222,  -31785, 7962,  -31849, 7701 
         00000441 2121 
         00000442 8419 
         00000443 201E 
         00000444 83D7 
         00000445 1F1A 
         00000446 8397 
         00000447 1E15 
     167 00000448 8359          .word   -31911, 7441,  -31971, 7179,  -32028, 6917,  -32084, 6655 
         00000449 1D11 
         0000044a 831D 
         0000044b 1C0B 
         0000044c 82E4 
         0000044d 1B05 
         0000044e 82AC 
         0000044f 19FF 
     168 00000450 8277          .word   -32137, 6393,  -32189, 6129,  -32238, 5866,  -32285, 5602 
         00000451 18F9 
         00000452 8243 
         00000453 17F1 
         00000454 8212 
         00000455 16EA 
         00000456 81E3 
         00000457 15E2 
     169 00000458 81B7          .word   -32329, 5338,  -32372, 5073,  -32412, 4808,  -32451, 4543 
         00000459 14DA 
         0000045a 818C 
         0000045b 13D1 
         0000045c 8164 
         0000045d 12C8 
         0000045e 813D 
         0000045f 11BF 
     170 00000460 8119          .word   -32487, 4277,  -32521, 4011,  -32552, 3745,  -32582, 3478 
         00000461 10B5 
         00000462 80F7 
         00000463 0FAB 
         00000464 80D8 
         00000465 0EA1 
TMS320C2000 Assembler PC v6.1.3 Thu Jan 30 10:24:34 2014

Tools Copyright (c) 1996-2012 Texas Instruments Incorporated
C:/work/grepos/bootrom/Boot_ROM/F2837x_bootROM-REVB/F2837x_bootROM_dev/F2837x_bootROM/cpu01-bootROM/source/tables/phy_tf384pFFTTable.asm PAGE   22

         00000466 80BA 
         00000467 0D96 
     171 00000468 809F          .word   -32609, 3212,  -32634, 2945,  -32657, 2678,  -32678, 2410 
         00000469 0C8C 
         0000046a 8086 
         0000046b 0B81 
         0000046c 806F 
         0000046d 0A76 
         0000046e 805A 
         0000046f 096A 
     172 00000470 8047          .word   -32697, 2143,  -32713, 1875,  -32728, 1608,  -32740, 1340 
         00000471 085F 
         00000472 8037 
         00000473 0753 
         00000474 8028 
         00000475 0648 
         00000476 801C 
         00000477 053C 
     173 00000478 8013          .word   -32749, 1072,  -32757, 804,  -32763, 536,  -32766, 268 
         00000479 0430 
         0000047a 800B 
         0000047b 0324 
         0000047c 8005 
         0000047d 0218 
         0000047e 8002 
         0000047f 010C 
     174 00000480 8001          .word   -32767, 0,  -32766, -268,  -32763, -536,  -32757, -804 
         00000481 0000 
         00000482 8002 
         00000483 FEF4 
         00000484 8005 
         00000485 FDE8 
         00000486 800B 
         00000487 FCDC 
     175 00000488 8013          .word   -32749, -1072,  -32740, -1340,  -32728, -1608,  -32713, -1875 
         00000489 FBD0 
         0000048a 801C 
         0000048b FAC4 
         0000048c 8028 
         0000048d F9B8 
         0000048e 8037 
         0000048f F8AD 
     176 00000490 8047          .word   -32697, -2143,  -32678, -2410,  -32657, -2678,  -32634, -2945 
         00000491 F7A1 
         00000492 805A 
         00000493 F696 
         00000494 806F 
         00000495 F58A 
         00000496 8086 
         00000497 F47F 
     177 00000498 809F          .word   -32609, -3212,  -32582, -3478,  -32552, -3745,  -32521, -4011 
         00000499 F374 
         0000049a 80BA 
         0000049b F26A 
         0000049c 80D8 
TMS320C2000 Assembler PC v6.1.3 Thu Jan 30 10:24:34 2014

Tools Copyright (c) 1996-2012 Texas Instruments Incorporated
C:/work/grepos/bootrom/Boot_ROM/F2837x_bootROM-REVB/F2837x_bootROM_dev/F2837x_bootROM/cpu01-bootROM/source/tables/phy_tf384pFFTTable.asm PAGE   23

         0000049d F15F 
         0000049e 80F7 
         0000049f F055 
     178 000004a0 8119          .word   -32487, -4277,  -32451, -4543,  -32412, -4808,  -32372, -5073 
         000004a1 EF4B 
         000004a2 813D 
         000004a3 EE41 
         000004a4 8164 
         000004a5 ED38 
         000004a6 818C 
         000004a7 EC2F 
     179 000004a8 81B7          .word   -32329, -5338,  -32285, -5602,  -32238, -5866,  -32189, -6129 
         000004a9 EB26 
         000004aa 81E3 
         000004ab EA1E 
         000004ac 8212 
         000004ad E916 
         000004ae 8243 
         000004af E80F 
     180 000004b0 8277          .word   -32137, -6393,  -32084, -6655,  -32028, -6917,  -31971, -7179 
         000004b1 E707 
         000004b2 82AC 
         000004b3 E601 
         000004b4 82E4 
         000004b5 E4FB 
         000004b6 831D 
         000004b7 E3F5 
     181 000004b8 8359          .word   -31911, -7441,  -31849, -7701,  -31785, -7962,  -31719, -8222 
         000004b9 E2EF 
         000004ba 8397 
         000004bb E1EB 
         000004bc 83D7 
         000004bd E0E6 
         000004be 8419 
         000004bf DFE2 
     182 000004c0 845E          .word   -31650, -8481,  -31580, -8739,  -31507, -8997,  -31433, -9255 
         000004c1 DEDF 
         000004c2 84A4 
         000004c3 DDDD 
         000004c4 84ED 
         000004c5 DCDB 
         000004c6 8537 
         000004c7 DBD9 
     183 000004c8 8584          .word   -31356, -9512,  -31277, -9768,  -31196, -10024,  -31113, -10278 
         000004c9 DAD8 
         000004ca 85D3 
         000004cb D9D8 
         000004cc 8624 
         000004cd D8D8 
         000004ce 8677 
         000004cf D7DA 
     184 000004d0 86CC          .word   -31028, -10533,  -30941, -10786,  -30852, -11039,  -30760, -11291 
         000004d1 D6DB 
         000004d2 8723 
         000004d3 D5DE 
TMS320C2000 Assembler PC v6.1.3 Thu Jan 30 10:24:34 2014

Tools Copyright (c) 1996-2012 Texas Instruments Incorporated
C:/work/grepos/bootrom/Boot_ROM/F2837x_bootROM-REVB/F2837x_bootROM_dev/F2837x_bootROM/cpu01-bootROM/source/tables/phy_tf384pFFTTable.asm PAGE   24

         000004d4 877C 
         000004d5 D4E1 
         000004d6 87D8 
         000004d7 D3E5 
     185 000004d8 8835          .word   -30667, -11542,  -30571, -11793,  -30474, -12042,  -30374, -12291 
         000004d9 D2EA 
         000004da 8895 
         000004db D1EF 
         000004dc 88F6 
         000004dd D0F6 
         000004de 895A 
         000004df CFFD 
     186 000004e0 89BF          .word   -30273, -12539,  -30169, -12787,  -30064, -13033,  -29956, -13279 
         000004e1 CF05 
         000004e2 8A27 
         000004e3 CE0D 
         000004e4 8A90 
         000004e5 CD17 
         000004e6 8AFC 
         000004e7 CC21 
     187 000004e8 8B6A          .word   -29846, -13523,  -29735, -13767,  -29621, -14010,  -29505, -14252 
         000004e9 CB2D 
         000004ea 8BD9 
         000004eb CA39 
         000004ec 8C4B 
         000004ed C946 
         000004ee 8CBF 
         000004ef C854 
     188 000004f0 8D34          .word   -29388, -14492,  -29268, -14732,  -29147, -14971,  -29023, -15209 
         000004f1 C764 
         000004f2 8DAC 
         000004f3 C674 
         000004f4 8E25 
         000004f5 C585 
         000004f6 8EA1 
         000004f7 C497 
     189 000004f8 8F1E          .word   -28898, -15446,  -28771, -15682,  -28641, -15917,  -28510, -16151 
         000004f9 C3AA 
         000004fa 8F9D 
         000004fb C2BE 
         000004fc 901F 
         000004fd C1D3 
         000004fe 90A2 
         000004ff C0E9 
     190 00000500 9127          .word   -28377, -16383,  -28242, -16615,  -28105, -16846,  -27966, -17075 
         00000501 C001 
         00000502 91AE 
         00000503 BF19 
         00000504 9237 
         00000505 BE32 
         00000506 92C2 
         00000507 BD4D 
     191 00000508 934E          .word   -27826, -17303,  -27683, -17530,  -27539, -17756,  -27393, -17981 
         00000509 BC69 
         0000050a 93DD 
TMS320C2000 Assembler PC v6.1.3 Thu Jan 30 10:24:34 2014

Tools Copyright (c) 1996-2012 Texas Instruments Incorporated
C:/work/grepos/bootrom/Boot_ROM/F2837x_bootROM-REVB/F2837x_bootROM_dev/F2837x_bootROM/cpu01-bootROM/source/tables/phy_tf384pFFTTable.asm PAGE   25

         0000050b BB86 
         0000050c 946D 
         0000050d BAA4 
         0000050e 94FF 
         0000050f B9C3 
     192 00000510 9593          .word   -27245, -18204,  -27095, -18427,  -26943, -18648,  -26790, -18868 
         00000511 B8E4 
         00000512 9629 
         00000513 B805 
         00000514 96C1 
         00000515 B728 
         00000516 975A 
         00000517 B64C 
     193 00000518 97F5          .word   -26635, -19086,  -26478, -19303,  -26319, -19519,  -26158, -19734 
         00000519 B572 
         0000051a 9892 
         0000051b B499 
         0000051c 9931 
         0000051d B3C1 
         0000051e 99D2 
         0000051f B2EA 
     194 00000520 9A74          .word   -25996, -19947,  -25832, -20159,  -25666, -20370,  -25498, -20579 
         00000521 B215 
         00000522 9B18 
         00000523 B141 
         00000524 9BBE 
         00000525 B06E 
         00000526 9C66 
         00000527 AF9D 
     195 00000528 9D0F          .word   -25329, -20787,  -25158, -20994,  -24986, -21199,  -24811, -21403 
         00000529 AECD 
         0000052a 9DBA 
         0000052b ADFE 
         0000052c 9E66 
         0000052d AD31 
         0000052e 9F15 
         0000052f AC65 
     196 00000530 9FC4          .word   -24636, -21605,  -24458, -21806,  -24279, -22005,  -24098, -22203 
         00000531 AB9B 
         00000532 A076 
         00000533 AAD2 
         00000534 A129 
         00000535 AA0B 
         00000536 A1DE 
         00000537 A945 
     197 00000538 A295          .word   -23915, -22399,  -23731, -22594,  -23546, -22788,  -23359, -22979 
         00000539 A881 
         0000053a A34D 
         0000053b A7BE 
         0000053c A406 
         0000053d A6FC 
         0000053e A4C1 
         0000053f A63D 
     198 00000540 A57E          .word   -23170, -23170,  -22979, -23359,  -22788, -23546,  -22594, -23731 
         00000541 A57E 
TMS320C2000 Assembler PC v6.1.3 Thu Jan 30 10:24:34 2014

Tools Copyright (c) 1996-2012 Texas Instruments Incorporated
C:/work/grepos/bootrom/Boot_ROM/F2837x_bootROM-REVB/F2837x_bootROM_dev/F2837x_bootROM/cpu01-bootROM/source/tables/phy_tf384pFFTTable.asm PAGE   26

         00000542 A63D 
         00000543 A4C1 
         00000544 A6FC 
         00000545 A406 
         00000546 A7BE 
         00000547 A34D 
     199 00000548 A881          .word   -22399, -23915,  -22203, -24098,  -22005, -24279,  -21806, -24458 
         00000549 A295 
         0000054a A945 
         0000054b A1DE 
         0000054c AA0B 
         0000054d A129 
         0000054e AAD2 
         0000054f A076 
     200 00000550 AB9B          .word   -21605, -24636,  -21403, -24811,  -21199, -24986,  -20994, -25158 
         00000551 9FC4 
         00000552 AC65 
         00000553 9F15 
         00000554 AD31 
         00000555 9E66 
         00000556 ADFE 
         00000557 9DBA 
     201 00000558 AECD          .word   -20787, -25329,  -20579, -25498,  -20370, -25666,  -20159, -25832 
         00000559 9D0F 
         0000055a AF9D 
         0000055b 9C66 
         0000055c B06E 
         0000055d 9BBE 
         0000055e B141 
         0000055f 9B18 
     202 00000560 B215          .word   -19947, -25996,  -19734, -26158,  -19519, -26319,  -19303, -26478 
         00000561 9A74 
         00000562 B2EA 
         00000563 99D2 
         00000564 B3C1 
         00000565 9931 
         00000566 B499 
         00000567 9892 
     203 00000568 B572          .word   -19086, -26635,  -18868, -26790,  -18648, -26943,  -18427, -27095 
         00000569 97F5 
         0000056a B64C 
         0000056b 975A 
         0000056c B728 
         0000056d 96C1 
         0000056e B805 
         0000056f 9629 
     204 00000570 B8E4          .word   -18204, -27245,  -17981, -27393,  -17756, -27539,  -17530, -27683 
         00000571 9593 
         00000572 B9C3 
         00000573 94FF 
         00000574 BAA4 
         00000575 946D 
         00000576 BB86 
         00000577 93DD 
     205 00000578 BC69          .word   -17303, -27826,  -17075, -27966,  -16846, -28105,  -16615, -28242 
TMS320C2000 Assembler PC v6.1.3 Thu Jan 30 10:24:34 2014

Tools Copyright (c) 1996-2012 Texas Instruments Incorporated
C:/work/grepos/bootrom/Boot_ROM/F2837x_bootROM-REVB/F2837x_bootROM_dev/F2837x_bootROM/cpu01-bootROM/source/tables/phy_tf384pFFTTable.asm PAGE   27

         00000579 934E 
         0000057a BD4D 
         0000057b 92C2 
         0000057c BE32 
         0000057d 9237 
         0000057e BF19 
         0000057f 91AE 
     206 00000580 C001          .word   -16383, -28377,  -16151, -28510,  -15917, -28641,  -15682, -28771 
         00000581 9127 
         00000582 C0E9 
         00000583 90A2 
         00000584 C1D3 
         00000585 901F 
         00000586 C2BE 
         00000587 8F9D 
     207 00000588 C3AA          .word   -15446, -28898,  -15209, -29023,  -14971, -29147,  -14732, -29268 
         00000589 8F1E 
         0000058a C497 
         0000058b 8EA1 
         0000058c C585 
         0000058d 8E25 
         0000058e C674 
         0000058f 8DAC 
     208 00000590 C764          .word   -14492, -29388,  -14252, -29505,  -14010, -29621,  -13767, -29735 
         00000591 8D34 
         00000592 C854 
         00000593 8CBF 
         00000594 C946 
         00000595 8C4B 
         00000596 CA39 
         00000597 8BD9 
     209 00000598 CB2D          .word   -13523, -29846,  -13279, -29956,  -13033, -30064,  -12787, -30169 
         00000599 8B6A 
         0000059a CC21 
         0000059b 8AFC 
         0000059c CD17 
         0000059d 8A90 
         0000059e CE0D 
         0000059f 8A27 
     210 000005a0 CF05          .word   -12539, -30273,  -12291, -30374,  -12042, -30474,  -11793, -30571 
         000005a1 89BF 
         000005a2 CFFD 
         000005a3 895A 
         000005a4 D0F6 
         000005a5 88F6 
         000005a6 D1EF 
         000005a7 8895 
     211 000005a8 D2EA          .word   -11542, -30667,  -11291, -30760,  -11039, -30852,  -10786, -30941 
         000005a9 8835 
         000005aa D3E5 
         000005ab 87D8 
         000005ac D4E1 
         000005ad 877C 
         000005ae D5DE 
         000005af 8723 
TMS320C2000 Assembler PC v6.1.3 Thu Jan 30 10:24:34 2014

Tools Copyright (c) 1996-2012 Texas Instruments Incorporated
C:/work/grepos/bootrom/Boot_ROM/F2837x_bootROM-REVB/F2837x_bootROM_dev/F2837x_bootROM/cpu01-bootROM/source/tables/phy_tf384pFFTTable.asm PAGE   28

     212 000005b0 D6DB          .word   -10533, -31028,  -10278, -31113,  -10024, -31196,  -9768, -31277 
         000005b1 86CC 
         000005b2 D7DA 
         000005b3 8677 
         000005b4 D8D8 
         000005b5 8624 
         000005b6 D9D8 
         000005b7 85D3 
     213 000005b8 DAD8          .word   -9512, -31356,  -9255, -31433,  -8997, -31507,  -8739, -31580 
         000005b9 8584 
         000005ba DBD9 
         000005bb 8537 
         000005bc DCDB 
         000005bd 84ED 
         000005be DDDD 
         000005bf 84A4 
     214 000005c0 DEDF          .word   -8481, -31650,  -8222, -31719,  -7962, -31785,  -7701, -31849 
         000005c1 845E 
         000005c2 DFE2 
         000005c3 8419 
         000005c4 E0E6 
         000005c5 83D7 
         000005c6 E1EB 
         000005c7 8397 
     215 000005c8 E2EF          .word   -7441, -31911,  -7179, -31971,  -6917, -32028,  -6655, -32084 
         000005c9 8359 
         000005ca E3F5 
         000005cb 831D 
         000005cc E4FB 
         000005cd 82E4 
         000005ce E601 
         000005cf 82AC 
     216 000005d0 E707          .word   -6393, -32137,  -6129, -32189,  -5866, -32238,  -5602, -32285 
         000005d1 8277 
         000005d2 E80F 
         000005d3 8243 
         000005d4 E916 
         000005d5 8212 
         000005d6 EA1E 
         000005d7 81E3 
     217 000005d8 EB26          .word   -5338, -32329,  -5073, -32372,  -4808, -32412,  -4543, -32451 
         000005d9 81B7 
         000005da EC2F 
         000005db 818C 
         000005dc ED38 
         000005dd 8164 
         000005de EE41 
         000005df 813D 
     218 000005e0 EF4B          .word   -4277, -32487,  -4011, -32521,  -3745, -32552,  -3478, -32582 
         000005e1 8119 
         000005e2 F055 
         000005e3 80F7 
         000005e4 F15F 
         000005e5 80D8 
         000005e6 F26A 
TMS320C2000 Assembler PC v6.1.3 Thu Jan 30 10:24:34 2014

Tools Copyright (c) 1996-2012 Texas Instruments Incorporated
C:/work/grepos/bootrom/Boot_ROM/F2837x_bootROM-REVB/F2837x_bootROM_dev/F2837x_bootROM/cpu01-bootROM/source/tables/phy_tf384pFFTTable.asm PAGE   29

         000005e7 80BA 
     219 000005e8 F374          .word   -3212, -32609,  -2945, -32634,  -2678, -32657,  -2410, -32678 
         000005e9 809F 
         000005ea F47F 
         000005eb 8086 
         000005ec F58A 
         000005ed 806F 
         000005ee F696 
         000005ef 805A 
     220 000005f0 F7A1          .word   -2143, -32697,  -1875, -32713,  -1608, -32728,  -1340, -32740 
         000005f1 8047 
         000005f2 F8AD 
         000005f3 8037 
         000005f4 F9B8 
         000005f5 8028 
         000005f6 FAC4 
         000005f7 801C 
     221 000005f8 FBD0          .word   -1072, -32749,  -804, -32757,  -536, -32763,  -268, -32766 
         000005f9 8013 
         000005fa FCDC 
         000005fb 800B 
         000005fc FDE8 
         000005fd 8005 
         000005fe FEF4 
         000005ff 8002 
     222              
     223              
     224              
     225                            
     226                        
     227                             

No Assembly Errors, No Assembly Warnings
