TMS320C2000 Assembler PC v6.1.3 Tue Oct 01 15:27:20 2013

Tools Copyright (c) 1996-2012 Texas Instruments Incorporated
C:\Users\a0272466\AppData\Local\Temp\0902810                         PAGE    1

       1              ;***************************************************************
       2              ;* TMS320C2000 C/C++ Codegen                         PC v6.1.3 *
       3              ;* Date/Time created: Tue Oct 01 15:27:20 2013                 *
       4              ;***************************************************************
       5                      .compiler_opts --float_support=fpu32 --hll_source=on --mem_model:code=flat --mem_model:data=large --o
       6        0002  FP      .set    XAR2
       7              
       8              $C$DW$CU        .dwtag  DW_TAG_compile_unit
       9                      .dwattr $C$DW$CU, DW_AT_name("C:/work/grepos/device_support/device_support/f2837x/F2837x_bootROM_dev/
      10                      .dwattr $C$DW$CU, DW_AT_producer("TMS320C2000 C/C++ Codegen PC v6.1.3 Copyright (c) 1996-2012 Texas I
      11                      .dwattr $C$DW$CU, DW_AT_TI_version(0x01)
      12                      .dwattr $C$DW$CU, DW_AT_comp_dir("C:\work\grepos\device_support\device_support\f2837x\F2837x_bootROM_
      13                      .global _langID
      14 00000000               .sect   ".econst"
      15                      .align  1
      16 00000000       _langID:
      17 00000000 0409          .field  1033,16                 ; _langID @ 0
      18              
      19              $C$DW$1 .dwtag  DW_TAG_variable, DW_AT_name("langID")
      20                      .dwattr $C$DW$1, DW_AT_TI_symbol_name("_langID")
      21                      .dwattr $C$DW$1, DW_AT_location[DW_OP_addr _langID]
      22                      .dwattr $C$DW$1, DW_AT_type(*$C$DW$T$25)
      23                      .dwattr $C$DW$1, DW_AT_external
      24                      .global _serialString
      25 00000000               .sect   ".econst:.string:_serialString"
      26                      .clink
      27                      .align  1
      28 00000000       _serialString:
      29 00000000 0031          .field  49,16                   ; _serialString[0] @ 0
      30 00000001 0000          .field  0,16                    ; _serialString[1] @ 16
      31              
      32              $C$DW$2 .dwtag  DW_TAG_variable, DW_AT_name("serialString")
      33                      .dwattr $C$DW$2, DW_AT_TI_symbol_name("_serialString")
      34                      .dwattr $C$DW$2, DW_AT_location[DW_OP_addr _serialString]
      35                      .dwattr $C$DW$2, DW_AT_type(*$C$DW$T$51)
      36                      .dwattr $C$DW$2, DW_AT_external
      37              
      38              $C$DW$3 .dwtag  DW_TAG_subprogram, DW_AT_name("__byte")
      39                      .dwattr $C$DW$3, DW_AT_TI_symbol_name("___byte")
      40                      .dwattr $C$DW$3, DW_AT_type(*$C$DW$T$46)
      41                      .dwattr $C$DW$3, DW_AT_declaration
      42                      .dwattr $C$DW$3, DW_AT_external
      43              $C$DW$4 .dwtag  DW_TAG_formal_parameter
      44                      .dwattr $C$DW$4, DW_AT_type(*$C$DW$T$46)
      45              $C$DW$5 .dwtag  DW_TAG_formal_parameter
      46                      .dwattr $C$DW$5, DW_AT_type(*$C$DW$T$11)
      47                      .dwendtag $C$DW$3
      48              
      49                      .global _mfgDescriptor
      50 00000001               .sect   ".econst"
      51                      .align  2
      52 00000002       _mfgDescriptor:
      53 00000002 0326          .field  806,16                  ; _mfgDescriptor._bDescriptorType_bLength @ 0
      54 00000003               .space  16
      55 00000004 0000+         .field  _manufacturerString,32          ; _mfgDescriptor._bString @ 32
TMS320C2000 Assembler PC v6.1.3 Tue Oct 01 15:27:20 2013

Tools Copyright (c) 1996-2012 Texas Instruments Incorporated
C:\Users\a0272466\AppData\Local\Temp\0902810                         PAGE    2

         00000005 0000 
      56              
      57              $C$DW$6 .dwtag  DW_TAG_variable, DW_AT_name("mfgDescriptor")
      58                      .dwattr $C$DW$6, DW_AT_TI_symbol_name("_mfgDescriptor")
      59                      .dwattr $C$DW$6, DW_AT_location[DW_OP_addr _mfgDescriptor]
      60                      .dwattr $C$DW$6, DW_AT_type(*$C$DW$T$40)
      61                      .dwattr $C$DW$6, DW_AT_external
      62                      .global _serialDescriptor
      63 00000006               .sect   ".econst"
      64                      .align  2
      65 00000006       _serialDescriptor:
      66 00000006 0306          .field  774,16                  ; _serialDescriptor._bDescriptorType_bLength @ 0
      67 00000007               .space  16
      68 00000008 0000+         .field  _serialString,32                ; _serialDescriptor._bString @ 32
         00000009 0000 
      69              
      70              $C$DW$7 .dwtag  DW_TAG_variable, DW_AT_name("serialDescriptor")
      71                      .dwattr $C$DW$7, DW_AT_TI_symbol_name("_serialDescriptor")
      72                      .dwattr $C$DW$7, DW_AT_location[DW_OP_addr _serialDescriptor]
      73                      .dwattr $C$DW$7, DW_AT_type(*$C$DW$T$40)
      74                      .dwattr $C$DW$7, DW_AT_external
      75                      .global _prodDescriptor
      76 0000000a               .sect   ".econst"
      77                      .align  2
      78 0000000a       _prodDescriptor:
      79 0000000a 0344          .field  836,16                  ; _prodDescriptor._bDescriptorType_bLength @ 0
      80 0000000b               .space  16
      81 0000000c 0000+         .field  _productString,32               ; _prodDescriptor._bString @ 32
         0000000d 0000 
      82              
      83              $C$DW$8 .dwtag  DW_TAG_variable, DW_AT_name("prodDescriptor")
      84                      .dwattr $C$DW$8, DW_AT_TI_symbol_name("_prodDescriptor")
      85                      .dwattr $C$DW$8, DW_AT_location[DW_OP_addr _prodDescriptor]
      86                      .dwattr $C$DW$8, DW_AT_type(*$C$DW$T$40)
      87                      .dwattr $C$DW$8, DW_AT_external
      88                      .global _langDescriptor
      89 0000000e               .sect   ".econst"
      90                      .align  2
      91 0000000e       _langDescriptor:
      92 0000000e 0304          .field  772,16                  ; _langDescriptor._bDescriptorType_bLength @ 0
      93 0000000f               .space  16
      94 00000010 0000+         .field  _langID,32              ; _langDescriptor._bString @ 32
         00000011 0000 
      95              
      96              $C$DW$9 .dwtag  DW_TAG_variable, DW_AT_name("langDescriptor")
      97                      .dwattr $C$DW$9, DW_AT_TI_symbol_name("_langDescriptor")
      98                      .dwattr $C$DW$9, DW_AT_location[DW_OP_addr _langDescriptor]
      99                      .dwattr $C$DW$9, DW_AT_type(*$C$DW$T$40)
     100                      .dwattr $C$DW$9, DW_AT_external
     101                      .global _dfuStringDescriptor
     102 00000012               .sect   ".econst"
     103                      .align  2
     104 00000012       _dfuStringDescriptor:
     105 00000012 0318          .field  792,16                  ; _dfuStringDescriptor._bDescriptorType_bLength @ 0
     106 00000013               .space  16
TMS320C2000 Assembler PC v6.1.3 Tue Oct 01 15:27:20 2013

Tools Copyright (c) 1996-2012 Texas Instruments Incorporated
C:\Users\a0272466\AppData\Local\Temp\0902810                         PAGE    3

     107 00000014 0000+         .field  _dfuString,32           ; _dfuStringDescriptor._bString @ 32
         00000015 0000 
     108              
     109              $C$DW$10        .dwtag  DW_TAG_variable, DW_AT_name("dfuStringDescriptor")
     110                      .dwattr $C$DW$10, DW_AT_TI_symbol_name("_dfuStringDescriptor")
     111                      .dwattr $C$DW$10, DW_AT_location[DW_OP_addr _dfuStringDescriptor]
     112                      .dwattr $C$DW$10, DW_AT_type(*$C$DW$T$40)
     113                      .dwattr $C$DW$10, DW_AT_external
     114                      .global _dfuInterfaceDescriptor
     115 00000016               .sect   ".econst"
     116                      .align  1
     117 00000016       _dfuInterfaceDescriptor:
     118 00000016 0409          .field  1033,16                 ; _dfuInterfaceDescriptor._bDescriptorType_bLength @ 0
     119 00000017 0000          .field  0,16                    ; _dfuInterfaceDescriptor._bAlternateSetting_bInterfaceNumber @ 16
     120 00000018 FE00          .field  65024,16                        ; _dfuInterfaceDescriptor._bInterfaceClass_bNumEndpoints @ 32
     121 00000019 0201          .field  513,16                  ; _dfuInterfaceDescriptor._bInterfaceProtocol_bInterfaceSubclass @ 48
     122 0000001a 0004          .field  4,16                    ; _dfuInterfaceDescriptor._padding_iInterface @ 64
     123              
     124              $C$DW$11        .dwtag  DW_TAG_variable, DW_AT_name("dfuInterfaceDescriptor")
     125                      .dwattr $C$DW$11, DW_AT_TI_symbol_name("_dfuInterfaceDescriptor")
     126                      .dwattr $C$DW$11, DW_AT_location[DW_OP_addr _dfuInterfaceDescriptor]
     127                      .dwattr $C$DW$11, DW_AT_type(*$C$DW$T$34)
     128                      .dwattr $C$DW$11, DW_AT_external
     129                      .global _dfuFunctionalDescriptor
     130 0000001b               .sect   ".econst"
     131                      .align  1
     132 0000001b       _dfuFunctionalDescriptor:
     133 0000001b 0900          .field  2304,16                 ; _dfuFunctionalDescriptor._bLength_padding @ 0
     134 0000001c 0521          .field  1313,16                 ; _dfuFunctionalDescriptor._bmAttributes_bDescriptorType @ 16
     135 0000001d FFFF          .field  65535,16                        ; _dfuFunctionalDescriptor._wDetachTimeout @ 32
     136 0000001e 0400          .field  1024,16                 ; _dfuFunctionalDescriptor._wTransferSize @ 48
     137 0000001f 0110          .field  272,16                  ; _dfuFunctionalDescriptor._bcdDFUVersion @ 64
     138              
     139              $C$DW$12        .dwtag  DW_TAG_variable, DW_AT_name("dfuFunctionalDescriptor")
     140                      .dwattr $C$DW$12, DW_AT_TI_symbol_name("_dfuFunctionalDescriptor")
     141                      .dwattr $C$DW$12, DW_AT_location[DW_OP_addr _dfuFunctionalDescriptor]
     142                      .dwattr $C$DW$12, DW_AT_type(*$C$DW$T$37)
     143                      .dwattr $C$DW$12, DW_AT_external
     144                      .global _dfuConfigDescriptor
     145 00000020               .sect   ".econst"
     146                      .align  1
     147 00000020       _dfuConfigDescriptor:
     148 00000020 0209          .field  521,16                  ; _dfuConfigDescriptor._bDescriptorType_bLength @ 0
     149 00000021 0000          .field  0,16                    ; _dfuConfigDescriptor._wTotalLength @ 16
     150 00000022 0101          .field  257,16                  ; _dfuConfigDescriptor._bConfigurationValue_bNumInterfaces @ 32
     151 00000023 C000          .field  49152,16                        ; _dfuConfigDescriptor._bmAttributes_iConfiguration @ 48
     152 00000024 0096          .field  150,16                  ; _dfuConfigDescriptor._padding_bMaxPower @ 64
     153              
     154              $C$DW$13        .dwtag  DW_TAG_variable, DW_AT_name("dfuConfigDescriptor")
     155                      .dwattr $C$DW$13, DW_AT_TI_symbol_name("_dfuConfigDescriptor")
     156                      .dwattr $C$DW$13, DW_AT_location[DW_OP_addr _dfuConfigDescriptor]
     157                      .dwattr $C$DW$13, DW_AT_type(*$C$DW$T$31)
     158                      .dwattr $C$DW$13, DW_AT_external
     159                      .global _dfuDeviceDescriptor
     160 00000025               .sect   ".econst"
TMS320C2000 Assembler PC v6.1.3 Tue Oct 01 15:27:20 2013

Tools Copyright (c) 1996-2012 Texas Instruments Incorporated
C:\Users\a0272466\AppData\Local\Temp\0902810                         PAGE    4

     161                      .align  1
     162 00000025       _dfuDeviceDescriptor:
     163 00000025 0112          .field  274,16                  ; _dfuDeviceDescriptor._bDescriptorType_bLength @ 0
     164 00000026 0110          .field  272,16                  ; _dfuDeviceDescriptor._bcdUSB @ 16
     165 00000027 00FF          .field  255,16                  ; _dfuDeviceDescriptor._bDeviceSubClass_bDeviceClass @ 32
     166 00000028 4000          .field  16384,16                        ; _dfuDeviceDescriptor._bMaxPacketSize_bDeviceProtocol @ 48
     167 00000029 1CBE          .field  7358,16                 ; _dfuDeviceDescriptor._idVendor @ 64
     168 0000002a 00FF          .field  255,16                  ; _dfuDeviceDescriptor._idProduct @ 80
     169 0000002b 0001          .field  1,16                    ; _dfuDeviceDescriptor._bcdDevice @ 96
     170 0000002c 0201          .field  513,16                  ; _dfuDeviceDescriptor._iProduct_iManufacturer @ 112
     171 0000002d 0103          .field  259,16                  ; _dfuDeviceDescriptor._bNumConfigurations_iSerialNumber @ 128
     172              
     173              $C$DW$14        .dwtag  DW_TAG_variable, DW_AT_name("dfuDeviceDescriptor")
     174                      .dwattr $C$DW$14, DW_AT_TI_symbol_name("_dfuDeviceDescriptor")
     175                      .dwattr $C$DW$14, DW_AT_location[DW_OP_addr _dfuDeviceDescriptor]
     176                      .dwattr $C$DW$14, DW_AT_type(*$C$DW$T$29)
     177                      .dwattr $C$DW$14, DW_AT_external
     178                      .global _stringDescriptors
     179 00000000               .sect   ".econst:_stringDescriptors"
     180                      .clink
     181                      .align  2
     182 00000000       _stringDescriptors:
     183 00000000 000E+         .field  _langDescriptor,32              ; _stringDescriptors[0] @ 0
         00000001 0000 
     184 00000002 0002+         .field  _mfgDescriptor,32               ; _stringDescriptors[1] @ 32
         00000003 0000 
     185 00000004 000A+         .field  _prodDescriptor,32              ; _stringDescriptors[2] @ 64
         00000005 0000 
     186 00000006 0006+         .field  _serialDescriptor,32            ; _stringDescriptors[3] @ 96
         00000007 0000 
     187 00000008 0012+         .field  _dfuStringDescriptor,32         ; _stringDescriptors[4] @ 128
         00000009 0000 
     188              
     189              $C$DW$15        .dwtag  DW_TAG_variable, DW_AT_name("stringDescriptors")
     190                      .dwattr $C$DW$15, DW_AT_TI_symbol_name("_stringDescriptors")
     191                      .dwattr $C$DW$15, DW_AT_location[DW_OP_addr _stringDescriptors]
     192                      .dwattr $C$DW$15, DW_AT_type(*$C$DW$T$43)
     193                      .dwattr $C$DW$15, DW_AT_external
     194                      .global _dfuString
     195 00000000               .sect   ".econst:.string:_dfuString"
     196                      .clink
     197                      .align  1
     198 00000000       _dfuString:
     199 00000000 0053          .field  83,16                   ; _dfuString[0] @ 0
     200 00000001 0055          .field  85,16                   ; _dfuString[1] @ 16
     201 00000002 0050          .field  80,16                   ; _dfuString[2] @ 32
     202 00000003 0045          .field  69,16                   ; _dfuString[3] @ 48
     203 00000004 0052          .field  82,16                   ; _dfuString[4] @ 64
     204 00000005 002D          .field  45,16                   ; _dfuString[5] @ 80
     205 00000006 0042          .field  66,16                   ; _dfuString[6] @ 96
     206 00000007 004F          .field  79,16                   ; _dfuString[7] @ 112
     207 00000008 004F          .field  79,16                   ; _dfuString[8] @ 128
     208 00000009 0054          .field  84,16                   ; _dfuString[9] @ 144
     209 0000000a 0000          .field  0,16                    ; _dfuString[10] @ 160
     210              
TMS320C2000 Assembler PC v6.1.3 Tue Oct 01 15:27:20 2013

Tools Copyright (c) 1996-2012 Texas Instruments Incorporated
C:\Users\a0272466\AppData\Local\Temp\0902810                         PAGE    5

     211              $C$DW$16        .dwtag  DW_TAG_variable, DW_AT_name("dfuString")
     212                      .dwattr $C$DW$16, DW_AT_TI_symbol_name("_dfuString")
     213                      .dwattr $C$DW$16, DW_AT_location[DW_OP_addr _dfuString]
     214                      .dwattr $C$DW$16, DW_AT_type(*$C$DW$T$52)
     215                      .dwattr $C$DW$16, DW_AT_external
     216                      .global _manufacturerString
     217 00000000               .sect   ".econst:.string:_manufacturerString"
     218                      .clink
     219                      .align  1
     220 00000000       _manufacturerString:
     221 00000000 0054          .field  84,16                   ; _manufacturerString[0] @ 0
     222 00000001 0065          .field  101,16                  ; _manufacturerString[1] @ 16
     223 00000002 0078          .field  120,16                  ; _manufacturerString[2] @ 32
     224 00000003 0061          .field  97,16                   ; _manufacturerString[3] @ 48
     225 00000004 0073          .field  115,16                  ; _manufacturerString[4] @ 64
     226 00000005 0020          .field  32,16                   ; _manufacturerString[5] @ 80
     227 00000006 0049          .field  73,16                   ; _manufacturerString[6] @ 96
     228 00000007 006E          .field  110,16                  ; _manufacturerString[7] @ 112
     229 00000008 0073          .field  115,16                  ; _manufacturerString[8] @ 128
     230 00000009 0074          .field  116,16                  ; _manufacturerString[9] @ 144
     231 0000000a 0072          .field  114,16                  ; _manufacturerString[10] @ 160
     232 0000000b 0075          .field  117,16                  ; _manufacturerString[11] @ 176
     233 0000000c 006D          .field  109,16                  ; _manufacturerString[12] @ 192
     234 0000000d 0065          .field  101,16                  ; _manufacturerString[13] @ 208
     235 0000000e 006E          .field  110,16                  ; _manufacturerString[14] @ 224
     236 0000000f 0074          .field  116,16                  ; _manufacturerString[15] @ 240
     237 00000010 0073          .field  115,16                  ; _manufacturerString[16] @ 256
     238 00000011 0000          .field  0,16                    ; _manufacturerString[17] @ 272
     239              
     240              $C$DW$17        .dwtag  DW_TAG_variable, DW_AT_name("manufacturerString")
     241                      .dwattr $C$DW$17, DW_AT_TI_symbol_name("_manufacturerString")
     242                      .dwattr $C$DW$17, DW_AT_location[DW_OP_addr _manufacturerString]
     243                      .dwattr $C$DW$17, DW_AT_type(*$C$DW$T$49)
     244                      .dwattr $C$DW$17, DW_AT_external
     245                      .global _productString
     246 00000000               .sect   ".econst:.string:_productString"
     247                      .clink
     248                      .align  1
     249 00000000       _productString:
     250 00000000 0054          .field  84,16                   ; _productString[0] @ 0
     251 00000001 004D          .field  77,16                   ; _productString[1] @ 16
     252 00000002 0053          .field  83,16                   ; _productString[2] @ 32
     253 00000003 0033          .field  51,16                   ; _productString[3] @ 48
     254 00000004 0032          .field  50,16                   ; _productString[4] @ 64
     255 00000005 0030          .field  48,16                   ; _productString[5] @ 80
     256 00000006 0046          .field  70,16                   ; _productString[6] @ 96
     257 00000007 0032          .field  50,16                   ; _productString[7] @ 112
     258 00000008 0038          .field  56,16                   ; _productString[8] @ 128
     259 00000009 0078          .field  120,16                  ; _productString[9] @ 144
     260 0000000a 0037          .field  55,16                   ; _productString[10] @ 160
     261 0000000b 0078          .field  120,16                  ; _productString[11] @ 176
     262 0000000c 0020          .field  32,16                   ; _productString[12] @ 192
     263 0000000d 0055          .field  85,16                   ; _productString[13] @ 208
     264 0000000e 0053          .field  83,16                   ; _productString[14] @ 224
     265 0000000f 0042          .field  66,16                   ; _productString[15] @ 240
TMS320C2000 Assembler PC v6.1.3 Tue Oct 01 15:27:20 2013

Tools Copyright (c) 1996-2012 Texas Instruments Incorporated
C:\Users\a0272466\AppData\Local\Temp\0902810                         PAGE    6

     266 00000010 0020          .field  32,16                   ; _productString[16] @ 256
     267 00000011 0044          .field  68,16                   ; _productString[17] @ 272
     268 00000012 0046          .field  70,16                   ; _productString[18] @ 288
     269 00000013 0055          .field  85,16                   ; _productString[19] @ 304
     270 00000014 0020          .field  32,16                   ; _productString[20] @ 320
     271 00000015 0042          .field  66,16                   ; _productString[21] @ 336
     272 00000016 006F          .field  111,16                  ; _productString[22] @ 352
     273 00000017 006F          .field  111,16                  ; _productString[23] @ 368
     274 00000018 0074          .field  116,16                  ; _productString[24] @ 384
     275 00000019 0020          .field  32,16                   ; _productString[25] @ 400
     276 0000001a 004C          .field  76,16                   ; _productString[26] @ 416
     277 0000001b 006F          .field  111,16                  ; _productString[27] @ 432
     278 0000001c 0061          .field  97,16                   ; _productString[28] @ 448
     279 0000001d 0064          .field  100,16                  ; _productString[29] @ 464
     280 0000001e 0065          .field  101,16                  ; _productString[30] @ 480
     281 0000001f 0072          .field  114,16                  ; _productString[31] @ 496
     282 00000020 0000          .field  0,16                    ; _productString[32] @ 512
     283              
     284              $C$DW$18        .dwtag  DW_TAG_variable, DW_AT_name("productString")
     285                      .dwattr $C$DW$18, DW_AT_TI_symbol_name("_productString")
     286                      .dwattr $C$DW$18, DW_AT_location[DW_OP_addr _productString]
     287                      .dwattr $C$DW$18, DW_AT_type(*$C$DW$T$50)
     288                      .dwattr $C$DW$18, DW_AT_external
     289              ;       C:\ti\ccsv5\tools\compiler\c2000_6.1.3\bin\ac2000.exe -@C:\\Users\\a0272466\\AppData\\Local\\Temp\\09
     290 00000000               .sect   ".text"
     291                      .global _CombineUsbDescriptors
     292              
     293              $C$DW$19        .dwtag  DW_TAG_subprogram, DW_AT_name("CombineUsbDescriptors")
     294                      .dwattr $C$DW$19, DW_AT_low_pc(_CombineUsbDescriptors)
     295                      .dwattr $C$DW$19, DW_AT_high_pc(0x00)
     296                      .dwattr $C$DW$19, DW_AT_TI_symbol_name("_CombineUsbDescriptors")
     297                      .dwattr $C$DW$19, DW_AT_external
     298                      .dwattr $C$DW$19, DW_AT_TI_begin_file("C:/work/grepos/device_support/device_support/f2837x/F2837x_boo
     299                      .dwattr $C$DW$19, DW_AT_TI_begin_line(0x31)
     300                      .dwattr $C$DW$19, DW_AT_TI_begin_column(0x06)
     301                      .dwattr $C$DW$19, DW_AT_TI_max_frame_size(-10)
     302                      .dwpsn  file "C:/work/grepos/device_support/device_support/f2837x/F2837x_bootROM_dev/F2837x_bootROM/c
     303              
     304                      .dwfde $C$DW$CIE, _CombineUsbDescriptors
     305              $C$DW$20        .dwtag  DW_TAG_formal_parameter, DW_AT_name("buffer")
     306                      .dwattr $C$DW$20, DW_AT_TI_symbol_name("_buffer")
     307                      .dwattr $C$DW$20, DW_AT_type(*$C$DW$T$44)
     308                      .dwattr $C$DW$20, DW_AT_location[DW_OP_reg12]
     309              
     310              ;***************************************************************
     311              ;* FNAME: _CombineUsbDescriptors        FR SIZE:   8           *
     312              ;*                                                             *
     313              ;* FUNCTION ENVIRONMENT                                        *
     314              ;*                                                             *
     315              ;* FUNCTION PROPERTIES                                         *
     316              ;*                            0 Parameter,  5 Auto,  2 SOE     *
     317              ;***************************************************************
     318              
     319 00000000       _CombineUsbDescriptors:
     320                      .dwcfi  cfa_offset, -2
TMS320C2000 Assembler PC v6.1.3 Tue Oct 01 15:27:20 2013

Tools Copyright (c) 1996-2012 Texas Instruments Incorporated
C:\Users\a0272466\AppData\Local\Temp\0902810                         PAGE    7

     321                      .dwcfi  save_reg_to_mem, 26, 0
     322                      .dwcfi  save_reg_to_reg, 78, 26
     323 00000000 B2BD          MOVL      *SP++,XAR1            ; [CPU_] 
     324                      .dwcfi  save_reg_to_mem, 7, 2
     325                      .dwcfi  cfa_offset, -4
     326 00000001 FE06          ADDB      SP,#6                 ; [CPU_U] 
     327                      .dwcfi  cfa_offset, -10
     328              $C$DW$21        .dwtag  DW_TAG_variable, DW_AT_name("buffer")
     329                      .dwattr $C$DW$21, DW_AT_TI_symbol_name("_buffer")
     330                      .dwattr $C$DW$21, DW_AT_type(*$C$DW$T$44)
     331                      .dwattr $C$DW$21, DW_AT_location[DW_OP_breg20 -2]
     332              $C$DW$22        .dwtag  DW_TAG_variable, DW_AT_name("b")
     333                      .dwattr $C$DW$22, DW_AT_TI_symbol_name("_b")
     334                      .dwattr $C$DW$22, DW_AT_type(*$C$DW$T$19)
     335                      .dwattr $C$DW$22, DW_AT_location[DW_OP_breg20 -3]
     336              $C$DW$23        .dwtag  DW_TAG_variable, DW_AT_name("d")
     337                      .dwattr $C$DW$23, DW_AT_TI_symbol_name("_d")
     338                      .dwattr $C$DW$23, DW_AT_type(*$C$DW$T$19)
     339                      .dwattr $C$DW$23, DW_AT_location[DW_OP_breg20 -4]
     340              $C$DW$24        .dwtag  DW_TAG_variable, DW_AT_name("byteLength")
     341                      .dwattr $C$DW$24, DW_AT_TI_symbol_name("_byteLength")
     342                      .dwattr $C$DW$24, DW_AT_type(*$C$DW$T$19)
     343                      .dwattr $C$DW$24, DW_AT_location[DW_OP_breg20 -5]
     344 00000002 A842          MOVL      *-SP[2],XAR4          ; [CPU_] |50| 
     345                      .dwpsn  file "C:/work/grepos/device_support/device_support/f2837x/F2837x_bootROM_dev/F2837x_bootROM/c
     346 00000003 9A00          MOVB      AL,#0                 ; [CPU_] |53| 
     347 00000004 9644          MOV       *-SP[4],AL            ; [CPU_] |53| 
     348 00000005 9643          MOV       *-SP[3],AL            ; [CPU_] |53| 
     349                      .dwpsn  file "C:/work/grepos/device_support/device_support/f2837x/F2837x_bootROM_dev/F2837x_bootROM/c
     350 00000006 761F+         MOVW      DP,#_dfuConfigDescriptor ; [CPU_U] 
         00000007 0000 
     351 00000008 C620+         MOVB      AL.LSB,@_dfuConfigDescriptor ; [CPU_] |54| 
     352 00000009 9645          MOV       *-SP[5],AL            ; [CPU_] |54| 
     353                      .dwpsn  file "C:/work/grepos/device_support/device_support/f2837x/F2837x_bootROM_dev/F2837x_bootROM/c
     354 0000000a 9345          MOV       AH,*-SP[5]            ; [CPU_] |55| 
     355 0000000b 9CFF          ADDB      AL,#-1                ; [CPU_] |55| 
     356 0000000c 5300          CMPB      AH,#0                 ; [CPU_] |55| 
     357 0000000d 9645          MOV       *-SP[5],AL            ; [CPU_] |55| 
     358 0000000e EC0E          BF        $C$L2,EQ              ; [CPU_] |55| 
     359                      ; branchcc occurs ; [] |55| 
     360 0000000f       $C$L1:    
     361 0000000f       $C$DW$L$_CombineUsbDescriptors$2$B:
     362                      .dwpsn  file "C:/work/grepos/device_support/device_support/f2837x/F2837x_bootROM_dev/F2837x_bootROM/c
     363 0000000f 5844          MOVZ      AR0,*-SP[4]           ; [CPU_] |57| 
     364 00000010 8342          MOVL      XAR5,*-SP[2]          ; [CPU_] |57| 
     365 00000011 5943          MOVZ      AR1,*-SP[3]           ; [CPU_] |57| 
     366 00000012 8F00+         MOVL      XAR4,#_dfuConfigDescriptor ; [CPU_U] |57| 
         00000013 0020 
     367 00000014 C694          MOVB      AL.LSB,*+XAR4[AR0]    ; [CPU_] |57| 
     368 00000015 3C9D          MOVB      *+XAR5[AR1],AL.LSB    ; [CPU_] |57| 
     369                      .dwpsn  file "C:/work/grepos/device_support/device_support/f2837x/F2837x_bootROM_dev/F2837x_bootROM/c
     370 00000016 0A43          INC       *-SP[3]               ; [CPU_] |58| 
     371                      .dwpsn  file "C:/work/grepos/device_support/device_support/f2837x/F2837x_bootROM_dev/F2837x_bootROM/c
     372 00000017 0A44          INC       *-SP[4]               ; [CPU_] |58| 
     373                      .dwpsn  file "C:/work/grepos/device_support/device_support/f2837x/F2837x_bootROM_dev/F2837x_bootROM/c
TMS320C2000 Assembler PC v6.1.3 Tue Oct 01 15:27:20 2013

Tools Copyright (c) 1996-2012 Texas Instruments Incorporated
C:\Users\a0272466\AppData\Local\Temp\0902810                         PAGE    8

     374 00000018 9345          MOV       AH,*-SP[5]            ; [CPU_] |55| 
     375 00000019 0B45          DEC       *-SP[5]               ; [CPU_] |55| 
     376 0000001a 5300          CMPB      AH,#0                 ; [CPU_] |55| 
     377 0000001b EDF4          BF        $C$L1,NEQ             ; [CPU_] |55| 
     378                      ; branchcc occurs ; [] |55| 
     379 0000001c       $C$DW$L$_CombineUsbDescriptors$2$E:
     380 0000001c       $C$L2:    
     381                      .dwpsn  file "C:/work/grepos/device_support/device_support/f2837x/F2837x_bootROM_dev/F2837x_bootROM/c
     382 0000001c 2B44          MOV       *-SP[4],#0            ; [CPU_] |61| 
     383                      .dwpsn  file "C:/work/grepos/device_support/device_support/f2837x/F2837x_bootROM_dev/F2837x_bootROM/c
     384 0000001d 761F+         MOVW      DP,#_dfuInterfaceDescriptor ; [CPU_U] 
         0000001e 0000 
     385 0000001f C616+         MOVB      AL.LSB,@_dfuInterfaceDescriptor ; [CPU_] |62| 
     386 00000020 9645          MOV       *-SP[5],AL            ; [CPU_] |62| 
     387                      .dwpsn  file "C:/work/grepos/device_support/device_support/f2837x/F2837x_bootROM_dev/F2837x_bootROM/c
     388 00000021 9345          MOV       AH,*-SP[5]            ; [CPU_] |63| 
     389 00000022 9CFF          ADDB      AL,#-1                ; [CPU_] |63| 
     390 00000023 5300          CMPB      AH,#0                 ; [CPU_] |63| 
     391 00000024 9645          MOV       *-SP[5],AL            ; [CPU_] |63| 
     392 00000025 EC0E          BF        $C$L4,EQ              ; [CPU_] |63| 
     393                      ; branchcc occurs ; [] |63| 
     394 00000026       $C$L3:    
     395 00000026       $C$DW$L$_CombineUsbDescriptors$4$B:
     396                      .dwpsn  file "C:/work/grepos/device_support/device_support/f2837x/F2837x_bootROM_dev/F2837x_bootROM/c
     397 00000026 5844          MOVZ      AR0,*-SP[4]           ; [CPU_] |65| 
     398 00000027 8342          MOVL      XAR5,*-SP[2]          ; [CPU_] |65| 
     399 00000028 5943          MOVZ      AR1,*-SP[3]           ; [CPU_] |65| 
     400 00000029 8F00+         MOVL      XAR4,#_dfuInterfaceDescriptor ; [CPU_U] |65| 
         0000002a 0016 
     401 0000002b C694          MOVB      AL.LSB,*+XAR4[AR0]    ; [CPU_] |65| 
     402 0000002c 3C9D          MOVB      *+XAR5[AR1],AL.LSB    ; [CPU_] |65| 
     403                      .dwpsn  file "C:/work/grepos/device_support/device_support/f2837x/F2837x_bootROM_dev/F2837x_bootROM/c
     404 0000002d 0A43          INC       *-SP[3]               ; [CPU_] |66| 
     405                      .dwpsn  file "C:/work/grepos/device_support/device_support/f2837x/F2837x_bootROM_dev/F2837x_bootROM/c
     406 0000002e 0A44          INC       *-SP[4]               ; [CPU_] |66| 
     407                      .dwpsn  file "C:/work/grepos/device_support/device_support/f2837x/F2837x_bootROM_dev/F2837x_bootROM/c
     408 0000002f 9345          MOV       AH,*-SP[5]            ; [CPU_] |63| 
     409 00000030 0B45          DEC       *-SP[5]               ; [CPU_] |63| 
     410 00000031 5300          CMPB      AH,#0                 ; [CPU_] |63| 
     411 00000032 EDF4          BF        $C$L3,NEQ             ; [CPU_] |63| 
     412                      ; branchcc occurs ; [] |63| 
     413 00000033       $C$DW$L$_CombineUsbDescriptors$4$E:
     414 00000033       $C$L4:    
     415                      .dwpsn  file "C:/work/grepos/device_support/device_support/f2837x/F2837x_bootROM_dev/F2837x_bootROM/c
     416 00000033 56BF          MOVB      *-SP[4],#1,UNC        ; [CPU_] |70| 
         00000034 0144 
     417                      .dwpsn  file "C:/work/grepos/device_support/device_support/f2837x/F2837x_bootROM_dev/F2837x_bootROM/c
     418 00000035 761F+         MOVW      DP,#_dfuFunctionalDescriptor ; [CPU_U] 
         00000036 0000 
     419 00000037 921B+         MOV       AL,@_dfuFunctionalDescriptor ; [CPU_] |71| 
     420 00000038 FFC7          LSR       AL,8                  ; [CPU_] |71| 
     421 00000039 9645          MOV       *-SP[5],AL            ; [CPU_] |71| 
     422                      .dwpsn  file "C:/work/grepos/device_support/device_support/f2837x/F2837x_bootROM_dev/F2837x_bootROM/c
     423 0000003a 9345          MOV       AH,*-SP[5]            ; [CPU_] |72| 
     424 0000003b 9CFF          ADDB      AL,#-1                ; [CPU_] |72| 
TMS320C2000 Assembler PC v6.1.3 Tue Oct 01 15:27:20 2013

Tools Copyright (c) 1996-2012 Texas Instruments Incorporated
C:\Users\a0272466\AppData\Local\Temp\0902810                         PAGE    9

     425 0000003c 9645          MOV       *-SP[5],AL            ; [CPU_] |72| 
     426 0000003d 5300          CMPB      AH,#0                 ; [CPU_] |72| 
     427 0000003e EC0E          BF        $C$L6,EQ              ; [CPU_] |72| 
     428                      ; branchcc occurs ; [] |72| 
     429 0000003f       $C$L5:    
     430 0000003f       $C$DW$L$_CombineUsbDescriptors$6$B:
     431                      .dwpsn  file "C:/work/grepos/device_support/device_support/f2837x/F2837x_bootROM_dev/F2837x_bootROM/c
     432 0000003f 5844          MOVZ      AR0,*-SP[4]           ; [CPU_] |74| 
     433 00000040 8342          MOVL      XAR5,*-SP[2]          ; [CPU_] |74| 
     434 00000041 5943          MOVZ      AR1,*-SP[3]           ; [CPU_] |74| 
     435 00000042 8F00+         MOVL      XAR4,#_dfuFunctionalDescriptor ; [CPU_U] |74| 
         00000043 001B 
     436 00000044 C694          MOVB      AL.LSB,*+XAR4[AR0]    ; [CPU_] |74| 
     437 00000045 3C9D          MOVB      *+XAR5[AR1],AL.LSB    ; [CPU_] |74| 
     438                      .dwpsn  file "C:/work/grepos/device_support/device_support/f2837x/F2837x_bootROM_dev/F2837x_bootROM/c
     439 00000046 0A43          INC       *-SP[3]               ; [CPU_] |75| 
     440                      .dwpsn  file "C:/work/grepos/device_support/device_support/f2837x/F2837x_bootROM_dev/F2837x_bootROM/c
     441 00000047 0A44          INC       *-SP[4]               ; [CPU_] |75| 
     442                      .dwpsn  file "C:/work/grepos/device_support/device_support/f2837x/F2837x_bootROM_dev/F2837x_bootROM/c
     443 00000048 9345          MOV       AH,*-SP[5]            ; [CPU_] |72| 
     444 00000049 0B45          DEC       *-SP[5]               ; [CPU_] |72| 
     445 0000004a 5300          CMPB      AH,#0                 ; [CPU_] |72| 
     446 0000004b EDF4          BF        $C$L5,NEQ             ; [CPU_] |72| 
     447                      ; branchcc occurs ; [] |72| 
     448 0000004c       $C$DW$L$_CombineUsbDescriptors$6$E:
     449 0000004c       $C$L6:    
     450                      .dwpsn  file "C:/work/grepos/device_support/device_support/f2837x/F2837x_bootROM_dev/F2837x_bootROM/c
     451 0000004c 761F+         MOVW      DP,#_dfuConfigDescriptor ; [CPU_U] 
         0000004d 0000 
     452 0000004e 9320+         MOV       AH,@_dfuConfigDescriptor ; [CPU_] |79| 
     453 0000004f 761F+         MOVW      DP,#_dfuInterfaceDescriptor ; [CPU_U] 
         00000050 0000 
     454 00000051 8A42          MOVL      XAR4,*-SP[2]          ; [CPU_] |79| 
     455 00000052 9216+         MOV       AL,@_dfuInterfaceDescriptor ; [CPU_] |79| 
     456 00000053 91FF          ANDB      AH,#0xff              ; [CPU_] |79| 
     457 00000054 90FF          ANDB      AL,#0xff              ; [CPU_] |79| 
     458 00000055 761F+         MOVW      DP,#_dfuFunctionalDescriptor ; [CPU_U] 
         00000056 0000 
     459 00000057 94A8          ADD       AL,AH                 ; [CPU_] |79| 
     460 00000058 931B+         MOV       AH,@_dfuFunctionalDescriptor ; [CPU_] |79| 
     461 00000059 FFD7          LSR       AH,8                  ; [CPU_] |79| 
     462 0000005a 95A9          ADD       AH,AL                 ; [CPU_] |79| 
     463 0000005b 97CC          MOV       *+XAR4[1],AH          ; [CPU_] |79| 
     464                      .dwpsn  file "C:/work/grepos/device_support/device_support/f2837x/F2837x_bootROM_dev/F2837x_bootROM/c
     465 0000005c FE86          SUBB      SP,#6                 ; [CPU_U] 
     466                      .dwcfi  cfa_offset, -4
     467 0000005d 8BBE          MOVL      XAR1,*--SP            ; [CPU_] 
     468                      .dwcfi  cfa_offset, -2
     469                      .dwcfi  restore_reg, 7
     470              $C$DW$25        .dwtag  DW_TAG_TI_branch
     471                      .dwattr $C$DW$25, DW_AT_low_pc(0x00)
     472                      .dwattr $C$DW$25, DW_AT_TI_return
     473 0000005e 0006          LRETR     ; [CPU_] 
     474                      ; return occurs ; [] 
     475              
TMS320C2000 Assembler PC v6.1.3 Tue Oct 01 15:27:20 2013

Tools Copyright (c) 1996-2012 Texas Instruments Incorporated
C:\Users\a0272466\AppData\Local\Temp\0902810                         PAGE   10

     476              $C$DW$26        .dwtag  DW_TAG_TI_loop
     477                      .dwattr $C$DW$26, DW_AT_name("C:\\Users\\a0272466\\AppData\\Local\\Temp\\0902810:$C$L5:1:1380659240")
     478                      .dwattr $C$DW$26, DW_AT_TI_begin_file("C:/work/grepos/device_support/device_support/f2837x/F2837x_boo
     479                      .dwattr $C$DW$26, DW_AT_TI_begin_line(0x48)
     480                      .dwattr $C$DW$26, DW_AT_TI_end_line(0x4c)
     481              $C$DW$27        .dwtag  DW_TAG_TI_loop_range
     482                      .dwattr $C$DW$27, DW_AT_low_pc($C$DW$L$_CombineUsbDescriptors$6$B)
     483                      .dwattr $C$DW$27, DW_AT_high_pc($C$DW$L$_CombineUsbDescriptors$6$E)
     484                      .dwendtag $C$DW$26
     485              
     486              
     487              $C$DW$28        .dwtag  DW_TAG_TI_loop
     488                      .dwattr $C$DW$28, DW_AT_name("C:\\Users\\a0272466\\AppData\\Local\\Temp\\0902810:$C$L3:1:1380659240")
     489                      .dwattr $C$DW$28, DW_AT_TI_begin_file("C:/work/grepos/device_support/device_support/f2837x/F2837x_boo
     490                      .dwattr $C$DW$28, DW_AT_TI_begin_line(0x3f)
     491                      .dwattr $C$DW$28, DW_AT_TI_end_line(0x43)
     492              $C$DW$29        .dwtag  DW_TAG_TI_loop_range
     493                      .dwattr $C$DW$29, DW_AT_low_pc($C$DW$L$_CombineUsbDescriptors$4$B)
     494                      .dwattr $C$DW$29, DW_AT_high_pc($C$DW$L$_CombineUsbDescriptors$4$E)
     495                      .dwendtag $C$DW$28
     496              
     497              
     498              $C$DW$30        .dwtag  DW_TAG_TI_loop
     499                      .dwattr $C$DW$30, DW_AT_name("C:\\Users\\a0272466\\AppData\\Local\\Temp\\0902810:$C$L1:1:1380659240")
     500                      .dwattr $C$DW$30, DW_AT_TI_begin_file("C:/work/grepos/device_support/device_support/f2837x/F2837x_boo
     501                      .dwattr $C$DW$30, DW_AT_TI_begin_line(0x37)
     502                      .dwattr $C$DW$30, DW_AT_TI_end_line(0x3b)
     503              $C$DW$31        .dwtag  DW_TAG_TI_loop_range
     504                      .dwattr $C$DW$31, DW_AT_low_pc($C$DW$L$_CombineUsbDescriptors$2$B)
     505                      .dwattr $C$DW$31, DW_AT_high_pc($C$DW$L$_CombineUsbDescriptors$2$E)
     506                      .dwendtag $C$DW$30
     507              
     508                      .dwattr $C$DW$19, DW_AT_TI_end_file("C:/work/grepos/device_support/device_support/f2837x/F2837x_bootR
     509                      .dwattr $C$DW$19, DW_AT_TI_end_line(0x52)
     510                      .dwattr $C$DW$19, DW_AT_TI_end_column(0x01)
     511                      .dwendentry
     512                      .dwendtag $C$DW$19
     513              
     514              
     515              ;***************************************************************
     516              ;* TYPE INFORMATION                                            *
     517              ;***************************************************************
     518              
     519              $C$DW$T$20      .dwtag  DW_TAG_structure_type
     520                      .dwattr $C$DW$T$20, DW_AT_byte_size(0x09)
     521              $C$DW$32        .dwtag  DW_TAG_member
     522                      .dwattr $C$DW$32, DW_AT_type(*$C$DW$T$19)
     523                      .dwattr $C$DW$32, DW_AT_name("bDescriptorType_bLength")
     524                      .dwattr $C$DW$32, DW_AT_TI_symbol_name("_bDescriptorType_bLength")
     525                      .dwattr $C$DW$32, DW_AT_data_member_location[DW_OP_plus_uconst 0x0]
     526                      .dwattr $C$DW$32, DW_AT_accessibility(DW_ACCESS_public)
     527              $C$DW$33        .dwtag  DW_TAG_member
     528                      .dwattr $C$DW$33, DW_AT_type(*$C$DW$T$19)
     529                      .dwattr $C$DW$33, DW_AT_name("bcdUSB")
     530                      .dwattr $C$DW$33, DW_AT_TI_symbol_name("_bcdUSB")
TMS320C2000 Assembler PC v6.1.3 Tue Oct 01 15:27:20 2013

Tools Copyright (c) 1996-2012 Texas Instruments Incorporated
C:\Users\a0272466\AppData\Local\Temp\0902810                         PAGE   11

     531                      .dwattr $C$DW$33, DW_AT_data_member_location[DW_OP_plus_uconst 0x1]
     532                      .dwattr $C$DW$33, DW_AT_accessibility(DW_ACCESS_public)
     533              $C$DW$34        .dwtag  DW_TAG_member
     534                      .dwattr $C$DW$34, DW_AT_type(*$C$DW$T$19)
     535                      .dwattr $C$DW$34, DW_AT_name("bDeviceSubClass_bDeviceClass")
     536                      .dwattr $C$DW$34, DW_AT_TI_symbol_name("_bDeviceSubClass_bDeviceClass")
     537                      .dwattr $C$DW$34, DW_AT_data_member_location[DW_OP_plus_uconst 0x2]
     538                      .dwattr $C$DW$34, DW_AT_accessibility(DW_ACCESS_public)
     539              $C$DW$35        .dwtag  DW_TAG_member
     540                      .dwattr $C$DW$35, DW_AT_type(*$C$DW$T$19)
     541                      .dwattr $C$DW$35, DW_AT_name("bMaxPacketSize_bDeviceProtocol")
     542                      .dwattr $C$DW$35, DW_AT_TI_symbol_name("_bMaxPacketSize_bDeviceProtocol")
     543                      .dwattr $C$DW$35, DW_AT_data_member_location[DW_OP_plus_uconst 0x3]
     544                      .dwattr $C$DW$35, DW_AT_accessibility(DW_ACCESS_public)
     545              $C$DW$36        .dwtag  DW_TAG_member
     546                      .dwattr $C$DW$36, DW_AT_type(*$C$DW$T$19)
     547                      .dwattr $C$DW$36, DW_AT_name("idVendor")
     548                      .dwattr $C$DW$36, DW_AT_TI_symbol_name("_idVendor")
     549                      .dwattr $C$DW$36, DW_AT_data_member_location[DW_OP_plus_uconst 0x4]
     550                      .dwattr $C$DW$36, DW_AT_accessibility(DW_ACCESS_public)
     551              $C$DW$37        .dwtag  DW_TAG_member
     552                      .dwattr $C$DW$37, DW_AT_type(*$C$DW$T$19)
     553                      .dwattr $C$DW$37, DW_AT_name("idProduct")
     554                      .dwattr $C$DW$37, DW_AT_TI_symbol_name("_idProduct")
     555                      .dwattr $C$DW$37, DW_AT_data_member_location[DW_OP_plus_uconst 0x5]
     556                      .dwattr $C$DW$37, DW_AT_accessibility(DW_ACCESS_public)
     557              $C$DW$38        .dwtag  DW_TAG_member
     558                      .dwattr $C$DW$38, DW_AT_type(*$C$DW$T$19)
     559                      .dwattr $C$DW$38, DW_AT_name("bcdDevice")
     560                      .dwattr $C$DW$38, DW_AT_TI_symbol_name("_bcdDevice")
     561                      .dwattr $C$DW$38, DW_AT_data_member_location[DW_OP_plus_uconst 0x6]
     562                      .dwattr $C$DW$38, DW_AT_accessibility(DW_ACCESS_public)
     563              $C$DW$39        .dwtag  DW_TAG_member
     564                      .dwattr $C$DW$39, DW_AT_type(*$C$DW$T$19)
     565                      .dwattr $C$DW$39, DW_AT_name("iProduct_iManufacturer")
     566                      .dwattr $C$DW$39, DW_AT_TI_symbol_name("_iProduct_iManufacturer")
     567                      .dwattr $C$DW$39, DW_AT_data_member_location[DW_OP_plus_uconst 0x7]
     568                      .dwattr $C$DW$39, DW_AT_accessibility(DW_ACCESS_public)
     569              $C$DW$40        .dwtag  DW_TAG_member
     570                      .dwattr $C$DW$40, DW_AT_type(*$C$DW$T$19)
     571                      .dwattr $C$DW$40, DW_AT_name("bNumConfigurations_iSerialNumber")
     572                      .dwattr $C$DW$40, DW_AT_TI_symbol_name("_bNumConfigurations_iSerialNumber")
     573                      .dwattr $C$DW$40, DW_AT_data_member_location[DW_OP_plus_uconst 0x8]
     574                      .dwattr $C$DW$40, DW_AT_accessibility(DW_ACCESS_public)
     575                      .dwendtag $C$DW$T$20
     576              
     577              $C$DW$T$28      .dwtag  DW_TAG_typedef, DW_AT_name("sUsbDeviceDescriptor")
     578                      .dwattr $C$DW$T$28, DW_AT_type(*$C$DW$T$20)
     579                      .dwattr $C$DW$T$28, DW_AT_language(DW_LANG_C)
     580              $C$DW$41        .dwtag  DW_TAG_TI_far_type
     581                      .dwattr $C$DW$41, DW_AT_type(*$C$DW$T$28)
     582              $C$DW$T$29      .dwtag  DW_TAG_const_type
     583                      .dwattr $C$DW$T$29, DW_AT_type(*$C$DW$41)
     584              
     585              $C$DW$T$21      .dwtag  DW_TAG_structure_type
TMS320C2000 Assembler PC v6.1.3 Tue Oct 01 15:27:20 2013

Tools Copyright (c) 1996-2012 Texas Instruments Incorporated
C:\Users\a0272466\AppData\Local\Temp\0902810                         PAGE   12

     586                      .dwattr $C$DW$T$21, DW_AT_byte_size(0x05)
     587              $C$DW$42        .dwtag  DW_TAG_member
     588                      .dwattr $C$DW$42, DW_AT_type(*$C$DW$T$19)
     589                      .dwattr $C$DW$42, DW_AT_name("bDescriptorType_bLength")
     590                      .dwattr $C$DW$42, DW_AT_TI_symbol_name("_bDescriptorType_bLength")
     591                      .dwattr $C$DW$42, DW_AT_data_member_location[DW_OP_plus_uconst 0x0]
     592                      .dwattr $C$DW$42, DW_AT_accessibility(DW_ACCESS_public)
     593              $C$DW$43        .dwtag  DW_TAG_member
     594                      .dwattr $C$DW$43, DW_AT_type(*$C$DW$T$19)
     595                      .dwattr $C$DW$43, DW_AT_name("wTotalLength")
     596                      .dwattr $C$DW$43, DW_AT_TI_symbol_name("_wTotalLength")
     597                      .dwattr $C$DW$43, DW_AT_data_member_location[DW_OP_plus_uconst 0x1]
     598                      .dwattr $C$DW$43, DW_AT_accessibility(DW_ACCESS_public)
     599              $C$DW$44        .dwtag  DW_TAG_member
     600                      .dwattr $C$DW$44, DW_AT_type(*$C$DW$T$19)
     601                      .dwattr $C$DW$44, DW_AT_name("bConfigurationValue_bNumInterfaces")
     602                      .dwattr $C$DW$44, DW_AT_TI_symbol_name("_bConfigurationValue_bNumInterfaces")
     603                      .dwattr $C$DW$44, DW_AT_data_member_location[DW_OP_plus_uconst 0x2]
     604                      .dwattr $C$DW$44, DW_AT_accessibility(DW_ACCESS_public)
     605              $C$DW$45        .dwtag  DW_TAG_member
     606                      .dwattr $C$DW$45, DW_AT_type(*$C$DW$T$19)
     607                      .dwattr $C$DW$45, DW_AT_name("bmAttributes_iConfiguration")
     608                      .dwattr $C$DW$45, DW_AT_TI_symbol_name("_bmAttributes_iConfiguration")
     609                      .dwattr $C$DW$45, DW_AT_data_member_location[DW_OP_plus_uconst 0x3]
     610                      .dwattr $C$DW$45, DW_AT_accessibility(DW_ACCESS_public)
     611              $C$DW$46        .dwtag  DW_TAG_member
     612                      .dwattr $C$DW$46, DW_AT_type(*$C$DW$T$19)
     613                      .dwattr $C$DW$46, DW_AT_name("padding_bMaxPower")
     614                      .dwattr $C$DW$46, DW_AT_TI_symbol_name("_padding_bMaxPower")
     615                      .dwattr $C$DW$46, DW_AT_data_member_location[DW_OP_plus_uconst 0x4]
     616                      .dwattr $C$DW$46, DW_AT_accessibility(DW_ACCESS_public)
     617                      .dwendtag $C$DW$T$21
     618              
     619              $C$DW$T$30      .dwtag  DW_TAG_typedef, DW_AT_name("sUsbConfigDescriptor")
     620                      .dwattr $C$DW$T$30, DW_AT_type(*$C$DW$T$21)
     621                      .dwattr $C$DW$T$30, DW_AT_language(DW_LANG_C)
     622              $C$DW$47        .dwtag  DW_TAG_TI_far_type
     623                      .dwattr $C$DW$47, DW_AT_type(*$C$DW$T$30)
     624              $C$DW$T$31      .dwtag  DW_TAG_const_type
     625                      .dwattr $C$DW$T$31, DW_AT_type(*$C$DW$47)
     626              
     627              $C$DW$T$22      .dwtag  DW_TAG_structure_type
     628                      .dwattr $C$DW$T$22, DW_AT_byte_size(0x05)
     629              $C$DW$48        .dwtag  DW_TAG_member
     630                      .dwattr $C$DW$48, DW_AT_type(*$C$DW$T$19)
     631                      .dwattr $C$DW$48, DW_AT_name("bDescriptorType_bLength")
     632                      .dwattr $C$DW$48, DW_AT_TI_symbol_name("_bDescriptorType_bLength")
     633                      .dwattr $C$DW$48, DW_AT_data_member_location[DW_OP_plus_uconst 0x0]
     634                      .dwattr $C$DW$48, DW_AT_accessibility(DW_ACCESS_public)
     635              $C$DW$49        .dwtag  DW_TAG_member
     636                      .dwattr $C$DW$49, DW_AT_type(*$C$DW$T$19)
     637                      .dwattr $C$DW$49, DW_AT_name("bAlternateSetting_bInterfaceNumber")
     638                      .dwattr $C$DW$49, DW_AT_TI_symbol_name("_bAlternateSetting_bInterfaceNumber")
     639                      .dwattr $C$DW$49, DW_AT_data_member_location[DW_OP_plus_uconst 0x1]
     640                      .dwattr $C$DW$49, DW_AT_accessibility(DW_ACCESS_public)
TMS320C2000 Assembler PC v6.1.3 Tue Oct 01 15:27:20 2013

Tools Copyright (c) 1996-2012 Texas Instruments Incorporated
C:\Users\a0272466\AppData\Local\Temp\0902810                         PAGE   13

     641              $C$DW$50        .dwtag  DW_TAG_member
     642                      .dwattr $C$DW$50, DW_AT_type(*$C$DW$T$19)
     643                      .dwattr $C$DW$50, DW_AT_name("bInterfaceClass_bNumEndpoints")
     644                      .dwattr $C$DW$50, DW_AT_TI_symbol_name("_bInterfaceClass_bNumEndpoints")
     645                      .dwattr $C$DW$50, DW_AT_data_member_location[DW_OP_plus_uconst 0x2]
     646                      .dwattr $C$DW$50, DW_AT_accessibility(DW_ACCESS_public)
     647              $C$DW$51        .dwtag  DW_TAG_member
     648                      .dwattr $C$DW$51, DW_AT_type(*$C$DW$T$19)
     649                      .dwattr $C$DW$51, DW_AT_name("bInterfaceProtocol_bInterfaceSubclass")
     650                      .dwattr $C$DW$51, DW_AT_TI_symbol_name("_bInterfaceProtocol_bInterfaceSubclass")
     651                      .dwattr $C$DW$51, DW_AT_data_member_location[DW_OP_plus_uconst 0x3]
     652                      .dwattr $C$DW$51, DW_AT_accessibility(DW_ACCESS_public)
     653              $C$DW$52        .dwtag  DW_TAG_member
     654                      .dwattr $C$DW$52, DW_AT_type(*$C$DW$T$19)
     655                      .dwattr $C$DW$52, DW_AT_name("padding_iInterface")
     656                      .dwattr $C$DW$52, DW_AT_TI_symbol_name("_padding_iInterface")
     657                      .dwattr $C$DW$52, DW_AT_data_member_location[DW_OP_plus_uconst 0x4]
     658                      .dwattr $C$DW$52, DW_AT_accessibility(DW_ACCESS_public)
     659                      .dwendtag $C$DW$T$22
     660              
     661              $C$DW$T$33      .dwtag  DW_TAG_typedef, DW_AT_name("sUsbInterfaceDescriptor")
     662                      .dwattr $C$DW$T$33, DW_AT_type(*$C$DW$T$22)
     663                      .dwattr $C$DW$T$33, DW_AT_language(DW_LANG_C)
     664              $C$DW$53        .dwtag  DW_TAG_TI_far_type
     665                      .dwattr $C$DW$53, DW_AT_type(*$C$DW$T$33)
     666              $C$DW$T$34      .dwtag  DW_TAG_const_type
     667                      .dwattr $C$DW$T$34, DW_AT_type(*$C$DW$53)
     668              
     669              $C$DW$T$23      .dwtag  DW_TAG_structure_type
     670                      .dwattr $C$DW$T$23, DW_AT_byte_size(0x05)
     671              $C$DW$54        .dwtag  DW_TAG_member
     672                      .dwattr $C$DW$54, DW_AT_type(*$C$DW$T$19)
     673                      .dwattr $C$DW$54, DW_AT_name("bLength_padding")
     674                      .dwattr $C$DW$54, DW_AT_TI_symbol_name("_bLength_padding")
     675                      .dwattr $C$DW$54, DW_AT_data_member_location[DW_OP_plus_uconst 0x0]
     676                      .dwattr $C$DW$54, DW_AT_accessibility(DW_ACCESS_public)
     677              $C$DW$55        .dwtag  DW_TAG_member
     678                      .dwattr $C$DW$55, DW_AT_type(*$C$DW$T$19)
     679                      .dwattr $C$DW$55, DW_AT_name("bmAttributes_bDescriptorType")
     680                      .dwattr $C$DW$55, DW_AT_TI_symbol_name("_bmAttributes_bDescriptorType")
     681                      .dwattr $C$DW$55, DW_AT_data_member_location[DW_OP_plus_uconst 0x1]
     682                      .dwattr $C$DW$55, DW_AT_accessibility(DW_ACCESS_public)
     683              $C$DW$56        .dwtag  DW_TAG_member
     684                      .dwattr $C$DW$56, DW_AT_type(*$C$DW$T$19)
     685                      .dwattr $C$DW$56, DW_AT_name("wDetachTimeout")
     686                      .dwattr $C$DW$56, DW_AT_TI_symbol_name("_wDetachTimeout")
     687                      .dwattr $C$DW$56, DW_AT_data_member_location[DW_OP_plus_uconst 0x2]
     688                      .dwattr $C$DW$56, DW_AT_accessibility(DW_ACCESS_public)
     689              $C$DW$57        .dwtag  DW_TAG_member
     690                      .dwattr $C$DW$57, DW_AT_type(*$C$DW$T$19)
     691                      .dwattr $C$DW$57, DW_AT_name("wTransferSize")
     692                      .dwattr $C$DW$57, DW_AT_TI_symbol_name("_wTransferSize")
     693                      .dwattr $C$DW$57, DW_AT_data_member_location[DW_OP_plus_uconst 0x3]
     694                      .dwattr $C$DW$57, DW_AT_accessibility(DW_ACCESS_public)
     695              $C$DW$58        .dwtag  DW_TAG_member
TMS320C2000 Assembler PC v6.1.3 Tue Oct 01 15:27:20 2013

Tools Copyright (c) 1996-2012 Texas Instruments Incorporated
C:\Users\a0272466\AppData\Local\Temp\0902810                         PAGE   14

     696                      .dwattr $C$DW$58, DW_AT_type(*$C$DW$T$19)
     697                      .dwattr $C$DW$58, DW_AT_name("bcdDFUVersion")
     698                      .dwattr $C$DW$58, DW_AT_TI_symbol_name("_bcdDFUVersion")
     699                      .dwattr $C$DW$58, DW_AT_data_member_location[DW_OP_plus_uconst 0x4]
     700                      .dwattr $C$DW$58, DW_AT_accessibility(DW_ACCESS_public)
     701                      .dwendtag $C$DW$T$23
     702              
     703              $C$DW$T$36      .dwtag  DW_TAG_typedef, DW_AT_name("sPrepadDfuFunctionalDescriptor")
     704                      .dwattr $C$DW$T$36, DW_AT_type(*$C$DW$T$23)
     705                      .dwattr $C$DW$T$36, DW_AT_language(DW_LANG_C)
     706              $C$DW$59        .dwtag  DW_TAG_TI_far_type
     707                      .dwattr $C$DW$59, DW_AT_type(*$C$DW$T$36)
     708              $C$DW$T$37      .dwtag  DW_TAG_const_type
     709                      .dwattr $C$DW$T$37, DW_AT_type(*$C$DW$59)
     710              
     711              $C$DW$T$27      .dwtag  DW_TAG_structure_type
     712                      .dwattr $C$DW$T$27, DW_AT_byte_size(0x04)
     713              $C$DW$60        .dwtag  DW_TAG_member
     714                      .dwattr $C$DW$60, DW_AT_type(*$C$DW$T$19)
     715                      .dwattr $C$DW$60, DW_AT_name("bDescriptorType_bLength")
     716                      .dwattr $C$DW$60, DW_AT_TI_symbol_name("_bDescriptorType_bLength")
     717                      .dwattr $C$DW$60, DW_AT_data_member_location[DW_OP_plus_uconst 0x0]
     718                      .dwattr $C$DW$60, DW_AT_accessibility(DW_ACCESS_public)
     719              $C$DW$61        .dwtag  DW_TAG_member
     720                      .dwattr $C$DW$61, DW_AT_type(*$C$DW$T$26)
     721                      .dwattr $C$DW$61, DW_AT_name("bString")
     722                      .dwattr $C$DW$61, DW_AT_TI_symbol_name("_bString")
     723                      .dwattr $C$DW$61, DW_AT_data_member_location[DW_OP_plus_uconst 0x2]
     724                      .dwattr $C$DW$61, DW_AT_accessibility(DW_ACCESS_public)
     725                      .dwendtag $C$DW$T$27
     726              
     727              $C$DW$T$39      .dwtag  DW_TAG_typedef, DW_AT_name("sUsbStringDescriptor")
     728                      .dwattr $C$DW$T$39, DW_AT_type(*$C$DW$T$27)
     729                      .dwattr $C$DW$T$39, DW_AT_language(DW_LANG_C)
     730              $C$DW$62        .dwtag  DW_TAG_TI_far_type
     731                      .dwattr $C$DW$62, DW_AT_type(*$C$DW$T$39)
     732              $C$DW$T$40      .dwtag  DW_TAG_const_type
     733                      .dwattr $C$DW$T$40, DW_AT_type(*$C$DW$62)
     734              $C$DW$T$41      .dwtag  DW_TAG_pointer_type
     735                      .dwattr $C$DW$T$41, DW_AT_type(*$C$DW$T$40)
     736                      .dwattr $C$DW$T$41, DW_AT_address_class(0x16)
     737              $C$DW$63        .dwtag  DW_TAG_TI_far_type
     738                      .dwattr $C$DW$63, DW_AT_type(*$C$DW$T$41)
     739              $C$DW$T$42      .dwtag  DW_TAG_const_type
     740                      .dwattr $C$DW$T$42, DW_AT_type(*$C$DW$63)
     741              
     742              $C$DW$T$43      .dwtag  DW_TAG_array_type
     743                      .dwattr $C$DW$T$43, DW_AT_type(*$C$DW$T$42)
     744                      .dwattr $C$DW$T$43, DW_AT_language(DW_LANG_C)
     745                      .dwattr $C$DW$T$43, DW_AT_byte_size(0x0a)
     746              $C$DW$64        .dwtag  DW_TAG_subrange_type
     747                      .dwattr $C$DW$64, DW_AT_upper_bound(0x04)
     748                      .dwendtag $C$DW$T$43
     749              
     750              $C$DW$T$4       .dwtag  DW_TAG_base_type
TMS320C2000 Assembler PC v6.1.3 Tue Oct 01 15:27:20 2013

Tools Copyright (c) 1996-2012 Texas Instruments Incorporated
C:\Users\a0272466\AppData\Local\Temp\0902810                         PAGE   15

     751                      .dwattr $C$DW$T$4, DW_AT_encoding(DW_ATE_boolean)
     752                      .dwattr $C$DW$T$4, DW_AT_name("bool")
     753                      .dwattr $C$DW$T$4, DW_AT_byte_size(0x01)
     754              $C$DW$T$5       .dwtag  DW_TAG_base_type
     755                      .dwattr $C$DW$T$5, DW_AT_encoding(DW_ATE_signed_char)
     756                      .dwattr $C$DW$T$5, DW_AT_name("signed char")
     757                      .dwattr $C$DW$T$5, DW_AT_byte_size(0x01)
     758              $C$DW$T$6       .dwtag  DW_TAG_base_type
     759                      .dwattr $C$DW$T$6, DW_AT_encoding(DW_ATE_unsigned_char)
     760                      .dwattr $C$DW$T$6, DW_AT_name("unsigned char")
     761                      .dwattr $C$DW$T$6, DW_AT_byte_size(0x01)
     762              $C$DW$T$7       .dwtag  DW_TAG_base_type
     763                      .dwattr $C$DW$T$7, DW_AT_encoding(DW_ATE_signed_char)
     764                      .dwattr $C$DW$T$7, DW_AT_name("wchar_t")
     765                      .dwattr $C$DW$T$7, DW_AT_byte_size(0x01)
     766              $C$DW$T$8       .dwtag  DW_TAG_base_type
     767                      .dwattr $C$DW$T$8, DW_AT_encoding(DW_ATE_signed)
     768                      .dwattr $C$DW$T$8, DW_AT_name("short")
     769                      .dwattr $C$DW$T$8, DW_AT_byte_size(0x01)
     770              $C$DW$T$9       .dwtag  DW_TAG_base_type
     771                      .dwattr $C$DW$T$9, DW_AT_encoding(DW_ATE_unsigned)
     772                      .dwattr $C$DW$T$9, DW_AT_name("unsigned short")
     773                      .dwattr $C$DW$T$9, DW_AT_byte_size(0x01)
     774              $C$DW$T$10      .dwtag  DW_TAG_base_type
     775                      .dwattr $C$DW$T$10, DW_AT_encoding(DW_ATE_signed)
     776                      .dwattr $C$DW$T$10, DW_AT_name("int")
     777                      .dwattr $C$DW$T$10, DW_AT_byte_size(0x01)
     778              $C$DW$T$46      .dwtag  DW_TAG_pointer_type
     779                      .dwattr $C$DW$T$46, DW_AT_type(*$C$DW$T$10)
     780                      .dwattr $C$DW$T$46, DW_AT_address_class(0x16)
     781              $C$DW$T$11      .dwtag  DW_TAG_base_type
     782                      .dwattr $C$DW$T$11, DW_AT_encoding(DW_ATE_unsigned)
     783                      .dwattr $C$DW$T$11, DW_AT_name("unsigned int")
     784                      .dwattr $C$DW$T$11, DW_AT_byte_size(0x01)
     785              $C$DW$T$19      .dwtag  DW_TAG_typedef, DW_AT_name("Uint16")
     786                      .dwattr $C$DW$T$19, DW_AT_type(*$C$DW$T$11)
     787                      .dwattr $C$DW$T$19, DW_AT_language(DW_LANG_C)
     788              $C$DW$T$44      .dwtag  DW_TAG_pointer_type
     789                      .dwattr $C$DW$T$44, DW_AT_type(*$C$DW$T$19)
     790                      .dwattr $C$DW$T$44, DW_AT_address_class(0x16)
     791              $C$DW$T$12      .dwtag  DW_TAG_base_type
     792                      .dwattr $C$DW$T$12, DW_AT_encoding(DW_ATE_signed)
     793                      .dwattr $C$DW$T$12, DW_AT_name("long")
     794                      .dwattr $C$DW$T$12, DW_AT_byte_size(0x02)
     795              $C$DW$T$13      .dwtag  DW_TAG_base_type
     796                      .dwattr $C$DW$T$13, DW_AT_encoding(DW_ATE_unsigned)
     797                      .dwattr $C$DW$T$13, DW_AT_name("unsigned long")
     798                      .dwattr $C$DW$T$13, DW_AT_byte_size(0x02)
     799              $C$DW$T$14      .dwtag  DW_TAG_base_type
     800                      .dwattr $C$DW$T$14, DW_AT_encoding(DW_ATE_signed)
     801                      .dwattr $C$DW$T$14, DW_AT_name("long long")
     802                      .dwattr $C$DW$T$14, DW_AT_byte_size(0x04)
     803              $C$DW$T$15      .dwtag  DW_TAG_base_type
     804                      .dwattr $C$DW$T$15, DW_AT_encoding(DW_ATE_unsigned)
     805                      .dwattr $C$DW$T$15, DW_AT_name("unsigned long long")
TMS320C2000 Assembler PC v6.1.3 Tue Oct 01 15:27:20 2013

Tools Copyright (c) 1996-2012 Texas Instruments Incorporated
C:\Users\a0272466\AppData\Local\Temp\0902810                         PAGE   16

     806                      .dwattr $C$DW$T$15, DW_AT_byte_size(0x04)
     807              $C$DW$T$16      .dwtag  DW_TAG_base_type
     808                      .dwattr $C$DW$T$16, DW_AT_encoding(DW_ATE_float)
     809                      .dwattr $C$DW$T$16, DW_AT_name("float")
     810                      .dwattr $C$DW$T$16, DW_AT_byte_size(0x02)
     811              $C$DW$T$17      .dwtag  DW_TAG_base_type
     812                      .dwattr $C$DW$T$17, DW_AT_encoding(DW_ATE_float)
     813                      .dwattr $C$DW$T$17, DW_AT_name("double")
     814                      .dwattr $C$DW$T$17, DW_AT_byte_size(0x02)
     815              $C$DW$T$18      .dwtag  DW_TAG_base_type
     816                      .dwattr $C$DW$T$18, DW_AT_encoding(DW_ATE_float)
     817                      .dwattr $C$DW$T$18, DW_AT_name("long double")
     818                      .dwattr $C$DW$T$18, DW_AT_byte_size(0x04)
     819              $C$DW$T$24      .dwtag  DW_TAG_base_type
     820                      .dwattr $C$DW$T$24, DW_AT_encoding(DW_ATE_signed_char)
     821                      .dwattr $C$DW$T$24, DW_AT_name("signed char")
     822                      .dwattr $C$DW$T$24, DW_AT_byte_size(0x01)
     823              $C$DW$65        .dwtag  DW_TAG_TI_far_type
     824                      .dwattr $C$DW$65, DW_AT_type(*$C$DW$T$24)
     825              $C$DW$T$25      .dwtag  DW_TAG_const_type
     826                      .dwattr $C$DW$T$25, DW_AT_type(*$C$DW$65)
     827              $C$DW$T$26      .dwtag  DW_TAG_pointer_type
     828                      .dwattr $C$DW$T$26, DW_AT_type(*$C$DW$T$25)
     829                      .dwattr $C$DW$T$26, DW_AT_address_class(0x16)
     830              
     831              $C$DW$T$49      .dwtag  DW_TAG_array_type
     832                      .dwattr $C$DW$T$49, DW_AT_type(*$C$DW$T$25)
     833                      .dwattr $C$DW$T$49, DW_AT_language(DW_LANG_C)
     834                      .dwattr $C$DW$T$49, DW_AT_byte_size(0x12)
     835              $C$DW$66        .dwtag  DW_TAG_subrange_type
     836                      .dwattr $C$DW$66, DW_AT_upper_bound(0x11)
     837                      .dwendtag $C$DW$T$49
     838              
     839              
     840              $C$DW$T$50      .dwtag  DW_TAG_array_type
     841                      .dwattr $C$DW$T$50, DW_AT_type(*$C$DW$T$25)
     842                      .dwattr $C$DW$T$50, DW_AT_language(DW_LANG_C)
     843                      .dwattr $C$DW$T$50, DW_AT_byte_size(0x21)
     844              $C$DW$67        .dwtag  DW_TAG_subrange_type
     845                      .dwattr $C$DW$67, DW_AT_upper_bound(0x20)
     846                      .dwendtag $C$DW$T$50
     847              
     848              
     849              $C$DW$T$51      .dwtag  DW_TAG_array_type
     850                      .dwattr $C$DW$T$51, DW_AT_type(*$C$DW$T$25)
     851                      .dwattr $C$DW$T$51, DW_AT_language(DW_LANG_C)
     852                      .dwattr $C$DW$T$51, DW_AT_byte_size(0x02)
     853              $C$DW$68        .dwtag  DW_TAG_subrange_type
     854                      .dwattr $C$DW$68, DW_AT_upper_bound(0x01)
     855                      .dwendtag $C$DW$T$51
     856              
     857              
     858              $C$DW$T$52      .dwtag  DW_TAG_array_type
     859                      .dwattr $C$DW$T$52, DW_AT_type(*$C$DW$T$25)
     860                      .dwattr $C$DW$T$52, DW_AT_language(DW_LANG_C)
TMS320C2000 Assembler PC v6.1.3 Tue Oct 01 15:27:20 2013

Tools Copyright (c) 1996-2012 Texas Instruments Incorporated
C:\Users\a0272466\AppData\Local\Temp\0902810                         PAGE   17

     861                      .dwattr $C$DW$T$52, DW_AT_byte_size(0x0b)
     862              $C$DW$69        .dwtag  DW_TAG_subrange_type
     863                      .dwattr $C$DW$69, DW_AT_upper_bound(0x0a)
     864                      .dwendtag $C$DW$T$52
     865              
     866                      .dwattr $C$DW$CU, DW_AT_language(DW_LANG_C)
     867              
     868              ;***************************************************************
     869              ;* DWARF CIE ENTRIES                                           *
     870              ;***************************************************************
     871              
     872              $C$DW$CIE       .dwcie 78
     873                      .dwcfi  cfa_register, 20
     874                      .dwcfi  cfa_offset, 0
     875                      .dwcfi  undefined, 0
     876                      .dwcfi  undefined, 1
     877                      .dwcfi  undefined, 2
     878                      .dwcfi  undefined, 3
     879                      .dwcfi  undefined, 22
     880                      .dwcfi  undefined, 37
     881                      .dwcfi  undefined, 36
     882                      .dwcfi  undefined, 23
     883                      .dwcfi  undefined, 30
     884                      .dwcfi  undefined, 31
     885                      .dwcfi  undefined, 32
     886                      .dwcfi  undefined, 38
     887                      .dwcfi  undefined, 75
     888                      .dwcfi  undefined, 24
     889                      .dwcfi  undefined, 33
     890                      .dwcfi  undefined, 35
     891                      .dwcfi  undefined, 34
     892                      .dwcfi  undefined, 76
     893                      .dwcfi  undefined, 21
     894                      .dwcfi  undefined, 20
     895                      .dwcfi  same_value, 28
     896                      .dwcfi  undefined, 29
     897                      .dwcfi  undefined, 25
     898                      .dwcfi  undefined, 77
     899                      .dwcfi  undefined, 4
     900                      .dwcfi  same_value, 6
     901                      .dwcfi  same_value, 8
     902                      .dwcfi  same_value, 10
     903                      .dwcfi  undefined, 12
     904                      .dwcfi  undefined, 14
     905                      .dwcfi  undefined, 16
     906                      .dwcfi  undefined, 17
     907                      .dwcfi  undefined, 18
     908                      .dwcfi  undefined, 19
     909                      .dwcfi  undefined, 5
     910                      .dwcfi  same_value, 7
     911                      .dwcfi  same_value, 9
     912                      .dwcfi  same_value, 11
     913                      .dwcfi  undefined, 13
     914                      .dwcfi  undefined, 15
     915                      .dwcfi  undefined, 43
TMS320C2000 Assembler PC v6.1.3 Tue Oct 01 15:27:20 2013

Tools Copyright (c) 1996-2012 Texas Instruments Incorporated
C:\Users\a0272466\AppData\Local\Temp\0902810                         PAGE   18

     916                      .dwcfi  undefined, 44
     917                      .dwcfi  undefined, 47
     918                      .dwcfi  undefined, 48
     919                      .dwcfi  undefined, 51
     920                      .dwcfi  undefined, 52
     921                      .dwcfi  undefined, 55
     922                      .dwcfi  undefined, 56
     923                      .dwcfi  same_value, 59
     924                      .dwcfi  same_value, 60
     925                      .dwcfi  same_value, 63
     926                      .dwcfi  same_value, 64
     927                      .dwcfi  same_value, 67
     928                      .dwcfi  same_value, 68
     929                      .dwcfi  same_value, 71
     930                      .dwcfi  same_value, 72
     931                      .dwcfi  undefined, 73
     932                      .dwcfi  undefined, 74
     933                      .dwcfi  undefined, 39
     934                      .dwcfi  undefined, 40
     935                      .dwcfi  undefined, 27
     936                      .dwcfi  undefined, 78
     937                      .dwendentry
     938              
     939              ;***************************************************************
     940              ;* DWARF REGISTER MAP                                          *
     941              ;***************************************************************
     942              
     943              $C$DW$70        .dwtag  DW_TAG_TI_assign_register, DW_AT_name("AL")
     944                      .dwattr $C$DW$70, DW_AT_location[DW_OP_reg0]
     945              $C$DW$71        .dwtag  DW_TAG_TI_assign_register, DW_AT_name("AH")
     946                      .dwattr $C$DW$71, DW_AT_location[DW_OP_reg1]
     947              $C$DW$72        .dwtag  DW_TAG_TI_assign_register, DW_AT_name("PL")
     948                      .dwattr $C$DW$72, DW_AT_location[DW_OP_reg2]
     949              $C$DW$73        .dwtag  DW_TAG_TI_assign_register, DW_AT_name("PH")
     950                      .dwattr $C$DW$73, DW_AT_location[DW_OP_reg3]
     951              $C$DW$74        .dwtag  DW_TAG_TI_assign_register, DW_AT_name("T")
     952                      .dwattr $C$DW$74, DW_AT_location[DW_OP_reg22]
     953              $C$DW$75        .dwtag  DW_TAG_TI_assign_register, DW_AT_name("IER")
     954                      .dwattr $C$DW$75, DW_AT_location[DW_OP_regx 0x25]
     955              $C$DW$76        .dwtag  DW_TAG_TI_assign_register, DW_AT_name("IFR")
     956                      .dwattr $C$DW$76, DW_AT_location[DW_OP_regx 0x24]
     957              $C$DW$77        .dwtag  DW_TAG_TI_assign_register, DW_AT_name("ST0")
     958                      .dwattr $C$DW$77, DW_AT_location[DW_OP_reg23]
     959              $C$DW$78        .dwtag  DW_TAG_TI_assign_register, DW_AT_name("SXM")
     960                      .dwattr $C$DW$78, DW_AT_location[DW_OP_reg30]
     961              $C$DW$79        .dwtag  DW_TAG_TI_assign_register, DW_AT_name("PM")
     962                      .dwattr $C$DW$79, DW_AT_location[DW_OP_reg31]
     963              $C$DW$80        .dwtag  DW_TAG_TI_assign_register, DW_AT_name("OVM")
     964                      .dwattr $C$DW$80, DW_AT_location[DW_OP_regx 0x20]
     965              $C$DW$81        .dwtag  DW_TAG_TI_assign_register, DW_AT_name("V")
     966                      .dwattr $C$DW$81, DW_AT_location[DW_OP_regx 0x26]
     967              $C$DW$82        .dwtag  DW_TAG_TI_assign_register, DW_AT_name("ST1")
     968                      .dwattr $C$DW$82, DW_AT_location[DW_OP_reg24]
     969              $C$DW$83        .dwtag  DW_TAG_TI_assign_register, DW_AT_name("PAGE0")
     970                      .dwattr $C$DW$83, DW_AT_location[DW_OP_regx 0x21]
TMS320C2000 Assembler PC v6.1.3 Tue Oct 01 15:27:20 2013

Tools Copyright (c) 1996-2012 Texas Instruments Incorporated
C:\Users\a0272466\AppData\Local\Temp\0902810                         PAGE   19

     971              $C$DW$84        .dwtag  DW_TAG_TI_assign_register, DW_AT_name("INTM")
     972                      .dwattr $C$DW$84, DW_AT_location[DW_OP_regx 0x23]
     973              $C$DW$85        .dwtag  DW_TAG_TI_assign_register, DW_AT_name("AMODE")
     974                      .dwattr $C$DW$85, DW_AT_location[DW_OP_regx 0x22]
     975              $C$DW$86        .dwtag  DW_TAG_TI_assign_register, DW_AT_name("PSEUDOH")
     976                      .dwattr $C$DW$86, DW_AT_location[DW_OP_regx 0x4c]
     977              $C$DW$87        .dwtag  DW_TAG_TI_assign_register, DW_AT_name("XT")
     978                      .dwattr $C$DW$87, DW_AT_location[DW_OP_reg21]
     979              $C$DW$88        .dwtag  DW_TAG_TI_assign_register, DW_AT_name("SP")
     980                      .dwattr $C$DW$88, DW_AT_location[DW_OP_reg20]
     981              $C$DW$89        .dwtag  DW_TAG_TI_assign_register, DW_AT_name("FP")
     982                      .dwattr $C$DW$89, DW_AT_location[DW_OP_reg28]
     983              $C$DW$90        .dwtag  DW_TAG_TI_assign_register, DW_AT_name("DP")
     984                      .dwattr $C$DW$90, DW_AT_location[DW_OP_reg29]
     985              $C$DW$91        .dwtag  DW_TAG_TI_assign_register, DW_AT_name("PC")
     986                      .dwattr $C$DW$91, DW_AT_location[DW_OP_reg25]
     987              $C$DW$92        .dwtag  DW_TAG_TI_assign_register, DW_AT_name("VOL")
     988                      .dwattr $C$DW$92, DW_AT_location[DW_OP_regx 0x4d]
     989              $C$DW$93        .dwtag  DW_TAG_TI_assign_register, DW_AT_name("AR0")
     990                      .dwattr $C$DW$93, DW_AT_location[DW_OP_reg4]
     991              $C$DW$94        .dwtag  DW_TAG_TI_assign_register, DW_AT_name("AR1")
     992                      .dwattr $C$DW$94, DW_AT_location[DW_OP_reg6]
     993              $C$DW$95        .dwtag  DW_TAG_TI_assign_register, DW_AT_name("AR2")
     994                      .dwattr $C$DW$95, DW_AT_location[DW_OP_reg8]
     995              $C$DW$96        .dwtag  DW_TAG_TI_assign_register, DW_AT_name("AR3")
     996                      .dwattr $C$DW$96, DW_AT_location[DW_OP_reg10]
     997              $C$DW$97        .dwtag  DW_TAG_TI_assign_register, DW_AT_name("AR4")
     998                      .dwattr $C$DW$97, DW_AT_location[DW_OP_reg12]
     999              $C$DW$98        .dwtag  DW_TAG_TI_assign_register, DW_AT_name("AR5")
    1000                      .dwattr $C$DW$98, DW_AT_location[DW_OP_reg14]
    1001              $C$DW$99        .dwtag  DW_TAG_TI_assign_register, DW_AT_name("AR6")
    1002                      .dwattr $C$DW$99, DW_AT_location[DW_OP_reg16]
    1003              $C$DW$100       .dwtag  DW_TAG_TI_assign_register, DW_AT_name("XAR6")
    1004                      .dwattr $C$DW$100, DW_AT_location[DW_OP_reg17]
    1005              $C$DW$101       .dwtag  DW_TAG_TI_assign_register, DW_AT_name("AR7")
    1006                      .dwattr $C$DW$101, DW_AT_location[DW_OP_reg18]
    1007              $C$DW$102       .dwtag  DW_TAG_TI_assign_register, DW_AT_name("XAR7")
    1008                      .dwattr $C$DW$102, DW_AT_location[DW_OP_reg19]
    1009              $C$DW$103       .dwtag  DW_TAG_TI_assign_register, DW_AT_name("XAR0")
    1010                      .dwattr $C$DW$103, DW_AT_location[DW_OP_reg5]
    1011              $C$DW$104       .dwtag  DW_TAG_TI_assign_register, DW_AT_name("XAR1")
    1012                      .dwattr $C$DW$104, DW_AT_location[DW_OP_reg7]
    1013              $C$DW$105       .dwtag  DW_TAG_TI_assign_register, DW_AT_name("XAR2")
    1014                      .dwattr $C$DW$105, DW_AT_location[DW_OP_reg9]
    1015              $C$DW$106       .dwtag  DW_TAG_TI_assign_register, DW_AT_name("XAR3")
    1016                      .dwattr $C$DW$106, DW_AT_location[DW_OP_reg11]
    1017              $C$DW$107       .dwtag  DW_TAG_TI_assign_register, DW_AT_name("XAR4")
    1018                      .dwattr $C$DW$107, DW_AT_location[DW_OP_reg13]
    1019              $C$DW$108       .dwtag  DW_TAG_TI_assign_register, DW_AT_name("XAR5")
    1020                      .dwattr $C$DW$108, DW_AT_location[DW_OP_reg15]
    1021              $C$DW$109       .dwtag  DW_TAG_TI_assign_register, DW_AT_name("R0HL")
    1022                      .dwattr $C$DW$109, DW_AT_location[DW_OP_regx 0x2b]
    1023              $C$DW$110       .dwtag  DW_TAG_TI_assign_register, DW_AT_name("R0H")
    1024                      .dwattr $C$DW$110, DW_AT_location[DW_OP_regx 0x2c]
    1025              $C$DW$111       .dwtag  DW_TAG_TI_assign_register, DW_AT_name("R1HL")
TMS320C2000 Assembler PC v6.1.3 Tue Oct 01 15:27:20 2013

Tools Copyright (c) 1996-2012 Texas Instruments Incorporated
C:\Users\a0272466\AppData\Local\Temp\0902810                         PAGE   20

    1026                      .dwattr $C$DW$111, DW_AT_location[DW_OP_regx 0x2f]
    1027              $C$DW$112       .dwtag  DW_TAG_TI_assign_register, DW_AT_name("R1H")
    1028                      .dwattr $C$DW$112, DW_AT_location[DW_OP_regx 0x30]
    1029              $C$DW$113       .dwtag  DW_TAG_TI_assign_register, DW_AT_name("R2HL")
    1030                      .dwattr $C$DW$113, DW_AT_location[DW_OP_regx 0x33]
    1031              $C$DW$114       .dwtag  DW_TAG_TI_assign_register, DW_AT_name("R2H")
    1032                      .dwattr $C$DW$114, DW_AT_location[DW_OP_regx 0x34]
    1033              $C$DW$115       .dwtag  DW_TAG_TI_assign_register, DW_AT_name("R3HL")
    1034                      .dwattr $C$DW$115, DW_AT_location[DW_OP_regx 0x37]
    1035              $C$DW$116       .dwtag  DW_TAG_TI_assign_register, DW_AT_name("R3H")
    1036                      .dwattr $C$DW$116, DW_AT_location[DW_OP_regx 0x38]
    1037              $C$DW$117       .dwtag  DW_TAG_TI_assign_register, DW_AT_name("R4HL")
    1038                      .dwattr $C$DW$117, DW_AT_location[DW_OP_regx 0x3b]
    1039              $C$DW$118       .dwtag  DW_TAG_TI_assign_register, DW_AT_name("R4H")
    1040                      .dwattr $C$DW$118, DW_AT_location[DW_OP_regx 0x3c]
    1041              $C$DW$119       .dwtag  DW_TAG_TI_assign_register, DW_AT_name("R5HL")
    1042                      .dwattr $C$DW$119, DW_AT_location[DW_OP_regx 0x3f]
    1043              $C$DW$120       .dwtag  DW_TAG_TI_assign_register, DW_AT_name("R5H")
    1044                      .dwattr $C$DW$120, DW_AT_location[DW_OP_regx 0x40]
    1045              $C$DW$121       .dwtag  DW_TAG_TI_assign_register, DW_AT_name("R6HL")
    1046                      .dwattr $C$DW$121, DW_AT_location[DW_OP_regx 0x43]
    1047              $C$DW$122       .dwtag  DW_TAG_TI_assign_register, DW_AT_name("R6H")
    1048                      .dwattr $C$DW$122, DW_AT_location[DW_OP_regx 0x44]
    1049              $C$DW$123       .dwtag  DW_TAG_TI_assign_register, DW_AT_name("R7HL")
    1050                      .dwattr $C$DW$123, DW_AT_location[DW_OP_regx 0x47]
    1051              $C$DW$124       .dwtag  DW_TAG_TI_assign_register, DW_AT_name("R7H")
    1052                      .dwattr $C$DW$124, DW_AT_location[DW_OP_regx 0x48]
    1053              $C$DW$125       .dwtag  DW_TAG_TI_assign_register, DW_AT_name("RBL")
    1054                      .dwattr $C$DW$125, DW_AT_location[DW_OP_regx 0x49]
    1055              $C$DW$126       .dwtag  DW_TAG_TI_assign_register, DW_AT_name("RB")
    1056                      .dwattr $C$DW$126, DW_AT_location[DW_OP_regx 0x4a]
    1057              $C$DW$127       .dwtag  DW_TAG_TI_assign_register, DW_AT_name("STFL")
    1058                      .dwattr $C$DW$127, DW_AT_location[DW_OP_regx 0x27]
    1059              $C$DW$128       .dwtag  DW_TAG_TI_assign_register, DW_AT_name("STF")
    1060                      .dwattr $C$DW$128, DW_AT_location[DW_OP_regx 0x28]
    1061              $C$DW$129       .dwtag  DW_TAG_TI_assign_register, DW_AT_name("FPUHAZ")
    1062                      .dwattr $C$DW$129, DW_AT_location[DW_OP_reg27]
    1063              $C$DW$130       .dwtag  DW_TAG_TI_assign_register, DW_AT_name("CIE_RETA")
    1064                      .dwattr $C$DW$130, DW_AT_location[DW_OP_regx 0x4e]
    1065                      .dwendtag $C$DW$CU
    1066              

No Assembly Errors, No Assembly Warnings
