TMS320C2000 Assembler PC v6.1.3 Tue Oct 01 15:27:25 2013

Tools Copyright (c) 1996-2012 Texas Instruments Incorporated
C:/work/grepos/device_support/device_support/f2837x/F2837x_bootROM_dev/F2837x_bootROM/cpu01-bootROM/Cla_Data_Rom/source/cla_rom_version.asm PAGE    1

       1              ;; TI File $Revision: /main/1 $
       2              ;; Checkin $Date: August 14, 2012   12:48:33 $
       3              ;;###########################################################################
       4              ;;
       5              ;; FILE:    cla_rom_version.asm
       6              ;;
       7              ;; TITLE:   CLA data ROM Version and checksum values.
       8              ;;
       9              ;; Functions:
      10              ;;
      11              ;;
      12              ;; Notes:
      13              ;;
      14              ;;###########################################################################
      15              ;; $TI Release: TMS320x2805x Boot ROM V1.0 $
      16              ;; $Release Date: October 21, 2010 $
      17              ;;###########################################################################
      18              
      19 00000000           .sect ".CROMVersion"
      20 00000000 0100      .word 0x0100     ; Boot ROM Version v1.0
      21 00000001 0413      .word 0x0413     ; Month/Year: (ex: 0x0109 = 1/09 = Jan 2009)
      22              

No Assembly Errors, No Assembly Warnings
