TMS320C2000 Assembler PC v6.1.3 Tue Oct 01 15:28:10 2013

Tools Copyright (c) 1996-2012 Texas Instruments Incorporated
C:/work/grepos/device_support/device_support/f2837x/F2837x_bootROM_dev/F2837x_bootROM/cpu02-bootROM/source/c2brom_Init_Boot.asm PAGE    1

       1              ;; TI File $Revision: /main/1 $
       2              ;; Checkin $Date: August 13, 2012   11:53:42 $
       3              ;;###########################################################################
       4              ;;
       5              ;; FILE:    cbrom_Init_Boot.asm
       6              ;;
       7              ;; TITLE:   Boot Rom Initialization and Exit routines.
       8              ;;
       9              ;; Functions:
      10              ;;
      11              ;;     _InitBoot
      12              ;;     _ExitBoot
      13              ;;
      14              ;; Notes:
      15              ;;
      16              ;;###########################################################################
      17              ;; $TI Release: F2837X Boot ROM V1.0 $
      18              ;; $Release Date: January 22, 2009 $
      19              ;;###########################################################################
      20              
      21                  .global _InitBoot
      22                  .ref _c2brom_system_init
      23                  .ref _c2brom_powerup_flash_faster
      24              
      25              
      26 00000000               .sect ".bist_signature"
      27                      .global c2_bist_signatures_base
      28 00000000       c2_bist_signatures_base:                
      29                                                                              ;; 99% coverage
      30 00000000 FF21          .long   0xb118ff21                      ;;c28x_bist_signature1_bits_31_0:
         00000001 B118 
      31 00000002 C534          .long   0xaad1c534              ;;c28x_bist_signature1_bits_63_32:
         00000003 AAD1 
      32 00000004 9406          .long   0xf3c29406              ;;c28x_bist_signature1_bits_95_64:
         00000005 F3C2 
      33 00000006 A0E6          .long   0xaa4ea0e6              ;;c28x_bist_signature1_bits_127_96:
         00000007 AA4E 
      34 00000008 8CDD          .long   0xc2008cdd                      ;;c28x_bist_signature1_bits_159_128:
         00000009 C200 
      35 0000000a F8ED          .long   0x48dff8ed              ;;c28x_bist_signature1_bits_192_160:
         0000000b 48DF 
      36 0000000c 7AD1          .long   0x2ce37ad1              ;;c28x_bist_signature1_bits_223_192:
         0000000d 2CE3 
      37 0000000e 02BA          .long   0xaf0f02ba              ;;c28x_bist_signature1_bits_255_224:
         0000000f AF0F 
      38 00000010 AFC0          .long   0x2739afc0                      ;;c28x_bist_signature1_bits_287_256:
         00000011 2739 
      39 00000012 869F          .long   0x5977869f                      ;;c28x_bist_signature1_bits_319_288:
         00000013 5977 
      40 00000014 9366          .long   0x92af9366                      ;;c28x_bist_signature1_bits_351_320:
         00000015 92AF 
      41 00000016 FEBE          .long   0x323cfebe                      ;;c28x_bist_signature1_bits_383_352:
         00000017 323C 
      42 00000018 BCB1          .long   0xf8efbcb1                      ;;c28x_bist_signature1_bits_415_384:
         00000019 F8EF 
TMS320C2000 Assembler PC v6.1.3 Tue Oct 01 15:28:10 2013

Tools Copyright (c) 1996-2012 Texas Instruments Incorporated
C:/work/grepos/device_support/device_support/f2837x/F2837x_bootROM_dev/F2837x_bootROM/cpu02-bootROM/source/c2brom_Init_Boot.asm PAGE    2

      43 0000001a E166          .long   0xe76ce166                      ;;c28x_bist_signature1_bits_447_416:
         0000001b E76C 
      44 0000001c 8125          .long   0x84c38125                      ;;c28x_bist_signature1_bits_479_448:
         0000001d 84C3 
      45 0000001e 32F3          .long   0xe80932f3                      ;;c28x_bist_signature1_bits_511_480:
         0000001f E809 
      46              
      47                                                                              ;; 95% coverage
      48 00000020 6881          .long   0xed486881                      ;;c28x_bist_signature2_bits_31_0:
         00000021 ED48 
      49 00000022 B177          .long   0x6046b177                      ;;c28x_bist_signature2_bits_63_32:
         00000023 6046 
      50 00000024 6CFA          .long   0x9c0d6cfa                      ;;c28x_bist_signature2_bits_95_64:
         00000025 9C0D 
      51 00000026 3876          .long   0xa0073876                      ;;c28x_bist_signature2_bits_127_96:
         00000027 A007 
      52 00000028 0D09          .long   0xb0970d09                      ;;c28x_bist_signature2_bits_159_128:
         00000029 B097 
      53 0000002a 90CB          .long   0x626890cb                      ;;c28x_bist_signature2_bits_192_160:
         0000002b 6268 
      54 0000002c FC59          .long   0xc31dfc59                      ;;c28x_bist_signature2_bits_223_192:
         0000002d C31D 
      55 0000002e 176F          .long   0x6d54176f                      ;;c28x_bist_signature2_bits_255_224:
         0000002f 6D54 
      56 00000030 D787          .long   0x16d6d787                      ;;c28x_bist_signature2_bits_287_256:
         00000031 16D6 
      57 00000032 7DC3          .long   0xc3787dc3                      ;;c28x_bist_signature2_bits_319_288:
         00000033 C378 
      58 00000034 E09B          .long   0x4ee3e09b                      ;;c28x_bist_signature2_bits_351_320:
         00000035 4EE3 
      59 00000036 8DF4          .long   0xaa8e8df4                      ;;c28x_bist_signature2_bits_383_352:
         00000037 AA8E 
      60 00000038 6261          .long   0xb66f6261                      ;;c28x_bist_signature2_bits_415_384:
         00000039 B66F 
      61 0000003a 1893          .long   0xf78d1893                      ;;c28x_bist_signature2_bits_447_416:
         0000003b F78D 
      62 0000003c 773B          .long   0xeb38773b                      ;;c28x_bist_signature2_bits_479_448:
         0000003d EB38 
      63 0000003e 198F          .long   0x55ee198f                      ;;c28x_bist_signature2_bits_511_480:
         0000003f 55EE 
      64              
      65 00000000               .sect ".test_signature1"
      66 00000000 FF81          .long   0xFFFFFF81                      ;;~(*(0x3FFFFE)) - used for production testing
         00000001 FFFF 
      67              
      68 00000000           .sect ".Version"
      69                  .global     _c2brom_version
      70 00000000       c2brom_version:
      71 00000000 0100      .word 0x0100     ; Boot ROM Version v0.1
      72 00000001 0413      .word 0x0413     ; Month/Year: (ex: 0x0109 = 1/09 = Jan 2009)
      73              
      74              ;       .sect ".otp_entry_points"
      75              ;       .global _otp_func_refs
      76              ;_otp_func_refs:
      77              ;       .ref    _ccore_brom_otp_dummy_branch_begin_boot
TMS320C2000 Assembler PC v6.1.3 Tue Oct 01 15:28:10 2013

Tools Copyright (c) 1996-2012 Texas Instruments Incorporated
C:/work/grepos/device_support/device_support/f2837x/F2837x_bootROM_dev/F2837x_bootROM/cpu02-bootROM/source/c2brom_Init_Boot.asm PAGE    3

      78              ;       .long   _ccore_brom_otp_dummy_branch_begin_boot
      79              ;       .ref    _ccore_brom_otp_dummy_branch_end_boot
      80              ;       .long   _ccore_brom_otp_dummy_branch_end_boot
      81              ;       .ref    _ccore_brom_otp_pie_vector_mismatch_handler
      82              ;       .long   _ccore_brom_otp_pie_vector_mismatch_handler
      83              ;       .ref    _ccore_brom_otp_unsupported_bmode_handler
      84              ;       .long   _ccore_brom_otp_unsupported_bmode_handler
      85              ;       .ref    _ccore_brom_otp_hw_bist_reset_handler
      86              ;       .long   _ccore_brom_otp_hw_bist_reset_handler
      87              ;       .ref    _I2C_gpio_init_for_boot
      88              ;       .long   _I2C_gpio_init_for_boot
      89              ;       .ref    _SCI_gpio_init_for_boot
      90              ;       .long   _SCI_gpio_init_for_boot
      91              ;       .ref    _SPI_gpio_init_for_boot
      92              ;       .long   _SPI_gpio_init_for_boot
      93              ;       .ref    _SPI_alt_gpio_init_for_boot
      94              ;       .long   _SPI_alt_gpio_init_for_boot
      95              
      96              
      97 00000000           .sect ".InitBoot"
      98              
      99              ;-----------------------------------------------
     100              ; _InitBoot
     101              ;-----------------------------------------------
     102              ;-----------------------------------------------
     103              ; This function performs the initial boot routine
     104              ; for the boot ROM.
     105              ;
     106              ; This module performs the following actions:
     107              ;
     108              ;     1) Initalizes the stack pointer
     109              ;     2) Sets the device for C28x operating mode
     110              ;     3) Calls the main boot functions
     111              ;     4) Calls an exit routine
     112              ;-----------------------------------------------
     113              
     114              
     115 00000000       _InitBoot:
     116              
     117              ; Initalize the stack pointer.
     118              
     119 00000000       __stack:    .usect ".stack",0
     120 00000000 28AD-     MOV SP, #__stack ; Initalize the stack pointer
         00000001 0000 
     121              
     122              ; Initalize the device for running in C28x mode.
     123              
     124 00000002 561F      C28OBJ       ; Select C28x object mode
     125 00000003 5616      C28ADDR      ; Select C27x/C28x addressing
     126 00000004 561A      C28MAP       ; Set blocks M0/M1 for C28x mode
     127 00000005 2940      CLRC PAGE0   ; Always use stack addressing mode
     128 00000006 761F      MOVW DP,#0   ; Initialize DP to point to the low 64 K
         00000007 0000 
     129 00000008 2902      CLRC OVM
     130              
TMS320C2000 Assembler PC v6.1.3 Tue Oct 01 15:28:10 2013

Tools Copyright (c) 1996-2012 Texas Instruments Incorporated
C:/work/grepos/device_support/device_support/f2837x/F2837x_bootROM_dev/F2837x_bootROM/cpu02-bootROM/source/c2brom_Init_Boot.asm PAGE    4

     131              ; Set PM shift of 0
     132              
     133 00000009 FF69      SPM 0
     134              ; for debug
     135              ;       SB 0, UNC
     136 0000000a       c2brom_hwbist_resc_check:
     137              ;       ADDB         SP, #4
     138              ;Uint32  EntryAddr = 0xFFFFFFFF;
     139              ;       MOVB         ACC, #0
     140              ;       SUBB         ACC, #1
     141              ;       MOVL         *-SP[2], ACC
     142              ;57         Uint32  hw_bist_addr = 0xFFFFFFFF;
     143              ;       MOVB         ACC, #0
     144              ;       SUBB         ACC, #1
     145              ;       MOVL         *-SP[4], ACC
     146              ; 59         if((CpuSysRegs.RESC.bit.HWBISTn) & 0x1)
     147 0000000a 761F          MOVW         DP, #0x174e
         0000000b 174E 
     148 0000000c CC00          AND          AL, @0x0, #0x20
         0000000d 0020 
     149 0000000e FFC4          LSR          AL, 5
     150 0000000f 40A9          TBIT         @AL, #0x0
     151 00000010 EF13          SBF          c2brom_hwbist_resc_done, NTC
     152              ; 61             EntryAddr = TI_OTP_C2BROM_ESCAPE_POINT_8;
     153 00000011 8F07          MOVL         XAR4, #0x703DE
         00000012 03DE 
     154              ;       MOVL         ACC, *+XAR4[0]
     155              ;       MOVL         *-SP[2], ACC
     156 00000013 83C4          MOVL         XAR5, *+XAR4[0]
     157              ; 62             if((EntryAddr != 0xFFFFFFFF) && (EntryAddr != 0x00000000))
     158 00000014 0200          MOVB         ACC, #0
     159 00000015 1901          SUBB         ACC, #1
     160              ;       CMPL         ACC, *-SP[2]
     161 00000016 0FA5          CMPL         ACC, XAR5
     162 00000017 EC04          SBF          c2brom_hwbist_resc_no_escape, EQ
     163              ;       MOVL         ACC, *-SP[2]
     164 00000018 A0A9          MOVL         ACC, XAR5
     165 00000019 EC02          SBF          c2brom_hwbist_resc_no_escape, EQ
     166              ; 66                 ((void (*)(void))EntryAddr)();
     167              ;       MOVL         XAR7, *-SP[2]
     168              ;       LCR          *XAR7
     169 0000001a 3E65          LCR          *XAR5
     170              
     171 0000001b       c2brom_hwbist_resc_no_escape:
     172              ; Accumualtor = HwbistRegs.CSTCRET.all;
     173 0000001b 7622          EALLOW
     174 0000001c 761F          MOVW            DP, #0x1780
         0000001d 1780 
     175 0000001e 061A          MOVL            ACC, @0x1A
     176 0000001f EC04          SBF                     c2brom_hwbist_resc_done, EQ     ; check if not ZERO
     177 00000020 83A9          MOVL            XAR5, ACC
     178 00000021 FF69          SPM                     #0
     179 00000022 3E65          LCR                     *XAR5
     180              
     181              ; 76     }
TMS320C2000 Assembler PC v6.1.3 Tue Oct 01 15:28:10 2013

Tools Copyright (c) 1996-2012 Texas Instruments Incorporated
C:/work/grepos/device_support/device_support/f2837x/F2837x_bootROM_dev/F2837x_bootROM/cpu02-bootROM/source/c2brom_Init_Boot.asm PAGE    5

     182 00000023       c2brom_hwbist_resc_done:
     183              ;       SUBB         SP, #4
     184              
     185 00000023 7640!         LCR _c2brom_powerup_flash_faster
         00000024 0000 
     186              ;119     {
     187 00000025       c2brom_handle_ram_inits:
     188              ;124         if(CpuSysRegs.RESC.all & (SYSCTL_RESC_POR | SYSCTL_RESC_XRSN ))
     189 00000025 761F          MOVW         DP, #0x174e
         00000026 174E 
     190 00000027 0600          MOVL         ACC, @0x0
     191 00000028 9B00          MOVB         AH, #0x0
     192 00000029 9003          ANDB         AL, #0x3
     193 0000002a FF58          TEST         ACC
     194 0000002b EC12          SBF          c2_brom_ram_init_for_hib_resc, EQ
     195              ;127             EALLOW;
     196 0000002c 7622          EALLOW
     197              ;129             MemCfgRegs.DxINIT.all = 0x000F;// bit0-M0, 1-M1,2-D0,3-D1
     198 0000002d 020F          MOVB         ACC, #15
     199 0000002e 761F          MOVW         DP, #0x17d0
         0000002f 17D0 
     200 00000030 1E12          MOVL         @0x12, ACC
     201              ;130             MemCfgRegs.LSxINIT.all = 0x003F;    //LS0 - LS5
     202 00000031 023F          MOVB         ACC, #63
     203 00000032 1E32          MOVL         @0x32, ACC
     204              ;132             MemCfgRegs.MSGxINIT.all = 0x0007;
     205 00000033 761F          MOVW         DP, #0x17d1
         00000034 17D1 
     206 00000035 0207          MOVB         ACC, #7
     207 00000036 1E32          MOVL         @0x32, ACC
     208              ;133             EDIS;
     209 00000037 761A          EDIS
     210 00000038       ram_init_wait1:                                         ;; wait 2048 + 32(=buffer)cycles for RAM init to comp
     211 00000038 28AC      MOV     @T,#2080
         00000039 0820 
     212 0000003a F7AC      RPT      @T
     213 0000003b 7700      ||NOP
     214              ;137         }
     215              
     216 0000003c 6F3A          SB           c2brom_handle_ram_inits_done, UNC
     217              ;138         else if((CpuSysRegs.RESC.bit.HIBRESETn /*sysctl_reset_cause_check(SYSCTL_RESC_HIB)*/) == true) {
     218 0000003d       c2_brom_ram_init_for_hib_resc:
     219 0000003d CC00          AND          AL, @0x0, #0x40
         0000003e 0040 
     220 0000003f FFC5          LSR          AL, 6
     221 00000040 5201          CMPB         AL, #0x1
     222 00000041 ED2D          SBF          stack_init, NEQ
     223              ;140             if((CpuSysRegs.LPMCR.bit.M0M1MODE == 0x01) || (CpuSysRegs.LPMCR.bit.M0M1MODE == 0x11)) {
     224 00000042 761F          MOVW         DP, #0x174d
         00000043 174D 
     225 00000044 9237          MOV          AL, @0x37
     226 00000045 9003          ANDB         AL, #0x3
     227 00000046 5201          CMPB         AL, #0x1
     228 00000047 EC05          SBF          c2_brom_all_ram_init_for_hib_resc, EQ
     229 00000048 9237          MOV          AL, @0x37
TMS320C2000 Assembler PC v6.1.3 Tue Oct 01 15:28:10 2013

Tools Copyright (c) 1996-2012 Texas Instruments Incorporated
C:/work/grepos/device_support/device_support/f2837x/F2837x_bootROM_dev/F2837x_bootROM/cpu02-bootROM/source/c2brom_Init_Boot.asm PAGE    6

     230 00000049 9003          ANDB         AL, #0x3
     231 0000004a 5203          CMPB         AL, #0x3
     232 0000004b ED12          SBF          c2_brom_skip_mx_ram_init_for_hib_resc, NEQ
     233              ;142                 EALLOW;
     234 0000004c       c2_brom_all_ram_init_for_hib_resc:
     235 0000004c 7622          EALLOW
     236              ;146                 MemCfgRegs.DxINIT.all = 0x000F;// bit0-M0, 1-M1,2-D0,3-D1
     237 0000004d 020F          MOVB         ACC, #15
     238 0000004e 761F          MOVW         DP, #0x17d0
         0000004f 17D0 
     239 00000050 1E12          MOVL         @0x12, ACC
     240              ;147                 MemCfgRegs.LSxINIT.all = 0x003F;    //LS0 - LS5
     241 00000051 023F          MOVB         ACC, #63
     242 00000052 1E32          MOVL         @0x32, ACC
     243              ;149                 MemCfgRegs.MSGxINIT.all = 0x0007;
     244 00000053 761F          MOVW         DP, #0x17d1
         00000054 17D1 
     245 00000055 0207          MOVB         ACC, #7
     246 00000056 1E32          MOVL         @0x32, ACC
     247              ;150                 EDIS;
     248 00000057 761A          EDIS
     249 00000058       ram_init_wait2:                                         ;; wait 2048 + 32(=buffer)cycles for RAM init to comp
     250 00000058 28AC      MOV     @T,#2080
         00000059 0820 
     251 0000005a F7AC      RPT      @T
     252 0000005b 7700      ||NOP
     253              ;154             }
     254 0000005c 6F1A          SB           c2brom_handle_ram_inits_done, UNC
     255              ;157                 EALLOW;
     256 0000005d       c2_brom_skip_mx_ram_init_for_hib_resc:
     257 0000005d 7622          EALLOW
     258              ;160                 MemCfgRegs.DxINIT.all = 0x000C;// bit0-M0, 1-M1,2-D0,3-D1
     259 0000005e 020C          MOVB         ACC, #12
     260 0000005f 761F          MOVW         DP, #0x17d0
         00000060 17D0 
     261 00000061 1E12          MOVL         @0x12, ACC
     262              ;161                 MemCfgRegs.LSxINIT.all = 0x003F;    //LS0 - LS5
     263 00000062 023F          MOVB         ACC, #63
     264 00000063 1E32          MOVL         @0x32, ACC
     265              ;163                 MemCfgRegs.MSGxINIT.all = 0x0007;
     266 00000064 761F          MOVW         DP, #0x17d1
         00000065 17D1 
     267 00000066 0207          MOVB         ACC, #7
     268 00000067 1E32          MOVL         @0x32, ACC
     269              ;164                 EDIS;
     270 00000068 761A          EDIS
     271 00000069       ram_init_wait3:                                         ;; wait 2048 + 32(=buffer)cycles for RAM init to comp
     272 00000069 28AC      MOV     @T,#2080
         0000006a 0820 
     273 0000006b F7AC      RPT      @T
     274 0000006c 7700      ||NOP
     275              ;170     }
     276 0000006d 6F09          SB           c2brom_handle_ram_inits_done, UNC
     277              
     278 0000006e       stack_init:                                                     ;; here means this is not POR, so just zero o
TMS320C2000 Assembler PC v6.1.3 Tue Oct 01 15:28:10 2013

Tools Copyright (c) 1996-2012 Texas Instruments Incorporated
C:/work/grepos/device_support/device_support/f2837x/F2837x_bootROM_dev/F2837x_bootROM/cpu02-bootROM/source/c2brom_Init_Boot.asm PAGE    7

     279 0000006e 9A60          MOV          AL, #0x60
     280 0000006f 9B00          MOV                      AH, #0
     281 00000070       ram_zero_loop:
     282 00000070 2BBD          MOV          *SP++,#0           ;;zero stack
     283 00000071 1901          SUBB             ACC, #1
     284 00000072 56C3          BF                       ram_zero_loop,GEQ
         00000073 FFFE 
     285 00000074       stack_init_done:
     286 00000074 28AD-     MOV SP, #__stack ; re-Initalize the stack pointer
         00000075 0000 
     287              
     288 00000076       c2brom_handle_ram_inits_done: ; C$L9:
     289              ; Start C-bootROM
     290 00000076 761F      MOVW DP,#0   ; Initialize DP to point to the low 64 K
         00000077 0000 
     291 00000078 2902      CLRC OVM
     292              
     293              ; Set PM shift of 0
     294              
     295 00000079 FF69      SPM 0
     296              
     297 0000007a 7640!         LCR     _c2brom_system_init
         0000007b 0000 
     298              
     299              ; Cleanup and exit.  At this point the EntryAddr
     300              ; is located in the ACC register
     301 0000007c 56CF      BF  _ExitBoot,UNC
         0000007d 0002 
     302              
     303              
     304              
     305              ;-----------------------------------------------
     306              ; _ExitBoot
     307              ;-----------------------------------------------
     308              ;-----------------------------------------------
     309              ;This module cleans up after the boot loader
     310              ;
     311              ; 1) Make sure the stack is deallocated.
     312              ;    SP = 0x400 after exiting the boot
     313              ;    loader
     314              ; 2) Push 0 onto the stack so RPC will be
     315              ;    0 after using LRETR to jump to the
     316              ;    entry point
     317              ; 2) Load RPC with the entry point
     318              ; 3) Clear all XARn registers
     319              ; 4) Clear ACC, P and XT registers
     320              ; 5) LRETR - this will also clear the RPC
     321              ;    register since 0 was on the stack
     322              ;-----------------------------------------------
     323              
     324 0000007e       _ExitBoot:
     325              
     326              ;-----------------------------------------------
     327              ;   Insure that the stack is deallocated
     328              ;-----------------------------------------------
TMS320C2000 Assembler PC v6.1.3 Tue Oct 01 15:28:10 2013

Tools Copyright (c) 1996-2012 Texas Instruments Incorporated
C:/work/grepos/device_support/device_support/f2837x/F2837x_bootROM_dev/F2837x_bootROM/cpu02-bootROM/source/c2brom_Init_Boot.asm PAGE    8

     329              
     330 0000007e 28AD-     MOV SP,#__stack
         0000007f 0000 
     331              
     332              ;-----------------------------------------------
     333              ; Clear the bottom of the stack.  This will endup
     334              ; in RPC when we are finished
     335              ;-----------------------------------------------
     336              
     337 00000080 2BBD      MOV  *SP++,#0
     338 00000081 2BBD      MOV  *SP++,#0
     339              
     340              ;-----------------------------------------------
     341              ; Load RPC with the entry point as determined
     342              ; by the boot mode.  This address will be returned
     343              ; in the ACC register.
     344              ;-----------------------------------------------
     345              
     346 00000082 1EBD      PUSH ACC
     347 00000083 0007      POP  RPC
     348              
     349              ;-----------------------------------------------
     350              ; Put registers back in their reset state.
     351              ;
     352              ; Clear all the XARn, ACC, XT, and P and DP
     353              ; registers
     354              ;
     355              ; NOTE: Leave the device in C28x operating mode
     356              ;       (OBJMODE = 1, AMODE = 0)
     357              ;-----------------------------------------------
     358 00000084 5633      ZAPA
     359 00000085 1EAC      MOVL  XT,ACC
     360 00000086 58A9      MOVZ  AR0,AL
     361 00000087 59A9      MOVZ  AR1,AL
     362 00000088 5AA9      MOVZ  AR2,AL
     363 00000089 5BA9      MOVZ  AR3,AL
     364 0000008a 5CA9      MOVZ  AR4,AL
     365 0000008b 5DA9      MOVZ  AR5,AL
     366 0000008c 88A9      MOVZ  AR6,AL
     367 0000008d 80A9      MOVZ  AR7,AL
     368 0000008e 761F      MOVW  DP, #0
         0000008f 0000 
     369              
     370              ;------------------------------------------------
     371              ;   Restore ST0 and ST1.  Note OBJMODE is
     372              ;   the only bit not restored to its reset state.
     373              ;   OBJMODE is left set for C28x object operating
     374              ;   mode.
     375              ;
     376              ;  ST0 = 0x0000     ST1 = 0x0A0B
     377              ;  15:10 OVC = 0    15:13      ARP = 0
     378              ;   9: 7  PM = 0       12       XF = 0
     379              ;      6   V = 0       11  M0M1MAP = 1
     380              ;      5   N = 0       10  reserved
     381              ;      4   Z = 0        9  OBJMODE = 1
TMS320C2000 Assembler PC v6.1.3 Tue Oct 01 15:28:10 2013

Tools Copyright (c) 1996-2012 Texas Instruments Incorporated
C:/work/grepos/device_support/device_support/f2837x/F2837x_bootROM_dev/F2837x_bootROM/cpu02-bootROM/source/c2brom_Init_Boot.asm PAGE    9

     382              ;      3   C = 0        8    AMODE = 0
     383              ;      2  TC = 0        7 IDLESTAT = 0
     384              ;      1 OVM = 0        6   EALLOW = 0
     385              ;      0 SXM = 0        5     LOOP = 0
     386              ;                       4      SPA = 0
     387              ;                       3     VMAP = 1
     388              ;                       2    PAGE0 = 0
     389              ;                       1     DBGM = 1
     390              ;                       0     INTM = 1
     391              ;-----------------------------------------------
     392              
     393 00000090 2BBD      MOV  *SP++,#0
     394 00000091 28BD      MOV  *SP++,#0x0A0B
         00000092 0A0B 
     395 00000093 7600      POP  ST1
     396 00000094 7613      POP  ST0
     397              
     398              ;------------------------------------------------
     399              ;   Jump to the EntryAddr as defined by the
     400              ;   boot mode selected and continue execution
     401              ;-----------------------------------------------
     402              
     403 00000095 0006      LRETR
     404              
     405              ;eof ----------

No Assembly Errors, No Assembly Warnings
