TMS320C2000 Assembler PC v6.1.3 Thu Jan 30 10:33:40 2014

Tools Copyright (c) 1996-2012 Texas Instruments Incorporated
C:/work/grepos/bootrom/Boot_ROM/F2837x_bootROM-REVB/F2837x_bootROM_dev/F2837x_bootROM/cpu02-bootROM/Cla_Data_Rom/source/tables/CLAexpTable.asm PAGE    1

       1              ;******************************************************************************
       2              ; 
       3              ; FILE: CLAexpTable.asm
       4              ; 
       5              ; DESCRIPTION: Exponential Tables
       6              ; 
       7              ;******************************************************************************
       8              ;  $TI Release:  $
       9              ;  $Release Date:  $
      10              ;******************************************************************************
      11              ;  This software is licensed for use with Texas Instruments C28x
      12              ;  family DSCs.  This license was provided to you prior to installing
      13              ;  the software.  You may review this license by consulting a copy of
      14              ;  the agreement in the doc directory of this library.
      15              ; ------------------------------------------------------------------------
      16              ;          Copyright (C) 2010-2011 Texas Instruments, Incorporated.
      17              ;                          All Rights Reserved.
      18              ;******************************************************************************
      19                      
      20              ;############################################################################
      21              ;/*! \addtogroup CLAMATH_TABLES
      22              ;  @{
      23              ;*/
      24              ;############################################################################
      25              
      26                      .def    _CLAINV1
      27                      .def    _CLAINV2
      28                      .def    _CLAINV3
      29                      .def    _CLAINV4
      30                      .def    _CLAINV5
      31                      .def    _CLAINV6
      32                      .def    _CLAINV7
      33                      .def    _CLALOG10
      34                      .def    _CLAExpTable
      35                      .def    _CLAExpTableEnd
      36              
      37 00000000          .sect    "CLA1mathTables"
      38 00000000 0000  _CLAINV1                  .float   1  
         00000001 3F80 
      39 00000002 0000  _CLAINV2                  .float   0.5                                      ;1/2
         00000003 3F00 
      40 00000004 AAAB  _CLAINV3              .float   0.333333333333333333                     ;1/3
         00000005 3EAA 
      41 00000006 0000  _CLAINV4              .float   0.25                                     ;1/4
         00000007 3E80 
      42 00000008 CCCD  _CLAINV5              .float   0.20                                     ;1/5
         00000009 3E4C 
      43 0000000a AAAB  _CLAINV6              .float   0.166666666666666666                     ;1/6
         0000000b 3E2A 
      44 0000000c 4925  _CLAINV7              .float   0.142857142857142857                     ;1/7
         0000000d 3E12 
      45              
      46 0000000e 5D8E  _CLALOG10             .float   2.302585092                              ;LOG10(e)
         0000000f 4013 
      47              
TMS320C2000 Assembler PC v6.1.3 Thu Jan 30 10:33:40 2014

Tools Copyright (c) 1996-2012 Texas Instruments Incorporated
C:/work/grepos/bootrom/Boot_ROM/F2837x_bootROM-REVB/F2837x_bootROM_dev/F2837x_bootROM/cpu02-bootROM/Cla_Data_Rom/source/tables/CLAexpTable.asm PAGE    2

      48 00000010       _CLAExpTable:
      49 00000010 0000        .float       1.0;                    exp(0)
         00000011 3F80 
      50 00000012 F854        .float       2.7182818285e+0;        exp(1)
         00000013 402D 
      51 00000014 7326        .float       7.3890560989e+0;        exp(2)
         00000015 40EC 
      52 00000016 AF2E        .float       2.0085536923e+1;        exp(3)
         00000017 41A0 
      53 00000018 6481        .float       5.4598150033e+1;        exp(4)
         00000019 425A 
      54 0000001a 69C5        .float       1.484131591e+2;         exp(5)
         0000001b 4314 
      55 0000001c B6E3        .float       4.0342879349e+2;        exp(6)
         0000001d 43C9 
      56 0000001e 1443        .float       1.0966331584e+3;        exp(7)
         0000001f 4489 
      57 00000020 4F54        .float       2.980957987e+3;         exp(8)
         00000021 453A 
      58 00000022 38AC        .float       8.1030839276e+3;        exp(9)
         00000023 45FD 
      59 00000024 14EE        .float       2.2026465795e+4;        exp(10)
         00000025 46AC 
      60 00000026 E224        .float       5.9874141715e+4;        exp(11)
         00000027 4769 
      61 00000028 F0B3        .float       1.6275479142e+5;        exp(12)
         00000029 481E 
      62 0000002a 05AD        .float       4.4241339201e+5;        exp(13)
         0000002b 48D8 
      63 0000002c CD62        .float       1.2026042842e+6;        exp(14)
         0000002d 4992 
      64 0000002e 8665        .float       3.2690173725e+6;        exp(15)
         0000002f 4A47 
      65 00000030 975F        .float       8.8861105205e+6;        exp(16)
         00000031 4B07 
      66 00000032 49A4        .float       2.4154952754e+7;        exp(17)
         00000033 4BB8 
      67 00000034 7910        .float       6.5659969137e+7;        exp(18)
         00000035 4C7A 
      68 00000036 36C8        .float       1.7848230096e+8;        exp(19)
         00000037 4D2A 
      69 00000038 5844        .float       4.8516519541e+8;        exp(20)
         00000039 4DE7 
      70 0000003a 3710        .float       1.3188157345e+9;        exp(21)
         0000003b 4E9D 
      71 0000003c AD6E        .float       3.5849128461e+9;        exp(22)
         0000003d 4F55 
      72 0000003e 357A        .float       9.7448034462e+9;        exp(23)
         0000003f 5011 
      73 00000040 5BFE        .float       2.648912213e+10;        exp(24)
         00000041 50C5 
      74 00000042 1E9D        .float       7.2004899337e+10;       exp(25)
         00000043 5186 
      75 00000044 4993        .float       1.9572960943e+11;       exp(26)
         00000045 5236 
TMS320C2000 Assembler PC v6.1.3 Thu Jan 30 10:33:40 2014

Tools Copyright (c) 1996-2012 Texas Instruments Incorporated
C:/work/grepos/bootrom/Boot_ROM/F2837x_bootROM-REVB/F2837x_bootROM_dev/F2837x_bootROM/cpu02-bootROM/Cla_Data_Rom/source/tables/CLAexpTable.asm PAGE    3

      76 00000046 C118        .float       5.320482406e+11;        exp(27)
         00000047 52F7 
      77 00000048 5DD2        .float       1.4462570643e+12;       exp(28)
         00000049 53A8 
      78 0000004a D572        .float       3.9313342971e+12;       exp(29)
         0000004b 5464 
      79 0000004c 8238        .float       1.0686474582e+13;       exp(30)
         0000004d 551B 
      80 0000004e 5BB3        .float       2.9048849665e+13;       exp(31)
         0000004f 55D3 
      81 00000050 A1FE        .float       7.8962960183e+13;        exp(32)
         00000051 568F 
      82 00000052 379A        .float       2.1464357979e+14;        exp(33)
         00000053 5743 
      83 00000054 A9F1        .float       5.8346174253e+14;        exp(34)
         00000055 5804 
      84 00000056 4F11        .float       1.5860134523e+15;        exp(35)
         00000057 58B4 
      85 00000058 10AD        .float       4.3112315471e+15;        exp(36)
         00000059 5975 
      86 0000005a 89FE        .float       1.1719142373e+16;        exp(37)
         0000005b 5A26 
      87 0000005c 599A        .float       3.1855931757e+16;        exp(38)
         0000005d 5AE2 
      88 0000005e D21F        .float       8.6593400424e+16;        exp(39)
         0000005f 5B99 
      89 00000060 106A        .float       2.3538526684e+17;        exp(40)
         00000061 5C51 
      90 00000062 12E4        .float       6.3984349353e+17;        exp(41)
         00000063 5D0E 
      91 00000064 192B        .float       1.7392749415e+18;        exp(42)
         00000065 5DC1 
      92 00000066 3952        .float       4.7278394682e+18;        exp(43)
         00000067 5E83 
      93 00000068 5A0E        .float       1.2851600114e+19;        exp(44)
         00000069 5F32 
      94 0000006a 67BB        .float       3.4934271057e+19;        exp(45)
         0000006b 5FF2 
      95 0000006c BB3E        .float       9.4961194206e+19;        exp(46)
         0000006d 60A4 
      96 0000006e E4A9        .float       2.5813128862e+20;        exp(47)
         0000006f 615F 
      97 00000070 26B5        .float       7.0167359121e+20;        exp(48)
         00000071 6218 
      98 00000072 CB81        .float       1.9073465725e+21;        exp(49)
         00000073 62CE 
      99 00000074 881F        .float       5.1847055286e+21;        exp(50)
         00000075 638C 
     100 00000076 009E        .float       1.4093490824e+22;        exp(51)
         00000077 643F 
     101 00000078 CCB3        .float       3.8310080007e+22;        exp(52)
         00000079 6501 
     102 0000007a 6A7B        .float       1.0413759433e+23;        exp(53)
         0000007b 65B0 
     103 0000007c C62D        .float       2.8307533033e+23;        exp(54)
TMS320C2000 Assembler PC v6.1.3 Thu Jan 30 10:33:40 2014

Tools Copyright (c) 1996-2012 Texas Instruments Incorporated
C:/work/grepos/bootrom/Boot_ROM/F2837x_bootROM-REVB/F2837x_bootROM_dev/F2837x_bootROM/cpu02-bootROM/Cla_Data_Rom/source/tables/CLAexpTable.asm PAGE    4

         0000007d 666F 
     104 0000007e F184        .float       7.6947852651e+23;        exp(55)
         0000007f 6722 
     105 00000080 768B        .float       2.091659496e+24;         exp(56)
         00000081 67DD 
     106 00000082 7FF0        .float       5.6857199993e+24;        exp(57)
         00000083 6896 
     107 00000084 8CE5        .float       1.5455389356e+25;        exp(58)
         00000085 694C 
     108 00000086 01A3        .float       4.2012104038e+25;        exp(59)
         00000087 6A0B 
     109 00000088 EDE5        .float       1.1420073898e+26;        exp(60)
         00000089 6ABC 
     110 0000008a 6408        .float       3.1042979357e+26;        exp(61)
         0000008b 6B80 
     111 0000008c 804A        .float       8.4383566687e+26;        exp(62)
         0000008d 6C2E 
     112 0000008e 2BEF        .float       2.2937831595e+27;        exp(63)
         0000008f 6CED 
     113 00000090 2CC1        .float       6.2351490808e+27;        exp(64)
         00000091 6DA1 
     114 00000092 0F2E        .float       1.6948892444e+28;        exp(65)
         00000093 6E5B 
     115 00000094 DDC1        .float       4.6071866343e+28;        exp(66)
         00000095 6F14 
     116 00000096 5487        .float       1.2523631708e+29;        exp(67)
         00000097 6FCA 
     117 00000098 7F64        .float       3.4042760499e+29;        exp(68)
         00000099 7089 
     118 0000009a E0EE        .float       9.2537817256e+29;        exp(69)
         0000009b 713A 
     119 0000009c FE91        .float       2.5154386709e+30;        exp(70)
         0000009d 71FD 
     120 0000009e 9B6A        .float       6.8376712298e+30;        exp(71)
         0000009f 72AC 
     121 000000a0 98EC        .float       1.8586717453e+31;        exp(72)
         000000a1 736A 
     122 000000a2 6CE9        .float       5.0523936303e+31;        exp(73)
         000000a3 741F 
     123 000000a4 AE7F        .float       1.3733829795e+32;        exp(74)
         000000a5 74D8 
     124 000000a6 401C        .float       3.7332419968e+32;        exp(75)
         000000a7 7593 
     125 000000a8 2254        .float       1.0148003881e+33;        exp(76)
         000000a9 7648 
     126 000000aa 0156        .float       2.7585134545e+33;        exp(77)
         000000ab 7708 
     127 000000ac D9AA        .float       7.498416997e+33;         exp(78)
         000000ad 77B8 
     128 000000ae 3CCF        .float       2.0382810665e+34;        exp(79)
         000000af 787B 
     129 000000b0 BBCE        .float       5.5406223844e+34;        exp(80)
         000000b1 792A 
     130 000000b2 0D11        .float       1.5060973146e+35;        exp(81)
         000000b3 79E8 
TMS320C2000 Assembler PC v6.1.3 Thu Jan 30 10:33:40 2014

Tools Copyright (c) 1996-2012 Texas Instruments Incorporated
C:/work/grepos/bootrom/Boot_ROM/F2837x_bootROM-REVB/F2837x_bootROM_dev/F2837x_bootROM/cpu02-bootROM/Cla_Data_Rom/source/tables/CLAexpTable.asm PAGE    5

     131 000000b4 B1ED        .float       4.0939969621e+35;        exp(82)
         000000b5 7A9D 
     132 000000b6 546B        .float       1.1128637548e+36;        exp(83)
         000000b7 7B56 
     133 000000b8 A6F5        .float       3.0250773222e+36;        exp(84)
         000000b9 7C11 
     134 000000ba F63B        .float       8.2230127146e+36;        exp(85)
         000000bb 7CC5 
     135 000000bc 876D        .float       2.2352466037e+37;        exp(86)
         000000bd 7D86 
     136 000000be D809        .float       6.0760302251e+37;        exp(87)
         000000bf 7E36 
     137 000000c0 82B7        .float       1.651636255e+38;         exp(88)
         000000c1 7EF8 
     138              
     139 000000c2       _CLAExpTableEnd:
     140              ;############################################################################
     141              ;//! @}
     142              ;############################################################################

No Assembly Errors, No Assembly Warnings
