TMS320C2000 Assembler PC v6.1.3 Thu Jan 30 10:33:29 2014

Tools Copyright (c) 1996-2012 Texas Instruments Incorporated
C:/work/grepos/bootrom/Boot_ROM/F2837x_bootROM-REVB/F2837x_bootROM_dev/F2837x_bootROM/cpu02-bootROM/Cla_Data_Rom/source/tables/CLASinCosTable.asm PAGE    1

       1              ;******************************************************************************
       2              ; 
       3              ; FILE: CLASinCosTable.asm
       4              ; 
       5              ; DESCRIPTION: Sine and Cosine Tables
       6              ; 
       7              ;******************************************************************************
       8              ;  $TI Release:  $
       9              ;  $Release Date:  $
      10              ;******************************************************************************
      11              ;  This software is licensed for use with Texas Instruments C28x
      12              ;  family DSCs.  This license was provided to you prior to installing
      13              ;  the software.  You may review this license by consulting a copy of
      14              ;  the agreement in the doc directory of this library.
      15              ; ------------------------------------------------------------------------
      16              ;          Copyright (C) 2010-2011 Texas Instruments, Incorporated.
      17              ;                          All Rights Reserved.
      18              ;******************************************************************************
      19              
      20              ;############################################################################
      21              ;/*! \defgroup CLAMATH_TABLES (Math Tables)
      22              ;  @{
      23              ;*/
      24              ;############################################################################
      25                      .def    _CLAsincosTable
      26                      .def    _CLAsinTable
      27                      .def    _CLAsincosTable_Sin0
      28                      .def    _CLAcosTable
      29                      .def    _CLAsincosTable_Cos0
      30                      .def    _CLAsinTableEnd
      31                      .def    _CLAcosTableEnd
      32                      .def    _CLAsincosTable_TABLE_SIZE             
      33                      .def    _CLAsincosTable_TABLE_SIZEDivTwoPi    
      34                      .def    _CLAsincosTable_TwoPiDivTABLE_SIZE  
      35                      .def    _CLAsincosTable_TABLE_MASK       
      36                      .def    _CLAsincosTable_Coef0
      37                      .def    _CLAsincosTable_Coef1
      38                      .def    _CLAsincosTable_Coef1_pos
      39                      .def    _CLAsincosTable_Coef2
      40                      .def    _CLAsincosTable_Coef3
      41                      .def    _CLAsincosTable_Coef3_neg
      42                      .def    _CLAsincosTableEnd
      43                              
      44 00000000          .sect    "CLA1mathTables"
      45              
      46 00000000       _CLAsincosTable:
      47 00000000       _CLAsinTable:
      48 00000000       _CLAsincosTable_Sin0:
      49 00000000 0000     .float   0.0;                        ; sin(  0 * 2*pi/TABLE_SIZE)
         00000001 0000 
      50 00000002 FB30     .float   0.04906767432742;           ; sin(  1 * 2*pi/TABLE_SIZE)
         00000003 3D48 
      51 00000004 BD36     .float   0.09801714032956;           ; sin(  2 * 2*pi/TABLE_SIZE)
         00000005 3DC8 
      52 00000006 4083     .float   0.1467304744553;            ; sin(  3 * 2*pi/TABLE_SIZE)
TMS320C2000 Assembler PC v6.1.3 Thu Jan 30 10:33:29 2014

Tools Copyright (c) 1996-2012 Texas Instruments Incorporated
C:/work/grepos/bootrom/Boot_ROM/F2837x_bootROM-REVB/F2837x_bootROM_dev/F2837x_bootROM/cpu02-bootROM/Cla_Data_Rom/source/tables/CLASinCosTable.asm PAGE    2

         00000007 3E16 
      53 00000008 C5C2     .float   0.1950903220162;            ; sin(  4 * 2*pi/TABLE_SIZE)
         00000009 3E47 
      54 0000000a CFCC     .float   0.2429801799032;            ; sin(  5 * 2*pi/TABLE_SIZE)
         0000000b 3E78 
      55 0000000c A031     .float   0.2902846772544;            ; sin(  6 * 2*pi/TABLE_SIZE)
         0000000d 3E94 
      56 0000000e 7CD4     .float   0.3368898533922;            ; sin(  7 * 2*pi/TABLE_SIZE)
         0000000f 3EAC 
      57 00000010 EF15     .float   0.3826834323651;            ; sin(  8 * 2*pi/TABLE_SIZE)
         00000011 3EC3 
      58 00000012 E880     .float   0.4275550934303;            ; sin(  9 * 2*pi/TABLE_SIZE)
         00000013 3EDA 
      59 00000014 5AEA     .float   0.4713967368260;            ; sin( 10 * 2*pi/TABLE_SIZE)
         00000015 3EF1 
      60 00000016 9C3D     .float   0.5141027441932;            ; sin( 11 * 2*pi/TABLE_SIZE)
         00000017 3F03 
      61 00000018 39DA     .float   0.5555702330196;            ; sin( 12 * 2*pi/TABLE_SIZE)
         00000019 3F0E 
      62 0000001a 7FC0     .float   0.5956993044925;            ; sin( 13 * 2*pi/TABLE_SIZE)
         0000001b 3F18 
      63 0000001c 6799     .float   0.6343932841637;            ; sin( 14 * 2*pi/TABLE_SIZE)
         0000001d 3F22 
      64 0000001e EB4A     .float   0.6715589548470;            ; sin( 15 * 2*pi/TABLE_SIZE)
         0000001f 3F2B 
      65 00000020 04F3     .float   0.7071067811865;            ; sin( 16 * 2*pi/TABLE_SIZE)
         00000021 3F35 
      66 00000022 AEF9     .float   0.7409511253549;            ; sin( 17 * 2*pi/TABLE_SIZE)
         00000023 3F3D 
      67 00000024 E403     .float   0.7730104533627;            ; sin( 18 * 2*pi/TABLE_SIZE)
         00000025 3F45 
      68 00000026 9F02     .float   0.8032075314806;            ; sin( 19 * 2*pi/TABLE_SIZE)
         00000027 3F4D 
      69 00000028 DB31     .float   0.8314696123026;            ; sin( 20 * 2*pi/TABLE_SIZE)
         00000029 3F54 
      70 0000002a 941A     .float   0.8577286100001;            ; sin( 21 * 2*pi/TABLE_SIZE)
         0000002b 3F5B 
      71 0000002c C598     .float   0.8819212643481;            ; sin( 22 * 2*pi/TABLE_SIZE)
         0000002d 3F61 
      72 0000002e 6BD8     .float   0.9039892931235;            ; sin( 23 * 2*pi/TABLE_SIZE)
         0000002f 3F67 
      73 00000030 835E     .float   0.9238795325113;            ; sin( 24 * 2*pi/TABLE_SIZE)
         00000031 3F6C 
      74 00000032 0908     .float   0.9415440651832;            ; sin( 25 * 2*pi/TABLE_SIZE)
         00000033 3F71 
      75 00000034 FA0B     .float   0.9569403357322;            ; sin( 26 * 2*pi/TABLE_SIZE)
         00000035 3F74 
      76 00000036 53F8     .float   0.9700312531945;            ; sin( 27 * 2*pi/TABLE_SIZE)
         00000037 3F78 
      77 00000038 14BE     .float   0.9807852804033;            ; sin( 28 * 2*pi/TABLE_SIZE)
         00000039 3F7B 
      78 0000003a 3AAC     .float   0.9891765099649;            ; sin( 29 * 2*pi/TABLE_SIZE)
         0000003b 3F7D 
      79 0000003c C46D     .float   0.9951847266721;            ; sin( 30 * 2*pi/TABLE_SIZE)
         0000003d 3F7E 
TMS320C2000 Assembler PC v6.1.3 Thu Jan 30 10:33:29 2014

Tools Copyright (c) 1996-2012 Texas Instruments Incorporated
C:/work/grepos/bootrom/Boot_ROM/F2837x_bootROM-REVB/F2837x_bootROM_dev/F2837x_bootROM/cpu02-bootROM/Cla_Data_Rom/source/tables/CLASinCosTable.asm PAGE    3

      80 0000003e B10F     .float   0.9987954562052;            ; sin( 31 * 2*pi/TABLE_SIZE)
         0000003f 3F7F 
      81              
      82 00000040       _CLAcosTable:
      83 00000040       _CLAsincosTable_Cos0:
      84 00000040 0000     .float   1.0;                        ; sin( 32 * 2*pi/TABLE_SIZE)
         00000041 3F80 
      85 00000042 B10F     .float   0.9987954562052;            ; sin( 33 * 2*pi/TABLE_SIZE)
         00000043 3F7F 
      86 00000044 C46D     .float   0.9951847266721;            ; sin( 34 * 2*pi/TABLE_SIZE)
         00000045 3F7E 
      87 00000046 3AAC     .float   0.9891765099649;            ; sin( 35 * 2*pi/TABLE_SIZE)
         00000047 3F7D 
      88 00000048 14BE     .float   0.9807852804033;            ; sin( 36 * 2*pi/TABLE_SIZE)
         00000049 3F7B 
      89 0000004a 53F8     .float   0.9700312531945;            ; sin( 37 * 2*pi/TABLE_SIZE)
         0000004b 3F78 
      90 0000004c FA0B     .float   0.9569403357322;            ; sin( 38 * 2*pi/TABLE_SIZE)
         0000004d 3F74 
      91 0000004e 0908     .float   0.9415440651832;            ; sin( 39 * 2*pi/TABLE_SIZE)
         0000004f 3F71 
      92 00000050 835E     .float   0.9238795325113;            ; sin( 40 * 2*pi/TABLE_SIZE)
         00000051 3F6C 
      93 00000052 6BD8     .float   0.9039892931235;            ; sin( 41 * 2*pi/TABLE_SIZE)
         00000053 3F67 
      94 00000054 C598     .float   0.8819212643481;            ; sin( 42 * 2*pi/TABLE_SIZE)
         00000055 3F61 
      95 00000056 941A     .float   0.8577286100001;            ; sin( 43 * 2*pi/TABLE_SIZE)
         00000057 3F5B 
      96 00000058 DB31     .float   0.8314696123026;            ; sin( 44 * 2*pi/TABLE_SIZE)
         00000059 3F54 
      97 0000005a 9F02     .float   0.8032075314806;            ; sin( 45 * 2*pi/TABLE_SIZE)
         0000005b 3F4D 
      98 0000005c E403     .float   0.7730104533627;            ; sin( 46 * 2*pi/TABLE_SIZE)
         0000005d 3F45 
      99 0000005e AEF9     .float   0.7409511253549;            ; sin( 47 * 2*pi/TABLE_SIZE)
         0000005f 3F3D 
     100 00000060 04F3     .float   0.7071067811865;            ; sin( 48 * 2*pi/TABLE_SIZE)
         00000061 3F35 
     101 00000062 EB4A     .float   0.6715589548470;            ; sin( 49 * 2*pi/TABLE_SIZE)
         00000063 3F2B 
     102 00000064 6799     .float   0.6343932841637;            ; sin( 50 * 2*pi/TABLE_SIZE)
         00000065 3F22 
     103 00000066 7FC0     .float   0.5956993044925;            ; sin( 51 * 2*pi/TABLE_SIZE)
         00000067 3F18 
     104 00000068 39DA     .float   0.5555702330196;            ; sin( 52 * 2*pi/TABLE_SIZE)
         00000069 3F0E 
     105 0000006a 9C3D     .float   0.5141027441932;            ; sin( 53 * 2*pi/TABLE_SIZE)
         0000006b 3F03 
     106 0000006c 5AEA     .float   0.4713967368260;            ; sin( 54 * 2*pi/TABLE_SIZE)
         0000006d 3EF1 
     107 0000006e E880     .float   0.4275550934303;            ; sin( 55 * 2*pi/TABLE_SIZE)
         0000006f 3EDA 
     108 00000070 EF15     .float   0.3826834323651;            ; sin( 56 * 2*pi/TABLE_SIZE)
         00000071 3EC3 
TMS320C2000 Assembler PC v6.1.3 Thu Jan 30 10:33:29 2014

Tools Copyright (c) 1996-2012 Texas Instruments Incorporated
C:/work/grepos/bootrom/Boot_ROM/F2837x_bootROM-REVB/F2837x_bootROM_dev/F2837x_bootROM/cpu02-bootROM/Cla_Data_Rom/source/tables/CLASinCosTable.asm PAGE    4

     109 00000072 7CD4     .float   0.3368898533922;            ; sin( 57 * 2*pi/TABLE_SIZE)
         00000073 3EAC 
     110 00000074 A031     .float   0.2902846772544;            ; sin( 58 * 2*pi/TABLE_SIZE)
         00000075 3E94 
     111 00000076 CFCC     .float   0.2429801799032;            ; sin( 59 * 2*pi/TABLE_SIZE)
         00000077 3E78 
     112 00000078 C5C2     .float   0.1950903220162;            ; sin( 60 * 2*pi/TABLE_SIZE)
         00000079 3E47 
     113 0000007a 4083     .float   0.1467304744553;            ; sin( 61 * 2*pi/TABLE_SIZE)
         0000007b 3E16 
     114 0000007c BD36     .float   0.09801714032956;           ; sin( 62 * 2*pi/TABLE_SIZE)
         0000007d 3DC8 
     115 0000007e FB30     .float   0.04906767432742;           ; sin( 63 * 2*pi/TABLE_SIZE)
         0000007f 3D48 
     116 00000080 0000     .float   0.0;                        ; sin( 64 * 2*pi/TABLE_SIZE)
         00000081 0000 
     117 00000082 FB30     .float  -0.04906767432742;           ; sin( 65 * 2*pi/TABLE_SIZE)
         00000083 BD48 
     118 00000084 BD36     .float  -0.09801714032956;           ; sin( 66 * 2*pi/TABLE_SIZE)
         00000085 BDC8 
     119 00000086 4083     .float  -0.1467304744553;            ; sin( 67 * 2*pi/TABLE_SIZE)
         00000087 BE16 
     120 00000088 C5C2     .float  -0.1950903220162;            ; sin( 68 * 2*pi/TABLE_SIZE)
         00000089 BE47 
     121 0000008a CFCC     .float  -0.2429801799032;            ; sin( 69 * 2*pi/TABLE_SIZE)
         0000008b BE78 
     122 0000008c A031     .float  -0.2902846772544;            ; sin( 70 * 2*pi/TABLE_SIZE)
         0000008d BE94 
     123 0000008e 7CD4     .float  -0.3368898533922;            ; sin( 71 * 2*pi/TABLE_SIZE)
         0000008f BEAC 
     124 00000090 EF15     .float  -0.3826834323651;            ; sin( 72 * 2*pi/TABLE_SIZE)
         00000091 BEC3 
     125 00000092 E880     .float  -0.4275550934303;            ; sin( 73 * 2*pi/TABLE_SIZE)
         00000093 BEDA 
     126 00000094 5AEA     .float  -0.4713967368260;            ; sin( 74 * 2*pi/TABLE_SIZE)
         00000095 BEF1 
     127 00000096 9C3D     .float  -0.5141027441932;            ; sin( 75 * 2*pi/TABLE_SIZE)
         00000097 BF03 
     128 00000098 39DA     .float  -0.5555702330196;            ; sin( 76 * 2*pi/TABLE_SIZE)
         00000099 BF0E 
     129 0000009a 7FC0     .float  -0.5956993044925;            ; sin( 77 * 2*pi/TABLE_SIZE)
         0000009b BF18 
     130 0000009c 6799     .float  -0.6343932841637;            ; sin( 78 * 2*pi/TABLE_SIZE)
         0000009d BF22 
     131 0000009e EB4A     .float  -0.6715589548470;            ; sin( 79 * 2*pi/TABLE_SIZE)
         0000009f BF2B 
     132 000000a0 04F3     .float  -0.7071067811865;            ; sin( 80 * 2*pi/TABLE_SIZE)
         000000a1 BF35 
     133 000000a2 AEF9     .float  -0.7409511253549;            ; sin( 81 * 2*pi/TABLE_SIZE)
         000000a3 BF3D 
     134 000000a4 E403     .float  -0.7730104533627;            ; sin( 82 * 2*pi/TABLE_SIZE)
         000000a5 BF45 
     135 000000a6 9F02     .float  -0.8032075314806;            ; sin( 83 * 2*pi/TABLE_SIZE)
         000000a7 BF4D 
     136 000000a8 DB31     .float  -0.8314696123026;            ; sin( 84 * 2*pi/TABLE_SIZE)
TMS320C2000 Assembler PC v6.1.3 Thu Jan 30 10:33:29 2014

Tools Copyright (c) 1996-2012 Texas Instruments Incorporated
C:/work/grepos/bootrom/Boot_ROM/F2837x_bootROM-REVB/F2837x_bootROM_dev/F2837x_bootROM/cpu02-bootROM/Cla_Data_Rom/source/tables/CLASinCosTable.asm PAGE    5

         000000a9 BF54 
     137 000000aa 941A     .float  -0.8577286100001;            ; sin( 85 * 2*pi/TABLE_SIZE)
         000000ab BF5B 
     138 000000ac C598     .float  -0.8819212643481;            ; sin( 86 * 2*pi/TABLE_SIZE)
         000000ad BF61 
     139 000000ae 6BD8     .float  -0.9039892931235;            ; sin( 87 * 2*pi/TABLE_SIZE)
         000000af BF67 
     140 000000b0 835E     .float  -0.9238795325113;            ; sin( 88 * 2*pi/TABLE_SIZE)
         000000b1 BF6C 
     141 000000b2 0908     .float  -0.9415440651832;            ; sin( 89 * 2*pi/TABLE_SIZE)
         000000b3 BF71 
     142 000000b4 FA0B     .float  -0.9569403357322;            ; sin( 90 * 2*pi/TABLE_SIZE)
         000000b5 BF74 
     143 000000b6 53F8     .float  -0.9700312531945;            ; sin( 91 * 2*pi/TABLE_SIZE)
         000000b7 BF78 
     144 000000b8 14BE     .float  -0.9807852804033;            ; sin( 92 * 2*pi/TABLE_SIZE)
         000000b9 BF7B 
     145 000000ba 3AAC     .float  -0.9891765099649;            ; sin( 93 * 2*pi/TABLE_SIZE)
         000000bb BF7D 
     146 000000bc C46D     .float  -0.9951847266721;            ; sin( 94 * 2*pi/TABLE_SIZE)
         000000bd BF7E 
     147 000000be B10F     .float  -0.9987954562052;            ; sin( 95 * 2*pi/TABLE_SIZE)
         000000bf BF7F 
     148 000000c0 0000     .float  -1.0;                        ; sin( 96 * 2*pi/TABLE_SIZE)
         000000c1 BF80 
     149 000000c2 B10F     .float  -0.9987954562052;            ; sin( 97 * 2*pi/TABLE_SIZE)
         000000c3 BF7F 
     150 000000c4 C46D     .float  -0.9951847266721;            ; sin( 98 * 2*pi/TABLE_SIZE)
         000000c5 BF7E 
     151 000000c6 3AAC     .float  -0.9891765099649;            ; sin( 99 * 2*pi/TABLE_SIZE)
         000000c7 BF7D 
     152 000000c8 14BE     .float  -0.9807852804033;            ; sin(100 * 2*pi/TABLE_SIZE)
         000000c9 BF7B 
     153 000000ca 53F8     .float  -0.9700312531945;            ; sin(101 * 2*pi/TABLE_SIZE)
         000000cb BF78 
     154 000000cc FA0B     .float  -0.9569403357322;            ; sin(102 * 2*pi/TABLE_SIZE)
         000000cd BF74 
     155 000000ce 0908     .float  -0.9415440651832;            ; sin(103 * 2*pi/TABLE_SIZE)
         000000cf BF71 
     156 000000d0 835E     .float  -0.9238795325113;            ; sin(104 * 2*pi/TABLE_SIZE)
         000000d1 BF6C 
     157 000000d2 6BD8     .float  -0.9039892931235;            ; sin(105 * 2*pi/TABLE_SIZE)
         000000d3 BF67 
     158 000000d4 C598     .float  -0.8819212643481;            ; sin(106 * 2*pi/TABLE_SIZE)
         000000d5 BF61 
     159 000000d6 941A     .float  -0.8577286100001;            ; sin(107 * 2*pi/TABLE_SIZE)
         000000d7 BF5B 
     160 000000d8 DB31     .float  -0.8314696123026;            ; sin(108 * 2*pi/TABLE_SIZE)
         000000d9 BF54 
     161 000000da 9F02     .float  -0.8032075314806;            ; sin(109 * 2*pi/TABLE_SIZE)
         000000db BF4D 
     162 000000dc E403     .float  -0.7730104533627;            ; sin(110 * 2*pi/TABLE_SIZE)
         000000dd BF45 
     163 000000de AEF9     .float  -0.7409511253549;            ; sin(111 * 2*pi/TABLE_SIZE)
         000000df BF3D 
TMS320C2000 Assembler PC v6.1.3 Thu Jan 30 10:33:29 2014

Tools Copyright (c) 1996-2012 Texas Instruments Incorporated
C:/work/grepos/bootrom/Boot_ROM/F2837x_bootROM-REVB/F2837x_bootROM_dev/F2837x_bootROM/cpu02-bootROM/Cla_Data_Rom/source/tables/CLASinCosTable.asm PAGE    6

     164 000000e0 04F3     .float  -0.7071067811865;            ; sin(112 * 2*pi/TABLE_SIZE)
         000000e1 BF35 
     165 000000e2 EB4A     .float  -0.6715589548470;            ; sin(113 * 2*pi/TABLE_SIZE)
         000000e3 BF2B 
     166 000000e4 6799     .float  -0.6343932841637;            ; sin(114 * 2*pi/TABLE_SIZE)
         000000e5 BF22 
     167 000000e6 7FC0     .float  -0.5956993044925;            ; sin(115 * 2*pi/TABLE_SIZE)
         000000e7 BF18 
     168 000000e8 39DA     .float  -0.5555702330196;            ; sin(116 * 2*pi/TABLE_SIZE)
         000000e9 BF0E 
     169 000000ea 9C3D     .float  -0.5141027441932;            ; sin(117 * 2*pi/TABLE_SIZE)
         000000eb BF03 
     170 000000ec 5AEA     .float  -0.4713967368260;            ; sin(118 * 2*pi/TABLE_SIZE)
         000000ed BEF1 
     171 000000ee E880     .float  -0.4275550934303;            ; sin(119 * 2*pi/TABLE_SIZE)
         000000ef BEDA 
     172 000000f0 EF15     .float  -0.3826834323651;            ; sin(120 * 2*pi/TABLE_SIZE)
         000000f1 BEC3 
     173 000000f2 7CD4     .float  -0.3368898533922;            ; sin(121 * 2*pi/TABLE_SIZE)
         000000f3 BEAC 
     174 000000f4 A031     .float  -0.2902846772544;            ; sin(122 * 2*pi/TABLE_SIZE)
         000000f5 BE94 
     175 000000f6 CFCC     .float  -0.2429801799032;            ; sin(123 * 2*pi/TABLE_SIZE)
         000000f7 BE78 
     176 000000f8 C5C2     .float  -0.1950903220162;            ; sin(124 * 2*pi/TABLE_SIZE)
         000000f9 BE47 
     177 000000fa 4083     .float  -0.1467304744553;            ; sin(125 * 2*pi/TABLE_SIZE)
         000000fb BE16 
     178 000000fc BD36     .float  -0.09801714032956;           ; sin(126 * 2*pi/TABLE_SIZE)
         000000fd BDC8 
     179 000000fe FB30     .float  -0.04906767432742;           ; sin(127 * 2*pi/TABLE_SIZE)
         000000ff BD48 
     180 00000100       _CLAsinTableEnd:
     181 00000100 0000     .float   0.0;                        ; sin(  0 * 2*pi/TABLE_SIZE)
         00000101 0000 
     182 00000102 FB30     .float   0.04906767432742;           ; sin(  1 * 2*pi/TABLE_SIZE)
         00000103 3D48 
     183 00000104 BD36     .float   0.09801714032956;           ; sin(  2 * 2*pi/TABLE_SIZE)
         00000105 3DC8 
     184 00000106 4083     .float   0.1467304744553;            ; sin(  3 * 2*pi/TABLE_SIZE)
         00000107 3E16 
     185 00000108 C5C2     .float   0.1950903220162;            ; sin(  4 * 2*pi/TABLE_SIZE)
         00000109 3E47 
     186 0000010a CFCC     .float   0.2429801799032;            ; sin(  5 * 2*pi/TABLE_SIZE)
         0000010b 3E78 
     187 0000010c A031     .float   0.2902846772544;            ; sin(  6 * 2*pi/TABLE_SIZE)
         0000010d 3E94 
     188 0000010e 7CD4     .float   0.3368898533922;            ; sin(  7 * 2*pi/TABLE_SIZE)
         0000010f 3EAC 
     189 00000110 EF15     .float   0.3826834323651;            ; sin(  8 * 2*pi/TABLE_SIZE)
         00000111 3EC3 
     190 00000112 E880     .float   0.4275550934303;            ; sin(  9 * 2*pi/TABLE_SIZE)
         00000113 3EDA 
     191 00000114 5AEA     .float   0.4713967368260;            ; sin( 10 * 2*pi/TABLE_SIZE)
         00000115 3EF1 
TMS320C2000 Assembler PC v6.1.3 Thu Jan 30 10:33:29 2014

Tools Copyright (c) 1996-2012 Texas Instruments Incorporated
C:/work/grepos/bootrom/Boot_ROM/F2837x_bootROM-REVB/F2837x_bootROM_dev/F2837x_bootROM/cpu02-bootROM/Cla_Data_Rom/source/tables/CLASinCosTable.asm PAGE    7

     192 00000116 9C3D     .float   0.5141027441932;            ; sin( 11 * 2*pi/TABLE_SIZE)
         00000117 3F03 
     193 00000118 39DA     .float   0.5555702330196;            ; sin( 12 * 2*pi/TABLE_SIZE)
         00000119 3F0E 
     194 0000011a 7FC0     .float   0.5956993044925;            ; sin( 13 * 2*pi/TABLE_SIZE)
         0000011b 3F18 
     195 0000011c 6799     .float   0.6343932841637;            ; sin( 14 * 2*pi/TABLE_SIZE)
         0000011d 3F22 
     196 0000011e EB4A     .float   0.6715589548470;            ; sin( 15 * 2*pi/TABLE_SIZE)
         0000011f 3F2B 
     197 00000120 04F3     .float   0.7071067811865;            ; sin( 16 * 2*pi/TABLE_SIZE)
         00000121 3F35 
     198 00000122 AEF9     .float   0.7409511253549;            ; sin( 17 * 2*pi/TABLE_SIZE)
         00000123 3F3D 
     199 00000124 E403     .float   0.7730104533627;            ; sin( 18 * 2*pi/TABLE_SIZE)
         00000125 3F45 
     200 00000126 9F02     .float   0.8032075314806;            ; sin( 19 * 2*pi/TABLE_SIZE)
         00000127 3F4D 
     201 00000128 DB31     .float   0.8314696123026;            ; sin( 20 * 2*pi/TABLE_SIZE)
         00000129 3F54 
     202 0000012a 941A     .float   0.8577286100001;            ; sin( 21 * 2*pi/TABLE_SIZE)
         0000012b 3F5B 
     203 0000012c C598     .float   0.8819212643481;            ; sin( 22 * 2*pi/TABLE_SIZE)
         0000012d 3F61 
     204 0000012e 6BD8     .float   0.9039892931235;            ; sin( 23 * 2*pi/TABLE_SIZE)
         0000012f 3F67 
     205 00000130 835E     .float   0.9238795325113;            ; sin( 24 * 2*pi/TABLE_SIZE)
         00000131 3F6C 
     206 00000132 0908     .float   0.9415440651832;            ; sin( 25 * 2*pi/TABLE_SIZE)
         00000133 3F71 
     207 00000134 FA0B     .float   0.9569403357322;            ; sin( 26 * 2*pi/TABLE_SIZE)
         00000135 3F74 
     208 00000136 53F8     .float   0.9700312531945;            ; sin( 27 * 2*pi/TABLE_SIZE)
         00000137 3F78 
     209 00000138 14BE     .float   0.9807852804033;            ; sin( 28 * 2*pi/TABLE_SIZE)
         00000139 3F7B 
     210 0000013a 3AAC     .float   0.9891765099649;            ; sin( 29 * 2*pi/TABLE_SIZE)
         0000013b 3F7D 
     211 0000013c C46D     .float   0.9951847266721;            ; sin( 30 * 2*pi/TABLE_SIZE)
         0000013d 3F7E 
     212 0000013e B10F     .float   0.9987954562052;            ; sin( 31 * 2*pi/TABLE_SIZE)
         0000013f 3F7F 
     213 00000140 0000     .float   1.0;                        ; sin( 32 * 2*pi/TABLE_SIZE)
         00000141 3F80 
     214 00000142       _CLAcosTableEnd:
     215              
     216              
     217 00000142 0000  _CLAsincosTable_TABLE_SIZE         .float  128.0             
         00000143 4300 
     218 00000144 F983  _CLAsincosTable_TABLE_SIZEDivTwoPi .float  20.37183271576    
         00000145 41A2 
     219 00000146 0FDB  _CLAsincosTable_TwoPiDivTABLE_SIZE .float  0.04908738521234  
         00000147 3D49 
     220 00000148 007F  _CLAsincosTable_TABLE_MASK         .long   0x0000007F;       
         00000149 0000 
TMS320C2000 Assembler PC v6.1.3 Thu Jan 30 10:33:29 2014

Tools Copyright (c) 1996-2012 Texas Instruments Incorporated
C:/work/grepos/bootrom/Boot_ROM/F2837x_bootROM-REVB/F2837x_bootROM_dev/F2837x_bootROM/cpu02-bootROM/Cla_Data_Rom/source/tables/CLASinCosTable.asm PAGE    8

     221 0000014a 0000  _CLAsincosTable_Coef0              .float -0.5;
         0000014b BF00 
     222 0000014c AAAB  _CLAsincosTable_Coef1              .float -0.1666666666666;
         0000014d BE2A 
     223 0000014e AAAB  _CLAsincosTable_Coef1_pos          .float  0.1666666666666;
         0000014f 3E2A 
     224 00000150 AAAB  _CLAsincosTable_Coef2              .float  4.1666666666666e-2;
         00000151 3D2A 
     225 00000152 8889  _CLAsincosTable_Coef3              .float  8.3333333333333e-3;
         00000153 3C08 
     226 00000154 8889  _CLAsincosTable_Coef3_neg          .float -8.3333333333333e-3;
         00000155 BC08 
     227 00000156       _CLAsincosTableEnd:
     228              
     229              ;############################################################################
     230              ;//! @}
     231              ;############################################################################

No Assembly Errors, No Assembly Warnings
