%!Adobe-FontList 1.04

%BeginFont
Handler:DirectoryHandler
FontType:PFM
FontName:Courier-BoldOblique
NumMMAxes:0
OutlineFileName:\COBO____.PFM
FileLength:686
%EndFont

%BeginFont
Handler:DirectoryHandler
FontType:PFM
FontName:Courier-Bold
NumMMAxes:0
OutlineFileName:\COB_____.PFM
FileLength:679
%EndFont

%BeginFont
Handler:DirectoryHandler
FontType:PFM
FontName:Courier
NumMMAxes:0
OutlineFileName:\COM_____.PFM
FileLength:674
%EndFont

%BeginFont
Handler:DirectoryHandler
FontType:PFM
FontName:Courier-Oblique
NumMMAxes:0
OutlineFileName:\COO_____.PFM
FileLength:682
%EndFont

%BeginFont
Handler:DirectoryHandler
FontType:PFM
FontName:Symbol
NumMMAxes:0
OutlineFileName:\SY______.PFM
FileLength:672
%EndFont

%BeginFont
Handler:DirectoryHandler
FontType:PFM
FontName:ZapfDingbats
NumMMAxes:0
OutlineFileName:\ZD______.PFM
FileLength:684
%EndFont

%BeginFont
Handler:DirectoryHandler
FontType:PFM
FontName:AdobeSansMM
NumMMAxes:2
OutlineFileName:\ZX______.MMM
FileLength:7248
%EndFont

%BeginFont
Handler:DirectoryHandler
FontType:PFM
FontName:AdobeSansMM
NumMMAxes:0
OutlineFileName:\zx______.pfm
FileLength:683
%EndFont

%BeginFont
Handler:DirectoryHandler
FontType:PFM
FontName:AdobeSerifMM
NumMMAxes:2
OutlineFileName:\ZY______.MMM
FileLength:7248
%EndFont

%BeginFont
Handler:DirectoryHandler
FontType:PFM
FontName:AdobeSerifMM
NumMMAxes:0
OutlineFileName:\zy______.pfm
FileLength:684
%EndFont

%BeginFont
Handler:DirectoryHandler
FontType:PFM
FontName:Arial-BoldItalicMT
NumMMAxes:0
OutlineFileName:\_ABI____.PFM
FileLength:5336
%EndFont

%BeginFont
Handler:DirectoryHandler
FontType:PFM
FontName:Arial-BoldMT
NumMMAxes:0
OutlineFileName:\_AB_____.PFM
FileLength:5330
%EndFont

%BeginFont
Handler:DirectoryHandler
FontType:PFM
FontName:Arial-ItalicMT
NumMMAxes:0
OutlineFileName:\_AI_____.PFM
FileLength:5816
%EndFont

%BeginFont
Handler:DirectoryHandler
FontType:PFM
FontName:ArialMT
NumMMAxes:0
OutlineFileName:\_A______.PFM
FileLength:5809
%EndFont

%BeginFont
Handler:DirectoryHandler
FontType:PFM
FontName:TimesNewRomanPS-BoldItalicMT
NumMMAxes:0
OutlineFileName:\_ebi____.pfm
FileLength:4683
%EndFont

%BeginFont
Handler:DirectoryHandler
FontType:PFM
FontName:TimesNewRomanPS-BoldMT
NumMMAxes:0
OutlineFileName:\_eb_____.pfm
FileLength:4941
%EndFont

%BeginFont
Handler:DirectoryHandler
FontType:PFM
FontName:TimesNewRomanPS-ItalicMT
NumMMAxes:0
OutlineFileName:\_ei_____.pfm
FileLength:4815
%EndFont

%BeginFont
Handler:DirectoryHandler
FontType:PFM
FontName:TimesNewRomanPSMT
NumMMAxes:0
OutlineFileName:\_er_____.pfm
FileLength:4692
%EndFont

