TMS320C2000 Assembler PC v6.1.3 Thu Jan 30 10:33:46 2014

Tools Copyright (c) 1996-2012 Texas Instruments Incorporated
C:/work/grepos/bootrom/Boot_ROM/F2837x_bootROM-REVB/F2837x_bootROM_dev/F2837x_bootROM/cpu02-bootROM/Cla_Data_Rom/source/cla_rom_version.asm PAGE    1

       1              ;; TI File $Revision: /main/1 $
       2              ;; Checkin $Date: August 14, 2012   12:48:33 $
       3              ;;###########################################################################
       4              ;;
       5              ;; FILE:    cla_rom_version.asm
       6              ;;
       7              ;; TITLE:   CLA data ROM Version and checksum values.
       8              ;;
       9              ;; Functions:
      10              ;;
      11              ;;
      12              ;; Notes:
      13              ;;
      14              ;;###########################################################################
      15              ;; $TI Release: F2837x Boot ROM V1.0 $
      16              ;; $Release Date: October 2013 $
      17              ;;###########################################################################
      18              
      19 00000000           .sect ".CROMVersion"
      20 00000000 0101      .word 0x0101     ; Boot ROM Version v1.1
      21 00000001 1113      .word 0x1113     ; Month/Year: (ex: 0x0109 = 1/09 = Jan 2009)

No Assembly Errors, No Assembly Warnings
