TMS320C2000 Assembler PC v6.1.3 Mon Feb 03 13:10:30 2014

Tools Copyright (c) 1996-2012 Texas Instruments Incorporated
C:\Users\a0272466\AppData\Local\Temp\0466410                         PAGE    1

       1              ;***************************************************************
       2              ;* TMS320C2000 C/C++ Codegen                         PC v6.1.3 *
       3              ;* Date/Time created: Mon Feb 03 13:10:30 2014                 *
       4              ;***************************************************************
       5                      .compiler_opts --float_support=fpu32 --hll_source=on --mem_model:code=flat --mem_model:data=large --o
       6        0002  FP      .set    XAR2
       7              
       8              $C$DW$CU        .dwtag  DW_TAG_compile_unit
       9                      .dwattr $C$DW$CU, DW_AT_name("C:/work/grepos/bootrom/Boot_ROM/F2837x_bootROM-REVB/F2837x_bootROM_dev/
      10                      .dwattr $C$DW$CU, DW_AT_producer("TMS320C2000 C/C++ Codegen PC v6.1.3 Copyright (c) 1996-2012 Texas I
      11                      .dwattr $C$DW$CU, DW_AT_TI_version(0x01)
      12                      .dwattr $C$DW$CU, DW_AT_comp_dir("C:\work\grepos\bootrom\Boot_ROM\F2837x_bootROM-REVB\F2837x_bootROM_
      13                      .global _csum_rom
      14 00000000               .sect   ".CKSUMLOC"
      15                      .align  2
      16 00000000       _csum_rom:
      17 00000000 FC9D          .field  261277,32                       ; _csum_rom._total_ones @ 0
         00000001 0003 
      18 00000002 0BAA          .field  2986,32                 ; _csum_rom._bit_column_cksum[0][0] @ 32
         00000003 0000 
      19 00000004 21CD          .field  8653,32                 ; _csum_rom._bit_column_cksum[0][1] @ 64
         00000005 0000 
      20 00000006 0000          .field  0,32                    ; _csum_rom._bit_column_cksum[0][2] @ 96
         00000007 0000 
      21 00000008 CEE0          .field  52960,32                        ; _csum_rom._bit_column_cksum[1][0] @ 128
         00000009 0000 
      22 0000000a 27B8          .field  10168,32                        ; _csum_rom._bit_column_cksum[1][1] @ 160
         0000000b 0000 
      23 0000000c 0000          .field  0,32                    ; _csum_rom._bit_column_cksum[1][2] @ 192
         0000000d 0000 
      24 0000000e 28E6          .field  10470,32                        ; _csum_rom._bit_column_cksum[2][0] @ 224
         0000000f 0000 
      25 00000010 2706          .field  9990,32                 ; _csum_rom._bit_column_cksum[2][1] @ 256
         00000011 0000 
      26 00000012 0000          .field  0,32                    ; _csum_rom._bit_column_cksum[2][2] @ 288
         00000013 0000 
      27 00000014 BB38          .field  47928,32                        ; _csum_rom._bit_column_cksum[3][0] @ 320
         00000015 0000 
      28 00000016 2542          .field  9538,32                 ; _csum_rom._bit_column_cksum[3][1] @ 352
         00000017 0000 
      29 00000018 0000          .field  0,32                    ; _csum_rom._bit_column_cksum[3][2] @ 384
         00000019 0000 
      30 0000001a 1075          .field  4213,32                 ; _csum_rom._bit_column_cksum[4][0] @ 416
         0000001b 0000 
      31 0000001c 2379          .field  9081,32                 ; _csum_rom._bit_column_cksum[4][1] @ 448
         0000001d 0000 
      32 0000001e 0000          .field  0,32                    ; _csum_rom._bit_column_cksum[4][2] @ 480
         0000001f 0000 
      33 00000020 4D33          .field  19763,32                        ; _csum_rom._bit_column_cksum[5][0] @ 512
         00000021 0000 
      34 00000022 2270          .field  8816,32                 ; _csum_rom._bit_column_cksum[5][1] @ 544
         00000023 0000 
      35 00000024 0000          .field  0,32                    ; _csum_rom._bit_column_cksum[5][2] @ 576
         00000025 0000 
      36 00000026 337F          .field  13183,32                        ; _csum_rom._bit_column_cksum[6][0] @ 608
TMS320C2000 Assembler PC v6.1.3 Mon Feb 03 13:10:30 2014

Tools Copyright (c) 1996-2012 Texas Instruments Incorporated
C:\Users\a0272466\AppData\Local\Temp\0466410                         PAGE    2

         00000027 0000 
      37 00000028 2008          .field  8200,32                 ; _csum_rom._bit_column_cksum[6][1] @ 640
         00000029 0000 
      38 0000002a 0000          .field  0,32                    ; _csum_rom._bit_column_cksum[6][2] @ 672
         0000002b 0000 
      39 0000002c A44C          .field  42060,32                        ; _csum_rom._bit_column_cksum[7][0] @ 704
         0000002d 0000 
      40 0000002e 1F22          .field  7970,32                 ; _csum_rom._bit_column_cksum[7][1] @ 736
         0000002f 0000 
      41 00000030 0000          .field  0,32                    ; _csum_rom._bit_column_cksum[7][2] @ 768
         00000031 0000 
      42 00000032 0000          .field  0,32                    ; _csum_rom._row_weight_sum._highHalfMSW @ 800
         00000033 0000 
      43 00000034 0008          .field  8,32                    ; _csum_rom._row_weight_sum._highHalfLSW @ 832
         00000035 0000 
      44 00000036 D705          .field  55045,32                        ; _csum_rom._row_weight_sum._lowHalfMSW @ 864
         00000037 0000 
      45 00000038 4372          .field  17266,32                        ; _csum_rom._row_weight_sum._lowHalfLSW @ 896
         00000039 0000 
      46 0000003a 0000          .field  0,32                    ; _csum_rom._fact_weight_sum._highHalfMSW @ 928
         0000003b 0000 
      47 0000003c 28F8          .field  10488,32                        ; _csum_rom._fact_weight_sum._highHalfLSW @ 960
         0000003d 0000 
      48 0000003e 6AD4          .field  27348,32                        ; _csum_rom._fact_weight_sum._lowHalfMSW @ 992
         0000003f 0000 
      49 00000040 3934          .field  14644,32                        ; _csum_rom._fact_weight_sum._lowHalfLSW @ 1024
         00000041 0000 
      50              
      51              $C$DW$1 .dwtag  DW_TAG_variable, DW_AT_name("csum_rom")
      52                      .dwattr $C$DW$1, DW_AT_TI_symbol_name("_csum_rom")
      53                      .dwattr $C$DW$1, DW_AT_location[DW_OP_addr _csum_rom]
      54                      .dwattr $C$DW$1, DW_AT_type(*$C$DW$T$25)
      55                      .dwattr $C$DW$1, DW_AT_external
      56              ;       C:\ti\ccsv5\tools\compiler\c2000_6.1.3\bin\ac2000.exe -@C:\\Users\\a0272466\\AppData\\Local\\Temp\\04
      57              
      58              ;***************************************************************
      59              ;* TYPE INFORMATION                                            *
      60              ;***************************************************************
      61              
      62              $C$DW$T$19      .dwtag  DW_TAG_structure_type
      63                      .dwattr $C$DW$T$19, DW_AT_byte_size(0x08)
      64              $C$DW$2 .dwtag  DW_TAG_member
      65                      .dwattr $C$DW$2, DW_AT_type(*$C$DW$T$13)
      66                      .dwattr $C$DW$2, DW_AT_name("highHalfMSW")
      67                      .dwattr $C$DW$2, DW_AT_TI_symbol_name("_highHalfMSW")
      68                      .dwattr $C$DW$2, DW_AT_data_member_location[DW_OP_plus_uconst 0x0]
      69                      .dwattr $C$DW$2, DW_AT_accessibility(DW_ACCESS_public)
      70              $C$DW$3 .dwtag  DW_TAG_member
      71                      .dwattr $C$DW$3, DW_AT_type(*$C$DW$T$13)
      72                      .dwattr $C$DW$3, DW_AT_name("highHalfLSW")
      73                      .dwattr $C$DW$3, DW_AT_TI_symbol_name("_highHalfLSW")
      74                      .dwattr $C$DW$3, DW_AT_data_member_location[DW_OP_plus_uconst 0x2]
      75                      .dwattr $C$DW$3, DW_AT_accessibility(DW_ACCESS_public)
      76              $C$DW$4 .dwtag  DW_TAG_member
      77                      .dwattr $C$DW$4, DW_AT_type(*$C$DW$T$13)
TMS320C2000 Assembler PC v6.1.3 Mon Feb 03 13:10:30 2014

Tools Copyright (c) 1996-2012 Texas Instruments Incorporated
C:\Users\a0272466\AppData\Local\Temp\0466410                         PAGE    3

      78                      .dwattr $C$DW$4, DW_AT_name("lowHalfMSW")
      79                      .dwattr $C$DW$4, DW_AT_TI_symbol_name("_lowHalfMSW")
      80                      .dwattr $C$DW$4, DW_AT_data_member_location[DW_OP_plus_uconst 0x4]
      81                      .dwattr $C$DW$4, DW_AT_accessibility(DW_ACCESS_public)
      82              $C$DW$5 .dwtag  DW_TAG_member
      83                      .dwattr $C$DW$5, DW_AT_type(*$C$DW$T$13)
      84                      .dwattr $C$DW$5, DW_AT_name("lowHalfLSW")
      85                      .dwattr $C$DW$5, DW_AT_TI_symbol_name("_lowHalfLSW")
      86                      .dwattr $C$DW$5, DW_AT_data_member_location[DW_OP_plus_uconst 0x6]
      87                      .dwattr $C$DW$5, DW_AT_accessibility(DW_ACCESS_public)
      88                      .dwendtag $C$DW$T$19
      89              
      90              $C$DW$T$22      .dwtag  DW_TAG_typedef, DW_AT_name("ui64")
      91                      .dwattr $C$DW$T$22, DW_AT_type(*$C$DW$T$19)
      92                      .dwattr $C$DW$T$22, DW_AT_language(DW_LANG_C)
      93              $C$DW$T$4       .dwtag  DW_TAG_base_type
      94                      .dwattr $C$DW$T$4, DW_AT_encoding(DW_ATE_boolean)
      95                      .dwattr $C$DW$T$4, DW_AT_name("bool")
      96                      .dwattr $C$DW$T$4, DW_AT_byte_size(0x01)
      97              $C$DW$T$5       .dwtag  DW_TAG_base_type
      98                      .dwattr $C$DW$T$5, DW_AT_encoding(DW_ATE_signed_char)
      99                      .dwattr $C$DW$T$5, DW_AT_name("signed char")
     100                      .dwattr $C$DW$T$5, DW_AT_byte_size(0x01)
     101              $C$DW$T$6       .dwtag  DW_TAG_base_type
     102                      .dwattr $C$DW$T$6, DW_AT_encoding(DW_ATE_unsigned_char)
     103                      .dwattr $C$DW$T$6, DW_AT_name("unsigned char")
     104                      .dwattr $C$DW$T$6, DW_AT_byte_size(0x01)
     105              $C$DW$T$7       .dwtag  DW_TAG_base_type
     106                      .dwattr $C$DW$T$7, DW_AT_encoding(DW_ATE_signed_char)
     107                      .dwattr $C$DW$T$7, DW_AT_name("wchar_t")
     108                      .dwattr $C$DW$T$7, DW_AT_byte_size(0x01)
     109              $C$DW$T$8       .dwtag  DW_TAG_base_type
     110                      .dwattr $C$DW$T$8, DW_AT_encoding(DW_ATE_signed)
     111                      .dwattr $C$DW$T$8, DW_AT_name("short")
     112                      .dwattr $C$DW$T$8, DW_AT_byte_size(0x01)
     113              $C$DW$T$9       .dwtag  DW_TAG_base_type
     114                      .dwattr $C$DW$T$9, DW_AT_encoding(DW_ATE_unsigned)
     115                      .dwattr $C$DW$T$9, DW_AT_name("unsigned short")
     116                      .dwattr $C$DW$T$9, DW_AT_byte_size(0x01)
     117              $C$DW$T$10      .dwtag  DW_TAG_base_type
     118                      .dwattr $C$DW$T$10, DW_AT_encoding(DW_ATE_signed)
     119                      .dwattr $C$DW$T$10, DW_AT_name("int")
     120                      .dwattr $C$DW$T$10, DW_AT_byte_size(0x01)
     121              $C$DW$T$11      .dwtag  DW_TAG_base_type
     122                      .dwattr $C$DW$T$11, DW_AT_encoding(DW_ATE_unsigned)
     123                      .dwattr $C$DW$T$11, DW_AT_name("unsigned int")
     124                      .dwattr $C$DW$T$11, DW_AT_byte_size(0x01)
     125              $C$DW$T$12      .dwtag  DW_TAG_base_type
     126                      .dwattr $C$DW$T$12, DW_AT_encoding(DW_ATE_signed)
     127                      .dwattr $C$DW$T$12, DW_AT_name("long")
     128                      .dwattr $C$DW$T$12, DW_AT_byte_size(0x02)
     129              $C$DW$T$13      .dwtag  DW_TAG_base_type
     130                      .dwattr $C$DW$T$13, DW_AT_encoding(DW_ATE_unsigned)
     131                      .dwattr $C$DW$T$13, DW_AT_name("unsigned long")
     132                      .dwattr $C$DW$T$13, DW_AT_byte_size(0x02)
TMS320C2000 Assembler PC v6.1.3 Mon Feb 03 13:10:30 2014

Tools Copyright (c) 1996-2012 Texas Instruments Incorporated
C:\Users\a0272466\AppData\Local\Temp\0466410                         PAGE    4

     133              
     134              $C$DW$T$20      .dwtag  DW_TAG_array_type
     135                      .dwattr $C$DW$T$20, DW_AT_type(*$C$DW$T$13)
     136                      .dwattr $C$DW$T$20, DW_AT_language(DW_LANG_C)
     137                      .dwattr $C$DW$T$20, DW_AT_byte_size(0x06)
     138              $C$DW$6 .dwtag  DW_TAG_subrange_type
     139                      .dwattr $C$DW$6, DW_AT_upper_bound(0x02)
     140                      .dwendtag $C$DW$T$20
     141              
     142              
     143              $C$DW$T$21      .dwtag  DW_TAG_array_type
     144                      .dwattr $C$DW$T$21, DW_AT_type(*$C$DW$T$13)
     145                      .dwattr $C$DW$T$21, DW_AT_language(DW_LANG_C)
     146                      .dwattr $C$DW$T$21, DW_AT_byte_size(0x30)
     147              $C$DW$7 .dwtag  DW_TAG_subrange_type
     148                      .dwattr $C$DW$7, DW_AT_upper_bound(0x07)
     149              $C$DW$8 .dwtag  DW_TAG_subrange_type
     150                      .dwattr $C$DW$8, DW_AT_upper_bound(0x02)
     151                      .dwendtag $C$DW$T$21
     152              
     153              $C$DW$T$14      .dwtag  DW_TAG_base_type
     154                      .dwattr $C$DW$T$14, DW_AT_encoding(DW_ATE_signed)
     155                      .dwattr $C$DW$T$14, DW_AT_name("long long")
     156                      .dwattr $C$DW$T$14, DW_AT_byte_size(0x04)
     157              $C$DW$T$15      .dwtag  DW_TAG_base_type
     158                      .dwattr $C$DW$T$15, DW_AT_encoding(DW_ATE_unsigned)
     159                      .dwattr $C$DW$T$15, DW_AT_name("unsigned long long")
     160                      .dwattr $C$DW$T$15, DW_AT_byte_size(0x04)
     161              $C$DW$T$16      .dwtag  DW_TAG_base_type
     162                      .dwattr $C$DW$T$16, DW_AT_encoding(DW_ATE_float)
     163                      .dwattr $C$DW$T$16, DW_AT_name("float")
     164                      .dwattr $C$DW$T$16, DW_AT_byte_size(0x02)
     165              $C$DW$T$17      .dwtag  DW_TAG_base_type
     166                      .dwattr $C$DW$T$17, DW_AT_encoding(DW_ATE_float)
     167                      .dwattr $C$DW$T$17, DW_AT_name("double")
     168                      .dwattr $C$DW$T$17, DW_AT_byte_size(0x02)
     169              $C$DW$T$18      .dwtag  DW_TAG_base_type
     170                      .dwattr $C$DW$T$18, DW_AT_encoding(DW_ATE_float)
     171                      .dwattr $C$DW$T$18, DW_AT_name("long double")
     172                      .dwattr $C$DW$T$18, DW_AT_byte_size(0x04)
     173              
     174              $C$DW$T$23      .dwtag  DW_TAG_structure_type
     175                      .dwattr $C$DW$T$23, DW_AT_name("checksum_data")
     176                      .dwattr $C$DW$T$23, DW_AT_byte_size(0x42)
     177              $C$DW$9 .dwtag  DW_TAG_member
     178                      .dwattr $C$DW$9, DW_AT_type(*$C$DW$T$13)
     179                      .dwattr $C$DW$9, DW_AT_name("total_ones")
     180                      .dwattr $C$DW$9, DW_AT_TI_symbol_name("_total_ones")
     181                      .dwattr $C$DW$9, DW_AT_data_member_location[DW_OP_plus_uconst 0x0]
     182                      .dwattr $C$DW$9, DW_AT_accessibility(DW_ACCESS_public)
     183              $C$DW$10        .dwtag  DW_TAG_member
     184                      .dwattr $C$DW$10, DW_AT_type(*$C$DW$T$21)
     185                      .dwattr $C$DW$10, DW_AT_name("bit_column_cksum")
     186                      .dwattr $C$DW$10, DW_AT_TI_symbol_name("_bit_column_cksum")
     187                      .dwattr $C$DW$10, DW_AT_data_member_location[DW_OP_plus_uconst 0x2]
TMS320C2000 Assembler PC v6.1.3 Mon Feb 03 13:10:30 2014

Tools Copyright (c) 1996-2012 Texas Instruments Incorporated
C:\Users\a0272466\AppData\Local\Temp\0466410                         PAGE    5

     188                      .dwattr $C$DW$10, DW_AT_accessibility(DW_ACCESS_public)
     189              $C$DW$11        .dwtag  DW_TAG_member
     190                      .dwattr $C$DW$11, DW_AT_type(*$C$DW$T$22)
     191                      .dwattr $C$DW$11, DW_AT_name("row_weight_sum")
     192                      .dwattr $C$DW$11, DW_AT_TI_symbol_name("_row_weight_sum")
     193                      .dwattr $C$DW$11, DW_AT_data_member_location[DW_OP_plus_uconst 0x32]
     194                      .dwattr $C$DW$11, DW_AT_accessibility(DW_ACCESS_public)
     195              $C$DW$12        .dwtag  DW_TAG_member
     196                      .dwattr $C$DW$12, DW_AT_type(*$C$DW$T$22)
     197                      .dwattr $C$DW$12, DW_AT_name("fact_weight_sum")
     198                      .dwattr $C$DW$12, DW_AT_TI_symbol_name("_fact_weight_sum")
     199                      .dwattr $C$DW$12, DW_AT_data_member_location[DW_OP_plus_uconst 0x3a]
     200                      .dwattr $C$DW$12, DW_AT_accessibility(DW_ACCESS_public)
     201                      .dwendtag $C$DW$T$23
     202              
     203              $C$DW$T$24      .dwtag  DW_TAG_typedef, DW_AT_name("composite_checksum_t")
     204                      .dwattr $C$DW$T$24, DW_AT_type(*$C$DW$T$23)
     205                      .dwattr $C$DW$T$24, DW_AT_language(DW_LANG_C)
     206              $C$DW$13        .dwtag  DW_TAG_TI_far_type
     207                      .dwattr $C$DW$13, DW_AT_type(*$C$DW$T$24)
     208              $C$DW$T$25      .dwtag  DW_TAG_const_type
     209                      .dwattr $C$DW$T$25, DW_AT_type(*$C$DW$13)
     210                      .dwattr $C$DW$CU, DW_AT_language(DW_LANG_C)
     211              
     212              ;***************************************************************
     213              ;* DWARF CIE ENTRIES                                           *
     214              ;***************************************************************
     215              
     216              $C$DW$CIE       .dwcie 78
     217                      .dwcfi  cfa_register, 20
     218                      .dwcfi  cfa_offset, 0
     219                      .dwcfi  undefined, 0
     220                      .dwcfi  undefined, 1
     221                      .dwcfi  undefined, 2
     222                      .dwcfi  undefined, 3
     223                      .dwcfi  undefined, 22
     224                      .dwcfi  undefined, 37
     225                      .dwcfi  undefined, 36
     226                      .dwcfi  undefined, 23
     227                      .dwcfi  undefined, 30
     228                      .dwcfi  undefined, 31
     229                      .dwcfi  undefined, 32
     230                      .dwcfi  undefined, 38
     231                      .dwcfi  undefined, 75
     232                      .dwcfi  undefined, 24
     233                      .dwcfi  undefined, 33
     234                      .dwcfi  undefined, 35
     235                      .dwcfi  undefined, 34
     236                      .dwcfi  undefined, 76
     237                      .dwcfi  undefined, 21
     238                      .dwcfi  undefined, 20
     239                      .dwcfi  undefined, 28
     240                      .dwcfi  undefined, 29
     241                      .dwcfi  undefined, 25
     242                      .dwcfi  undefined, 77
TMS320C2000 Assembler PC v6.1.3 Mon Feb 03 13:10:30 2014

Tools Copyright (c) 1996-2012 Texas Instruments Incorporated
C:\Users\a0272466\AppData\Local\Temp\0466410                         PAGE    6

     243                      .dwcfi  undefined, 4
     244                      .dwcfi  undefined, 6
     245                      .dwcfi  undefined, 8
     246                      .dwcfi  undefined, 10
     247                      .dwcfi  undefined, 12
     248                      .dwcfi  undefined, 14
     249                      .dwcfi  undefined, 16
     250                      .dwcfi  undefined, 17
     251                      .dwcfi  undefined, 18
     252                      .dwcfi  undefined, 19
     253                      .dwcfi  undefined, 5
     254                      .dwcfi  undefined, 7
     255                      .dwcfi  undefined, 9
     256                      .dwcfi  undefined, 11
     257                      .dwcfi  undefined, 13
     258                      .dwcfi  undefined, 15
     259                      .dwcfi  undefined, 43
     260                      .dwcfi  undefined, 44
     261                      .dwcfi  undefined, 47
     262                      .dwcfi  undefined, 48
     263                      .dwcfi  undefined, 51
     264                      .dwcfi  undefined, 52
     265                      .dwcfi  undefined, 55
     266                      .dwcfi  undefined, 56
     267                      .dwcfi  undefined, 59
     268                      .dwcfi  undefined, 60
     269                      .dwcfi  undefined, 63
     270                      .dwcfi  undefined, 64
     271                      .dwcfi  undefined, 67
     272                      .dwcfi  undefined, 68
     273                      .dwcfi  undefined, 71
     274                      .dwcfi  undefined, 72
     275                      .dwcfi  undefined, 73
     276                      .dwcfi  undefined, 74
     277                      .dwcfi  undefined, 39
     278                      .dwcfi  undefined, 40
     279                      .dwcfi  undefined, 27
     280                      .dwcfi  undefined, 78
     281                      .dwendentry
     282              
     283              ;***************************************************************
     284              ;* DWARF REGISTER MAP                                          *
     285              ;***************************************************************
     286              
     287              $C$DW$14        .dwtag  DW_TAG_TI_assign_register, DW_AT_name("AL")
     288                      .dwattr $C$DW$14, DW_AT_location[DW_OP_reg0]
     289              $C$DW$15        .dwtag  DW_TAG_TI_assign_register, DW_AT_name("AH")
     290                      .dwattr $C$DW$15, DW_AT_location[DW_OP_reg1]
     291              $C$DW$16        .dwtag  DW_TAG_TI_assign_register, DW_AT_name("PL")
     292                      .dwattr $C$DW$16, DW_AT_location[DW_OP_reg2]
     293              $C$DW$17        .dwtag  DW_TAG_TI_assign_register, DW_AT_name("PH")
     294                      .dwattr $C$DW$17, DW_AT_location[DW_OP_reg3]
     295              $C$DW$18        .dwtag  DW_TAG_TI_assign_register, DW_AT_name("T")
     296                      .dwattr $C$DW$18, DW_AT_location[DW_OP_reg22]
     297              $C$DW$19        .dwtag  DW_TAG_TI_assign_register, DW_AT_name("IER")
TMS320C2000 Assembler PC v6.1.3 Mon Feb 03 13:10:30 2014

Tools Copyright (c) 1996-2012 Texas Instruments Incorporated
C:\Users\a0272466\AppData\Local\Temp\0466410                         PAGE    7

     298                      .dwattr $C$DW$19, DW_AT_location[DW_OP_regx 0x25]
     299              $C$DW$20        .dwtag  DW_TAG_TI_assign_register, DW_AT_name("IFR")
     300                      .dwattr $C$DW$20, DW_AT_location[DW_OP_regx 0x24]
     301              $C$DW$21        .dwtag  DW_TAG_TI_assign_register, DW_AT_name("ST0")
     302                      .dwattr $C$DW$21, DW_AT_location[DW_OP_reg23]
     303              $C$DW$22        .dwtag  DW_TAG_TI_assign_register, DW_AT_name("SXM")
     304                      .dwattr $C$DW$22, DW_AT_location[DW_OP_reg30]
     305              $C$DW$23        .dwtag  DW_TAG_TI_assign_register, DW_AT_name("PM")
     306                      .dwattr $C$DW$23, DW_AT_location[DW_OP_reg31]
     307              $C$DW$24        .dwtag  DW_TAG_TI_assign_register, DW_AT_name("OVM")
     308                      .dwattr $C$DW$24, DW_AT_location[DW_OP_regx 0x20]
     309              $C$DW$25        .dwtag  DW_TAG_TI_assign_register, DW_AT_name("V")
     310                      .dwattr $C$DW$25, DW_AT_location[DW_OP_regx 0x26]
     311              $C$DW$26        .dwtag  DW_TAG_TI_assign_register, DW_AT_name("PSEUDO")
     312                      .dwattr $C$DW$26, DW_AT_location[DW_OP_regx 0x4b]
     313              $C$DW$27        .dwtag  DW_TAG_TI_assign_register, DW_AT_name("ST1")
     314                      .dwattr $C$DW$27, DW_AT_location[DW_OP_reg24]
     315              $C$DW$28        .dwtag  DW_TAG_TI_assign_register, DW_AT_name("PAGE0")
     316                      .dwattr $C$DW$28, DW_AT_location[DW_OP_regx 0x21]
     317              $C$DW$29        .dwtag  DW_TAG_TI_assign_register, DW_AT_name("INTM")
     318                      .dwattr $C$DW$29, DW_AT_location[DW_OP_regx 0x23]
     319              $C$DW$30        .dwtag  DW_TAG_TI_assign_register, DW_AT_name("AMODE")
     320                      .dwattr $C$DW$30, DW_AT_location[DW_OP_regx 0x22]
     321              $C$DW$31        .dwtag  DW_TAG_TI_assign_register, DW_AT_name("PSEUDOH")
     322                      .dwattr $C$DW$31, DW_AT_location[DW_OP_regx 0x4c]
     323              $C$DW$32        .dwtag  DW_TAG_TI_assign_register, DW_AT_name("XT")
     324                      .dwattr $C$DW$32, DW_AT_location[DW_OP_reg21]
     325              $C$DW$33        .dwtag  DW_TAG_TI_assign_register, DW_AT_name("SP")
     326                      .dwattr $C$DW$33, DW_AT_location[DW_OP_reg20]
     327              $C$DW$34        .dwtag  DW_TAG_TI_assign_register, DW_AT_name("FP")
     328                      .dwattr $C$DW$34, DW_AT_location[DW_OP_reg28]
     329              $C$DW$35        .dwtag  DW_TAG_TI_assign_register, DW_AT_name("DP")
     330                      .dwattr $C$DW$35, DW_AT_location[DW_OP_reg29]
     331              $C$DW$36        .dwtag  DW_TAG_TI_assign_register, DW_AT_name("PC")
     332                      .dwattr $C$DW$36, DW_AT_location[DW_OP_reg25]
     333              $C$DW$37        .dwtag  DW_TAG_TI_assign_register, DW_AT_name("VOL")
     334                      .dwattr $C$DW$37, DW_AT_location[DW_OP_regx 0x4d]
     335              $C$DW$38        .dwtag  DW_TAG_TI_assign_register, DW_AT_name("AR0")
     336                      .dwattr $C$DW$38, DW_AT_location[DW_OP_reg4]
     337              $C$DW$39        .dwtag  DW_TAG_TI_assign_register, DW_AT_name("AR1")
     338                      .dwattr $C$DW$39, DW_AT_location[DW_OP_reg6]
     339              $C$DW$40        .dwtag  DW_TAG_TI_assign_register, DW_AT_name("AR2")
     340                      .dwattr $C$DW$40, DW_AT_location[DW_OP_reg8]
     341              $C$DW$41        .dwtag  DW_TAG_TI_assign_register, DW_AT_name("AR3")
     342                      .dwattr $C$DW$41, DW_AT_location[DW_OP_reg10]
     343              $C$DW$42        .dwtag  DW_TAG_TI_assign_register, DW_AT_name("AR4")
     344                      .dwattr $C$DW$42, DW_AT_location[DW_OP_reg12]
     345              $C$DW$43        .dwtag  DW_TAG_TI_assign_register, DW_AT_name("AR5")
     346                      .dwattr $C$DW$43, DW_AT_location[DW_OP_reg14]
     347              $C$DW$44        .dwtag  DW_TAG_TI_assign_register, DW_AT_name("AR6")
     348                      .dwattr $C$DW$44, DW_AT_location[DW_OP_reg16]
     349              $C$DW$45        .dwtag  DW_TAG_TI_assign_register, DW_AT_name("XAR6")
     350                      .dwattr $C$DW$45, DW_AT_location[DW_OP_reg17]
     351              $C$DW$46        .dwtag  DW_TAG_TI_assign_register, DW_AT_name("AR7")
     352                      .dwattr $C$DW$46, DW_AT_location[DW_OP_reg18]
TMS320C2000 Assembler PC v6.1.3 Mon Feb 03 13:10:30 2014

Tools Copyright (c) 1996-2012 Texas Instruments Incorporated
C:\Users\a0272466\AppData\Local\Temp\0466410                         PAGE    8

     353              $C$DW$47        .dwtag  DW_TAG_TI_assign_register, DW_AT_name("XAR7")
     354                      .dwattr $C$DW$47, DW_AT_location[DW_OP_reg19]
     355              $C$DW$48        .dwtag  DW_TAG_TI_assign_register, DW_AT_name("XAR0")
     356                      .dwattr $C$DW$48, DW_AT_location[DW_OP_reg5]
     357              $C$DW$49        .dwtag  DW_TAG_TI_assign_register, DW_AT_name("XAR1")
     358                      .dwattr $C$DW$49, DW_AT_location[DW_OP_reg7]
     359              $C$DW$50        .dwtag  DW_TAG_TI_assign_register, DW_AT_name("XAR2")
     360                      .dwattr $C$DW$50, DW_AT_location[DW_OP_reg9]
     361              $C$DW$51        .dwtag  DW_TAG_TI_assign_register, DW_AT_name("XAR3")
     362                      .dwattr $C$DW$51, DW_AT_location[DW_OP_reg11]
     363              $C$DW$52        .dwtag  DW_TAG_TI_assign_register, DW_AT_name("XAR4")
     364                      .dwattr $C$DW$52, DW_AT_location[DW_OP_reg13]
     365              $C$DW$53        .dwtag  DW_TAG_TI_assign_register, DW_AT_name("XAR5")
     366                      .dwattr $C$DW$53, DW_AT_location[DW_OP_reg15]
     367              $C$DW$54        .dwtag  DW_TAG_TI_assign_register, DW_AT_name("R0HL")
     368                      .dwattr $C$DW$54, DW_AT_location[DW_OP_regx 0x2b]
     369              $C$DW$55        .dwtag  DW_TAG_TI_assign_register, DW_AT_name("R0H")
     370                      .dwattr $C$DW$55, DW_AT_location[DW_OP_regx 0x2c]
     371              $C$DW$56        .dwtag  DW_TAG_TI_assign_register, DW_AT_name("R1HL")
     372                      .dwattr $C$DW$56, DW_AT_location[DW_OP_regx 0x2f]
     373              $C$DW$57        .dwtag  DW_TAG_TI_assign_register, DW_AT_name("R1H")
     374                      .dwattr $C$DW$57, DW_AT_location[DW_OP_regx 0x30]
     375              $C$DW$58        .dwtag  DW_TAG_TI_assign_register, DW_AT_name("R2HL")
     376                      .dwattr $C$DW$58, DW_AT_location[DW_OP_regx 0x33]
     377              $C$DW$59        .dwtag  DW_TAG_TI_assign_register, DW_AT_name("R2H")
     378                      .dwattr $C$DW$59, DW_AT_location[DW_OP_regx 0x34]
     379              $C$DW$60        .dwtag  DW_TAG_TI_assign_register, DW_AT_name("R3HL")
     380                      .dwattr $C$DW$60, DW_AT_location[DW_OP_regx 0x37]
     381              $C$DW$61        .dwtag  DW_TAG_TI_assign_register, DW_AT_name("R3H")
     382                      .dwattr $C$DW$61, DW_AT_location[DW_OP_regx 0x38]
     383              $C$DW$62        .dwtag  DW_TAG_TI_assign_register, DW_AT_name("R4HL")
     384                      .dwattr $C$DW$62, DW_AT_location[DW_OP_regx 0x3b]
     385              $C$DW$63        .dwtag  DW_TAG_TI_assign_register, DW_AT_name("R4H")
     386                      .dwattr $C$DW$63, DW_AT_location[DW_OP_regx 0x3c]
     387              $C$DW$64        .dwtag  DW_TAG_TI_assign_register, DW_AT_name("R5HL")
     388                      .dwattr $C$DW$64, DW_AT_location[DW_OP_regx 0x3f]
     389              $C$DW$65        .dwtag  DW_TAG_TI_assign_register, DW_AT_name("R5H")
     390                      .dwattr $C$DW$65, DW_AT_location[DW_OP_regx 0x40]
     391              $C$DW$66        .dwtag  DW_TAG_TI_assign_register, DW_AT_name("R6HL")
     392                      .dwattr $C$DW$66, DW_AT_location[DW_OP_regx 0x43]
     393              $C$DW$67        .dwtag  DW_TAG_TI_assign_register, DW_AT_name("R6H")
     394                      .dwattr $C$DW$67, DW_AT_location[DW_OP_regx 0x44]
     395              $C$DW$68        .dwtag  DW_TAG_TI_assign_register, DW_AT_name("R7HL")
     396                      .dwattr $C$DW$68, DW_AT_location[DW_OP_regx 0x47]
     397              $C$DW$69        .dwtag  DW_TAG_TI_assign_register, DW_AT_name("R7H")
     398                      .dwattr $C$DW$69, DW_AT_location[DW_OP_regx 0x48]
     399              $C$DW$70        .dwtag  DW_TAG_TI_assign_register, DW_AT_name("RBL")
     400                      .dwattr $C$DW$70, DW_AT_location[DW_OP_regx 0x49]
     401              $C$DW$71        .dwtag  DW_TAG_TI_assign_register, DW_AT_name("RB")
     402                      .dwattr $C$DW$71, DW_AT_location[DW_OP_regx 0x4a]
     403              $C$DW$72        .dwtag  DW_TAG_TI_assign_register, DW_AT_name("STFL")
     404                      .dwattr $C$DW$72, DW_AT_location[DW_OP_regx 0x27]
     405              $C$DW$73        .dwtag  DW_TAG_TI_assign_register, DW_AT_name("STF")
     406                      .dwattr $C$DW$73, DW_AT_location[DW_OP_regx 0x28]
     407              $C$DW$74        .dwtag  DW_TAG_TI_assign_register, DW_AT_name("FPUHAZ")
TMS320C2000 Assembler PC v6.1.3 Mon Feb 03 13:10:30 2014

Tools Copyright (c) 1996-2012 Texas Instruments Incorporated
C:\Users\a0272466\AppData\Local\Temp\0466410                         PAGE    9

     408                      .dwattr $C$DW$74, DW_AT_location[DW_OP_reg27]
     409              $C$DW$75        .dwtag  DW_TAG_TI_assign_register, DW_AT_name("CIE_RETA")
     410                      .dwattr $C$DW$75, DW_AT_location[DW_OP_regx 0x4e]
     411                      .dwendtag $C$DW$CU
     412              

No Assembly Errors, No Assembly Warnings
