TMS320C2000 Assembler PC v6.1.3 Thu Jan 30 10:25:47 2014

Tools Copyright (c) 1996-2012 Texas Instruments Incorporated
C:\Users\a0272466\AppData\Local\Temp\0892010                         PAGE    1

       1              ;***************************************************************
       2              ;* TMS320C2000 C/C++ Codegen                         PC v6.1.3 *
       3              ;* Date/Time created: Thu Jan 30 10:25:46 2014                 *
       4              ;***************************************************************
       5                      .compiler_opts --float_support=fpu32 --hll_source=on --mem_model:code=flat --mem_model:data=large --o
       6        0002  FP      .set    XAR2
       7              
       8              $C$DW$CU        .dwtag  DW_TAG_compile_unit
       9                      .dwattr $C$DW$CU, DW_AT_name("C:/work/grepos/bootrom/Boot_ROM/F2837x_bootROM-REVB/F2837x_bootROM_dev/
      10                      .dwattr $C$DW$CU, DW_AT_producer("TMS320C2000 C/C++ Codegen PC v6.1.3 Copyright (c) 1996-2012 Texas I
      11                      .dwattr $C$DW$CU, DW_AT_TI_version(0x01)
      12                      .dwattr $C$DW$CU, DW_AT_comp_dir("C:\work\grepos\bootrom\Boot_ROM\F2837x_bootROM-REVB\F2837x_bootROM_
      13                      .global _langID
      14 00000000               .sect   ".econst"
      15                      .align  1
      16 00000000       _langID:
      17 00000000 0409          .field  1033,16                 ; _langID @ 0
      18              
      19              $C$DW$1 .dwtag  DW_TAG_variable, DW_AT_name("langID")
      20                      .dwattr $C$DW$1, DW_AT_TI_symbol_name("_langID")
      21                      .dwattr $C$DW$1, DW_AT_location[DW_OP_addr _langID]
      22                      .dwattr $C$DW$1, DW_AT_type(*$C$DW$T$26)
      23                      .dwattr $C$DW$1, DW_AT_external
      24                      .global _serialString
      25 00000000               .sect   ".econst:.string:_serialString"
      26                      .clink
      27                      .align  1
      28 00000000       _serialString:
      29 00000000 0032          .field  50,16                   ; _serialString[0] @ 0
      30 00000001 0000          .field  0,16                    ; _serialString[1] @ 16
      31              
      32              $C$DW$2 .dwtag  DW_TAG_variable, DW_AT_name("serialString")
      33                      .dwattr $C$DW$2, DW_AT_TI_symbol_name("_serialString")
      34                      .dwattr $C$DW$2, DW_AT_location[DW_OP_addr _serialString]
      35                      .dwattr $C$DW$2, DW_AT_type(*$C$DW$T$52)
      36                      .dwattr $C$DW$2, DW_AT_external
      37              
      38              $C$DW$3 .dwtag  DW_TAG_subprogram, DW_AT_name("__byte")
      39                      .dwattr $C$DW$3, DW_AT_TI_symbol_name("___byte")
      40                      .dwattr $C$DW$3, DW_AT_type(*$C$DW$T$47)
      41                      .dwattr $C$DW$3, DW_AT_declaration
      42                      .dwattr $C$DW$3, DW_AT_external
      43              $C$DW$4 .dwtag  DW_TAG_formal_parameter
      44                      .dwattr $C$DW$4, DW_AT_type(*$C$DW$T$47)
      45              $C$DW$5 .dwtag  DW_TAG_formal_parameter
      46                      .dwattr $C$DW$5, DW_AT_type(*$C$DW$T$11)
      47                      .dwendtag $C$DW$3
      48              
      49                      .global _mfgDescriptor
      50 00000001               .sect   ".econst"
      51                      .align  2
      52 00000002       _mfgDescriptor:
      53 00000002 0326          .field  806,16                  ; _mfgDescriptor._bDescriptorType_bLength @ 0
      54 00000003               .space  16
      55 00000004 0000+         .field  _manufacturerString,32          ; _mfgDescriptor._bString @ 32
TMS320C2000 Assembler PC v6.1.3 Thu Jan 30 10:25:47 2014

Tools Copyright (c) 1996-2012 Texas Instruments Incorporated
C:\Users\a0272466\AppData\Local\Temp\0892010                         PAGE    2

         00000005 0000 
      56              
      57              $C$DW$6 .dwtag  DW_TAG_variable, DW_AT_name("mfgDescriptor")
      58                      .dwattr $C$DW$6, DW_AT_TI_symbol_name("_mfgDescriptor")
      59                      .dwattr $C$DW$6, DW_AT_location[DW_OP_addr _mfgDescriptor]
      60                      .dwattr $C$DW$6, DW_AT_type(*$C$DW$T$41)
      61                      .dwattr $C$DW$6, DW_AT_external
      62                      .global _serialDescriptor
      63 00000006               .sect   ".econst"
      64                      .align  2
      65 00000006       _serialDescriptor:
      66 00000006 0306          .field  774,16                  ; _serialDescriptor._bDescriptorType_bLength @ 0
      67 00000007               .space  16
      68 00000008 0000+         .field  _serialString,32                ; _serialDescriptor._bString @ 32
         00000009 0000 
      69              
      70              $C$DW$7 .dwtag  DW_TAG_variable, DW_AT_name("serialDescriptor")
      71                      .dwattr $C$DW$7, DW_AT_TI_symbol_name("_serialDescriptor")
      72                      .dwattr $C$DW$7, DW_AT_location[DW_OP_addr _serialDescriptor]
      73                      .dwattr $C$DW$7, DW_AT_type(*$C$DW$T$41)
      74                      .dwattr $C$DW$7, DW_AT_external
      75                      .global _prodDescriptor
      76 0000000a               .sect   ".econst"
      77                      .align  2
      78 0000000a       _prodDescriptor:
      79 0000000a 033C          .field  828,16                  ; _prodDescriptor._bDescriptorType_bLength @ 0
      80 0000000b               .space  16
      81 0000000c 0000+         .field  _productString,32               ; _prodDescriptor._bString @ 32
         0000000d 0000 
      82              
      83              $C$DW$8 .dwtag  DW_TAG_variable, DW_AT_name("prodDescriptor")
      84                      .dwattr $C$DW$8, DW_AT_TI_symbol_name("_prodDescriptor")
      85                      .dwattr $C$DW$8, DW_AT_location[DW_OP_addr _prodDescriptor]
      86                      .dwattr $C$DW$8, DW_AT_type(*$C$DW$T$41)
      87                      .dwattr $C$DW$8, DW_AT_external
      88                      .global _langDescriptor
      89 0000000e               .sect   ".econst"
      90                      .align  2
      91 0000000e       _langDescriptor:
      92 0000000e 0304          .field  772,16                  ; _langDescriptor._bDescriptorType_bLength @ 0
      93 0000000f               .space  16
      94 00000010 0000+         .field  _langID,32              ; _langDescriptor._bString @ 32
         00000011 0000 
      95              
      96              $C$DW$9 .dwtag  DW_TAG_variable, DW_AT_name("langDescriptor")
      97                      .dwattr $C$DW$9, DW_AT_TI_symbol_name("_langDescriptor")
      98                      .dwattr $C$DW$9, DW_AT_location[DW_OP_addr _langDescriptor]
      99                      .dwattr $C$DW$9, DW_AT_type(*$C$DW$T$41)
     100                      .dwattr $C$DW$9, DW_AT_external
     101                      .global _loaderEndpointDescriptor
     102 00000012               .sect   ".econst"
     103                      .align  1
     104 00000012       _loaderEndpointDescriptor:
     105 00000012 0507          .field  1287,16                 ; _loaderEndpointDescriptor._bDescriptorType_bLength @ 0
     106 00000013 0001          .field  1,4                     ; _loaderEndpointDescriptor._bmAttributes_bEndpointAddress._endpointN
TMS320C2000 Assembler PC v6.1.3 Thu Jan 30 10:25:47 2014

Tools Copyright (c) 1996-2012 Texas Instruments Incorporated
C:\Users\a0272466\AppData\Local\Temp\0892010                         PAGE    3

     107 00000013 0001          .field  0,3                     ; _loaderEndpointDescriptor._bmAttributes_bEndpointAddress._rsvd1 @ 2
     108 00000013 0001          .field  0,1                     ; _loaderEndpointDescriptor._bmAttributes_bEndpointAddress._direction
     109 00000013 0201          .field  2,2                     ; _loaderEndpointDescriptor._bmAttributes_bEndpointAddress._transferT
     110 00000013 0201          .field  0,2                     ; _loaderEndpointDescriptor._bmAttributes_bEndpointAddress._syncMode 
     111 00000013 0201          .field  0,2                     ; _loaderEndpointDescriptor._bmAttributes_bEndpointAddress._usageType
     112 00000013 0201          .field  0,2                     ; _loaderEndpointDescriptor._bmAttributes_bEndpointAddress._rsvd2 @ 3
     113 00000014 0040          .field  64,16                   ; _loaderEndpointDescriptor._wMaxPacketSize @ 32
     114 00000015 0000          .field  0,16                    ; _loaderEndpointDescriptor._padding_bInterval @ 48
     115              
     116              $C$DW$10        .dwtag  DW_TAG_variable, DW_AT_name("loaderEndpointDescriptor")
     117                      .dwattr $C$DW$10, DW_AT_TI_symbol_name("_loaderEndpointDescriptor")
     118                      .dwattr $C$DW$10, DW_AT_location[DW_OP_addr _loaderEndpointDescriptor]
     119                      .dwattr $C$DW$10, DW_AT_type(*$C$DW$T$38)
     120                      .dwattr $C$DW$10, DW_AT_external
     121                      .global _loaderStringDescriptor
     122 00000016               .sect   ".econst"
     123                      .align  2
     124 00000016       _loaderStringDescriptor:
     125 00000016 0318          .field  792,16                  ; _loaderStringDescriptor._bDescriptorType_bLength @ 0
     126 00000017               .space  16
     127 00000018 0000+         .field  _loaderString,32                ; _loaderStringDescriptor._bString @ 32
         00000019 0000 
     128              
     129              $C$DW$11        .dwtag  DW_TAG_variable, DW_AT_name("loaderStringDescriptor")
     130                      .dwattr $C$DW$11, DW_AT_TI_symbol_name("_loaderStringDescriptor")
     131                      .dwattr $C$DW$11, DW_AT_location[DW_OP_addr _loaderStringDescriptor]
     132                      .dwattr $C$DW$11, DW_AT_type(*$C$DW$T$41)
     133                      .dwattr $C$DW$11, DW_AT_external
     134                      .global _loaderConfigDescriptor
     135 0000001a               .sect   ".econst"
     136                      .align  1
     137 0000001a       _loaderConfigDescriptor:
     138 0000001a 0209          .field  521,16                  ; _loaderConfigDescriptor._bDescriptorType_bLength @ 0
     139 0000001b 0000          .field  0,16                    ; _loaderConfigDescriptor._wTotalLength @ 16
     140 0000001c 0101          .field  257,16                  ; _loaderConfigDescriptor._bConfigurationValue_bNumInterfaces @ 32
     141 0000001d C000          .field  49152,16                        ; _loaderConfigDescriptor._bmAttributes_iConfiguration @ 48
     142 0000001e 0096          .field  150,16                  ; _loaderConfigDescriptor._padding_bMaxPower @ 64
     143              
     144              $C$DW$12        .dwtag  DW_TAG_variable, DW_AT_name("loaderConfigDescriptor")
     145                      .dwattr $C$DW$12, DW_AT_TI_symbol_name("_loaderConfigDescriptor")
     146                      .dwattr $C$DW$12, DW_AT_location[DW_OP_addr _loaderConfigDescriptor]
     147                      .dwattr $C$DW$12, DW_AT_type(*$C$DW$T$32)
     148                      .dwattr $C$DW$12, DW_AT_external
     149                      .global _loaderInterfaceDescriptor
     150 0000001f               .sect   ".econst"
     151                      .align  1
     152 0000001f       _loaderInterfaceDescriptor:
     153 0000001f 0409          .field  1033,16                 ; _loaderInterfaceDescriptor._bDescriptorType_bLength @ 0
     154 00000020 0000          .field  0,16                    ; _loaderInterfaceDescriptor._bAlternateSetting_bInterfaceNumber @ 16
     155 00000021 FF01          .field  65281,16                        ; _loaderInterfaceDescriptor._bInterfaceClass_bNumEndpoints @
     156 00000022 0000          .field  0,16                    ; _loaderInterfaceDescriptor._bInterfaceProtocol_bInterfaceSubclass @
     157 00000023 0004          .field  4,16                    ; _loaderInterfaceDescriptor._padding_iInterface @ 64
     158              
     159              $C$DW$13        .dwtag  DW_TAG_variable, DW_AT_name("loaderInterfaceDescriptor")
     160                      .dwattr $C$DW$13, DW_AT_TI_symbol_name("_loaderInterfaceDescriptor")
TMS320C2000 Assembler PC v6.1.3 Thu Jan 30 10:25:47 2014

Tools Copyright (c) 1996-2012 Texas Instruments Incorporated
C:\Users\a0272466\AppData\Local\Temp\0892010                         PAGE    4

     161                      .dwattr $C$DW$13, DW_AT_location[DW_OP_addr _loaderInterfaceDescriptor]
     162                      .dwattr $C$DW$13, DW_AT_type(*$C$DW$T$35)
     163                      .dwattr $C$DW$13, DW_AT_external
     164                      .global _loaderDeviceDescriptor
     165 00000024               .sect   ".econst"
     166                      .align  1
     167 00000024       _loaderDeviceDescriptor:
     168 00000024 0112          .field  274,16                  ; _loaderDeviceDescriptor._bDescriptorType_bLength @ 0
     169 00000025 0110          .field  272,16                  ; _loaderDeviceDescriptor._bcdUSB @ 16
     170 00000026 00FF          .field  255,16                  ; _loaderDeviceDescriptor._bDeviceSubClass_bDeviceClass @ 32
     171 00000027 4000          .field  16384,16                        ; _loaderDeviceDescriptor._bMaxPacketSize_bDeviceProtocol @ 4
     172 00000028 1CBE          .field  7358,16                 ; _loaderDeviceDescriptor._idVendor @ 64
     173 00000029 00FF          .field  255,16                  ; _loaderDeviceDescriptor._idProduct @ 80
     174 0000002a 0001          .field  1,16                    ; _loaderDeviceDescriptor._bcdDevice @ 96
     175 0000002b 0201          .field  513,16                  ; _loaderDeviceDescriptor._iProduct_iManufacturer @ 112
     176 0000002c 0103          .field  259,16                  ; _loaderDeviceDescriptor._bNumConfigurations_iSerialNumber @ 128
     177              
     178              $C$DW$14        .dwtag  DW_TAG_variable, DW_AT_name("loaderDeviceDescriptor")
     179                      .dwattr $C$DW$14, DW_AT_TI_symbol_name("_loaderDeviceDescriptor")
     180                      .dwattr $C$DW$14, DW_AT_location[DW_OP_addr _loaderDeviceDescriptor]
     181                      .dwattr $C$DW$14, DW_AT_type(*$C$DW$T$30)
     182                      .dwattr $C$DW$14, DW_AT_external
     183                      .global _stringDescriptors
     184 00000000               .sect   ".econst:_stringDescriptors"
     185                      .clink
     186                      .align  2
     187 00000000       _stringDescriptors:
     188 00000000 000E+         .field  _langDescriptor,32              ; _stringDescriptors[0] @ 0
         00000001 0000 
     189 00000002 0002+         .field  _mfgDescriptor,32               ; _stringDescriptors[1] @ 32
         00000003 0000 
     190 00000004 000A+         .field  _prodDescriptor,32              ; _stringDescriptors[2] @ 64
         00000005 0000 
     191 00000006 0006+         .field  _serialDescriptor,32            ; _stringDescriptors[3] @ 96
         00000007 0000 
     192 00000008 0016+         .field  _loaderStringDescriptor,32              ; _stringDescriptors[4] @ 128
         00000009 0000 
     193              
     194              $C$DW$15        .dwtag  DW_TAG_variable, DW_AT_name("stringDescriptors")
     195                      .dwattr $C$DW$15, DW_AT_TI_symbol_name("_stringDescriptors")
     196                      .dwattr $C$DW$15, DW_AT_location[DW_OP_addr _stringDescriptors]
     197                      .dwattr $C$DW$15, DW_AT_type(*$C$DW$T$44)
     198                      .dwattr $C$DW$15, DW_AT_external
     199                      .global _loaderString
     200 00000000               .sect   ".econst:.string:_loaderString"
     201                      .clink
     202                      .align  1
     203 00000000       _loaderString:
     204 00000000 0043          .field  67,16                   ; _loaderString[0] @ 0
     205 00000001 0032          .field  50,16                   ; _loaderString[1] @ 16
     206 00000002 0030          .field  48,16                   ; _loaderString[2] @ 32
     207 00000003 0030          .field  48,16                   ; _loaderString[3] @ 48
     208 00000004 0030          .field  48,16                   ; _loaderString[4] @ 64
     209 00000005 002D          .field  45,16                   ; _loaderString[5] @ 80
     210 00000006 0042          .field  66,16                   ; _loaderString[6] @ 96
TMS320C2000 Assembler PC v6.1.3 Thu Jan 30 10:25:47 2014

Tools Copyright (c) 1996-2012 Texas Instruments Incorporated
C:\Users\a0272466\AppData\Local\Temp\0892010                         PAGE    5

     211 00000007 004F          .field  79,16                   ; _loaderString[7] @ 112
     212 00000008 004F          .field  79,16                   ; _loaderString[8] @ 128
     213 00000009 0054          .field  84,16                   ; _loaderString[9] @ 144
     214 0000000a 0000          .field  0,16                    ; _loaderString[10] @ 160
     215              
     216              $C$DW$16        .dwtag  DW_TAG_variable, DW_AT_name("loaderString")
     217                      .dwattr $C$DW$16, DW_AT_TI_symbol_name("_loaderString")
     218                      .dwattr $C$DW$16, DW_AT_location[DW_OP_addr _loaderString]
     219                      .dwattr $C$DW$16, DW_AT_type(*$C$DW$T$53)
     220                      .dwattr $C$DW$16, DW_AT_external
     221                      .global _manufacturerString
     222 00000000               .sect   ".econst:.string:_manufacturerString"
     223                      .clink
     224                      .align  1
     225 00000000       _manufacturerString:
     226 00000000 0054          .field  84,16                   ; _manufacturerString[0] @ 0
     227 00000001 0065          .field  101,16                  ; _manufacturerString[1] @ 16
     228 00000002 0078          .field  120,16                  ; _manufacturerString[2] @ 32
     229 00000003 0061          .field  97,16                   ; _manufacturerString[3] @ 48
     230 00000004 0073          .field  115,16                  ; _manufacturerString[4] @ 64
     231 00000005 0020          .field  32,16                   ; _manufacturerString[5] @ 80
     232 00000006 0049          .field  73,16                   ; _manufacturerString[6] @ 96
     233 00000007 006E          .field  110,16                  ; _manufacturerString[7] @ 112
     234 00000008 0073          .field  115,16                  ; _manufacturerString[8] @ 128
     235 00000009 0074          .field  116,16                  ; _manufacturerString[9] @ 144
     236 0000000a 0072          .field  114,16                  ; _manufacturerString[10] @ 160
     237 0000000b 0075          .field  117,16                  ; _manufacturerString[11] @ 176
     238 0000000c 006D          .field  109,16                  ; _manufacturerString[12] @ 192
     239 0000000d 0065          .field  101,16                  ; _manufacturerString[13] @ 208
     240 0000000e 006E          .field  110,16                  ; _manufacturerString[14] @ 224
     241 0000000f 0074          .field  116,16                  ; _manufacturerString[15] @ 240
     242 00000010 0073          .field  115,16                  ; _manufacturerString[16] @ 256
     243 00000011 0000          .field  0,16                    ; _manufacturerString[17] @ 272
     244              
     245              $C$DW$17        .dwtag  DW_TAG_variable, DW_AT_name("manufacturerString")
     246                      .dwattr $C$DW$17, DW_AT_TI_symbol_name("_manufacturerString")
     247                      .dwattr $C$DW$17, DW_AT_location[DW_OP_addr _manufacturerString]
     248                      .dwattr $C$DW$17, DW_AT_type(*$C$DW$T$50)
     249                      .dwattr $C$DW$17, DW_AT_external
     250                      .global _productString
     251 00000000               .sect   ".econst:.string:_productString"
     252                      .clink
     253                      .align  1
     254 00000000       _productString:
     255 00000000 0054          .field  84,16                   ; _productString[0] @ 0
     256 00000001 004D          .field  77,16                   ; _productString[1] @ 16
     257 00000002 0053          .field  83,16                   ; _productString[2] @ 32
     258 00000003 0033          .field  51,16                   ; _productString[3] @ 48
     259 00000004 0032          .field  50,16                   ; _productString[4] @ 64
     260 00000005 0030          .field  48,16                   ; _productString[5] @ 80
     261 00000006 0046          .field  70,16                   ; _productString[6] @ 96
     262 00000007 0032          .field  50,16                   ; _productString[7] @ 112
     263 00000008 0038          .field  56,16                   ; _productString[8] @ 128
     264 00000009 0078          .field  120,16                  ; _productString[9] @ 144
     265 0000000a 0037          .field  55,16                   ; _productString[10] @ 160
TMS320C2000 Assembler PC v6.1.3 Thu Jan 30 10:25:47 2014

Tools Copyright (c) 1996-2012 Texas Instruments Incorporated
C:\Users\a0272466\AppData\Local\Temp\0892010                         PAGE    6

     266 0000000b 0078          .field  120,16                  ; _productString[11] @ 176
     267 0000000c 0020          .field  32,16                   ; _productString[12] @ 192
     268 0000000d 0055          .field  85,16                   ; _productString[13] @ 208
     269 0000000e 0053          .field  83,16                   ; _productString[14] @ 224
     270 0000000f 0042          .field  66,16                   ; _productString[15] @ 240
     271 00000010 0020          .field  32,16                   ; _productString[16] @ 256
     272 00000011 0042          .field  66,16                   ; _productString[17] @ 272
     273 00000012 006F          .field  111,16                  ; _productString[18] @ 288
     274 00000013 006F          .field  111,16                  ; _productString[19] @ 304
     275 00000014 0074          .field  116,16                  ; _productString[20] @ 320
     276 00000015 0020          .field  32,16                   ; _productString[21] @ 336
     277 00000016 004C          .field  76,16                   ; _productString[22] @ 352
     278 00000017 006F          .field  111,16                  ; _productString[23] @ 368
     279 00000018 0061          .field  97,16                   ; _productString[24] @ 384
     280 00000019 0064          .field  100,16                  ; _productString[25] @ 400
     281 0000001a 0065          .field  101,16                  ; _productString[26] @ 416
     282 0000001b 0072          .field  114,16                  ; _productString[27] @ 432
     283 0000001c 0000          .field  0,16                    ; _productString[28] @ 448
     284              
     285              $C$DW$18        .dwtag  DW_TAG_variable, DW_AT_name("productString")
     286                      .dwattr $C$DW$18, DW_AT_TI_symbol_name("_productString")
     287                      .dwattr $C$DW$18, DW_AT_location[DW_OP_addr _productString]
     288                      .dwattr $C$DW$18, DW_AT_type(*$C$DW$T$51)
     289                      .dwattr $C$DW$18, DW_AT_external
     290              ;       C:\ti\ccsv5\tools\compiler\c2000_6.1.3\bin\ac2000.exe -@C:\\Users\\a0272466\\AppData\\Local\\Temp\\08
     291 00000000               .sect   ".text"
     292                      .global _CombineUsbDescriptors
     293              
     294              $C$DW$19        .dwtag  DW_TAG_subprogram, DW_AT_name("CombineUsbDescriptors")
     295                      .dwattr $C$DW$19, DW_AT_low_pc(_CombineUsbDescriptors)
     296                      .dwattr $C$DW$19, DW_AT_high_pc(0x00)
     297                      .dwattr $C$DW$19, DW_AT_TI_symbol_name("_CombineUsbDescriptors")
     298                      .dwattr $C$DW$19, DW_AT_external
     299                      .dwattr $C$DW$19, DW_AT_TI_begin_file("C:/work/grepos/bootrom/Boot_ROM/F2837x_bootROM-REVB/F2837x_boo
     300                      .dwattr $C$DW$19, DW_AT_TI_begin_line(0x34)
     301                      .dwattr $C$DW$19, DW_AT_TI_begin_column(0x06)
     302                      .dwattr $C$DW$19, DW_AT_TI_max_frame_size(-10)
     303                      .dwpsn  file "C:/work/grepos/bootrom/Boot_ROM/F2837x_bootROM-REVB/F2837x_bootROM_dev/F2837x_bootROM/c
     304              
     305                      .dwfde $C$DW$CIE, _CombineUsbDescriptors
     306              $C$DW$20        .dwtag  DW_TAG_formal_parameter, DW_AT_name("buffer")
     307                      .dwattr $C$DW$20, DW_AT_TI_symbol_name("_buffer")
     308                      .dwattr $C$DW$20, DW_AT_type(*$C$DW$T$45)
     309                      .dwattr $C$DW$20, DW_AT_location[DW_OP_reg12]
     310              
     311              ;***************************************************************
     312              ;* FNAME: _CombineUsbDescriptors        FR SIZE:   8           *
     313              ;*                                                             *
     314              ;* FUNCTION ENVIRONMENT                                        *
     315              ;*                                                             *
     316              ;* FUNCTION PROPERTIES                                         *
     317              ;*                            0 Parameter,  5 Auto,  2 SOE     *
     318              ;***************************************************************
     319              
     320 00000000       _CombineUsbDescriptors:
TMS320C2000 Assembler PC v6.1.3 Thu Jan 30 10:25:47 2014

Tools Copyright (c) 1996-2012 Texas Instruments Incorporated
C:\Users\a0272466\AppData\Local\Temp\0892010                         PAGE    7

     321                      .dwcfi  cfa_offset, -2
     322                      .dwcfi  save_reg_to_mem, 26, 0
     323                      .dwcfi  save_reg_to_reg, 78, 26
     324 00000000 B2BD          MOVL      *SP++,XAR1            ; [CPU_] 
     325                      .dwcfi  save_reg_to_mem, 7, 2
     326                      .dwcfi  cfa_offset, -4
     327 00000001 FE06          ADDB      SP,#6                 ; [CPU_U] 
     328                      .dwcfi  cfa_offset, -10
     329              $C$DW$21        .dwtag  DW_TAG_variable, DW_AT_name("buffer")
     330                      .dwattr $C$DW$21, DW_AT_TI_symbol_name("_buffer")
     331                      .dwattr $C$DW$21, DW_AT_type(*$C$DW$T$45)
     332                      .dwattr $C$DW$21, DW_AT_location[DW_OP_breg20 -2]
     333              $C$DW$22        .dwtag  DW_TAG_variable, DW_AT_name("b")
     334                      .dwattr $C$DW$22, DW_AT_TI_symbol_name("_b")
     335                      .dwattr $C$DW$22, DW_AT_type(*$C$DW$T$19)
     336                      .dwattr $C$DW$22, DW_AT_location[DW_OP_breg20 -3]
     337              $C$DW$23        .dwtag  DW_TAG_variable, DW_AT_name("d")
     338                      .dwattr $C$DW$23, DW_AT_TI_symbol_name("_d")
     339                      .dwattr $C$DW$23, DW_AT_type(*$C$DW$T$19)
     340                      .dwattr $C$DW$23, DW_AT_location[DW_OP_breg20 -4]
     341              $C$DW$24        .dwtag  DW_TAG_variable, DW_AT_name("byteLength")
     342                      .dwattr $C$DW$24, DW_AT_TI_symbol_name("_byteLength")
     343                      .dwattr $C$DW$24, DW_AT_type(*$C$DW$T$19)
     344                      .dwattr $C$DW$24, DW_AT_location[DW_OP_breg20 -5]
     345 00000002 A842          MOVL      *-SP[2],XAR4          ; [CPU_] |53| 
     346                      .dwpsn  file "C:/work/grepos/bootrom/Boot_ROM/F2837x_bootROM-REVB/F2837x_bootROM_dev/F2837x_bootROM/c
     347 00000003 9A00          MOVB      AL,#0                 ; [CPU_] |56| 
     348 00000004 9644          MOV       *-SP[4],AL            ; [CPU_] |56| 
     349 00000005 9643          MOV       *-SP[3],AL            ; [CPU_] |56| 
     350                      .dwpsn  file "C:/work/grepos/bootrom/Boot_ROM/F2837x_bootROM-REVB/F2837x_bootROM_dev/F2837x_bootROM/c
     351 00000006 761F+         MOVW      DP,#_loaderConfigDescriptor ; [CPU_U] 
         00000007 0000 
     352 00000008 C61A+         MOVB      AL.LSB,@_loaderConfigDescriptor ; [CPU_] |57| 
     353 00000009 9645          MOV       *-SP[5],AL            ; [CPU_] |57| 
     354                      .dwpsn  file "C:/work/grepos/bootrom/Boot_ROM/F2837x_bootROM-REVB/F2837x_bootROM_dev/F2837x_bootROM/c
     355 0000000a 9345          MOV       AH,*-SP[5]            ; [CPU_] |58| 
     356 0000000b 9CFF          ADDB      AL,#-1                ; [CPU_] |58| 
     357 0000000c 5300          CMPB      AH,#0                 ; [CPU_] |58| 
     358 0000000d 9645          MOV       *-SP[5],AL            ; [CPU_] |58| 
     359 0000000e EC0E          BF        $C$L2,EQ              ; [CPU_] |58| 
     360                      ; branchcc occurs ; [] |58| 
     361 0000000f       $C$L1:    
     362 0000000f       $C$DW$L$_CombineUsbDescriptors$2$B:
     363                      .dwpsn  file "C:/work/grepos/bootrom/Boot_ROM/F2837x_bootROM-REVB/F2837x_bootROM_dev/F2837x_bootROM/c
     364 0000000f 5844          MOVZ      AR0,*-SP[4]           ; [CPU_] |60| 
     365 00000010 8342          MOVL      XAR5,*-SP[2]          ; [CPU_] |60| 
     366 00000011 5943          MOVZ      AR1,*-SP[3]           ; [CPU_] |60| 
     367 00000012 8F00+         MOVL      XAR4,#_loaderConfigDescriptor ; [CPU_U] |60| 
         00000013 001A 
     368 00000014 C694          MOVB      AL.LSB,*+XAR4[AR0]    ; [CPU_] |60| 
     369 00000015 3C9D          MOVB      *+XAR5[AR1],AL.LSB    ; [CPU_] |60| 
     370                      .dwpsn  file "C:/work/grepos/bootrom/Boot_ROM/F2837x_bootROM-REVB/F2837x_bootROM_dev/F2837x_bootROM/c
     371 00000016 0A43          INC       *-SP[3]               ; [CPU_] |61| 
     372                      .dwpsn  file "C:/work/grepos/bootrom/Boot_ROM/F2837x_bootROM-REVB/F2837x_bootROM_dev/F2837x_bootROM/c
     373 00000017 0A44          INC       *-SP[4]               ; [CPU_] |61| 
TMS320C2000 Assembler PC v6.1.3 Thu Jan 30 10:25:47 2014

Tools Copyright (c) 1996-2012 Texas Instruments Incorporated
C:\Users\a0272466\AppData\Local\Temp\0892010                         PAGE    8

     374                      .dwpsn  file "C:/work/grepos/bootrom/Boot_ROM/F2837x_bootROM-REVB/F2837x_bootROM_dev/F2837x_bootROM/c
     375 00000018 9345          MOV       AH,*-SP[5]            ; [CPU_] |58| 
     376 00000019 0B45          DEC       *-SP[5]               ; [CPU_] |58| 
     377 0000001a 5300          CMPB      AH,#0                 ; [CPU_] |58| 
     378 0000001b EDF4          BF        $C$L1,NEQ             ; [CPU_] |58| 
     379                      ; branchcc occurs ; [] |58| 
     380 0000001c       $C$DW$L$_CombineUsbDescriptors$2$E:
     381 0000001c       $C$L2:    
     382                      .dwpsn  file "C:/work/grepos/bootrom/Boot_ROM/F2837x_bootROM-REVB/F2837x_bootROM_dev/F2837x_bootROM/c
     383 0000001c 2B44          MOV       *-SP[4],#0            ; [CPU_] |64| 
     384                      .dwpsn  file "C:/work/grepos/bootrom/Boot_ROM/F2837x_bootROM-REVB/F2837x_bootROM_dev/F2837x_bootROM/c
     385 0000001d 761F+         MOVW      DP,#_loaderInterfaceDescriptor ; [CPU_U] 
         0000001e 0000 
     386 0000001f C61F+         MOVB      AL.LSB,@_loaderInterfaceDescriptor ; [CPU_] |65| 
     387 00000020 9645          MOV       *-SP[5],AL            ; [CPU_] |65| 
     388                      .dwpsn  file "C:/work/grepos/bootrom/Boot_ROM/F2837x_bootROM-REVB/F2837x_bootROM_dev/F2837x_bootROM/c
     389 00000021 9345          MOV       AH,*-SP[5]            ; [CPU_] |66| 
     390 00000022 9CFF          ADDB      AL,#-1                ; [CPU_] |66| 
     391 00000023 5300          CMPB      AH,#0                 ; [CPU_] |66| 
     392 00000024 9645          MOV       *-SP[5],AL            ; [CPU_] |66| 
     393 00000025 EC0E          BF        $C$L4,EQ              ; [CPU_] |66| 
     394                      ; branchcc occurs ; [] |66| 
     395 00000026       $C$L3:    
     396 00000026       $C$DW$L$_CombineUsbDescriptors$4$B:
     397                      .dwpsn  file "C:/work/grepos/bootrom/Boot_ROM/F2837x_bootROM-REVB/F2837x_bootROM_dev/F2837x_bootROM/c
     398 00000026 5844          MOVZ      AR0,*-SP[4]           ; [CPU_] |68| 
     399 00000027 8342          MOVL      XAR5,*-SP[2]          ; [CPU_] |68| 
     400 00000028 5943          MOVZ      AR1,*-SP[3]           ; [CPU_] |68| 
     401 00000029 8F00+         MOVL      XAR4,#_loaderInterfaceDescriptor ; [CPU_U] |68| 
         0000002a 001F 
     402 0000002b C694          MOVB      AL.LSB,*+XAR4[AR0]    ; [CPU_] |68| 
     403 0000002c 3C9D          MOVB      *+XAR5[AR1],AL.LSB    ; [CPU_] |68| 
     404                      .dwpsn  file "C:/work/grepos/bootrom/Boot_ROM/F2837x_bootROM-REVB/F2837x_bootROM_dev/F2837x_bootROM/c
     405 0000002d 0A43          INC       *-SP[3]               ; [CPU_] |69| 
     406                      .dwpsn  file "C:/work/grepos/bootrom/Boot_ROM/F2837x_bootROM-REVB/F2837x_bootROM_dev/F2837x_bootROM/c
     407 0000002e 0A44          INC       *-SP[4]               ; [CPU_] |69| 
     408                      .dwpsn  file "C:/work/grepos/bootrom/Boot_ROM/F2837x_bootROM-REVB/F2837x_bootROM_dev/F2837x_bootROM/c
     409 0000002f 9345          MOV       AH,*-SP[5]            ; [CPU_] |66| 
     410 00000030 0B45          DEC       *-SP[5]               ; [CPU_] |66| 
     411 00000031 5300          CMPB      AH,#0                 ; [CPU_] |66| 
     412 00000032 EDF4          BF        $C$L3,NEQ             ; [CPU_] |66| 
     413                      ; branchcc occurs ; [] |66| 
     414 00000033       $C$DW$L$_CombineUsbDescriptors$4$E:
     415 00000033       $C$L4:    
     416                      .dwpsn  file "C:/work/grepos/bootrom/Boot_ROM/F2837x_bootROM-REVB/F2837x_bootROM_dev/F2837x_bootROM/c
     417 00000033 2B44          MOV       *-SP[4],#0            ; [CPU_] |72| 
     418                      .dwpsn  file "C:/work/grepos/bootrom/Boot_ROM/F2837x_bootROM-REVB/F2837x_bootROM_dev/F2837x_bootROM/c
     419 00000034 761F+         MOVW      DP,#_loaderEndpointDescriptor ; [CPU_U] 
         00000035 0000 
     420 00000036 C612+         MOVB      AL.LSB,@_loaderEndpointDescriptor ; [CPU_] |73| 
     421 00000037 9645          MOV       *-SP[5],AL            ; [CPU_] |73| 
     422                      .dwpsn  file "C:/work/grepos/bootrom/Boot_ROM/F2837x_bootROM-REVB/F2837x_bootROM_dev/F2837x_bootROM/c
     423 00000038 9345          MOV       AH,*-SP[5]            ; [CPU_] |74| 
     424 00000039 9CFF          ADDB      AL,#-1                ; [CPU_] |74| 
     425 0000003a 5300          CMPB      AH,#0                 ; [CPU_] |74| 
TMS320C2000 Assembler PC v6.1.3 Thu Jan 30 10:25:47 2014

Tools Copyright (c) 1996-2012 Texas Instruments Incorporated
C:\Users\a0272466\AppData\Local\Temp\0892010                         PAGE    9

     426 0000003b 9645          MOV       *-SP[5],AL            ; [CPU_] |74| 
     427 0000003c EC0E          BF        $C$L6,EQ              ; [CPU_] |74| 
     428                      ; branchcc occurs ; [] |74| 
     429 0000003d       $C$L5:    
     430 0000003d       $C$DW$L$_CombineUsbDescriptors$6$B:
     431                      .dwpsn  file "C:/work/grepos/bootrom/Boot_ROM/F2837x_bootROM-REVB/F2837x_bootROM_dev/F2837x_bootROM/c
     432 0000003d 5844          MOVZ      AR0,*-SP[4]           ; [CPU_] |76| 
     433 0000003e 8342          MOVL      XAR5,*-SP[2]          ; [CPU_] |76| 
     434 0000003f 5943          MOVZ      AR1,*-SP[3]           ; [CPU_] |76| 
     435 00000040 8F00+         MOVL      XAR4,#_loaderEndpointDescriptor ; [CPU_U] |76| 
         00000041 0012 
     436 00000042 C694          MOVB      AL.LSB,*+XAR4[AR0]    ; [CPU_] |76| 
     437 00000043 3C9D          MOVB      *+XAR5[AR1],AL.LSB    ; [CPU_] |76| 
     438                      .dwpsn  file "C:/work/grepos/bootrom/Boot_ROM/F2837x_bootROM-REVB/F2837x_bootROM_dev/F2837x_bootROM/c
     439 00000044 0A43          INC       *-SP[3]               ; [CPU_] |77| 
     440                      .dwpsn  file "C:/work/grepos/bootrom/Boot_ROM/F2837x_bootROM-REVB/F2837x_bootROM_dev/F2837x_bootROM/c
     441 00000045 0A44          INC       *-SP[4]               ; [CPU_] |77| 
     442                      .dwpsn  file "C:/work/grepos/bootrom/Boot_ROM/F2837x_bootROM-REVB/F2837x_bootROM_dev/F2837x_bootROM/c
     443 00000046 9345          MOV       AH,*-SP[5]            ; [CPU_] |74| 
     444 00000047 0B45          DEC       *-SP[5]               ; [CPU_] |74| 
     445 00000048 5300          CMPB      AH,#0                 ; [CPU_] |74| 
     446 00000049 EDF4          BF        $C$L5,NEQ             ; [CPU_] |74| 
     447                      ; branchcc occurs ; [] |74| 
     448 0000004a       $C$DW$L$_CombineUsbDescriptors$6$E:
     449 0000004a       $C$L6:    
     450                      .dwpsn  file "C:/work/grepos/bootrom/Boot_ROM/F2837x_bootROM-REVB/F2837x_bootROM_dev/F2837x_bootROM/c
     451 0000004a 761F+         MOVW      DP,#_loaderConfigDescriptor ; [CPU_U] 
         0000004b 0000 
     452 0000004c 931A+         MOV       AH,@_loaderConfigDescriptor ; [CPU_] |81| 
     453 0000004d 761F+         MOVW      DP,#_loaderInterfaceDescriptor ; [CPU_U] 
         0000004e 0000 
     454 0000004f 8A42          MOVL      XAR4,*-SP[2]          ; [CPU_] |81| 
     455 00000050 921F+         MOV       AL,@_loaderInterfaceDescriptor ; [CPU_] |81| 
     456 00000051 91FF          ANDB      AH,#0xff              ; [CPU_] |81| 
     457 00000052 90FF          ANDB      AL,#0xff              ; [CPU_] |81| 
     458 00000053 761F+         MOVW      DP,#_loaderEndpointDescriptor ; [CPU_U] 
         00000054 0000 
     459 00000055 94A8          ADD       AL,AH                 ; [CPU_] |81| 
     460 00000056 9312+         MOV       AH,@_loaderEndpointDescriptor ; [CPU_] |81| 
     461 00000057 91FF          ANDB      AH,#0xff              ; [CPU_] |81| 
     462 00000058 95A9          ADD       AH,AL                 ; [CPU_] |81| 
     463 00000059 97CC          MOV       *+XAR4[1],AH          ; [CPU_] |81| 
     464                      .dwpsn  file "C:/work/grepos/bootrom/Boot_ROM/F2837x_bootROM-REVB/F2837x_bootROM_dev/F2837x_bootROM/c
     465 0000005a FE86          SUBB      SP,#6                 ; [CPU_U] 
     466                      .dwcfi  cfa_offset, -4
     467 0000005b 8BBE          MOVL      XAR1,*--SP            ; [CPU_] 
     468                      .dwcfi  cfa_offset, -2
     469                      .dwcfi  restore_reg, 7
     470              $C$DW$25        .dwtag  DW_TAG_TI_branch
     471                      .dwattr $C$DW$25, DW_AT_low_pc(0x00)
     472                      .dwattr $C$DW$25, DW_AT_TI_return
     473 0000005c 0006          LRETR     ; [CPU_] 
     474                      ; return occurs ; [] 
     475              
     476              $C$DW$26        .dwtag  DW_TAG_TI_loop
TMS320C2000 Assembler PC v6.1.3 Thu Jan 30 10:25:47 2014

Tools Copyright (c) 1996-2012 Texas Instruments Incorporated
C:\Users\a0272466\AppData\Local\Temp\0892010                         PAGE   10

     477                      .dwattr $C$DW$26, DW_AT_name("C:\\Users\\a0272466\\AppData\\Local\\Temp\\0892010:$C$L5:1:1391099146")
     478                      .dwattr $C$DW$26, DW_AT_TI_begin_file("C:/work/grepos/bootrom/Boot_ROM/F2837x_bootROM-REVB/F2837x_boo
     479                      .dwattr $C$DW$26, DW_AT_TI_begin_line(0x4a)
     480                      .dwattr $C$DW$26, DW_AT_TI_end_line(0x4e)
     481              $C$DW$27        .dwtag  DW_TAG_TI_loop_range
     482                      .dwattr $C$DW$27, DW_AT_low_pc($C$DW$L$_CombineUsbDescriptors$6$B)
     483                      .dwattr $C$DW$27, DW_AT_high_pc($C$DW$L$_CombineUsbDescriptors$6$E)
     484                      .dwendtag $C$DW$26
     485              
     486              
     487              $C$DW$28        .dwtag  DW_TAG_TI_loop
     488                      .dwattr $C$DW$28, DW_AT_name("C:\\Users\\a0272466\\AppData\\Local\\Temp\\0892010:$C$L3:1:1391099146")
     489                      .dwattr $C$DW$28, DW_AT_TI_begin_file("C:/work/grepos/bootrom/Boot_ROM/F2837x_bootROM-REVB/F2837x_boo
     490                      .dwattr $C$DW$28, DW_AT_TI_begin_line(0x42)
     491                      .dwattr $C$DW$28, DW_AT_TI_end_line(0x46)
     492              $C$DW$29        .dwtag  DW_TAG_TI_loop_range
     493                      .dwattr $C$DW$29, DW_AT_low_pc($C$DW$L$_CombineUsbDescriptors$4$B)
     494                      .dwattr $C$DW$29, DW_AT_high_pc($C$DW$L$_CombineUsbDescriptors$4$E)
     495                      .dwendtag $C$DW$28
     496              
     497              
     498              $C$DW$30        .dwtag  DW_TAG_TI_loop
     499                      .dwattr $C$DW$30, DW_AT_name("C:\\Users\\a0272466\\AppData\\Local\\Temp\\0892010:$C$L1:1:1391099146")
     500                      .dwattr $C$DW$30, DW_AT_TI_begin_file("C:/work/grepos/bootrom/Boot_ROM/F2837x_bootROM-REVB/F2837x_boo
     501                      .dwattr $C$DW$30, DW_AT_TI_begin_line(0x3a)
     502                      .dwattr $C$DW$30, DW_AT_TI_end_line(0x3e)
     503              $C$DW$31        .dwtag  DW_TAG_TI_loop_range
     504                      .dwattr $C$DW$31, DW_AT_low_pc($C$DW$L$_CombineUsbDescriptors$2$B)
     505                      .dwattr $C$DW$31, DW_AT_high_pc($C$DW$L$_CombineUsbDescriptors$2$E)
     506                      .dwendtag $C$DW$30
     507              
     508                      .dwattr $C$DW$19, DW_AT_TI_end_file("C:/work/grepos/bootrom/Boot_ROM/F2837x_bootROM-REVB/F2837x_bootR
     509                      .dwattr $C$DW$19, DW_AT_TI_end_line(0x54)
     510                      .dwattr $C$DW$19, DW_AT_TI_end_column(0x01)
     511                      .dwendentry
     512                      .dwendtag $C$DW$19
     513              
     514              
     515              ;***************************************************************
     516              ;* TYPE INFORMATION                                            *
     517              ;***************************************************************
     518              
     519              $C$DW$T$20      .dwtag  DW_TAG_structure_type
     520                      .dwattr $C$DW$T$20, DW_AT_byte_size(0x09)
     521              $C$DW$32        .dwtag  DW_TAG_member
     522                      .dwattr $C$DW$32, DW_AT_type(*$C$DW$T$19)
     523                      .dwattr $C$DW$32, DW_AT_name("bDescriptorType_bLength")
     524                      .dwattr $C$DW$32, DW_AT_TI_symbol_name("_bDescriptorType_bLength")
     525                      .dwattr $C$DW$32, DW_AT_data_member_location[DW_OP_plus_uconst 0x0]
     526                      .dwattr $C$DW$32, DW_AT_accessibility(DW_ACCESS_public)
     527              $C$DW$33        .dwtag  DW_TAG_member
     528                      .dwattr $C$DW$33, DW_AT_type(*$C$DW$T$19)
     529                      .dwattr $C$DW$33, DW_AT_name("bcdUSB")
     530                      .dwattr $C$DW$33, DW_AT_TI_symbol_name("_bcdUSB")
     531                      .dwattr $C$DW$33, DW_AT_data_member_location[DW_OP_plus_uconst 0x1]
TMS320C2000 Assembler PC v6.1.3 Thu Jan 30 10:25:47 2014

Tools Copyright (c) 1996-2012 Texas Instruments Incorporated
C:\Users\a0272466\AppData\Local\Temp\0892010                         PAGE   11

     532                      .dwattr $C$DW$33, DW_AT_accessibility(DW_ACCESS_public)
     533              $C$DW$34        .dwtag  DW_TAG_member
     534                      .dwattr $C$DW$34, DW_AT_type(*$C$DW$T$19)
     535                      .dwattr $C$DW$34, DW_AT_name("bDeviceSubClass_bDeviceClass")
     536                      .dwattr $C$DW$34, DW_AT_TI_symbol_name("_bDeviceSubClass_bDeviceClass")
     537                      .dwattr $C$DW$34, DW_AT_data_member_location[DW_OP_plus_uconst 0x2]
     538                      .dwattr $C$DW$34, DW_AT_accessibility(DW_ACCESS_public)
     539              $C$DW$35        .dwtag  DW_TAG_member
     540                      .dwattr $C$DW$35, DW_AT_type(*$C$DW$T$19)
     541                      .dwattr $C$DW$35, DW_AT_name("bMaxPacketSize_bDeviceProtocol")
     542                      .dwattr $C$DW$35, DW_AT_TI_symbol_name("_bMaxPacketSize_bDeviceProtocol")
     543                      .dwattr $C$DW$35, DW_AT_data_member_location[DW_OP_plus_uconst 0x3]
     544                      .dwattr $C$DW$35, DW_AT_accessibility(DW_ACCESS_public)
     545              $C$DW$36        .dwtag  DW_TAG_member
     546                      .dwattr $C$DW$36, DW_AT_type(*$C$DW$T$19)
     547                      .dwattr $C$DW$36, DW_AT_name("idVendor")
     548                      .dwattr $C$DW$36, DW_AT_TI_symbol_name("_idVendor")
     549                      .dwattr $C$DW$36, DW_AT_data_member_location[DW_OP_plus_uconst 0x4]
     550                      .dwattr $C$DW$36, DW_AT_accessibility(DW_ACCESS_public)
     551              $C$DW$37        .dwtag  DW_TAG_member
     552                      .dwattr $C$DW$37, DW_AT_type(*$C$DW$T$19)
     553                      .dwattr $C$DW$37, DW_AT_name("idProduct")
     554                      .dwattr $C$DW$37, DW_AT_TI_symbol_name("_idProduct")
     555                      .dwattr $C$DW$37, DW_AT_data_member_location[DW_OP_plus_uconst 0x5]
     556                      .dwattr $C$DW$37, DW_AT_accessibility(DW_ACCESS_public)
     557              $C$DW$38        .dwtag  DW_TAG_member
     558                      .dwattr $C$DW$38, DW_AT_type(*$C$DW$T$19)
     559                      .dwattr $C$DW$38, DW_AT_name("bcdDevice")
     560                      .dwattr $C$DW$38, DW_AT_TI_symbol_name("_bcdDevice")
     561                      .dwattr $C$DW$38, DW_AT_data_member_location[DW_OP_plus_uconst 0x6]
     562                      .dwattr $C$DW$38, DW_AT_accessibility(DW_ACCESS_public)
     563              $C$DW$39        .dwtag  DW_TAG_member
     564                      .dwattr $C$DW$39, DW_AT_type(*$C$DW$T$19)
     565                      .dwattr $C$DW$39, DW_AT_name("iProduct_iManufacturer")
     566                      .dwattr $C$DW$39, DW_AT_TI_symbol_name("_iProduct_iManufacturer")
     567                      .dwattr $C$DW$39, DW_AT_data_member_location[DW_OP_plus_uconst 0x7]
     568                      .dwattr $C$DW$39, DW_AT_accessibility(DW_ACCESS_public)
     569              $C$DW$40        .dwtag  DW_TAG_member
     570                      .dwattr $C$DW$40, DW_AT_type(*$C$DW$T$19)
     571                      .dwattr $C$DW$40, DW_AT_name("bNumConfigurations_iSerialNumber")
     572                      .dwattr $C$DW$40, DW_AT_TI_symbol_name("_bNumConfigurations_iSerialNumber")
     573                      .dwattr $C$DW$40, DW_AT_data_member_location[DW_OP_plus_uconst 0x8]
     574                      .dwattr $C$DW$40, DW_AT_accessibility(DW_ACCESS_public)
     575                      .dwendtag $C$DW$T$20
     576              
     577              $C$DW$T$29      .dwtag  DW_TAG_typedef, DW_AT_name("sUsbDeviceDescriptor")
     578                      .dwattr $C$DW$T$29, DW_AT_type(*$C$DW$T$20)
     579                      .dwattr $C$DW$T$29, DW_AT_language(DW_LANG_C)
     580              $C$DW$41        .dwtag  DW_TAG_TI_far_type
     581                      .dwattr $C$DW$41, DW_AT_type(*$C$DW$T$29)
     582              $C$DW$T$30      .dwtag  DW_TAG_const_type
     583                      .dwattr $C$DW$T$30, DW_AT_type(*$C$DW$41)
     584              
     585              $C$DW$T$21      .dwtag  DW_TAG_structure_type
     586                      .dwattr $C$DW$T$21, DW_AT_byte_size(0x05)
TMS320C2000 Assembler PC v6.1.3 Thu Jan 30 10:25:47 2014

Tools Copyright (c) 1996-2012 Texas Instruments Incorporated
C:\Users\a0272466\AppData\Local\Temp\0892010                         PAGE   12

     587              $C$DW$42        .dwtag  DW_TAG_member
     588                      .dwattr $C$DW$42, DW_AT_type(*$C$DW$T$19)
     589                      .dwattr $C$DW$42, DW_AT_name("bDescriptorType_bLength")
     590                      .dwattr $C$DW$42, DW_AT_TI_symbol_name("_bDescriptorType_bLength")
     591                      .dwattr $C$DW$42, DW_AT_data_member_location[DW_OP_plus_uconst 0x0]
     592                      .dwattr $C$DW$42, DW_AT_accessibility(DW_ACCESS_public)
     593              $C$DW$43        .dwtag  DW_TAG_member
     594                      .dwattr $C$DW$43, DW_AT_type(*$C$DW$T$19)
     595                      .dwattr $C$DW$43, DW_AT_name("wTotalLength")
     596                      .dwattr $C$DW$43, DW_AT_TI_symbol_name("_wTotalLength")
     597                      .dwattr $C$DW$43, DW_AT_data_member_location[DW_OP_plus_uconst 0x1]
     598                      .dwattr $C$DW$43, DW_AT_accessibility(DW_ACCESS_public)
     599              $C$DW$44        .dwtag  DW_TAG_member
     600                      .dwattr $C$DW$44, DW_AT_type(*$C$DW$T$19)
     601                      .dwattr $C$DW$44, DW_AT_name("bConfigurationValue_bNumInterfaces")
     602                      .dwattr $C$DW$44, DW_AT_TI_symbol_name("_bConfigurationValue_bNumInterfaces")
     603                      .dwattr $C$DW$44, DW_AT_data_member_location[DW_OP_plus_uconst 0x2]
     604                      .dwattr $C$DW$44, DW_AT_accessibility(DW_ACCESS_public)
     605              $C$DW$45        .dwtag  DW_TAG_member
     606                      .dwattr $C$DW$45, DW_AT_type(*$C$DW$T$19)
     607                      .dwattr $C$DW$45, DW_AT_name("bmAttributes_iConfiguration")
     608                      .dwattr $C$DW$45, DW_AT_TI_symbol_name("_bmAttributes_iConfiguration")
     609                      .dwattr $C$DW$45, DW_AT_data_member_location[DW_OP_plus_uconst 0x3]
     610                      .dwattr $C$DW$45, DW_AT_accessibility(DW_ACCESS_public)
     611              $C$DW$46        .dwtag  DW_TAG_member
     612                      .dwattr $C$DW$46, DW_AT_type(*$C$DW$T$19)
     613                      .dwattr $C$DW$46, DW_AT_name("padding_bMaxPower")
     614                      .dwattr $C$DW$46, DW_AT_TI_symbol_name("_padding_bMaxPower")
     615                      .dwattr $C$DW$46, DW_AT_data_member_location[DW_OP_plus_uconst 0x4]
     616                      .dwattr $C$DW$46, DW_AT_accessibility(DW_ACCESS_public)
     617                      .dwendtag $C$DW$T$21
     618              
     619              $C$DW$T$31      .dwtag  DW_TAG_typedef, DW_AT_name("sUsbConfigDescriptor")
     620                      .dwattr $C$DW$T$31, DW_AT_type(*$C$DW$T$21)
     621                      .dwattr $C$DW$T$31, DW_AT_language(DW_LANG_C)
     622              $C$DW$47        .dwtag  DW_TAG_TI_far_type
     623                      .dwattr $C$DW$47, DW_AT_type(*$C$DW$T$31)
     624              $C$DW$T$32      .dwtag  DW_TAG_const_type
     625                      .dwattr $C$DW$T$32, DW_AT_type(*$C$DW$47)
     626              
     627              $C$DW$T$22      .dwtag  DW_TAG_structure_type
     628                      .dwattr $C$DW$T$22, DW_AT_byte_size(0x05)
     629              $C$DW$48        .dwtag  DW_TAG_member
     630                      .dwattr $C$DW$48, DW_AT_type(*$C$DW$T$19)
     631                      .dwattr $C$DW$48, DW_AT_name("bDescriptorType_bLength")
     632                      .dwattr $C$DW$48, DW_AT_TI_symbol_name("_bDescriptorType_bLength")
     633                      .dwattr $C$DW$48, DW_AT_data_member_location[DW_OP_plus_uconst 0x0]
     634                      .dwattr $C$DW$48, DW_AT_accessibility(DW_ACCESS_public)
     635              $C$DW$49        .dwtag  DW_TAG_member
     636                      .dwattr $C$DW$49, DW_AT_type(*$C$DW$T$19)
     637                      .dwattr $C$DW$49, DW_AT_name("bAlternateSetting_bInterfaceNumber")
     638                      .dwattr $C$DW$49, DW_AT_TI_symbol_name("_bAlternateSetting_bInterfaceNumber")
     639                      .dwattr $C$DW$49, DW_AT_data_member_location[DW_OP_plus_uconst 0x1]
     640                      .dwattr $C$DW$49, DW_AT_accessibility(DW_ACCESS_public)
     641              $C$DW$50        .dwtag  DW_TAG_member
TMS320C2000 Assembler PC v6.1.3 Thu Jan 30 10:25:47 2014

Tools Copyright (c) 1996-2012 Texas Instruments Incorporated
C:\Users\a0272466\AppData\Local\Temp\0892010                         PAGE   13

     642                      .dwattr $C$DW$50, DW_AT_type(*$C$DW$T$19)
     643                      .dwattr $C$DW$50, DW_AT_name("bInterfaceClass_bNumEndpoints")
     644                      .dwattr $C$DW$50, DW_AT_TI_symbol_name("_bInterfaceClass_bNumEndpoints")
     645                      .dwattr $C$DW$50, DW_AT_data_member_location[DW_OP_plus_uconst 0x2]
     646                      .dwattr $C$DW$50, DW_AT_accessibility(DW_ACCESS_public)
     647              $C$DW$51        .dwtag  DW_TAG_member
     648                      .dwattr $C$DW$51, DW_AT_type(*$C$DW$T$19)
     649                      .dwattr $C$DW$51, DW_AT_name("bInterfaceProtocol_bInterfaceSubclass")
     650                      .dwattr $C$DW$51, DW_AT_TI_symbol_name("_bInterfaceProtocol_bInterfaceSubclass")
     651                      .dwattr $C$DW$51, DW_AT_data_member_location[DW_OP_plus_uconst 0x3]
     652                      .dwattr $C$DW$51, DW_AT_accessibility(DW_ACCESS_public)
     653              $C$DW$52        .dwtag  DW_TAG_member
     654                      .dwattr $C$DW$52, DW_AT_type(*$C$DW$T$19)
     655                      .dwattr $C$DW$52, DW_AT_name("padding_iInterface")
     656                      .dwattr $C$DW$52, DW_AT_TI_symbol_name("_padding_iInterface")
     657                      .dwattr $C$DW$52, DW_AT_data_member_location[DW_OP_plus_uconst 0x4]
     658                      .dwattr $C$DW$52, DW_AT_accessibility(DW_ACCESS_public)
     659                      .dwendtag $C$DW$T$22
     660              
     661              $C$DW$T$34      .dwtag  DW_TAG_typedef, DW_AT_name("sUsbInterfaceDescriptor")
     662                      .dwattr $C$DW$T$34, DW_AT_type(*$C$DW$T$22)
     663                      .dwattr $C$DW$T$34, DW_AT_language(DW_LANG_C)
     664              $C$DW$53        .dwtag  DW_TAG_TI_far_type
     665                      .dwattr $C$DW$53, DW_AT_type(*$C$DW$T$34)
     666              $C$DW$T$35      .dwtag  DW_TAG_const_type
     667                      .dwattr $C$DW$T$35, DW_AT_type(*$C$DW$53)
     668              
     669              $C$DW$T$23      .dwtag  DW_TAG_structure_type
     670                      .dwattr $C$DW$T$23, DW_AT_byte_size(0x01)
     671              $C$DW$54        .dwtag  DW_TAG_member
     672                      .dwattr $C$DW$54, DW_AT_type(*$C$DW$T$19)
     673                      .dwattr $C$DW$54, DW_AT_name("endpointNumber")
     674                      .dwattr $C$DW$54, DW_AT_TI_symbol_name("_endpointNumber")
     675                      .dwattr $C$DW$54, DW_AT_bit_offset(0x0c), DW_AT_bit_size(0x04)
     676                      .dwattr $C$DW$54, DW_AT_data_member_location[DW_OP_plus_uconst 0x0]
     677                      .dwattr $C$DW$54, DW_AT_accessibility(DW_ACCESS_public)
     678              $C$DW$55        .dwtag  DW_TAG_member
     679                      .dwattr $C$DW$55, DW_AT_type(*$C$DW$T$19)
     680                      .dwattr $C$DW$55, DW_AT_name("rsvd1")
     681                      .dwattr $C$DW$55, DW_AT_TI_symbol_name("_rsvd1")
     682                      .dwattr $C$DW$55, DW_AT_bit_offset(0x09), DW_AT_bit_size(0x03)
     683                      .dwattr $C$DW$55, DW_AT_data_member_location[DW_OP_plus_uconst 0x0]
     684                      .dwattr $C$DW$55, DW_AT_accessibility(DW_ACCESS_public)
     685              $C$DW$56        .dwtag  DW_TAG_member
     686                      .dwattr $C$DW$56, DW_AT_type(*$C$DW$T$19)
     687                      .dwattr $C$DW$56, DW_AT_name("direction")
     688                      .dwattr $C$DW$56, DW_AT_TI_symbol_name("_direction")
     689                      .dwattr $C$DW$56, DW_AT_bit_offset(0x08), DW_AT_bit_size(0x01)
     690                      .dwattr $C$DW$56, DW_AT_data_member_location[DW_OP_plus_uconst 0x0]
     691                      .dwattr $C$DW$56, DW_AT_accessibility(DW_ACCESS_public)
     692              $C$DW$57        .dwtag  DW_TAG_member
     693                      .dwattr $C$DW$57, DW_AT_type(*$C$DW$T$19)
     694                      .dwattr $C$DW$57, DW_AT_name("transferType")
     695                      .dwattr $C$DW$57, DW_AT_TI_symbol_name("_transferType")
     696                      .dwattr $C$DW$57, DW_AT_bit_offset(0x06), DW_AT_bit_size(0x02)
TMS320C2000 Assembler PC v6.1.3 Thu Jan 30 10:25:47 2014

Tools Copyright (c) 1996-2012 Texas Instruments Incorporated
C:\Users\a0272466\AppData\Local\Temp\0892010                         PAGE   14

     697                      .dwattr $C$DW$57, DW_AT_data_member_location[DW_OP_plus_uconst 0x0]
     698                      .dwattr $C$DW$57, DW_AT_accessibility(DW_ACCESS_public)
     699              $C$DW$58        .dwtag  DW_TAG_member
     700                      .dwattr $C$DW$58, DW_AT_type(*$C$DW$T$19)
     701                      .dwattr $C$DW$58, DW_AT_name("syncMode")
     702                      .dwattr $C$DW$58, DW_AT_TI_symbol_name("_syncMode")
     703                      .dwattr $C$DW$58, DW_AT_bit_offset(0x04), DW_AT_bit_size(0x02)
     704                      .dwattr $C$DW$58, DW_AT_data_member_location[DW_OP_plus_uconst 0x0]
     705                      .dwattr $C$DW$58, DW_AT_accessibility(DW_ACCESS_public)
     706              $C$DW$59        .dwtag  DW_TAG_member
     707                      .dwattr $C$DW$59, DW_AT_type(*$C$DW$T$19)
     708                      .dwattr $C$DW$59, DW_AT_name("usageType")
     709                      .dwattr $C$DW$59, DW_AT_TI_symbol_name("_usageType")
     710                      .dwattr $C$DW$59, DW_AT_bit_offset(0x02), DW_AT_bit_size(0x02)
     711                      .dwattr $C$DW$59, DW_AT_data_member_location[DW_OP_plus_uconst 0x0]
     712                      .dwattr $C$DW$59, DW_AT_accessibility(DW_ACCESS_public)
     713              $C$DW$60        .dwtag  DW_TAG_member
     714                      .dwattr $C$DW$60, DW_AT_type(*$C$DW$T$19)
     715                      .dwattr $C$DW$60, DW_AT_name("rsvd2")
     716                      .dwattr $C$DW$60, DW_AT_TI_symbol_name("_rsvd2")
     717                      .dwattr $C$DW$60, DW_AT_bit_offset(0x00), DW_AT_bit_size(0x02)
     718                      .dwattr $C$DW$60, DW_AT_data_member_location[DW_OP_plus_uconst 0x0]
     719                      .dwattr $C$DW$60, DW_AT_accessibility(DW_ACCESS_public)
     720                      .dwendtag $C$DW$T$23
     721              
     722              
     723              $C$DW$T$24      .dwtag  DW_TAG_structure_type
     724                      .dwattr $C$DW$T$24, DW_AT_byte_size(0x04)
     725              $C$DW$61        .dwtag  DW_TAG_member
     726                      .dwattr $C$DW$61, DW_AT_type(*$C$DW$T$19)
     727                      .dwattr $C$DW$61, DW_AT_name("bDescriptorType_bLength")
     728                      .dwattr $C$DW$61, DW_AT_TI_symbol_name("_bDescriptorType_bLength")
     729                      .dwattr $C$DW$61, DW_AT_data_member_location[DW_OP_plus_uconst 0x0]
     730                      .dwattr $C$DW$61, DW_AT_accessibility(DW_ACCESS_public)
     731              $C$DW$62        .dwtag  DW_TAG_member
     732                      .dwattr $C$DW$62, DW_AT_type(*$C$DW$T$23)
     733                      .dwattr $C$DW$62, DW_AT_name("bmAttributes_bEndpointAddress")
     734                      .dwattr $C$DW$62, DW_AT_TI_symbol_name("_bmAttributes_bEndpointAddress")
     735                      .dwattr $C$DW$62, DW_AT_data_member_location[DW_OP_plus_uconst 0x1]
     736                      .dwattr $C$DW$62, DW_AT_accessibility(DW_ACCESS_public)
     737              $C$DW$63        .dwtag  DW_TAG_member
     738                      .dwattr $C$DW$63, DW_AT_type(*$C$DW$T$19)
     739                      .dwattr $C$DW$63, DW_AT_name("wMaxPacketSize")
     740                      .dwattr $C$DW$63, DW_AT_TI_symbol_name("_wMaxPacketSize")
     741                      .dwattr $C$DW$63, DW_AT_data_member_location[DW_OP_plus_uconst 0x2]
     742                      .dwattr $C$DW$63, DW_AT_accessibility(DW_ACCESS_public)
     743              $C$DW$64        .dwtag  DW_TAG_member
     744                      .dwattr $C$DW$64, DW_AT_type(*$C$DW$T$19)
     745                      .dwattr $C$DW$64, DW_AT_name("padding_bInterval")
     746                      .dwattr $C$DW$64, DW_AT_TI_symbol_name("_padding_bInterval")
     747                      .dwattr $C$DW$64, DW_AT_data_member_location[DW_OP_plus_uconst 0x3]
     748                      .dwattr $C$DW$64, DW_AT_accessibility(DW_ACCESS_public)
     749                      .dwendtag $C$DW$T$24
     750              
     751              $C$DW$T$37      .dwtag  DW_TAG_typedef, DW_AT_name("sUsbEndpointDescriptor")
TMS320C2000 Assembler PC v6.1.3 Thu Jan 30 10:25:47 2014

Tools Copyright (c) 1996-2012 Texas Instruments Incorporated
C:\Users\a0272466\AppData\Local\Temp\0892010                         PAGE   15

     752                      .dwattr $C$DW$T$37, DW_AT_type(*$C$DW$T$24)
     753                      .dwattr $C$DW$T$37, DW_AT_language(DW_LANG_C)
     754              $C$DW$65        .dwtag  DW_TAG_TI_far_type
     755                      .dwattr $C$DW$65, DW_AT_type(*$C$DW$T$37)
     756              $C$DW$T$38      .dwtag  DW_TAG_const_type
     757                      .dwattr $C$DW$T$38, DW_AT_type(*$C$DW$65)
     758              
     759              $C$DW$T$28      .dwtag  DW_TAG_structure_type
     760                      .dwattr $C$DW$T$28, DW_AT_byte_size(0x04)
     761              $C$DW$66        .dwtag  DW_TAG_member
     762                      .dwattr $C$DW$66, DW_AT_type(*$C$DW$T$19)
     763                      .dwattr $C$DW$66, DW_AT_name("bDescriptorType_bLength")
     764                      .dwattr $C$DW$66, DW_AT_TI_symbol_name("_bDescriptorType_bLength")
     765                      .dwattr $C$DW$66, DW_AT_data_member_location[DW_OP_plus_uconst 0x0]
     766                      .dwattr $C$DW$66, DW_AT_accessibility(DW_ACCESS_public)
     767              $C$DW$67        .dwtag  DW_TAG_member
     768                      .dwattr $C$DW$67, DW_AT_type(*$C$DW$T$27)
     769                      .dwattr $C$DW$67, DW_AT_name("bString")
     770                      .dwattr $C$DW$67, DW_AT_TI_symbol_name("_bString")
     771                      .dwattr $C$DW$67, DW_AT_data_member_location[DW_OP_plus_uconst 0x2]
     772                      .dwattr $C$DW$67, DW_AT_accessibility(DW_ACCESS_public)
     773                      .dwendtag $C$DW$T$28
     774              
     775              $C$DW$T$40      .dwtag  DW_TAG_typedef, DW_AT_name("sUsbStringDescriptor")
     776                      .dwattr $C$DW$T$40, DW_AT_type(*$C$DW$T$28)
     777                      .dwattr $C$DW$T$40, DW_AT_language(DW_LANG_C)
     778              $C$DW$68        .dwtag  DW_TAG_TI_far_type
     779                      .dwattr $C$DW$68, DW_AT_type(*$C$DW$T$40)
     780              $C$DW$T$41      .dwtag  DW_TAG_const_type
     781                      .dwattr $C$DW$T$41, DW_AT_type(*$C$DW$68)
     782              $C$DW$T$42      .dwtag  DW_TAG_pointer_type
     783                      .dwattr $C$DW$T$42, DW_AT_type(*$C$DW$T$41)
     784                      .dwattr $C$DW$T$42, DW_AT_address_class(0x16)
     785              $C$DW$69        .dwtag  DW_TAG_TI_far_type
     786                      .dwattr $C$DW$69, DW_AT_type(*$C$DW$T$42)
     787              $C$DW$T$43      .dwtag  DW_TAG_const_type
     788                      .dwattr $C$DW$T$43, DW_AT_type(*$C$DW$69)
     789              
     790              $C$DW$T$44      .dwtag  DW_TAG_array_type
     791                      .dwattr $C$DW$T$44, DW_AT_type(*$C$DW$T$43)
     792                      .dwattr $C$DW$T$44, DW_AT_language(DW_LANG_C)
     793                      .dwattr $C$DW$T$44, DW_AT_byte_size(0x0a)
     794              $C$DW$70        .dwtag  DW_TAG_subrange_type
     795                      .dwattr $C$DW$70, DW_AT_upper_bound(0x04)
     796                      .dwendtag $C$DW$T$44
     797              
     798              $C$DW$T$4       .dwtag  DW_TAG_base_type
     799                      .dwattr $C$DW$T$4, DW_AT_encoding(DW_ATE_boolean)
     800                      .dwattr $C$DW$T$4, DW_AT_name("bool")
     801                      .dwattr $C$DW$T$4, DW_AT_byte_size(0x01)
     802              $C$DW$T$5       .dwtag  DW_TAG_base_type
     803                      .dwattr $C$DW$T$5, DW_AT_encoding(DW_ATE_signed_char)
     804                      .dwattr $C$DW$T$5, DW_AT_name("signed char")
     805                      .dwattr $C$DW$T$5, DW_AT_byte_size(0x01)
     806              $C$DW$T$6       .dwtag  DW_TAG_base_type
TMS320C2000 Assembler PC v6.1.3 Thu Jan 30 10:25:47 2014

Tools Copyright (c) 1996-2012 Texas Instruments Incorporated
C:\Users\a0272466\AppData\Local\Temp\0892010                         PAGE   16

     807                      .dwattr $C$DW$T$6, DW_AT_encoding(DW_ATE_unsigned_char)
     808                      .dwattr $C$DW$T$6, DW_AT_name("unsigned char")
     809                      .dwattr $C$DW$T$6, DW_AT_byte_size(0x01)
     810              $C$DW$T$7       .dwtag  DW_TAG_base_type
     811                      .dwattr $C$DW$T$7, DW_AT_encoding(DW_ATE_signed_char)
     812                      .dwattr $C$DW$T$7, DW_AT_name("wchar_t")
     813                      .dwattr $C$DW$T$7, DW_AT_byte_size(0x01)
     814              $C$DW$T$8       .dwtag  DW_TAG_base_type
     815                      .dwattr $C$DW$T$8, DW_AT_encoding(DW_ATE_signed)
     816                      .dwattr $C$DW$T$8, DW_AT_name("short")
     817                      .dwattr $C$DW$T$8, DW_AT_byte_size(0x01)
     818              $C$DW$T$9       .dwtag  DW_TAG_base_type
     819                      .dwattr $C$DW$T$9, DW_AT_encoding(DW_ATE_unsigned)
     820                      .dwattr $C$DW$T$9, DW_AT_name("unsigned short")
     821                      .dwattr $C$DW$T$9, DW_AT_byte_size(0x01)
     822              $C$DW$T$10      .dwtag  DW_TAG_base_type
     823                      .dwattr $C$DW$T$10, DW_AT_encoding(DW_ATE_signed)
     824                      .dwattr $C$DW$T$10, DW_AT_name("int")
     825                      .dwattr $C$DW$T$10, DW_AT_byte_size(0x01)
     826              $C$DW$T$47      .dwtag  DW_TAG_pointer_type
     827                      .dwattr $C$DW$T$47, DW_AT_type(*$C$DW$T$10)
     828                      .dwattr $C$DW$T$47, DW_AT_address_class(0x16)
     829              $C$DW$T$11      .dwtag  DW_TAG_base_type
     830                      .dwattr $C$DW$T$11, DW_AT_encoding(DW_ATE_unsigned)
     831                      .dwattr $C$DW$T$11, DW_AT_name("unsigned int")
     832                      .dwattr $C$DW$T$11, DW_AT_byte_size(0x01)
     833              $C$DW$T$19      .dwtag  DW_TAG_typedef, DW_AT_name("Uint16")
     834                      .dwattr $C$DW$T$19, DW_AT_type(*$C$DW$T$11)
     835                      .dwattr $C$DW$T$19, DW_AT_language(DW_LANG_C)
     836              $C$DW$T$45      .dwtag  DW_TAG_pointer_type
     837                      .dwattr $C$DW$T$45, DW_AT_type(*$C$DW$T$19)
     838                      .dwattr $C$DW$T$45, DW_AT_address_class(0x16)
     839              $C$DW$T$12      .dwtag  DW_TAG_base_type
     840                      .dwattr $C$DW$T$12, DW_AT_encoding(DW_ATE_signed)
     841                      .dwattr $C$DW$T$12, DW_AT_name("long")
     842                      .dwattr $C$DW$T$12, DW_AT_byte_size(0x02)
     843              $C$DW$T$13      .dwtag  DW_TAG_base_type
     844                      .dwattr $C$DW$T$13, DW_AT_encoding(DW_ATE_unsigned)
     845                      .dwattr $C$DW$T$13, DW_AT_name("unsigned long")
     846                      .dwattr $C$DW$T$13, DW_AT_byte_size(0x02)
     847              $C$DW$T$14      .dwtag  DW_TAG_base_type
     848                      .dwattr $C$DW$T$14, DW_AT_encoding(DW_ATE_signed)
     849                      .dwattr $C$DW$T$14, DW_AT_name("long long")
     850                      .dwattr $C$DW$T$14, DW_AT_byte_size(0x04)
     851              $C$DW$T$15      .dwtag  DW_TAG_base_type
     852                      .dwattr $C$DW$T$15, DW_AT_encoding(DW_ATE_unsigned)
     853                      .dwattr $C$DW$T$15, DW_AT_name("unsigned long long")
     854                      .dwattr $C$DW$T$15, DW_AT_byte_size(0x04)
     855              $C$DW$T$16      .dwtag  DW_TAG_base_type
     856                      .dwattr $C$DW$T$16, DW_AT_encoding(DW_ATE_float)
     857                      .dwattr $C$DW$T$16, DW_AT_name("float")
     858                      .dwattr $C$DW$T$16, DW_AT_byte_size(0x02)
     859              $C$DW$T$17      .dwtag  DW_TAG_base_type
     860                      .dwattr $C$DW$T$17, DW_AT_encoding(DW_ATE_float)
     861                      .dwattr $C$DW$T$17, DW_AT_name("double")
TMS320C2000 Assembler PC v6.1.3 Thu Jan 30 10:25:47 2014

Tools Copyright (c) 1996-2012 Texas Instruments Incorporated
C:\Users\a0272466\AppData\Local\Temp\0892010                         PAGE   17

     862                      .dwattr $C$DW$T$17, DW_AT_byte_size(0x02)
     863              $C$DW$T$18      .dwtag  DW_TAG_base_type
     864                      .dwattr $C$DW$T$18, DW_AT_encoding(DW_ATE_float)
     865                      .dwattr $C$DW$T$18, DW_AT_name("long double")
     866                      .dwattr $C$DW$T$18, DW_AT_byte_size(0x04)
     867              $C$DW$T$25      .dwtag  DW_TAG_base_type
     868                      .dwattr $C$DW$T$25, DW_AT_encoding(DW_ATE_signed_char)
     869                      .dwattr $C$DW$T$25, DW_AT_name("signed char")
     870                      .dwattr $C$DW$T$25, DW_AT_byte_size(0x01)
     871              $C$DW$71        .dwtag  DW_TAG_TI_far_type
     872                      .dwattr $C$DW$71, DW_AT_type(*$C$DW$T$25)
     873              $C$DW$T$26      .dwtag  DW_TAG_const_type
     874                      .dwattr $C$DW$T$26, DW_AT_type(*$C$DW$71)
     875              $C$DW$T$27      .dwtag  DW_TAG_pointer_type
     876                      .dwattr $C$DW$T$27, DW_AT_type(*$C$DW$T$26)
     877                      .dwattr $C$DW$T$27, DW_AT_address_class(0x16)
     878              
     879              $C$DW$T$50      .dwtag  DW_TAG_array_type
     880                      .dwattr $C$DW$T$50, DW_AT_type(*$C$DW$T$26)
     881                      .dwattr $C$DW$T$50, DW_AT_language(DW_LANG_C)
     882                      .dwattr $C$DW$T$50, DW_AT_byte_size(0x12)
     883              $C$DW$72        .dwtag  DW_TAG_subrange_type
     884                      .dwattr $C$DW$72, DW_AT_upper_bound(0x11)
     885                      .dwendtag $C$DW$T$50
     886              
     887              
     888              $C$DW$T$51      .dwtag  DW_TAG_array_type
     889                      .dwattr $C$DW$T$51, DW_AT_type(*$C$DW$T$26)
     890                      .dwattr $C$DW$T$51, DW_AT_language(DW_LANG_C)
     891                      .dwattr $C$DW$T$51, DW_AT_byte_size(0x1d)
     892              $C$DW$73        .dwtag  DW_TAG_subrange_type
     893                      .dwattr $C$DW$73, DW_AT_upper_bound(0x1c)
     894                      .dwendtag $C$DW$T$51
     895              
     896              
     897              $C$DW$T$52      .dwtag  DW_TAG_array_type
     898                      .dwattr $C$DW$T$52, DW_AT_type(*$C$DW$T$26)
     899                      .dwattr $C$DW$T$52, DW_AT_language(DW_LANG_C)
     900                      .dwattr $C$DW$T$52, DW_AT_byte_size(0x02)
     901              $C$DW$74        .dwtag  DW_TAG_subrange_type
     902                      .dwattr $C$DW$74, DW_AT_upper_bound(0x01)
     903                      .dwendtag $C$DW$T$52
     904              
     905              
     906              $C$DW$T$53      .dwtag  DW_TAG_array_type
     907                      .dwattr $C$DW$T$53, DW_AT_type(*$C$DW$T$26)
     908                      .dwattr $C$DW$T$53, DW_AT_language(DW_LANG_C)
     909                      .dwattr $C$DW$T$53, DW_AT_byte_size(0x0b)
     910              $C$DW$75        .dwtag  DW_TAG_subrange_type
     911                      .dwattr $C$DW$75, DW_AT_upper_bound(0x0a)
     912                      .dwendtag $C$DW$T$53
     913              
     914                      .dwattr $C$DW$CU, DW_AT_language(DW_LANG_C)
     915              
     916              ;***************************************************************
TMS320C2000 Assembler PC v6.1.3 Thu Jan 30 10:25:47 2014

Tools Copyright (c) 1996-2012 Texas Instruments Incorporated
C:\Users\a0272466\AppData\Local\Temp\0892010                         PAGE   18

     917              ;* DWARF CIE ENTRIES                                           *
     918              ;***************************************************************
     919              
     920              $C$DW$CIE       .dwcie 78
     921                      .dwcfi  cfa_register, 20
     922                      .dwcfi  cfa_offset, 0
     923                      .dwcfi  undefined, 0
     924                      .dwcfi  undefined, 1
     925                      .dwcfi  undefined, 2
     926                      .dwcfi  undefined, 3
     927                      .dwcfi  undefined, 22
     928                      .dwcfi  undefined, 37
     929                      .dwcfi  undefined, 36
     930                      .dwcfi  undefined, 23
     931                      .dwcfi  undefined, 30
     932                      .dwcfi  undefined, 31
     933                      .dwcfi  undefined, 32
     934                      .dwcfi  undefined, 38
     935                      .dwcfi  undefined, 75
     936                      .dwcfi  undefined, 24
     937                      .dwcfi  undefined, 33
     938                      .dwcfi  undefined, 35
     939                      .dwcfi  undefined, 34
     940                      .dwcfi  undefined, 76
     941                      .dwcfi  undefined, 21
     942                      .dwcfi  undefined, 20
     943                      .dwcfi  same_value, 28
     944                      .dwcfi  undefined, 29
     945                      .dwcfi  undefined, 25
     946                      .dwcfi  undefined, 77
     947                      .dwcfi  undefined, 4
     948                      .dwcfi  same_value, 6
     949                      .dwcfi  same_value, 8
     950                      .dwcfi  same_value, 10
     951                      .dwcfi  undefined, 12
     952                      .dwcfi  undefined, 14
     953                      .dwcfi  undefined, 16
     954                      .dwcfi  undefined, 17
     955                      .dwcfi  undefined, 18
     956                      .dwcfi  undefined, 19
     957                      .dwcfi  undefined, 5
     958                      .dwcfi  same_value, 7
     959                      .dwcfi  same_value, 9
     960                      .dwcfi  same_value, 11
     961                      .dwcfi  undefined, 13
     962                      .dwcfi  undefined, 15
     963                      .dwcfi  undefined, 43
     964                      .dwcfi  undefined, 44
     965                      .dwcfi  undefined, 47
     966                      .dwcfi  undefined, 48
     967                      .dwcfi  undefined, 51
     968                      .dwcfi  undefined, 52
     969                      .dwcfi  undefined, 55
     970                      .dwcfi  undefined, 56
     971                      .dwcfi  same_value, 59
TMS320C2000 Assembler PC v6.1.3 Thu Jan 30 10:25:47 2014

Tools Copyright (c) 1996-2012 Texas Instruments Incorporated
C:\Users\a0272466\AppData\Local\Temp\0892010                         PAGE   19

     972                      .dwcfi  same_value, 60
     973                      .dwcfi  same_value, 63
     974                      .dwcfi  same_value, 64
     975                      .dwcfi  same_value, 67
     976                      .dwcfi  same_value, 68
     977                      .dwcfi  same_value, 71
     978                      .dwcfi  same_value, 72
     979                      .dwcfi  undefined, 73
     980                      .dwcfi  undefined, 74
     981                      .dwcfi  undefined, 39
     982                      .dwcfi  undefined, 40
     983                      .dwcfi  undefined, 27
     984                      .dwcfi  undefined, 78
     985                      .dwendentry
     986              
     987              ;***************************************************************
     988              ;* DWARF REGISTER MAP                                          *
     989              ;***************************************************************
     990              
     991              $C$DW$76        .dwtag  DW_TAG_TI_assign_register, DW_AT_name("AL")
     992                      .dwattr $C$DW$76, DW_AT_location[DW_OP_reg0]
     993              $C$DW$77        .dwtag  DW_TAG_TI_assign_register, DW_AT_name("AH")
     994                      .dwattr $C$DW$77, DW_AT_location[DW_OP_reg1]
     995              $C$DW$78        .dwtag  DW_TAG_TI_assign_register, DW_AT_name("PL")
     996                      .dwattr $C$DW$78, DW_AT_location[DW_OP_reg2]
     997              $C$DW$79        .dwtag  DW_TAG_TI_assign_register, DW_AT_name("PH")
     998                      .dwattr $C$DW$79, DW_AT_location[DW_OP_reg3]
     999              $C$DW$80        .dwtag  DW_TAG_TI_assign_register, DW_AT_name("T")
    1000                      .dwattr $C$DW$80, DW_AT_location[DW_OP_reg22]
    1001              $C$DW$81        .dwtag  DW_TAG_TI_assign_register, DW_AT_name("IER")
    1002                      .dwattr $C$DW$81, DW_AT_location[DW_OP_regx 0x25]
    1003              $C$DW$82        .dwtag  DW_TAG_TI_assign_register, DW_AT_name("IFR")
    1004                      .dwattr $C$DW$82, DW_AT_location[DW_OP_regx 0x24]
    1005              $C$DW$83        .dwtag  DW_TAG_TI_assign_register, DW_AT_name("ST0")
    1006                      .dwattr $C$DW$83, DW_AT_location[DW_OP_reg23]
    1007              $C$DW$84        .dwtag  DW_TAG_TI_assign_register, DW_AT_name("SXM")
    1008                      .dwattr $C$DW$84, DW_AT_location[DW_OP_reg30]
    1009              $C$DW$85        .dwtag  DW_TAG_TI_assign_register, DW_AT_name("PM")
    1010                      .dwattr $C$DW$85, DW_AT_location[DW_OP_reg31]
    1011              $C$DW$86        .dwtag  DW_TAG_TI_assign_register, DW_AT_name("OVM")
    1012                      .dwattr $C$DW$86, DW_AT_location[DW_OP_regx 0x20]
    1013              $C$DW$87        .dwtag  DW_TAG_TI_assign_register, DW_AT_name("V")
    1014                      .dwattr $C$DW$87, DW_AT_location[DW_OP_regx 0x26]
    1015              $C$DW$88        .dwtag  DW_TAG_TI_assign_register, DW_AT_name("ST1")
    1016                      .dwattr $C$DW$88, DW_AT_location[DW_OP_reg24]
    1017              $C$DW$89        .dwtag  DW_TAG_TI_assign_register, DW_AT_name("PAGE0")
    1018                      .dwattr $C$DW$89, DW_AT_location[DW_OP_regx 0x21]
    1019              $C$DW$90        .dwtag  DW_TAG_TI_assign_register, DW_AT_name("INTM")
    1020                      .dwattr $C$DW$90, DW_AT_location[DW_OP_regx 0x23]
    1021              $C$DW$91        .dwtag  DW_TAG_TI_assign_register, DW_AT_name("AMODE")
    1022                      .dwattr $C$DW$91, DW_AT_location[DW_OP_regx 0x22]
    1023              $C$DW$92        .dwtag  DW_TAG_TI_assign_register, DW_AT_name("PSEUDOH")
    1024                      .dwattr $C$DW$92, DW_AT_location[DW_OP_regx 0x4c]
    1025              $C$DW$93        .dwtag  DW_TAG_TI_assign_register, DW_AT_name("XT")
    1026                      .dwattr $C$DW$93, DW_AT_location[DW_OP_reg21]
TMS320C2000 Assembler PC v6.1.3 Thu Jan 30 10:25:47 2014

Tools Copyright (c) 1996-2012 Texas Instruments Incorporated
C:\Users\a0272466\AppData\Local\Temp\0892010                         PAGE   20

    1027              $C$DW$94        .dwtag  DW_TAG_TI_assign_register, DW_AT_name("SP")
    1028                      .dwattr $C$DW$94, DW_AT_location[DW_OP_reg20]
    1029              $C$DW$95        .dwtag  DW_TAG_TI_assign_register, DW_AT_name("FP")
    1030                      .dwattr $C$DW$95, DW_AT_location[DW_OP_reg28]
    1031              $C$DW$96        .dwtag  DW_TAG_TI_assign_register, DW_AT_name("DP")
    1032                      .dwattr $C$DW$96, DW_AT_location[DW_OP_reg29]
    1033              $C$DW$97        .dwtag  DW_TAG_TI_assign_register, DW_AT_name("PC")
    1034                      .dwattr $C$DW$97, DW_AT_location[DW_OP_reg25]
    1035              $C$DW$98        .dwtag  DW_TAG_TI_assign_register, DW_AT_name("VOL")
    1036                      .dwattr $C$DW$98, DW_AT_location[DW_OP_regx 0x4d]
    1037              $C$DW$99        .dwtag  DW_TAG_TI_assign_register, DW_AT_name("AR0")
    1038                      .dwattr $C$DW$99, DW_AT_location[DW_OP_reg4]
    1039              $C$DW$100       .dwtag  DW_TAG_TI_assign_register, DW_AT_name("AR1")
    1040                      .dwattr $C$DW$100, DW_AT_location[DW_OP_reg6]
    1041              $C$DW$101       .dwtag  DW_TAG_TI_assign_register, DW_AT_name("AR2")
    1042                      .dwattr $C$DW$101, DW_AT_location[DW_OP_reg8]
    1043              $C$DW$102       .dwtag  DW_TAG_TI_assign_register, DW_AT_name("AR3")
    1044                      .dwattr $C$DW$102, DW_AT_location[DW_OP_reg10]
    1045              $C$DW$103       .dwtag  DW_TAG_TI_assign_register, DW_AT_name("AR4")
    1046                      .dwattr $C$DW$103, DW_AT_location[DW_OP_reg12]
    1047              $C$DW$104       .dwtag  DW_TAG_TI_assign_register, DW_AT_name("AR5")
    1048                      .dwattr $C$DW$104, DW_AT_location[DW_OP_reg14]
    1049              $C$DW$105       .dwtag  DW_TAG_TI_assign_register, DW_AT_name("AR6")
    1050                      .dwattr $C$DW$105, DW_AT_location[DW_OP_reg16]
    1051              $C$DW$106       .dwtag  DW_TAG_TI_assign_register, DW_AT_name("XAR6")
    1052                      .dwattr $C$DW$106, DW_AT_location[DW_OP_reg17]
    1053              $C$DW$107       .dwtag  DW_TAG_TI_assign_register, DW_AT_name("AR7")
    1054                      .dwattr $C$DW$107, DW_AT_location[DW_OP_reg18]
    1055              $C$DW$108       .dwtag  DW_TAG_TI_assign_register, DW_AT_name("XAR7")
    1056                      .dwattr $C$DW$108, DW_AT_location[DW_OP_reg19]
    1057              $C$DW$109       .dwtag  DW_TAG_TI_assign_register, DW_AT_name("XAR0")
    1058                      .dwattr $C$DW$109, DW_AT_location[DW_OP_reg5]
    1059              $C$DW$110       .dwtag  DW_TAG_TI_assign_register, DW_AT_name("XAR1")
    1060                      .dwattr $C$DW$110, DW_AT_location[DW_OP_reg7]
    1061              $C$DW$111       .dwtag  DW_TAG_TI_assign_register, DW_AT_name("XAR2")
    1062                      .dwattr $C$DW$111, DW_AT_location[DW_OP_reg9]
    1063              $C$DW$112       .dwtag  DW_TAG_TI_assign_register, DW_AT_name("XAR3")
    1064                      .dwattr $C$DW$112, DW_AT_location[DW_OP_reg11]
    1065              $C$DW$113       .dwtag  DW_TAG_TI_assign_register, DW_AT_name("XAR4")
    1066                      .dwattr $C$DW$113, DW_AT_location[DW_OP_reg13]
    1067              $C$DW$114       .dwtag  DW_TAG_TI_assign_register, DW_AT_name("XAR5")
    1068                      .dwattr $C$DW$114, DW_AT_location[DW_OP_reg15]
    1069              $C$DW$115       .dwtag  DW_TAG_TI_assign_register, DW_AT_name("R0HL")
    1070                      .dwattr $C$DW$115, DW_AT_location[DW_OP_regx 0x2b]
    1071              $C$DW$116       .dwtag  DW_TAG_TI_assign_register, DW_AT_name("R0H")
    1072                      .dwattr $C$DW$116, DW_AT_location[DW_OP_regx 0x2c]
    1073              $C$DW$117       .dwtag  DW_TAG_TI_assign_register, DW_AT_name("R1HL")
    1074                      .dwattr $C$DW$117, DW_AT_location[DW_OP_regx 0x2f]
    1075              $C$DW$118       .dwtag  DW_TAG_TI_assign_register, DW_AT_name("R1H")
    1076                      .dwattr $C$DW$118, DW_AT_location[DW_OP_regx 0x30]
    1077              $C$DW$119       .dwtag  DW_TAG_TI_assign_register, DW_AT_name("R2HL")
    1078                      .dwattr $C$DW$119, DW_AT_location[DW_OP_regx 0x33]
    1079              $C$DW$120       .dwtag  DW_TAG_TI_assign_register, DW_AT_name("R2H")
    1080                      .dwattr $C$DW$120, DW_AT_location[DW_OP_regx 0x34]
    1081              $C$DW$121       .dwtag  DW_TAG_TI_assign_register, DW_AT_name("R3HL")
TMS320C2000 Assembler PC v6.1.3 Thu Jan 30 10:25:47 2014

Tools Copyright (c) 1996-2012 Texas Instruments Incorporated
C:\Users\a0272466\AppData\Local\Temp\0892010                         PAGE   21

    1082                      .dwattr $C$DW$121, DW_AT_location[DW_OP_regx 0x37]
    1083              $C$DW$122       .dwtag  DW_TAG_TI_assign_register, DW_AT_name("R3H")
    1084                      .dwattr $C$DW$122, DW_AT_location[DW_OP_regx 0x38]
    1085              $C$DW$123       .dwtag  DW_TAG_TI_assign_register, DW_AT_name("R4HL")
    1086                      .dwattr $C$DW$123, DW_AT_location[DW_OP_regx 0x3b]
    1087              $C$DW$124       .dwtag  DW_TAG_TI_assign_register, DW_AT_name("R4H")
    1088                      .dwattr $C$DW$124, DW_AT_location[DW_OP_regx 0x3c]
    1089              $C$DW$125       .dwtag  DW_TAG_TI_assign_register, DW_AT_name("R5HL")
    1090                      .dwattr $C$DW$125, DW_AT_location[DW_OP_regx 0x3f]
    1091              $C$DW$126       .dwtag  DW_TAG_TI_assign_register, DW_AT_name("R5H")
    1092                      .dwattr $C$DW$126, DW_AT_location[DW_OP_regx 0x40]
    1093              $C$DW$127       .dwtag  DW_TAG_TI_assign_register, DW_AT_name("R6HL")
    1094                      .dwattr $C$DW$127, DW_AT_location[DW_OP_regx 0x43]
    1095              $C$DW$128       .dwtag  DW_TAG_TI_assign_register, DW_AT_name("R6H")
    1096                      .dwattr $C$DW$128, DW_AT_location[DW_OP_regx 0x44]
    1097              $C$DW$129       .dwtag  DW_TAG_TI_assign_register, DW_AT_name("R7HL")
    1098                      .dwattr $C$DW$129, DW_AT_location[DW_OP_regx 0x47]
    1099              $C$DW$130       .dwtag  DW_TAG_TI_assign_register, DW_AT_name("R7H")
    1100                      .dwattr $C$DW$130, DW_AT_location[DW_OP_regx 0x48]
    1101              $C$DW$131       .dwtag  DW_TAG_TI_assign_register, DW_AT_name("RBL")
    1102                      .dwattr $C$DW$131, DW_AT_location[DW_OP_regx 0x49]
    1103              $C$DW$132       .dwtag  DW_TAG_TI_assign_register, DW_AT_name("RB")
    1104                      .dwattr $C$DW$132, DW_AT_location[DW_OP_regx 0x4a]
    1105              $C$DW$133       .dwtag  DW_TAG_TI_assign_register, DW_AT_name("STFL")
    1106                      .dwattr $C$DW$133, DW_AT_location[DW_OP_regx 0x27]
    1107              $C$DW$134       .dwtag  DW_TAG_TI_assign_register, DW_AT_name("STF")
    1108                      .dwattr $C$DW$134, DW_AT_location[DW_OP_regx 0x28]
    1109              $C$DW$135       .dwtag  DW_TAG_TI_assign_register, DW_AT_name("FPUHAZ")
    1110                      .dwattr $C$DW$135, DW_AT_location[DW_OP_reg27]
    1111              $C$DW$136       .dwtag  DW_TAG_TI_assign_register, DW_AT_name("CIE_RETA")
    1112                      .dwattr $C$DW$136, DW_AT_location[DW_OP_regx 0x4e]
    1113                      .dwendtag $C$DW$CU
    1114              

No Assembly Errors, No Assembly Warnings
