TMS320C2000 Assembler PC v6.1.3 Tue Oct 01 15:27:08 2013

Tools Copyright (c) 1996-2012 Texas Instruments Incorporated
C:\Users\a0272466\AppData\Local\Temp\0462010                         PAGE    1

       1              ;***************************************************************
       2              ;* TMS320C2000 C/C++ Codegen                         PC v6.1.3 *
       3              ;* Date/Time created: Tue Oct 01 15:27:08 2013                 *
       4              ;***************************************************************
       5                      .compiler_opts --float_support=fpu32 --hll_source=on --mem_model:code=flat --mem_model:data=large --o
       6        0002  FP      .set    XAR2
       7              
       8              $C$DW$CU        .dwtag  DW_TAG_compile_unit
       9                      .dwattr $C$DW$CU, DW_AT_name("C:/work/grepos/device_support/device_support/f2837x/F2837x_bootROM_dev/
      10                      .dwattr $C$DW$CU, DW_AT_producer("TMS320C2000 C/C++ Codegen PC v6.1.3 Copyright (c) 1996-2012 Texas I
      11                      .dwattr $C$DW$CU, DW_AT_TI_version(0x01)
      12                      .dwattr $C$DW$CU, DW_AT_comp_dir("C:\work\grepos\device_support\device_support\f2837x\F2837x_bootROM_
      13                      .global _PHY_fskTxSrcCoefTable
      14 00000000               .sect   "sunPhyTable"
      15                      .align  1
      16 00000000       _PHY_fskTxSrcCoefTable:
      17 00000000 0000          .field  0,16                    ; _PHY_fskTxSrcCoefTable[0] @ 0
      18 00000001 7FFF          .field  32767,16                        ; _PHY_fskTxSrcCoefTable[1] @ 16
      19 00000002 0000          .field  0,16                    ; _PHY_fskTxSrcCoefTable[2] @ 32
      20 00000003 0000          .field  0,16                    ; _PHY_fskTxSrcCoefTable[3] @ 48
      21 00000004 FDFF          .field  -513,16                 ; _PHY_fskTxSrcCoefTable[4] @ 64
      22 00000005 7FB9          .field  32697,16                        ; _PHY_fskTxSrcCoefTable[5] @ 80
      23 00000006 0252          .field  594,16                  ; _PHY_fskTxSrcCoefTable[6] @ 96
      24 00000007 FFD6          .field  -42,16                  ; _PHY_fskTxSrcCoefTable[7] @ 112
      25 00000008 FC4C          .field  -948,16                 ; _PHY_fskTxSrcCoefTable[8] @ 128
      26 00000009 7EE6          .field  32486,16                        ; _PHY_fskTxSrcCoefTable[9] @ 144
      27 0000000a 04F6          .field  1270,16                 ; _PHY_fskTxSrcCoefTable[10] @ 160
      28 0000000b FFAA          .field  -86,16                  ; _PHY_fskTxSrcCoefTable[11] @ 176
      29 0000000c FAE4          .field  -1308,16                        ; _PHY_fskTxSrcCoefTable[12] @ 192
      30 0000000d 7D88          .field  32136,16                        ; _PHY_fskTxSrcCoefTable[13] @ 208
      31 0000000e 07EE          .field  2030,16                 ; _PHY_fskTxSrcCoefTable[14] @ 224
      32 0000000f FF79          .field  -135,16                 ; _PHY_fskTxSrcCoefTable[15] @ 240
      33 00000010 F9C2          .field  -1598,16                        ; _PHY_fskTxSrcCoefTable[16] @ 256
      34 00000011 7BA2          .field  31650,16                        ; _PHY_fskTxSrcCoefTable[17] @ 272
      35 00000012 0B39          .field  2873,16                 ; _PHY_fskTxSrcCoefTable[18] @ 288
      36 00000013 FF43          .field  -189,16                 ; _PHY_fskTxSrcCoefTable[19] @ 304
      37 00000014 F8E3          .field  -1821,16                        ; _PHY_fskTxSrcCoefTable[20] @ 320
      38 00000015 793A          .field  31034,16                        ; _PHY_fskTxSrcCoefTable[21] @ 336
      39 00000016 0ED6          .field  3798,16                 ; _PHY_fskTxSrcCoefTable[22] @ 352
      40 00000017 FF06          .field  -250,16                 ; _PHY_fskTxSrcCoefTable[23] @ 368
      41 00000018 F840          .field  -1984,16                        ; _PHY_fskTxSrcCoefTable[24] @ 384
      42 00000019 7655          .field  30293,16                        ; _PHY_fskTxSrcCoefTable[25] @ 400
      43 0000001a 12C4          .field  4804,16                 ; _PHY_fskTxSrcCoefTable[26] @ 416
      44 0000001b FEC1          .field  -319,16                 ; _PHY_fskTxSrcCoefTable[27] @ 432
      45 0000001c F7D6          .field  -2090,16                        ; _PHY_fskTxSrcCoefTable[28] @ 448
      46 0000001d 72FC          .field  29436,16                        ; _PHY_fskTxSrcCoefTable[29] @ 464
      47 0000001e 16FE          .field  5886,16                 ; _PHY_fskTxSrcCoefTable[30] @ 480
      48 0000001f FE73          .field  -397,16                 ; _PHY_fskTxSrcCoefTable[31] @ 496
      49 00000020 F79C          .field  -2148,16                        ; _PHY_fskTxSrcCoefTable[32] @ 512
      50 00000021 6F35          .field  28469,16                        ; _PHY_fskTxSrcCoefTable[33] @ 528
      51 00000022 1B81          .field  7041,16                 ; _PHY_fskTxSrcCoefTable[34] @ 544
      52 00000023 FE1B          .field  -485,16                 ; _PHY_fskTxSrcCoefTable[35] @ 560
      53 00000024 F78F          .field  -2161,16                        ; _PHY_fskTxSrcCoefTable[36] @ 576
      54 00000025 6B0A          .field  27402,16                        ; _PHY_fskTxSrcCoefTable[37] @ 592
      55 00000026 2048          .field  8264,16                 ; _PHY_fskTxSrcCoefTable[38] @ 608
TMS320C2000 Assembler PC v6.1.3 Tue Oct 01 15:27:08 2013

Tools Copyright (c) 1996-2012 Texas Instruments Incorporated
C:\Users\a0272466\AppData\Local\Temp\0462010                         PAGE    2

      56 00000027 FDBA          .field  -582,16                 ; _PHY_fskTxSrcCoefTable[39] @ 624
      57 00000028 F7A9          .field  -2135,16                        ; _PHY_fskTxSrcCoefTable[40] @ 640
      58 00000029 6685          .field  26245,16                        ; _PHY_fskTxSrcCoefTable[41] @ 656
      59 0000002a 254B          .field  9547,16                 ; _PHY_fskTxSrcCoefTable[42] @ 672
      60 0000002b FD4E          .field  -690,16                 ; _PHY_fskTxSrcCoefTable[43] @ 688
      61 0000002c F7E2          .field  -2078,16                        ; _PHY_fskTxSrcCoefTable[44] @ 704
      62 0000002d 61B1          .field  25009,16                        ; _PHY_fskTxSrcCoefTable[45] @ 720
      63 0000002e 2A84          .field  10884,16                        ; _PHY_fskTxSrcCoefTable[46] @ 736
      64 0000002f FCD8          .field  -808,16                 ; _PHY_fskTxSrcCoefTable[47] @ 752
      65 00000030 F837          .field  -1993,16                        ; _PHY_fskTxSrcCoefTable[48] @ 768
      66 00000031 5C99          .field  23705,16                        ; _PHY_fskTxSrcCoefTable[49] @ 784
      67 00000032 2FEA          .field  12266,16                        ; _PHY_fskTxSrcCoefTable[50] @ 800
      68 00000033 FC5A          .field  -934,16                 ; _PHY_fskTxSrcCoefTable[51] @ 816
      69 00000034 F8A0          .field  -1888,16                        ; _PHY_fskTxSrcCoefTable[52] @ 832
      70 00000035 5749          .field  22345,16                        ; _PHY_fskTxSrcCoefTable[53] @ 848
      71 00000036 3574          .field  13684,16                        ; _PHY_fskTxSrcCoefTable[54] @ 864
      72 00000037 FBD4          .field  -1068,16                        ; _PHY_fskTxSrcCoefTable[55] @ 880
      73 00000038 F91A          .field  -1766,16                        ; _PHY_fskTxSrcCoefTable[56] @ 896
      74 00000039 51CD          .field  20941,16                        ; _PHY_fskTxSrcCoefTable[57] @ 912
      75 0000003a 3B18          .field  15128,16                        ; _PHY_fskTxSrcCoefTable[58] @ 928
      76 0000003b FB49          .field  -1207,16                        ; _PHY_fskTxSrcCoefTable[59] @ 944
      77 0000003c F99F          .field  -1633,16                        ; _PHY_fskTxSrcCoefTable[60] @ 960
      78 0000003d 4C32          .field  19506,16                        ; _PHY_fskTxSrcCoefTable[61] @ 976
      79 0000003e 40CB          .field  16587,16                        ; _PHY_fskTxSrcCoefTable[62] @ 992
      80 0000003f FABA          .field  -1350,16                        ; _PHY_fskTxSrcCoefTable[63] @ 1008
      81 00000040 FA2B          .field  -1493,16                        ; _PHY_fskTxSrcCoefTable[64] @ 1024
      82 00000041 4682          .field  18050,16                        ; _PHY_fskTxSrcCoefTable[65] @ 1040
      83 00000042 4682          .field  18050,16                        ; _PHY_fskTxSrcCoefTable[66] @ 1056
      84 00000043 FA2B          .field  -1493,16                        ; _PHY_fskTxSrcCoefTable[67] @ 1072
      85 00000044 FABA          .field  -1350,16                        ; _PHY_fskTxSrcCoefTable[68] @ 1088
      86 00000045 40CB          .field  16587,16                        ; _PHY_fskTxSrcCoefTable[69] @ 1104
      87 00000046 4C32          .field  19506,16                        ; _PHY_fskTxSrcCoefTable[70] @ 1120
      88 00000047 F99F          .field  -1633,16                        ; _PHY_fskTxSrcCoefTable[71] @ 1136
      89 00000048 FB49          .field  -1207,16                        ; _PHY_fskTxSrcCoefTable[72] @ 1152
      90 00000049 3B18          .field  15128,16                        ; _PHY_fskTxSrcCoefTable[73] @ 1168
      91 0000004a 51CD          .field  20941,16                        ; _PHY_fskTxSrcCoefTable[74] @ 1184
      92 0000004b F91A          .field  -1766,16                        ; _PHY_fskTxSrcCoefTable[75] @ 1200
      93 0000004c FBD4          .field  -1068,16                        ; _PHY_fskTxSrcCoefTable[76] @ 1216
      94 0000004d 3574          .field  13684,16                        ; _PHY_fskTxSrcCoefTable[77] @ 1232
      95 0000004e 5749          .field  22345,16                        ; _PHY_fskTxSrcCoefTable[78] @ 1248
      96 0000004f F8A0          .field  -1888,16                        ; _PHY_fskTxSrcCoefTable[79] @ 1264
      97 00000050 FC5A          .field  -934,16                 ; _PHY_fskTxSrcCoefTable[80] @ 1280
      98 00000051 2FEA          .field  12266,16                        ; _PHY_fskTxSrcCoefTable[81] @ 1296
      99 00000052 5C99          .field  23705,16                        ; _PHY_fskTxSrcCoefTable[82] @ 1312
     100 00000053 F837          .field  -1993,16                        ; _PHY_fskTxSrcCoefTable[83] @ 1328
     101 00000054 FCD8          .field  -808,16                 ; _PHY_fskTxSrcCoefTable[84] @ 1344
     102 00000055 2A84          .field  10884,16                        ; _PHY_fskTxSrcCoefTable[85] @ 1360
     103 00000056 61B1          .field  25009,16                        ; _PHY_fskTxSrcCoefTable[86] @ 1376
     104 00000057 F7E2          .field  -2078,16                        ; _PHY_fskTxSrcCoefTable[87] @ 1392
     105 00000058 FD4E          .field  -690,16                 ; _PHY_fskTxSrcCoefTable[88] @ 1408
     106 00000059 254B          .field  9547,16                 ; _PHY_fskTxSrcCoefTable[89] @ 1424
     107 0000005a 6685          .field  26245,16                        ; _PHY_fskTxSrcCoefTable[90] @ 1440
     108 0000005b F7A9          .field  -2135,16                        ; _PHY_fskTxSrcCoefTable[91] @ 1456
     109 0000005c FDBA          .field  -582,16                 ; _PHY_fskTxSrcCoefTable[92] @ 1472
     110 0000005d 2048          .field  8264,16                 ; _PHY_fskTxSrcCoefTable[93] @ 1488
TMS320C2000 Assembler PC v6.1.3 Tue Oct 01 15:27:08 2013

Tools Copyright (c) 1996-2012 Texas Instruments Incorporated
C:\Users\a0272466\AppData\Local\Temp\0462010                         PAGE    3

     111 0000005e 6B0A          .field  27402,16                        ; _PHY_fskTxSrcCoefTable[94] @ 1504
     112 0000005f F78F          .field  -2161,16                        ; _PHY_fskTxSrcCoefTable[95] @ 1520
     113 00000060 FE1B          .field  -485,16                 ; _PHY_fskTxSrcCoefTable[96] @ 1536
     114 00000061 1B81          .field  7041,16                 ; _PHY_fskTxSrcCoefTable[97] @ 1552
     115 00000062 6F35          .field  28469,16                        ; _PHY_fskTxSrcCoefTable[98] @ 1568
     116 00000063 F79C          .field  -2148,16                        ; _PHY_fskTxSrcCoefTable[99] @ 1584
     117 00000064 FE73          .field  -397,16                 ; _PHY_fskTxSrcCoefTable[100] @ 1600
     118 00000065 16FE          .field  5886,16                 ; _PHY_fskTxSrcCoefTable[101] @ 1616
     119 00000066 72FC          .field  29436,16                        ; _PHY_fskTxSrcCoefTable[102] @ 1632
     120 00000067 F7D6          .field  -2090,16                        ; _PHY_fskTxSrcCoefTable[103] @ 1648
     121 00000068 FEC1          .field  -319,16                 ; _PHY_fskTxSrcCoefTable[104] @ 1664
     122 00000069 12C4          .field  4804,16                 ; _PHY_fskTxSrcCoefTable[105] @ 1680
     123 0000006a 7655          .field  30293,16                        ; _PHY_fskTxSrcCoefTable[106] @ 1696
     124 0000006b F840          .field  -1984,16                        ; _PHY_fskTxSrcCoefTable[107] @ 1712
     125 0000006c FF06          .field  -250,16                 ; _PHY_fskTxSrcCoefTable[108] @ 1728
     126 0000006d 0ED6          .field  3798,16                 ; _PHY_fskTxSrcCoefTable[109] @ 1744
     127 0000006e 793A          .field  31034,16                        ; _PHY_fskTxSrcCoefTable[110] @ 1760
     128 0000006f F8E3          .field  -1821,16                        ; _PHY_fskTxSrcCoefTable[111] @ 1776
     129 00000070 FF43          .field  -189,16                 ; _PHY_fskTxSrcCoefTable[112] @ 1792
     130 00000071 0B39          .field  2873,16                 ; _PHY_fskTxSrcCoefTable[113] @ 1808
     131 00000072 7BA2          .field  31650,16                        ; _PHY_fskTxSrcCoefTable[114] @ 1824
     132 00000073 F9C2          .field  -1598,16                        ; _PHY_fskTxSrcCoefTable[115] @ 1840
     133 00000074 FF79          .field  -135,16                 ; _PHY_fskTxSrcCoefTable[116] @ 1856
     134 00000075 07EE          .field  2030,16                 ; _PHY_fskTxSrcCoefTable[117] @ 1872
     135 00000076 7D88          .field  32136,16                        ; _PHY_fskTxSrcCoefTable[118] @ 1888
     136 00000077 FAE4          .field  -1308,16                        ; _PHY_fskTxSrcCoefTable[119] @ 1904
     137 00000078 FFAA          .field  -86,16                  ; _PHY_fskTxSrcCoefTable[120] @ 1920
     138 00000079 04F6          .field  1270,16                 ; _PHY_fskTxSrcCoefTable[121] @ 1936
     139 0000007a 7EE6          .field  32486,16                        ; _PHY_fskTxSrcCoefTable[122] @ 1952
     140 0000007b FC4C          .field  -948,16                 ; _PHY_fskTxSrcCoefTable[123] @ 1968
     141 0000007c FFD6          .field  -42,16                  ; _PHY_fskTxSrcCoefTable[124] @ 1984
     142 0000007d 0252          .field  594,16                  ; _PHY_fskTxSrcCoefTable[125] @ 2000
     143 0000007e 7FB9          .field  32697,16                        ; _PHY_fskTxSrcCoefTable[126] @ 2016
     144 0000007f FDFF          .field  -513,16                 ; _PHY_fskTxSrcCoefTable[127] @ 2032
     145              
     146              $C$DW$1 .dwtag  DW_TAG_variable, DW_AT_name("PHY_fskTxSrcCoefTable")
     147                      .dwattr $C$DW$1, DW_AT_TI_symbol_name("_PHY_fskTxSrcCoefTable")
     148                      .dwattr $C$DW$1, DW_AT_location[DW_OP_addr _PHY_fskTxSrcCoefTable]
     149                      .dwattr $C$DW$1, DW_AT_type(*$C$DW$T$21)
     150                      .dwattr $C$DW$1, DW_AT_external
     151              ;       C:\ti\ccsv5\tools\compiler\c2000_6.1.3\bin\ac2000.exe -@C:\\Users\\a0272466\\AppData\\Local\\Temp\\04
     152              
     153              ;***************************************************************
     154              ;* TYPE INFORMATION                                            *
     155              ;***************************************************************
     156              $C$DW$T$4       .dwtag  DW_TAG_base_type
     157                      .dwattr $C$DW$T$4, DW_AT_encoding(DW_ATE_boolean)
     158                      .dwattr $C$DW$T$4, DW_AT_name("bool")
     159                      .dwattr $C$DW$T$4, DW_AT_byte_size(0x01)
     160              $C$DW$T$5       .dwtag  DW_TAG_base_type
     161                      .dwattr $C$DW$T$5, DW_AT_encoding(DW_ATE_signed_char)
     162                      .dwattr $C$DW$T$5, DW_AT_name("signed char")
     163                      .dwattr $C$DW$T$5, DW_AT_byte_size(0x01)
     164              $C$DW$T$6       .dwtag  DW_TAG_base_type
     165                      .dwattr $C$DW$T$6, DW_AT_encoding(DW_ATE_unsigned_char)
TMS320C2000 Assembler PC v6.1.3 Tue Oct 01 15:27:08 2013

Tools Copyright (c) 1996-2012 Texas Instruments Incorporated
C:\Users\a0272466\AppData\Local\Temp\0462010                         PAGE    4

     166                      .dwattr $C$DW$T$6, DW_AT_name("unsigned char")
     167                      .dwattr $C$DW$T$6, DW_AT_byte_size(0x01)
     168              $C$DW$T$7       .dwtag  DW_TAG_base_type
     169                      .dwattr $C$DW$T$7, DW_AT_encoding(DW_ATE_signed_char)
     170                      .dwattr $C$DW$T$7, DW_AT_name("wchar_t")
     171                      .dwattr $C$DW$T$7, DW_AT_byte_size(0x01)
     172              $C$DW$T$8       .dwtag  DW_TAG_base_type
     173                      .dwattr $C$DW$T$8, DW_AT_encoding(DW_ATE_signed)
     174                      .dwattr $C$DW$T$8, DW_AT_name("short")
     175                      .dwattr $C$DW$T$8, DW_AT_byte_size(0x01)
     176              $C$DW$T$9       .dwtag  DW_TAG_base_type
     177                      .dwattr $C$DW$T$9, DW_AT_encoding(DW_ATE_unsigned)
     178                      .dwattr $C$DW$T$9, DW_AT_name("unsigned short")
     179                      .dwattr $C$DW$T$9, DW_AT_byte_size(0x01)
     180              $C$DW$T$10      .dwtag  DW_TAG_base_type
     181                      .dwattr $C$DW$T$10, DW_AT_encoding(DW_ATE_signed)
     182                      .dwattr $C$DW$T$10, DW_AT_name("int")
     183                      .dwattr $C$DW$T$10, DW_AT_byte_size(0x01)
     184              $C$DW$T$19      .dwtag  DW_TAG_typedef, DW_AT_name("SINT16")
     185                      .dwattr $C$DW$T$19, DW_AT_type(*$C$DW$T$10)
     186                      .dwattr $C$DW$T$19, DW_AT_language(DW_LANG_C)
     187              $C$DW$2 .dwtag  DW_TAG_TI_far_type
     188                      .dwattr $C$DW$2, DW_AT_type(*$C$DW$T$19)
     189              $C$DW$T$20      .dwtag  DW_TAG_const_type
     190                      .dwattr $C$DW$T$20, DW_AT_type(*$C$DW$2)
     191              
     192              $C$DW$T$21      .dwtag  DW_TAG_array_type
     193                      .dwattr $C$DW$T$21, DW_AT_type(*$C$DW$T$20)
     194                      .dwattr $C$DW$T$21, DW_AT_language(DW_LANG_C)
     195                      .dwattr $C$DW$T$21, DW_AT_byte_size(0x80)
     196              $C$DW$3 .dwtag  DW_TAG_subrange_type
     197                      .dwattr $C$DW$3, DW_AT_upper_bound(0x7f)
     198                      .dwendtag $C$DW$T$21
     199              
     200              $C$DW$T$11      .dwtag  DW_TAG_base_type
     201                      .dwattr $C$DW$T$11, DW_AT_encoding(DW_ATE_unsigned)
     202                      .dwattr $C$DW$T$11, DW_AT_name("unsigned int")
     203                      .dwattr $C$DW$T$11, DW_AT_byte_size(0x01)
     204              $C$DW$T$12      .dwtag  DW_TAG_base_type
     205                      .dwattr $C$DW$T$12, DW_AT_encoding(DW_ATE_signed)
     206                      .dwattr $C$DW$T$12, DW_AT_name("long")
     207                      .dwattr $C$DW$T$12, DW_AT_byte_size(0x02)
     208              $C$DW$T$13      .dwtag  DW_TAG_base_type
     209                      .dwattr $C$DW$T$13, DW_AT_encoding(DW_ATE_unsigned)
     210                      .dwattr $C$DW$T$13, DW_AT_name("unsigned long")
     211                      .dwattr $C$DW$T$13, DW_AT_byte_size(0x02)
     212              $C$DW$T$14      .dwtag  DW_TAG_base_type
     213                      .dwattr $C$DW$T$14, DW_AT_encoding(DW_ATE_signed)
     214                      .dwattr $C$DW$T$14, DW_AT_name("long long")
     215                      .dwattr $C$DW$T$14, DW_AT_byte_size(0x04)
     216              $C$DW$T$15      .dwtag  DW_TAG_base_type
     217                      .dwattr $C$DW$T$15, DW_AT_encoding(DW_ATE_unsigned)
     218                      .dwattr $C$DW$T$15, DW_AT_name("unsigned long long")
     219                      .dwattr $C$DW$T$15, DW_AT_byte_size(0x04)
     220              $C$DW$T$16      .dwtag  DW_TAG_base_type
TMS320C2000 Assembler PC v6.1.3 Tue Oct 01 15:27:08 2013

Tools Copyright (c) 1996-2012 Texas Instruments Incorporated
C:\Users\a0272466\AppData\Local\Temp\0462010                         PAGE    5

     221                      .dwattr $C$DW$T$16, DW_AT_encoding(DW_ATE_float)
     222                      .dwattr $C$DW$T$16, DW_AT_name("float")
     223                      .dwattr $C$DW$T$16, DW_AT_byte_size(0x02)
     224              $C$DW$T$17      .dwtag  DW_TAG_base_type
     225                      .dwattr $C$DW$T$17, DW_AT_encoding(DW_ATE_float)
     226                      .dwattr $C$DW$T$17, DW_AT_name("double")
     227                      .dwattr $C$DW$T$17, DW_AT_byte_size(0x02)
     228              $C$DW$T$18      .dwtag  DW_TAG_base_type
     229                      .dwattr $C$DW$T$18, DW_AT_encoding(DW_ATE_float)
     230                      .dwattr $C$DW$T$18, DW_AT_name("long double")
     231                      .dwattr $C$DW$T$18, DW_AT_byte_size(0x04)
     232                      .dwattr $C$DW$CU, DW_AT_language(DW_LANG_C)
     233              
     234              ;***************************************************************
     235              ;* DWARF CIE ENTRIES                                           *
     236              ;***************************************************************
     237              
     238              $C$DW$CIE       .dwcie 78
     239                      .dwcfi  cfa_register, 20
     240                      .dwcfi  cfa_offset, 0
     241                      .dwcfi  undefined, 0
     242                      .dwcfi  undefined, 1
     243                      .dwcfi  undefined, 2
     244                      .dwcfi  undefined, 3
     245                      .dwcfi  undefined, 22
     246                      .dwcfi  undefined, 37
     247                      .dwcfi  undefined, 36
     248                      .dwcfi  undefined, 23
     249                      .dwcfi  undefined, 30
     250                      .dwcfi  undefined, 31
     251                      .dwcfi  undefined, 32
     252                      .dwcfi  undefined, 38
     253                      .dwcfi  undefined, 75
     254                      .dwcfi  undefined, 24
     255                      .dwcfi  undefined, 33
     256                      .dwcfi  undefined, 35
     257                      .dwcfi  undefined, 34
     258                      .dwcfi  undefined, 76
     259                      .dwcfi  undefined, 21
     260                      .dwcfi  undefined, 20
     261                      .dwcfi  undefined, 28
     262                      .dwcfi  undefined, 29
     263                      .dwcfi  undefined, 25
     264                      .dwcfi  undefined, 77
     265                      .dwcfi  undefined, 4
     266                      .dwcfi  undefined, 6
     267                      .dwcfi  undefined, 8
     268                      .dwcfi  undefined, 10
     269                      .dwcfi  undefined, 12
     270                      .dwcfi  undefined, 14
     271                      .dwcfi  undefined, 16
     272                      .dwcfi  undefined, 17
     273                      .dwcfi  undefined, 18
     274                      .dwcfi  undefined, 19
     275                      .dwcfi  undefined, 5
TMS320C2000 Assembler PC v6.1.3 Tue Oct 01 15:27:08 2013

Tools Copyright (c) 1996-2012 Texas Instruments Incorporated
C:\Users\a0272466\AppData\Local\Temp\0462010                         PAGE    6

     276                      .dwcfi  undefined, 7
     277                      .dwcfi  undefined, 9
     278                      .dwcfi  undefined, 11
     279                      .dwcfi  undefined, 13
     280                      .dwcfi  undefined, 15
     281                      .dwcfi  undefined, 43
     282                      .dwcfi  undefined, 44
     283                      .dwcfi  undefined, 47
     284                      .dwcfi  undefined, 48
     285                      .dwcfi  undefined, 51
     286                      .dwcfi  undefined, 52
     287                      .dwcfi  undefined, 55
     288                      .dwcfi  undefined, 56
     289                      .dwcfi  undefined, 59
     290                      .dwcfi  undefined, 60
     291                      .dwcfi  undefined, 63
     292                      .dwcfi  undefined, 64
     293                      .dwcfi  undefined, 67
     294                      .dwcfi  undefined, 68
     295                      .dwcfi  undefined, 71
     296                      .dwcfi  undefined, 72
     297                      .dwcfi  undefined, 73
     298                      .dwcfi  undefined, 74
     299                      .dwcfi  undefined, 39
     300                      .dwcfi  undefined, 40
     301                      .dwcfi  undefined, 27
     302                      .dwcfi  undefined, 78
     303                      .dwendentry
     304              
     305              ;***************************************************************
     306              ;* DWARF REGISTER MAP                                          *
     307              ;***************************************************************
     308              
     309              $C$DW$4 .dwtag  DW_TAG_TI_assign_register, DW_AT_name("AL")
     310                      .dwattr $C$DW$4, DW_AT_location[DW_OP_reg0]
     311              $C$DW$5 .dwtag  DW_TAG_TI_assign_register, DW_AT_name("AH")
     312                      .dwattr $C$DW$5, DW_AT_location[DW_OP_reg1]
     313              $C$DW$6 .dwtag  DW_TAG_TI_assign_register, DW_AT_name("PL")
     314                      .dwattr $C$DW$6, DW_AT_location[DW_OP_reg2]
     315              $C$DW$7 .dwtag  DW_TAG_TI_assign_register, DW_AT_name("PH")
     316                      .dwattr $C$DW$7, DW_AT_location[DW_OP_reg3]
     317              $C$DW$8 .dwtag  DW_TAG_TI_assign_register, DW_AT_name("T")
     318                      .dwattr $C$DW$8, DW_AT_location[DW_OP_reg22]
     319              $C$DW$9 .dwtag  DW_TAG_TI_assign_register, DW_AT_name("IER")
     320                      .dwattr $C$DW$9, DW_AT_location[DW_OP_regx 0x25]
     321              $C$DW$10        .dwtag  DW_TAG_TI_assign_register, DW_AT_name("IFR")
     322                      .dwattr $C$DW$10, DW_AT_location[DW_OP_regx 0x24]
     323              $C$DW$11        .dwtag  DW_TAG_TI_assign_register, DW_AT_name("ST0")
     324                      .dwattr $C$DW$11, DW_AT_location[DW_OP_reg23]
     325              $C$DW$12        .dwtag  DW_TAG_TI_assign_register, DW_AT_name("SXM")
     326                      .dwattr $C$DW$12, DW_AT_location[DW_OP_reg30]
     327              $C$DW$13        .dwtag  DW_TAG_TI_assign_register, DW_AT_name("PM")
     328                      .dwattr $C$DW$13, DW_AT_location[DW_OP_reg31]
     329              $C$DW$14        .dwtag  DW_TAG_TI_assign_register, DW_AT_name("OVM")
     330                      .dwattr $C$DW$14, DW_AT_location[DW_OP_regx 0x20]
TMS320C2000 Assembler PC v6.1.3 Tue Oct 01 15:27:08 2013

Tools Copyright (c) 1996-2012 Texas Instruments Incorporated
C:\Users\a0272466\AppData\Local\Temp\0462010                         PAGE    7

     331              $C$DW$15        .dwtag  DW_TAG_TI_assign_register, DW_AT_name("V")
     332                      .dwattr $C$DW$15, DW_AT_location[DW_OP_regx 0x26]
     333              $C$DW$16        .dwtag  DW_TAG_TI_assign_register, DW_AT_name("PSEUDO")
     334                      .dwattr $C$DW$16, DW_AT_location[DW_OP_regx 0x4b]
     335              $C$DW$17        .dwtag  DW_TAG_TI_assign_register, DW_AT_name("ST1")
     336                      .dwattr $C$DW$17, DW_AT_location[DW_OP_reg24]
     337              $C$DW$18        .dwtag  DW_TAG_TI_assign_register, DW_AT_name("PAGE0")
     338                      .dwattr $C$DW$18, DW_AT_location[DW_OP_regx 0x21]
     339              $C$DW$19        .dwtag  DW_TAG_TI_assign_register, DW_AT_name("INTM")
     340                      .dwattr $C$DW$19, DW_AT_location[DW_OP_regx 0x23]
     341              $C$DW$20        .dwtag  DW_TAG_TI_assign_register, DW_AT_name("AMODE")
     342                      .dwattr $C$DW$20, DW_AT_location[DW_OP_regx 0x22]
     343              $C$DW$21        .dwtag  DW_TAG_TI_assign_register, DW_AT_name("PSEUDOH")
     344                      .dwattr $C$DW$21, DW_AT_location[DW_OP_regx 0x4c]
     345              $C$DW$22        .dwtag  DW_TAG_TI_assign_register, DW_AT_name("XT")
     346                      .dwattr $C$DW$22, DW_AT_location[DW_OP_reg21]
     347              $C$DW$23        .dwtag  DW_TAG_TI_assign_register, DW_AT_name("SP")
     348                      .dwattr $C$DW$23, DW_AT_location[DW_OP_reg20]
     349              $C$DW$24        .dwtag  DW_TAG_TI_assign_register, DW_AT_name("FP")
     350                      .dwattr $C$DW$24, DW_AT_location[DW_OP_reg28]
     351              $C$DW$25        .dwtag  DW_TAG_TI_assign_register, DW_AT_name("DP")
     352                      .dwattr $C$DW$25, DW_AT_location[DW_OP_reg29]
     353              $C$DW$26        .dwtag  DW_TAG_TI_assign_register, DW_AT_name("PC")
     354                      .dwattr $C$DW$26, DW_AT_location[DW_OP_reg25]
     355              $C$DW$27        .dwtag  DW_TAG_TI_assign_register, DW_AT_name("VOL")
     356                      .dwattr $C$DW$27, DW_AT_location[DW_OP_regx 0x4d]
     357              $C$DW$28        .dwtag  DW_TAG_TI_assign_register, DW_AT_name("AR0")
     358                      .dwattr $C$DW$28, DW_AT_location[DW_OP_reg4]
     359              $C$DW$29        .dwtag  DW_TAG_TI_assign_register, DW_AT_name("AR1")
     360                      .dwattr $C$DW$29, DW_AT_location[DW_OP_reg6]
     361              $C$DW$30        .dwtag  DW_TAG_TI_assign_register, DW_AT_name("AR2")
     362                      .dwattr $C$DW$30, DW_AT_location[DW_OP_reg8]
     363              $C$DW$31        .dwtag  DW_TAG_TI_assign_register, DW_AT_name("AR3")
     364                      .dwattr $C$DW$31, DW_AT_location[DW_OP_reg10]
     365              $C$DW$32        .dwtag  DW_TAG_TI_assign_register, DW_AT_name("AR4")
     366                      .dwattr $C$DW$32, DW_AT_location[DW_OP_reg12]
     367              $C$DW$33        .dwtag  DW_TAG_TI_assign_register, DW_AT_name("AR5")
     368                      .dwattr $C$DW$33, DW_AT_location[DW_OP_reg14]
     369              $C$DW$34        .dwtag  DW_TAG_TI_assign_register, DW_AT_name("AR6")
     370                      .dwattr $C$DW$34, DW_AT_location[DW_OP_reg16]
     371              $C$DW$35        .dwtag  DW_TAG_TI_assign_register, DW_AT_name("XAR6")
     372                      .dwattr $C$DW$35, DW_AT_location[DW_OP_reg17]
     373              $C$DW$36        .dwtag  DW_TAG_TI_assign_register, DW_AT_name("AR7")
     374                      .dwattr $C$DW$36, DW_AT_location[DW_OP_reg18]
     375              $C$DW$37        .dwtag  DW_TAG_TI_assign_register, DW_AT_name("XAR7")
     376                      .dwattr $C$DW$37, DW_AT_location[DW_OP_reg19]
     377              $C$DW$38        .dwtag  DW_TAG_TI_assign_register, DW_AT_name("XAR0")
     378                      .dwattr $C$DW$38, DW_AT_location[DW_OP_reg5]
     379              $C$DW$39        .dwtag  DW_TAG_TI_assign_register, DW_AT_name("XAR1")
     380                      .dwattr $C$DW$39, DW_AT_location[DW_OP_reg7]
     381              $C$DW$40        .dwtag  DW_TAG_TI_assign_register, DW_AT_name("XAR2")
     382                      .dwattr $C$DW$40, DW_AT_location[DW_OP_reg9]
     383              $C$DW$41        .dwtag  DW_TAG_TI_assign_register, DW_AT_name("XAR3")
     384                      .dwattr $C$DW$41, DW_AT_location[DW_OP_reg11]
     385              $C$DW$42        .dwtag  DW_TAG_TI_assign_register, DW_AT_name("XAR4")
TMS320C2000 Assembler PC v6.1.3 Tue Oct 01 15:27:08 2013

Tools Copyright (c) 1996-2012 Texas Instruments Incorporated
C:\Users\a0272466\AppData\Local\Temp\0462010                         PAGE    8

     386                      .dwattr $C$DW$42, DW_AT_location[DW_OP_reg13]
     387              $C$DW$43        .dwtag  DW_TAG_TI_assign_register, DW_AT_name("XAR5")
     388                      .dwattr $C$DW$43, DW_AT_location[DW_OP_reg15]
     389              $C$DW$44        .dwtag  DW_TAG_TI_assign_register, DW_AT_name("R0HL")
     390                      .dwattr $C$DW$44, DW_AT_location[DW_OP_regx 0x2b]
     391              $C$DW$45        .dwtag  DW_TAG_TI_assign_register, DW_AT_name("R0H")
     392                      .dwattr $C$DW$45, DW_AT_location[DW_OP_regx 0x2c]
     393              $C$DW$46        .dwtag  DW_TAG_TI_assign_register, DW_AT_name("R1HL")
     394                      .dwattr $C$DW$46, DW_AT_location[DW_OP_regx 0x2f]
     395              $C$DW$47        .dwtag  DW_TAG_TI_assign_register, DW_AT_name("R1H")
     396                      .dwattr $C$DW$47, DW_AT_location[DW_OP_regx 0x30]
     397              $C$DW$48        .dwtag  DW_TAG_TI_assign_register, DW_AT_name("R2HL")
     398                      .dwattr $C$DW$48, DW_AT_location[DW_OP_regx 0x33]
     399              $C$DW$49        .dwtag  DW_TAG_TI_assign_register, DW_AT_name("R2H")
     400                      .dwattr $C$DW$49, DW_AT_location[DW_OP_regx 0x34]
     401              $C$DW$50        .dwtag  DW_TAG_TI_assign_register, DW_AT_name("R3HL")
     402                      .dwattr $C$DW$50, DW_AT_location[DW_OP_regx 0x37]
     403              $C$DW$51        .dwtag  DW_TAG_TI_assign_register, DW_AT_name("R3H")
     404                      .dwattr $C$DW$51, DW_AT_location[DW_OP_regx 0x38]
     405              $C$DW$52        .dwtag  DW_TAG_TI_assign_register, DW_AT_name("R4HL")
     406                      .dwattr $C$DW$52, DW_AT_location[DW_OP_regx 0x3b]
     407              $C$DW$53        .dwtag  DW_TAG_TI_assign_register, DW_AT_name("R4H")
     408                      .dwattr $C$DW$53, DW_AT_location[DW_OP_regx 0x3c]
     409              $C$DW$54        .dwtag  DW_TAG_TI_assign_register, DW_AT_name("R5HL")
     410                      .dwattr $C$DW$54, DW_AT_location[DW_OP_regx 0x3f]
     411              $C$DW$55        .dwtag  DW_TAG_TI_assign_register, DW_AT_name("R5H")
     412                      .dwattr $C$DW$55, DW_AT_location[DW_OP_regx 0x40]
     413              $C$DW$56        .dwtag  DW_TAG_TI_assign_register, DW_AT_name("R6HL")
     414                      .dwattr $C$DW$56, DW_AT_location[DW_OP_regx 0x43]
     415              $C$DW$57        .dwtag  DW_TAG_TI_assign_register, DW_AT_name("R6H")
     416                      .dwattr $C$DW$57, DW_AT_location[DW_OP_regx 0x44]
     417              $C$DW$58        .dwtag  DW_TAG_TI_assign_register, DW_AT_name("R7HL")
     418                      .dwattr $C$DW$58, DW_AT_location[DW_OP_regx 0x47]
     419              $C$DW$59        .dwtag  DW_TAG_TI_assign_register, DW_AT_name("R7H")
     420                      .dwattr $C$DW$59, DW_AT_location[DW_OP_regx 0x48]
     421              $C$DW$60        .dwtag  DW_TAG_TI_assign_register, DW_AT_name("RBL")
     422                      .dwattr $C$DW$60, DW_AT_location[DW_OP_regx 0x49]
     423              $C$DW$61        .dwtag  DW_TAG_TI_assign_register, DW_AT_name("RB")
     424                      .dwattr $C$DW$61, DW_AT_location[DW_OP_regx 0x4a]
     425              $C$DW$62        .dwtag  DW_TAG_TI_assign_register, DW_AT_name("STFL")
     426                      .dwattr $C$DW$62, DW_AT_location[DW_OP_regx 0x27]
     427              $C$DW$63        .dwtag  DW_TAG_TI_assign_register, DW_AT_name("STF")
     428                      .dwattr $C$DW$63, DW_AT_location[DW_OP_regx 0x28]
     429              $C$DW$64        .dwtag  DW_TAG_TI_assign_register, DW_AT_name("FPUHAZ")
     430                      .dwattr $C$DW$64, DW_AT_location[DW_OP_reg27]
     431              $C$DW$65        .dwtag  DW_TAG_TI_assign_register, DW_AT_name("CIE_RETA")
     432                      .dwattr $C$DW$65, DW_AT_location[DW_OP_regx 0x4e]
     433                      .dwendtag $C$DW$CU
     434              

No Assembly Errors, No Assembly Warnings
