TMS320C2000 Assembler PC v6.1.3 Tue Oct 01 15:27:25 2013

Tools Copyright (c) 1996-2012 Texas Instruments Incorporated
C:/work/grepos/device_support/device_support/f2837x/F2837x_bootROM_dev/F2837x_bootROM/cpu01-bootROM/Cla_Data_Rom/source/tables/CLAlnTable.asm PAGE    1

       1              ;******************************************************************************
       2              ; 
       3              ; FILE: CLAlnTable.asm
       4              ; 
       5              ; DESCRIPTION: Natural Logarithm Tables
       6              ; 
       7              ;******************************************************************************
       8              ;  $TI Release:  $
       9              ;  $Release Date:  $
      10              ;******************************************************************************
      11              ;  This software is licensed for use with Texas Instruments C28x
      12              ;  family DSCs.  This license was provided to you prior to installing
      13              ;  the software.  You may review this license by consulting a copy of
      14              ;  the agreement in the doc directory of this library.
      15              ; ------------------------------------------------------------------------
      16              ;          Copyright (C) 2010-2011 Texas Instruments, Incorporated.
      17              ;                          All Rights Reserved.
      18              ;******************************************************************************
      19              
      20              ;############################################################################
      21              ;/*! \addtogroup CLAMATH_TABLES
      22              ;  @{
      23              ;*/
      24              ;############################################################################
      25                      .def    _CLALNV2
      26                      .def    _CLALNVe
      27                      .def    _CLALNV10
      28                      .def    _CLABIAS
      29                      .def    _CLALN_TABLE_MASK1
      30                      .def    _CLALN_TABLE_MASK2
      31                      .def    _CLALnTable
      32                      .def    _CLALnTableEnd
      33              
      34 00000000          .sect    "CLA1mathTables"
      35                 
      36 00000000 7218  _CLALNV2                 .float                    0.693147180559 ; 
         00000001 3F31 
      37 00000002 0000  _CLALNVe             .float                    1.0            ;
         00000003 3F80 
      38 00000004 5BD9  _CLALNV10            .float                    0.4342944819032;
         00000005 3EDE 
      39 00000006 0000  _CLABIAS             .float                    127.0          ;
         00000007 42FE 
      40 00000008 FFFF  _CLALN_TABLE_MASK1   .long                     0x3FFFFFFF     ;     
         00000009 3FFF 
      41 0000000a 0000  _CLALN_TABLE_MASK2   .long                     0x3F800000     ;     
         0000000b 3F80 
      42              
      43              
      44 0000000c       _CLALnTable:
      45 0000000c 0000                       .float                     0              ;                
         0000000d 0000 
      46 0000000e 0000                       .float                     1              ;                
         0000000f 3F80 
      47 00000010 0000                       .float                    -0.5            ;
TMS320C2000 Assembler PC v6.1.3 Tue Oct 01 15:27:25 2013

Tools Copyright (c) 1996-2012 Texas Instruments Incorporated
C:/work/grepos/device_support/device_support/f2837x/F2837x_bootROM_dev/F2837x_bootROM/cpu01-bootROM/Cla_Data_Rom/source/tables/CLAlnTable.asm PAGE    2

         00000011 BF00 
      48 00000012 3DDB                       .float                     9.49154e-06    ;                
         00000013 371F 
      49 00000014 C3D2                       .float                     0.999081726    ;                
         00000015 3F7F 
      50 00000016 B84D                       .float                    -0.470156107    ;
         00000017 BEF0 
      51 00000018 DFB7                       .float                     7.09886e-05    ;                
         00000019 3894 
      52 0000001a 1D3B                       .float                     0.996539792    ;                
         0000001b 3F7F 
      53 0000001c C4A7                       .float                    -0.442906574    ;
         0000001d BEE2 
      54 0000001e 4DFD                       .float                     0.000224404    ;                
         0000001f 396B 
      55 00000020 1E83                       .float                     0.992653061    ;                
         00000021 3F7E 
      56 00000022 FEBF                       .float                    -0.417959184    ;
         00000023 BED5 
      57 00000024 D507                       .float                     0.000499085    ;                
         00000025 3A02 
      58 00000026 D6EA                       .float                     0.987654321    ;                
         00000027 3F7C 
      59 00000028 4588                       .float                    -0.395061728    ;
         00000029 BECA 
      60 0000002a 27E8                       .float                     0.000916122    ;                
         0000002b 3A70 
      61 0000002c 5337                       .float                     0.981738495    ;                
         0000002d 3F7B 
      62 0000002e 7C5A                       .float                    -0.373995617    ;
         0000002f BEBF 
      63 00000030 5101                       .float                     0.001490146    ;                
         00000031 3AC3 
      64 00000032 9E23                       .float                     0.975069252    ;                
         00000033 3F79 
      65 00000034 8A48                       .float                    -0.354570637    ;
         00000035 BEB5 
      66 00000036 319B                       .float                     0.00223074     ;                
         00000037 3B12 
      67 00000038 C0B7                       .float                     0.967784352    ;                
         00000039 3F77 
      68 0000003a 598B                       .float                    -0.336620644    ;
         0000003b BEAC 
      69 0000003c 0409                       .float                     0.003143551    ;                
         0000003d 3B4E 
      70 0000003e C28F                       .float                     0.96           ;                
         0000003f 3F75 
      71 00000040 D70A                       .float                    -0.32           ;
         00000041 BEA3 
      72 00000042 A59A                       .float                     0.004231167    ;                
         00000043 3B8A 
      73 00000044 AA1C                       .float                     0.951814396    ;                
         00000045 3F73 
      74 00000046 F1FD                       .float                    -0.304580607    ;
         00000047 BE9B 
TMS320C2000 Assembler PC v6.1.3 Tue Oct 01 15:27:25 2013

Tools Copyright (c) 1996-2012 Texas Instruments Incorporated
C:/work/grepos/device_support/device_support/f2837x/F2837x_bootROM_dev/F2837x_bootROM/cpu01-bootROM/Cla_Data_Rom/source/tables/CLAlnTable.asm PAGE    3

      75 00000048 0563                       .float                     0.005493806    ;                
         00000049 3BB4 
      76 0000004a 7CCF                       .float                     0.943310658    ;                
         0000004b 3F71 
      77 0000004c 9B93                       .float                    -0.290249433    ;
         0000004d BE94 
      78 0000004e 13F7                       .float                     0.00692987     ;                
         0000004f 3BE3 
      79 00000050 3F46                       .float                     0.934559221    ;                
         00000051 3F6F 
      80 00000052 C6AE                       .float                    -0.276906436    ;
         00000053 BE8D 
      81 00000054 DC28                       .float                     0.008536376    ;                
         00000055 3C0B 
      82 00000056 F56C                       .float                     0.925619835    ;                
         00000057 3F6C 
      83 00000058 67AB                       .float                    -0.26446281     ;
         00000059 BE87 
      84 0000005a E85A                       .float                     0.010309303    ;                
         0000005b 3C28 
      85 0000005c A293                       .float                     0.91654321     ;                
         0000005d 3F6A 
      86 0000005e 742E                       .float                    -0.252839506    ;
         0000005f BE81 
      87 00000060 9A81                       .float                     0.012243868    ;                
         00000061 3C48 
      88 00000062 498F                       .float                     0.907372401    ;                
         00000063 3F68 
      89 00000064 C5EE                       .float                    -0.241965974    ;
         00000065 BE77 
      90 00000066 DC43                       .float                     0.014334741    ;                
         00000067 3C6A 
      91 00000068 ECC3                       .float                     0.898143957    ;                
         00000069 3F65 
      92 0000006a 577F                       .float                    -0.231779086    ;
         0000006b BE6D 
      93 0000006c CADA                       .float                     0.016576219    ;                
         0000006d 3C87 
      94 0000006e 8E39                       .float                     0.888888889    ;                
         0000006f 3F63 
      95 00000070 8E39                       .float                    -0.222222222    ;
         00000071 BE63 
      96 00000072 56F5                       .float                     0.018962363    ;                
         00000073 3C9B 
      97 00000074 2FA9                       .float                     0.879633486    ;                
         00000075 3F61 
      98 00000076 5CC3                       .float                    -0.213244481    ;
         00000077 BE5A 
      99 00000078 05B9                       .float                     0.021487103    ;                
         00000079 3CB0 
     100 0000007a D289                       .float                     0.8704         ;                
         0000007b 3F5E 
     101 0000007c B717                       .float                    -0.2048         ;
         0000007d BE51 
     102 0000007e CA51                       .float                     0.024144324    ;                
TMS320C2000 Assembler PC v6.1.3 Tue Oct 01 15:27:25 2013

Tools Copyright (c) 1996-2012 Texas Instruments Incorporated
C:/work/grepos/device_support/device_support/f2837x/F2837x_bootROM_dev/F2837x_bootROM/cpu01-bootROM/Cla_Data_Rom/source/tables/CLAlnTable.asm PAGE    4

         0000007f 3CC5 
     103 00000080 7814                       .float                     0.861207228    ;                
         00000081 3F5C 
     104 00000082 925B                       .float                    -0.196847366    ;
         00000083 BE49 
     105 00000084 97F8                       .float                     0.026927934    ;                
         00000085 3CDC 
     106 00000086 2153                       .float                     0.852071006    ;                
         00000087 3F5A 
     107 00000088 E4BC                       .float                    -0.189349112    ;
         00000089 BE41 
     108 0000008a 620D                       .float                     0.02983191     ;                
         0000008b 3CF4 
     109 0000008c CF27                       .float                     0.843004628    ;                
         0000008d 3F57 
     110 0000008e A552                       .float                    -0.182271271    ;
         0000008f BE3A 
     111 00000090 8E14                       .float                     0.032850339    ;                
         00000091 3D06 
     112 00000092 8248                       .float                     0.834019204    ;                
         00000093 3F55 
     113 00000094 CC07                       .float                    -0.17558299     ;
         00000095 BE33 
     114 00000096 5D17                       .float                     0.035977448    ;        
         00000097 3D13 
     115 00000098 3B53                       .float                     0.825123967    ;                
         00000099 3F53 
     116 0000009a 517F                       .float                    -0.169256198    ;
         0000009b BE2D 
     117 0000009c 982D                       .float                     0.039207625    ;                
         0000009d 3D20 
     118 0000009e FAC7                       .float                     0.816326531    ;                
         0000009f 3F50 
     119 000000a0 2F05                       .float                    -0.163265306    ;
         000000a1 BE27 
     120 000000a2 39A2                       .float                     0.042535433    ;                
         000000a3 3D2E 
     121 000000a4 C10B                       .float                     0.807633118    ;                
         000000a5 3F4E 
     122 000000a6 5E79                       .float                    -0.15758695     ;
         000000a7 BE21 
     123 000000a8 3BF6                       .float                     0.045955621    ;                
         000000a9 3D3C 
     124 000000aa 8E75                       .float                     0.799048751    ;                
         000000ab 3F4C 
     125 000000ac DA41                       .float                    -0.152199762    ;
         000000ad BE1B 
     126 000000ae 99DB                       .float                     0.049463133    ;                
         000000af 3D4A 
     127 000000b0 6348                       .float                     0.79057742     ;                
         000000b1 3F4A 
     128 000000b2 9D3C                       .float                    -0.147084171    ;
         000000b3 BE16 
     129 000000b4 4E36                       .float                     0.053053104    ;                
         000000b5 3D59 
TMS320C2000 Assembler PC v6.1.3 Tue Oct 01 15:27:25 2013

Tools Copyright (c) 1996-2012 Texas Instruments Incorporated
C:/work/grepos/device_support/device_support/f2837x/F2837x_bootROM_dev/F2837x_bootROM/cpu01-bootROM/Cla_Data_Rom/source/tables/CLAlnTable.asm PAGE    5

     130 000000b6 3FB7                       .float                     0.782222222    ;                
         000000b7 3F48 
     131 000000b8 A2B4                       .float                    -0.142222222    ;
         000000b9 BE11 
     132 000000ba 5424                       .float                     0.056720869    ;                
         000000bb 3D68 
     133 000000bc 23EA                       .float                     0.773985488    ;                
         000000bd 3F46 
     134 000000be E657                       .float                    -0.13759742     ;
         000000bf BE0C 
     135 000000c0 A6F5                       .float                     0.060461958    ;                
         000000c1 3D77 
     136 000000c2 0FFC                       .float                     0.765868887    ;                
         000000c3 3F44 
     137 000000c4 642A                       .float                    -0.133194589    ;
         000000c5 BE08 
     138 000000c6 A116                       .float                     0.064272091    ;                
         000000c7 3D83 
     139 000000c8 0400                       .float                     0.75787352     ;                
         000000c9 3F42 
     140 000000ca 1883                       .float                    -0.128999748    ;
         000000cb BE04 
     141 000000cc 90C0                       .float                     0.068147181    ;                
         000000cd 3D8B 
     142 000000ce 0000                       .float                     0.75           ;                
         000000cf 3F40 
     143 000000d0 0000                       .float                    -0.125           ;
         000000d1 BE00 
     144              
     145              
     146 000000d2       _CLALnTableEnd:
     147              ;############################################################################
     148              ;//! @}
     149              ;############################################################################

No Assembly Errors, No Assembly Warnings
