TMS320C2000 Assembler PC v6.1.3 Tue Oct 01 15:28:03 2013

Tools Copyright (c) 1996-2012 Texas Instruments Incorporated
C:\Users\a0272466\AppData\Local\Temp\1167610                         PAGE    1

       1              ;***************************************************************
       2              ;* TMS320C2000 C/C++ Codegen                         PC v6.1.3 *
       3              ;* Date/Time created: Tue Oct 01 15:28:03 2013                 *
       4              ;***************************************************************
       5                      .compiler_opts --float_support=fpu32 --hll_source=on --mem_model:code=flat --mem_model:data=large --o
       6        0002  FP      .set    XAR2
       7              
       8              $C$DW$CU        .dwtag  DW_TAG_compile_unit
       9                      .dwattr $C$DW$CU, DW_AT_name("C:/work/grepos/device_support/device_support/f2837x/F2837x_bootROM_dev/
      10                      .dwattr $C$DW$CU, DW_AT_producer("TMS320C2000 C/C++ Codegen PC v6.1.3 Copyright (c) 1996-2012 Texas I
      11                      .dwattr $C$DW$CU, DW_AT_TI_version(0x01)
      12                      .dwattr $C$DW$CU, DW_AT_comp_dir("C:\work\grepos\device_support\device_support\f2837x\F2837x_bootROM_
      13                      .global _PHY_dsssDesprd_16_1_0_table
      14 00000000               .sect   "sunPhyTable"
      15                      .align  1
      16 00000000       _PHY_dsssDesprd_16_1_0_table:
      17 00000000 FFFF          .field  -1,16                   ; _PHY_dsssDesprd_16_1_0_table[0] @ 0
      18 00000001 FFFF          .field  -1,16                   ; _PHY_dsssDesprd_16_1_0_table[1] @ 16
      19 00000002 0001          .field  1,16                    ; _PHY_dsssDesprd_16_1_0_table[2] @ 32
      20 00000003 FFFF          .field  -1,16                   ; _PHY_dsssDesprd_16_1_0_table[3] @ 48
      21 00000004 FFFF          .field  -1,16                   ; _PHY_dsssDesprd_16_1_0_table[4] @ 64
      22 00000005 FFFF          .field  -1,16                   ; _PHY_dsssDesprd_16_1_0_table[5] @ 80
      23 00000006 0001          .field  1,16                    ; _PHY_dsssDesprd_16_1_0_table[6] @ 96
      24 00000007 0001          .field  1,16                    ; _PHY_dsssDesprd_16_1_0_table[7] @ 112
      25 00000008 0001          .field  1,16                    ; _PHY_dsssDesprd_16_1_0_table[8] @ 128
      26 00000009 0001          .field  1,16                    ; _PHY_dsssDesprd_16_1_0_table[9] @ 144
      27 0000000a FFFF          .field  -1,16                   ; _PHY_dsssDesprd_16_1_0_table[10] @ 160
      28 0000000b 0001          .field  1,16                    ; _PHY_dsssDesprd_16_1_0_table[11] @ 176
      29 0000000c FFFF          .field  -1,16                   ; _PHY_dsssDesprd_16_1_0_table[12] @ 192
      30 0000000d 0001          .field  1,16                    ; _PHY_dsssDesprd_16_1_0_table[13] @ 208
      31 0000000e 0001          .field  1,16                    ; _PHY_dsssDesprd_16_1_0_table[14] @ 224
      32 0000000f FFFF          .field  -1,16                   ; _PHY_dsssDesprd_16_1_0_table[15] @ 240
      33              
      34              $C$DW$1 .dwtag  DW_TAG_variable, DW_AT_name("PHY_dsssDesprd_16_1_0_table")
      35                      .dwattr $C$DW$1, DW_AT_TI_symbol_name("_PHY_dsssDesprd_16_1_0_table")
      36                      .dwattr $C$DW$1, DW_AT_location[DW_OP_addr _PHY_dsssDesprd_16_1_0_table]
      37                      .dwattr $C$DW$1, DW_AT_type(*$C$DW$T$23)
      38                      .dwattr $C$DW$1, DW_AT_external
      39                      .global _PHY_dsssDesprd_16_1_1_table
      40 00000010               .sect   "sunPhyTable"
      41                      .align  1
      42 00000010       _PHY_dsssDesprd_16_1_1_table:
      43 00000010 FFFF          .field  -1,16                   ; _PHY_dsssDesprd_16_1_1_table[0] @ 0
      44 00000011 0001          .field  1,16                    ; _PHY_dsssDesprd_16_1_1_table[1] @ 16
      45 00000012 FFFF          .field  -1,16                   ; _PHY_dsssDesprd_16_1_1_table[2] @ 32
      46 00000013 FFFF          .field  -1,16                   ; _PHY_dsssDesprd_16_1_1_table[3] @ 48
      47 00000014 FFFF          .field  -1,16                   ; _PHY_dsssDesprd_16_1_1_table[4] @ 64
      48 00000015 0001          .field  1,16                    ; _PHY_dsssDesprd_16_1_1_table[5] @ 80
      49 00000016 0001          .field  1,16                    ; _PHY_dsssDesprd_16_1_1_table[6] @ 96
      50 00000017 0001          .field  1,16                    ; _PHY_dsssDesprd_16_1_1_table[7] @ 112
      51 00000018 0001          .field  1,16                    ; _PHY_dsssDesprd_16_1_1_table[8] @ 128
      52 00000019 FFFF          .field  -1,16                   ; _PHY_dsssDesprd_16_1_1_table[9] @ 144
      53 0000001a 0001          .field  1,16                    ; _PHY_dsssDesprd_16_1_1_table[10] @ 160
      54 0000001b FFFF          .field  -1,16                   ; _PHY_dsssDesprd_16_1_1_table[11] @ 176
      55 0000001c 0001          .field  1,16                    ; _PHY_dsssDesprd_16_1_1_table[12] @ 192
TMS320C2000 Assembler PC v6.1.3 Tue Oct 01 15:28:03 2013

Tools Copyright (c) 1996-2012 Texas Instruments Incorporated
C:\Users\a0272466\AppData\Local\Temp\1167610                         PAGE    2

      56 0000001d 0001          .field  1,16                    ; _PHY_dsssDesprd_16_1_1_table[13] @ 208
      57 0000001e FFFF          .field  -1,16                   ; _PHY_dsssDesprd_16_1_1_table[14] @ 224
      58 0000001f FFFF          .field  -1,16                   ; _PHY_dsssDesprd_16_1_1_table[15] @ 240
      59              
      60              $C$DW$2 .dwtag  DW_TAG_variable, DW_AT_name("PHY_dsssDesprd_16_1_1_table")
      61                      .dwattr $C$DW$2, DW_AT_TI_symbol_name("_PHY_dsssDesprd_16_1_1_table")
      62                      .dwattr $C$DW$2, DW_AT_location[DW_OP_addr _PHY_dsssDesprd_16_1_1_table]
      63                      .dwattr $C$DW$2, DW_AT_type(*$C$DW$T$23)
      64                      .dwattr $C$DW$2, DW_AT_external
      65                      .global _PHY_dsssDesprd_8_4_table
      66 00000020               .sect   "sunPhyTable"
      67                      .align  1
      68 00000020       _PHY_dsssDesprd_8_4_table:
      69 00000020 0001          .field  1,16                    ; _PHY_dsssDesprd_8_4_table[0][0] @ 0
      70 00000021 0001          .field  1,16                    ; _PHY_dsssDesprd_8_4_table[0][1] @ 16
      71 00000022 0001          .field  1,16                    ; _PHY_dsssDesprd_8_4_table[0][2] @ 32
      72 00000023 0001          .field  1,16                    ; _PHY_dsssDesprd_8_4_table[0][3] @ 48
      73 00000024 0001          .field  1,16                    ; _PHY_dsssDesprd_8_4_table[0][4] @ 64
      74 00000025 0001          .field  1,16                    ; _PHY_dsssDesprd_8_4_table[0][5] @ 80
      75 00000026 0001          .field  1,16                    ; _PHY_dsssDesprd_8_4_table[0][6] @ 96
      76 00000027 FFFF          .field  -1,16                   ; _PHY_dsssDesprd_8_4_table[0][7] @ 112
      77 00000028 FFFF          .field  -1,16                   ; _PHY_dsssDesprd_8_4_table[1][0] @ 128
      78 00000029 FFFF          .field  -1,16                   ; _PHY_dsssDesprd_8_4_table[1][1] @ 144
      79 0000002a 0001          .field  1,16                    ; _PHY_dsssDesprd_8_4_table[1][2] @ 160
      80 0000002b FFFF          .field  -1,16                   ; _PHY_dsssDesprd_8_4_table[1][3] @ 176
      81 0000002c 0001          .field  1,16                    ; _PHY_dsssDesprd_8_4_table[1][4] @ 192
      82 0000002d 0001          .field  1,16                    ; _PHY_dsssDesprd_8_4_table[1][5] @ 208
      83 0000002e 0001          .field  1,16                    ; _PHY_dsssDesprd_8_4_table[1][6] @ 224
      84 0000002f 0001          .field  1,16                    ; _PHY_dsssDesprd_8_4_table[1][7] @ 240
      85 00000030 0001          .field  1,16                    ; _PHY_dsssDesprd_8_4_table[2][0] @ 256
      86 00000031 FFFF          .field  -1,16                   ; _PHY_dsssDesprd_8_4_table[2][1] @ 272
      87 00000032 FFFF          .field  -1,16                   ; _PHY_dsssDesprd_8_4_table[2][2] @ 288
      88 00000033 0001          .field  1,16                    ; _PHY_dsssDesprd_8_4_table[2][3] @ 304
      89 00000034 FFFF          .field  -1,16                   ; _PHY_dsssDesprd_8_4_table[2][4] @ 320
      90 00000035 0001          .field  1,16                    ; _PHY_dsssDesprd_8_4_table[2][5] @ 336
      91 00000036 0001          .field  1,16                    ; _PHY_dsssDesprd_8_4_table[2][6] @ 352
      92 00000037 0001          .field  1,16                    ; _PHY_dsssDesprd_8_4_table[2][7] @ 368
      93 00000038 FFFF          .field  -1,16                   ; _PHY_dsssDesprd_8_4_table[3][0] @ 384
      94 00000039 0001          .field  1,16                    ; _PHY_dsssDesprd_8_4_table[3][1] @ 400
      95 0000003a FFFF          .field  -1,16                   ; _PHY_dsssDesprd_8_4_table[3][2] @ 416
      96 0000003b FFFF          .field  -1,16                   ; _PHY_dsssDesprd_8_4_table[3][3] @ 432
      97 0000003c FFFF          .field  -1,16                   ; _PHY_dsssDesprd_8_4_table[3][4] @ 448
      98 0000003d 0001          .field  1,16                    ; _PHY_dsssDesprd_8_4_table[3][5] @ 464
      99 0000003e 0001          .field  1,16                    ; _PHY_dsssDesprd_8_4_table[3][6] @ 480
     100 0000003f FFFF          .field  -1,16                   ; _PHY_dsssDesprd_8_4_table[3][7] @ 496
     101 00000040 FFFF          .field  -1,16                   ; _PHY_dsssDesprd_8_4_table[4][0] @ 512
     102 00000041 FFFF          .field  -1,16                   ; _PHY_dsssDesprd_8_4_table[4][1] @ 528
     103 00000042 FFFF          .field  -1,16                   ; _PHY_dsssDesprd_8_4_table[4][2] @ 544
     104 00000043 0001          .field  1,16                    ; _PHY_dsssDesprd_8_4_table[4][3] @ 560
     105 00000044 0001          .field  1,16                    ; _PHY_dsssDesprd_8_4_table[4][4] @ 576
     106 00000045 FFFF          .field  -1,16                   ; _PHY_dsssDesprd_8_4_table[4][5] @ 592
     107 00000046 0001          .field  1,16                    ; _PHY_dsssDesprd_8_4_table[4][6] @ 608
     108 00000047 FFFF          .field  -1,16                   ; _PHY_dsssDesprd_8_4_table[4][7] @ 624
     109 00000048 0001          .field  1,16                    ; _PHY_dsssDesprd_8_4_table[5][0] @ 640
     110 00000049 0001          .field  1,16                    ; _PHY_dsssDesprd_8_4_table[5][1] @ 656
TMS320C2000 Assembler PC v6.1.3 Tue Oct 01 15:28:03 2013

Tools Copyright (c) 1996-2012 Texas Instruments Incorporated
C:\Users\a0272466\AppData\Local\Temp\1167610                         PAGE    3

     111 0000004a FFFF          .field  -1,16                   ; _PHY_dsssDesprd_8_4_table[5][2] @ 672
     112 0000004b FFFF          .field  -1,16                   ; _PHY_dsssDesprd_8_4_table[5][3] @ 688
     113 0000004c 0001          .field  1,16                    ; _PHY_dsssDesprd_8_4_table[5][4] @ 704
     114 0000004d FFFF          .field  -1,16                   ; _PHY_dsssDesprd_8_4_table[5][5] @ 720
     115 0000004e 0001          .field  1,16                    ; _PHY_dsssDesprd_8_4_table[5][6] @ 736
     116 0000004f 0001          .field  1,16                    ; _PHY_dsssDesprd_8_4_table[5][7] @ 752
     117 00000050 FFFF          .field  -1,16                   ; _PHY_dsssDesprd_8_4_table[6][0] @ 768
     118 00000051 0001          .field  1,16                    ; _PHY_dsssDesprd_8_4_table[6][1] @ 784
     119 00000052 0001          .field  1,16                    ; _PHY_dsssDesprd_8_4_table[6][2] @ 800
     120 00000053 0001          .field  1,16                    ; _PHY_dsssDesprd_8_4_table[6][3] @ 816
     121 00000054 FFFF          .field  -1,16                   ; _PHY_dsssDesprd_8_4_table[6][4] @ 832
     122 00000055 FFFF          .field  -1,16                   ; _PHY_dsssDesprd_8_4_table[6][5] @ 848
     123 00000056 0001          .field  1,16                    ; _PHY_dsssDesprd_8_4_table[6][6] @ 864
     124 00000057 0001          .field  1,16                    ; _PHY_dsssDesprd_8_4_table[6][7] @ 880
     125 00000058 0001          .field  1,16                    ; _PHY_dsssDesprd_8_4_table[7][0] @ 896
     126 00000059 FFFF          .field  -1,16                   ; _PHY_dsssDesprd_8_4_table[7][1] @ 912
     127 0000005a 0001          .field  1,16                    ; _PHY_dsssDesprd_8_4_table[7][2] @ 928
     128 0000005b FFFF          .field  -1,16                   ; _PHY_dsssDesprd_8_4_table[7][3] @ 944
     129 0000005c FFFF          .field  -1,16                   ; _PHY_dsssDesprd_8_4_table[7][4] @ 960
     130 0000005d FFFF          .field  -1,16                   ; _PHY_dsssDesprd_8_4_table[7][5] @ 976
     131 0000005e 0001          .field  1,16                    ; _PHY_dsssDesprd_8_4_table[7][6] @ 992
     132 0000005f FFFF          .field  -1,16                   ; _PHY_dsssDesprd_8_4_table[7][7] @ 1008
     133              
     134              $C$DW$3 .dwtag  DW_TAG_variable, DW_AT_name("PHY_dsssDesprd_8_4_table")
     135                      .dwattr $C$DW$3, DW_AT_TI_symbol_name("_PHY_dsssDesprd_8_4_table")
     136                      .dwattr $C$DW$3, DW_AT_location[DW_OP_addr _PHY_dsssDesprd_8_4_table]
     137                      .dwattr $C$DW$3, DW_AT_type(*$C$DW$T$22)
     138                      .dwattr $C$DW$3, DW_AT_external
     139                      .global _PHY_dsssDesprd_16_4_table
     140 00000060               .sect   "sunPhyTable"
     141                      .align  1
     142 00000060       _PHY_dsssDesprd_16_4_table:
     143 00000060 0001          .field  1,16                    ; _PHY_dsssDesprd_16_4_table[0][0] @ 0
     144 00000061 0001          .field  1,16                    ; _PHY_dsssDesprd_16_4_table[0][1] @ 16
     145 00000062 FFFF          .field  -1,16                   ; _PHY_dsssDesprd_16_4_table[0][2] @ 32
     146 00000063 FFFF          .field  -1,16                   ; _PHY_dsssDesprd_16_4_table[0][3] @ 48
     147 00000064 FFFF          .field  -1,16                   ; _PHY_dsssDesprd_16_4_table[0][4] @ 64
     148 00000065 FFFF          .field  -1,16                   ; _PHY_dsssDesprd_16_4_table[0][5] @ 80
     149 00000066 FFFF          .field  -1,16                   ; _PHY_dsssDesprd_16_4_table[0][6] @ 96
     150 00000067 0001          .field  1,16                    ; _PHY_dsssDesprd_16_4_table[0][7] @ 112
     151 00000068 0001          .field  1,16                    ; _PHY_dsssDesprd_16_4_table[0][8] @ 128
     152 00000069 0001          .field  1,16                    ; _PHY_dsssDesprd_16_4_table[0][9] @ 144
     153 0000006a FFFF          .field  -1,16                   ; _PHY_dsssDesprd_16_4_table[0][10] @ 160
     154 0000006b 0001          .field  1,16                    ; _PHY_dsssDesprd_16_4_table[0][11] @ 176
     155 0000006c 0001          .field  1,16                    ; _PHY_dsssDesprd_16_4_table[0][12] @ 192
     156 0000006d FFFF          .field  -1,16                   ; _PHY_dsssDesprd_16_4_table[0][13] @ 208
     157 0000006e 0001          .field  1,16                    ; _PHY_dsssDesprd_16_4_table[0][14] @ 224
     158 0000006f FFFF          .field  -1,16                   ; _PHY_dsssDesprd_16_4_table[0][15] @ 240
     159 00000070 0001          .field  1,16                    ; _PHY_dsssDesprd_16_4_table[1][0] @ 256
     160 00000071 FFFF          .field  -1,16                   ; _PHY_dsssDesprd_16_4_table[1][1] @ 272
     161 00000072 0001          .field  1,16                    ; _PHY_dsssDesprd_16_4_table[1][2] @ 288
     162 00000073 0001          .field  1,16                    ; _PHY_dsssDesprd_16_4_table[1][3] @ 304
     163 00000074 FFFF          .field  -1,16                   ; _PHY_dsssDesprd_16_4_table[1][4] @ 320
     164 00000075 FFFF          .field  -1,16                   ; _PHY_dsssDesprd_16_4_table[1][5] @ 336
     165 00000076 FFFF          .field  -1,16                   ; _PHY_dsssDesprd_16_4_table[1][6] @ 352
TMS320C2000 Assembler PC v6.1.3 Tue Oct 01 15:28:03 2013

Tools Copyright (c) 1996-2012 Texas Instruments Incorporated
C:\Users\a0272466\AppData\Local\Temp\1167610                         PAGE    4

     166 00000077 FFFF          .field  -1,16                   ; _PHY_dsssDesprd_16_4_table[1][7] @ 368
     167 00000078 FFFF          .field  -1,16                   ; _PHY_dsssDesprd_16_4_table[1][8] @ 384
     168 00000079 0001          .field  1,16                    ; _PHY_dsssDesprd_16_4_table[1][9] @ 400
     169 0000007a 0001          .field  1,16                    ; _PHY_dsssDesprd_16_4_table[1][10] @ 416
     170 0000007b 0001          .field  1,16                    ; _PHY_dsssDesprd_16_4_table[1][11] @ 432
     171 0000007c FFFF          .field  -1,16                   ; _PHY_dsssDesprd_16_4_table[1][12] @ 448
     172 0000007d 0001          .field  1,16                    ; _PHY_dsssDesprd_16_4_table[1][13] @ 464
     173 0000007e 0001          .field  1,16                    ; _PHY_dsssDesprd_16_4_table[1][14] @ 480
     174 0000007f FFFF          .field  -1,16                   ; _PHY_dsssDesprd_16_4_table[1][15] @ 496
     175 00000080 0001          .field  1,16                    ; _PHY_dsssDesprd_16_4_table[2][0] @ 512
     176 00000081 FFFF          .field  -1,16                   ; _PHY_dsssDesprd_16_4_table[2][1] @ 528
     177 00000082 0001          .field  1,16                    ; _PHY_dsssDesprd_16_4_table[2][2] @ 544
     178 00000083 FFFF          .field  -1,16                   ; _PHY_dsssDesprd_16_4_table[2][3] @ 560
     179 00000084 0001          .field  1,16                    ; _PHY_dsssDesprd_16_4_table[2][4] @ 576
     180 00000085 0001          .field  1,16                    ; _PHY_dsssDesprd_16_4_table[2][5] @ 592
     181 00000086 FFFF          .field  -1,16                   ; _PHY_dsssDesprd_16_4_table[2][6] @ 608
     182 00000087 FFFF          .field  -1,16                   ; _PHY_dsssDesprd_16_4_table[2][7] @ 624
     183 00000088 FFFF          .field  -1,16                   ; _PHY_dsssDesprd_16_4_table[2][8] @ 640
     184 00000089 FFFF          .field  -1,16                   ; _PHY_dsssDesprd_16_4_table[2][9] @ 656
     185 0000008a FFFF          .field  -1,16                   ; _PHY_dsssDesprd_16_4_table[2][10] @ 672
     186 0000008b 0001          .field  1,16                    ; _PHY_dsssDesprd_16_4_table[2][11] @ 688
     187 0000008c 0001          .field  1,16                    ; _PHY_dsssDesprd_16_4_table[2][12] @ 704
     188 0000008d 0001          .field  1,16                    ; _PHY_dsssDesprd_16_4_table[2][13] @ 720
     189 0000008e FFFF          .field  -1,16                   ; _PHY_dsssDesprd_16_4_table[2][14] @ 736
     190 0000008f 0001          .field  1,16                    ; _PHY_dsssDesprd_16_4_table[2][15] @ 752
     191 00000090 FFFF          .field  -1,16                   ; _PHY_dsssDesprd_16_4_table[3][0] @ 768
     192 00000091 0001          .field  1,16                    ; _PHY_dsssDesprd_16_4_table[3][1] @ 784
     193 00000092 0001          .field  1,16                    ; _PHY_dsssDesprd_16_4_table[3][2] @ 800
     194 00000093 FFFF          .field  -1,16                   ; _PHY_dsssDesprd_16_4_table[3][3] @ 816
     195 00000094 0001          .field  1,16                    ; _PHY_dsssDesprd_16_4_table[3][4] @ 832
     196 00000095 FFFF          .field  -1,16                   ; _PHY_dsssDesprd_16_4_table[3][5] @ 848
     197 00000096 0001          .field  1,16                    ; _PHY_dsssDesprd_16_4_table[3][6] @ 864
     198 00000097 0001          .field  1,16                    ; _PHY_dsssDesprd_16_4_table[3][7] @ 880
     199 00000098 FFFF          .field  -1,16                   ; _PHY_dsssDesprd_16_4_table[3][8] @ 896
     200 00000099 FFFF          .field  -1,16                   ; _PHY_dsssDesprd_16_4_table[3][9] @ 912
     201 0000009a FFFF          .field  -1,16                   ; _PHY_dsssDesprd_16_4_table[3][10] @ 928
     202 0000009b FFFF          .field  -1,16                   ; _PHY_dsssDesprd_16_4_table[3][11] @ 944
     203 0000009c FFFF          .field  -1,16                   ; _PHY_dsssDesprd_16_4_table[3][12] @ 960
     204 0000009d 0001          .field  1,16                    ; _PHY_dsssDesprd_16_4_table[3][13] @ 976
     205 0000009e 0001          .field  1,16                    ; _PHY_dsssDesprd_16_4_table[3][14] @ 992
     206 0000009f 0001          .field  1,16                    ; _PHY_dsssDesprd_16_4_table[3][15] @ 1008
     207 000000a0 0001          .field  1,16                    ; _PHY_dsssDesprd_16_4_table[4][0] @ 1024
     208 000000a1 0001          .field  1,16                    ; _PHY_dsssDesprd_16_4_table[4][1] @ 1040
     209 000000a2 FFFF          .field  -1,16                   ; _PHY_dsssDesprd_16_4_table[4][2] @ 1056
     210 000000a3 0001          .field  1,16                    ; _PHY_dsssDesprd_16_4_table[4][3] @ 1072
     211 000000a4 0001          .field  1,16                    ; _PHY_dsssDesprd_16_4_table[4][4] @ 1088
     212 000000a5 FFFF          .field  -1,16                   ; _PHY_dsssDesprd_16_4_table[4][5] @ 1104
     213 000000a6 0001          .field  1,16                    ; _PHY_dsssDesprd_16_4_table[4][6] @ 1120
     214 000000a7 FFFF          .field  -1,16                   ; _PHY_dsssDesprd_16_4_table[4][7] @ 1136
     215 000000a8 0001          .field  1,16                    ; _PHY_dsssDesprd_16_4_table[4][8] @ 1152
     216 000000a9 0001          .field  1,16                    ; _PHY_dsssDesprd_16_4_table[4][9] @ 1168
     217 000000aa FFFF          .field  -1,16                   ; _PHY_dsssDesprd_16_4_table[4][10] @ 1184
     218 000000ab FFFF          .field  -1,16                   ; _PHY_dsssDesprd_16_4_table[4][11] @ 1200
     219 000000ac FFFF          .field  -1,16                   ; _PHY_dsssDesprd_16_4_table[4][12] @ 1216
     220 000000ad FFFF          .field  -1,16                   ; _PHY_dsssDesprd_16_4_table[4][13] @ 1232
TMS320C2000 Assembler PC v6.1.3 Tue Oct 01 15:28:03 2013

Tools Copyright (c) 1996-2012 Texas Instruments Incorporated
C:\Users\a0272466\AppData\Local\Temp\1167610                         PAGE    5

     221 000000ae FFFF          .field  -1,16                   ; _PHY_dsssDesprd_16_4_table[4][14] @ 1248
     222 000000af 0001          .field  1,16                    ; _PHY_dsssDesprd_16_4_table[4][15] @ 1264
     223 000000b0 FFFF          .field  -1,16                   ; _PHY_dsssDesprd_16_4_table[5][0] @ 1280
     224 000000b1 0001          .field  1,16                    ; _PHY_dsssDesprd_16_4_table[5][1] @ 1296
     225 000000b2 0001          .field  1,16                    ; _PHY_dsssDesprd_16_4_table[5][2] @ 1312
     226 000000b3 0001          .field  1,16                    ; _PHY_dsssDesprd_16_4_table[5][3] @ 1328
     227 000000b4 FFFF          .field  -1,16                   ; _PHY_dsssDesprd_16_4_table[5][4] @ 1344
     228 000000b5 0001          .field  1,16                    ; _PHY_dsssDesprd_16_4_table[5][5] @ 1360
     229 000000b6 0001          .field  1,16                    ; _PHY_dsssDesprd_16_4_table[5][6] @ 1376
     230 000000b7 FFFF          .field  -1,16                   ; _PHY_dsssDesprd_16_4_table[5][7] @ 1392
     231 000000b8 0001          .field  1,16                    ; _PHY_dsssDesprd_16_4_table[5][8] @ 1408
     232 000000b9 FFFF          .field  -1,16                   ; _PHY_dsssDesprd_16_4_table[5][9] @ 1424
     233 000000ba 0001          .field  1,16                    ; _PHY_dsssDesprd_16_4_table[5][10] @ 1440
     234 000000bb 0001          .field  1,16                    ; _PHY_dsssDesprd_16_4_table[5][11] @ 1456
     235 000000bc FFFF          .field  -1,16                   ; _PHY_dsssDesprd_16_4_table[5][12] @ 1472
     236 000000bd FFFF          .field  -1,16                   ; _PHY_dsssDesprd_16_4_table[5][13] @ 1488
     237 000000be FFFF          .field  -1,16                   ; _PHY_dsssDesprd_16_4_table[5][14] @ 1504
     238 000000bf FFFF          .field  -1,16                   ; _PHY_dsssDesprd_16_4_table[5][15] @ 1520
     239 000000c0 FFFF          .field  -1,16                   ; _PHY_dsssDesprd_16_4_table[6][0] @ 1536
     240 000000c1 FFFF          .field  -1,16                   ; _PHY_dsssDesprd_16_4_table[6][1] @ 1552
     241 000000c2 FFFF          .field  -1,16                   ; _PHY_dsssDesprd_16_4_table[6][2] @ 1568
     242 000000c3 0001          .field  1,16                    ; _PHY_dsssDesprd_16_4_table[6][3] @ 1584
     243 000000c4 0001          .field  1,16                    ; _PHY_dsssDesprd_16_4_table[6][4] @ 1600
     244 000000c5 0001          .field  1,16                    ; _PHY_dsssDesprd_16_4_table[6][5] @ 1616
     245 000000c6 FFFF          .field  -1,16                   ; _PHY_dsssDesprd_16_4_table[6][6] @ 1632
     246 000000c7 0001          .field  1,16                    ; _PHY_dsssDesprd_16_4_table[6][7] @ 1648
     247 000000c8 0001          .field  1,16                    ; _PHY_dsssDesprd_16_4_table[6][8] @ 1664
     248 000000c9 FFFF          .field  -1,16                   ; _PHY_dsssDesprd_16_4_table[6][9] @ 1680
     249 000000ca 0001          .field  1,16                    ; _PHY_dsssDesprd_16_4_table[6][10] @ 1696
     250 000000cb FFFF          .field  -1,16                   ; _PHY_dsssDesprd_16_4_table[6][11] @ 1712
     251 000000cc 0001          .field  1,16                    ; _PHY_dsssDesprd_16_4_table[6][12] @ 1728
     252 000000cd 0001          .field  1,16                    ; _PHY_dsssDesprd_16_4_table[6][13] @ 1744
     253 000000ce FFFF          .field  -1,16                   ; _PHY_dsssDesprd_16_4_table[6][14] @ 1760
     254 000000cf FFFF          .field  -1,16                   ; _PHY_dsssDesprd_16_4_table[6][15] @ 1776
     255 000000d0 FFFF          .field  -1,16                   ; _PHY_dsssDesprd_16_4_table[7][0] @ 1792
     256 000000d1 FFFF          .field  -1,16                   ; _PHY_dsssDesprd_16_4_table[7][1] @ 1808
     257 000000d2 FFFF          .field  -1,16                   ; _PHY_dsssDesprd_16_4_table[7][2] @ 1824
     258 000000d3 FFFF          .field  -1,16                   ; _PHY_dsssDesprd_16_4_table[7][3] @ 1840
     259 000000d4 FFFF          .field  -1,16                   ; _PHY_dsssDesprd_16_4_table[7][4] @ 1856
     260 000000d5 0001          .field  1,16                    ; _PHY_dsssDesprd_16_4_table[7][5] @ 1872
     261 000000d6 0001          .field  1,16                    ; _PHY_dsssDesprd_16_4_table[7][6] @ 1888
     262 000000d7 0001          .field  1,16                    ; _PHY_dsssDesprd_16_4_table[7][7] @ 1904
     263 000000d8 FFFF          .field  -1,16                   ; _PHY_dsssDesprd_16_4_table[7][8] @ 1920
     264 000000d9 0001          .field  1,16                    ; _PHY_dsssDesprd_16_4_table[7][9] @ 1936
     265 000000da 0001          .field  1,16                    ; _PHY_dsssDesprd_16_4_table[7][10] @ 1952
     266 000000db FFFF          .field  -1,16                   ; _PHY_dsssDesprd_16_4_table[7][11] @ 1968
     267 000000dc 0001          .field  1,16                    ; _PHY_dsssDesprd_16_4_table[7][12] @ 1984
     268 000000dd FFFF          .field  -1,16                   ; _PHY_dsssDesprd_16_4_table[7][13] @ 2000
     269 000000de 0001          .field  1,16                    ; _PHY_dsssDesprd_16_4_table[7][14] @ 2016
     270 000000df 0001          .field  1,16                    ; _PHY_dsssDesprd_16_4_table[7][15] @ 2032
     271 000000e0 0001          .field  1,16                    ; _PHY_dsssDesprd_16_4_table[8][0] @ 2048
     272 000000e1 FFFF          .field  -1,16                   ; _PHY_dsssDesprd_16_4_table[8][1] @ 2064
     273 000000e2 FFFF          .field  -1,16                   ; _PHY_dsssDesprd_16_4_table[8][2] @ 2080
     274 000000e3 0001          .field  1,16                    ; _PHY_dsssDesprd_16_4_table[8][3] @ 2096
     275 000000e4 FFFF          .field  -1,16                   ; _PHY_dsssDesprd_16_4_table[8][4] @ 2112
TMS320C2000 Assembler PC v6.1.3 Tue Oct 01 15:28:03 2013

Tools Copyright (c) 1996-2012 Texas Instruments Incorporated
C:\Users\a0272466\AppData\Local\Temp\1167610                         PAGE    6

     276 000000e5 0001          .field  1,16                    ; _PHY_dsssDesprd_16_4_table[8][5] @ 2128
     277 000000e6 FFFF          .field  -1,16                   ; _PHY_dsssDesprd_16_4_table[8][6] @ 2144
     278 000000e7 FFFF          .field  -1,16                   ; _PHY_dsssDesprd_16_4_table[8][7] @ 2160
     279 000000e8 0001          .field  1,16                    ; _PHY_dsssDesprd_16_4_table[8][8] @ 2176
     280 000000e9 FFFF          .field  -1,16                   ; _PHY_dsssDesprd_16_4_table[8][9] @ 2192
     281 000000ea FFFF          .field  -1,16                   ; _PHY_dsssDesprd_16_4_table[8][10] @ 2208
     282 000000eb FFFF          .field  -1,16                   ; _PHY_dsssDesprd_16_4_table[8][11] @ 2224
     283 000000ec 0001          .field  1,16                    ; _PHY_dsssDesprd_16_4_table[8][12] @ 2240
     284 000000ed 0001          .field  1,16                    ; _PHY_dsssDesprd_16_4_table[8][13] @ 2256
     285 000000ee 0001          .field  1,16                    ; _PHY_dsssDesprd_16_4_table[8][14] @ 2272
     286 000000ef 0001          .field  1,16                    ; _PHY_dsssDesprd_16_4_table[8][15] @ 2288
     287 000000f0 0001          .field  1,16                    ; _PHY_dsssDesprd_16_4_table[9][0] @ 2304
     288 000000f1 0001          .field  1,16                    ; _PHY_dsssDesprd_16_4_table[9][1] @ 2320
     289 000000f2 0001          .field  1,16                    ; _PHY_dsssDesprd_16_4_table[9][2] @ 2336
     290 000000f3 FFFF          .field  -1,16                   ; _PHY_dsssDesprd_16_4_table[9][3] @ 2352
     291 000000f4 FFFF          .field  -1,16                   ; _PHY_dsssDesprd_16_4_table[9][4] @ 2368
     292 000000f5 0001          .field  1,16                    ; _PHY_dsssDesprd_16_4_table[9][5] @ 2384
     293 000000f6 FFFF          .field  -1,16                   ; _PHY_dsssDesprd_16_4_table[9][6] @ 2400
     294 000000f7 0001          .field  1,16                    ; _PHY_dsssDesprd_16_4_table[9][7] @ 2416
     295 000000f8 FFFF          .field  -1,16                   ; _PHY_dsssDesprd_16_4_table[9][8] @ 2432
     296 000000f9 FFFF          .field  -1,16                   ; _PHY_dsssDesprd_16_4_table[9][9] @ 2448
     297 000000fa 0001          .field  1,16                    ; _PHY_dsssDesprd_16_4_table[9][10] @ 2464
     298 000000fb FFFF          .field  -1,16                   ; _PHY_dsssDesprd_16_4_table[9][11] @ 2480
     299 000000fc FFFF          .field  -1,16                   ; _PHY_dsssDesprd_16_4_table[9][12] @ 2496
     300 000000fd FFFF          .field  -1,16                   ; _PHY_dsssDesprd_16_4_table[9][13] @ 2512
     301 000000fe 0001          .field  1,16                    ; _PHY_dsssDesprd_16_4_table[9][14] @ 2528
     302 000000ff 0001          .field  1,16                    ; _PHY_dsssDesprd_16_4_table[9][15] @ 2544
     303 00000100 0001          .field  1,16                    ; _PHY_dsssDesprd_16_4_table[10][0] @ 2560
     304 00000101 0001          .field  1,16                    ; _PHY_dsssDesprd_16_4_table[10][1] @ 2576
     305 00000102 0001          .field  1,16                    ; _PHY_dsssDesprd_16_4_table[10][2] @ 2592
     306 00000103 0001          .field  1,16                    ; _PHY_dsssDesprd_16_4_table[10][3] @ 2608
     307 00000104 0001          .field  1,16                    ; _PHY_dsssDesprd_16_4_table[10][4] @ 2624
     308 00000105 FFFF          .field  -1,16                   ; _PHY_dsssDesprd_16_4_table[10][5] @ 2640
     309 00000106 FFFF          .field  -1,16                   ; _PHY_dsssDesprd_16_4_table[10][6] @ 2656
     310 00000107 0001          .field  1,16                    ; _PHY_dsssDesprd_16_4_table[10][7] @ 2672
     311 00000108 FFFF          .field  -1,16                   ; _PHY_dsssDesprd_16_4_table[10][8] @ 2688
     312 00000109 0001          .field  1,16                    ; _PHY_dsssDesprd_16_4_table[10][9] @ 2704
     313 0000010a FFFF          .field  -1,16                   ; _PHY_dsssDesprd_16_4_table[10][10] @ 2720
     314 0000010b FFFF          .field  -1,16                   ; _PHY_dsssDesprd_16_4_table[10][11] @ 2736
     315 0000010c 0001          .field  1,16                    ; _PHY_dsssDesprd_16_4_table[10][12] @ 2752
     316 0000010d FFFF          .field  -1,16                   ; _PHY_dsssDesprd_16_4_table[10][13] @ 2768
     317 0000010e FFFF          .field  -1,16                   ; _PHY_dsssDesprd_16_4_table[10][14] @ 2784
     318 0000010f FFFF          .field  -1,16                   ; _PHY_dsssDesprd_16_4_table[10][15] @ 2800
     319 00000110 FFFF          .field  -1,16                   ; _PHY_dsssDesprd_16_4_table[11][0] @ 2816
     320 00000111 FFFF          .field  -1,16                   ; _PHY_dsssDesprd_16_4_table[11][1] @ 2832
     321 00000112 0001          .field  1,16                    ; _PHY_dsssDesprd_16_4_table[11][2] @ 2848
     322 00000113 0001          .field  1,16                    ; _PHY_dsssDesprd_16_4_table[11][3] @ 2864
     323 00000114 0001          .field  1,16                    ; _PHY_dsssDesprd_16_4_table[11][4] @ 2880
     324 00000115 0001          .field  1,16                    ; _PHY_dsssDesprd_16_4_table[11][5] @ 2896
     325 00000116 0001          .field  1,16                    ; _PHY_dsssDesprd_16_4_table[11][6] @ 2912
     326 00000117 FFFF          .field  -1,16                   ; _PHY_dsssDesprd_16_4_table[11][7] @ 2928
     327 00000118 FFFF          .field  -1,16                   ; _PHY_dsssDesprd_16_4_table[11][8] @ 2944
     328 00000119 0001          .field  1,16                    ; _PHY_dsssDesprd_16_4_table[11][9] @ 2960
     329 0000011a FFFF          .field  -1,16                   ; _PHY_dsssDesprd_16_4_table[11][10] @ 2976
     330 0000011b 0001          .field  1,16                    ; _PHY_dsssDesprd_16_4_table[11][11] @ 2992
TMS320C2000 Assembler PC v6.1.3 Tue Oct 01 15:28:03 2013

Tools Copyright (c) 1996-2012 Texas Instruments Incorporated
C:\Users\a0272466\AppData\Local\Temp\1167610                         PAGE    7

     331 0000011c FFFF          .field  -1,16                   ; _PHY_dsssDesprd_16_4_table[11][12] @ 3008
     332 0000011d FFFF          .field  -1,16                   ; _PHY_dsssDesprd_16_4_table[11][13] @ 3024
     333 0000011e 0001          .field  1,16                    ; _PHY_dsssDesprd_16_4_table[11][14] @ 3040
     334 0000011f FFFF          .field  -1,16                   ; _PHY_dsssDesprd_16_4_table[11][15] @ 3056
     335 00000120 0001          .field  1,16                    ; _PHY_dsssDesprd_16_4_table[12][0] @ 3072
     336 00000121 FFFF          .field  -1,16                   ; _PHY_dsssDesprd_16_4_table[12][1] @ 3088
     337 00000122 FFFF          .field  -1,16                   ; _PHY_dsssDesprd_16_4_table[12][2] @ 3104
     338 00000123 FFFF          .field  -1,16                   ; _PHY_dsssDesprd_16_4_table[12][3] @ 3120
     339 00000124 0001          .field  1,16                    ; _PHY_dsssDesprd_16_4_table[12][4] @ 3136
     340 00000125 0001          .field  1,16                    ; _PHY_dsssDesprd_16_4_table[12][5] @ 3152
     341 00000126 0001          .field  1,16                    ; _PHY_dsssDesprd_16_4_table[12][6] @ 3168
     342 00000127 0001          .field  1,16                    ; _PHY_dsssDesprd_16_4_table[12][7] @ 3184
     343 00000128 0001          .field  1,16                    ; _PHY_dsssDesprd_16_4_table[12][8] @ 3200
     344 00000129 FFFF          .field  -1,16                   ; _PHY_dsssDesprd_16_4_table[12][9] @ 3216
     345 0000012a FFFF          .field  -1,16                   ; _PHY_dsssDesprd_16_4_table[12][10] @ 3232
     346 0000012b 0001          .field  1,16                    ; _PHY_dsssDesprd_16_4_table[12][11] @ 3248
     347 0000012c FFFF          .field  -1,16                   ; _PHY_dsssDesprd_16_4_table[12][12] @ 3264
     348 0000012d 0001          .field  1,16                    ; _PHY_dsssDesprd_16_4_table[12][13] @ 3280
     349 0000012e FFFF          .field  -1,16                   ; _PHY_dsssDesprd_16_4_table[12][14] @ 3296
     350 0000012f FFFF          .field  -1,16                   ; _PHY_dsssDesprd_16_4_table[12][15] @ 3312
     351 00000130 FFFF          .field  -1,16                   ; _PHY_dsssDesprd_16_4_table[13][0] @ 3328
     352 00000131 FFFF          .field  -1,16                   ; _PHY_dsssDesprd_16_4_table[13][1] @ 3344
     353 00000132 0001          .field  1,16                    ; _PHY_dsssDesprd_16_4_table[13][2] @ 3360
     354 00000133 FFFF          .field  -1,16                   ; _PHY_dsssDesprd_16_4_table[13][3] @ 3376
     355 00000134 FFFF          .field  -1,16                   ; _PHY_dsssDesprd_16_4_table[13][4] @ 3392
     356 00000135 FFFF          .field  -1,16                   ; _PHY_dsssDesprd_16_4_table[13][5] @ 3408
     357 00000136 0001          .field  1,16                    ; _PHY_dsssDesprd_16_4_table[13][6] @ 3424
     358 00000137 0001          .field  1,16                    ; _PHY_dsssDesprd_16_4_table[13][7] @ 3440
     359 00000138 0001          .field  1,16                    ; _PHY_dsssDesprd_16_4_table[13][8] @ 3456
     360 00000139 0001          .field  1,16                    ; _PHY_dsssDesprd_16_4_table[13][9] @ 3472
     361 0000013a 0001          .field  1,16                    ; _PHY_dsssDesprd_16_4_table[13][10] @ 3488
     362 0000013b FFFF          .field  -1,16                   ; _PHY_dsssDesprd_16_4_table[13][11] @ 3504
     363 0000013c FFFF          .field  -1,16                   ; _PHY_dsssDesprd_16_4_table[13][12] @ 3520
     364 0000013d 0001          .field  1,16                    ; _PHY_dsssDesprd_16_4_table[13][13] @ 3536
     365 0000013e FFFF          .field  -1,16                   ; _PHY_dsssDesprd_16_4_table[13][14] @ 3552
     366 0000013f 0001          .field  1,16                    ; _PHY_dsssDesprd_16_4_table[13][15] @ 3568
     367 00000140 FFFF          .field  -1,16                   ; _PHY_dsssDesprd_16_4_table[14][0] @ 3584
     368 00000141 0001          .field  1,16                    ; _PHY_dsssDesprd_16_4_table[14][1] @ 3600
     369 00000142 FFFF          .field  -1,16                   ; _PHY_dsssDesprd_16_4_table[14][2] @ 3616
     370 00000143 FFFF          .field  -1,16                   ; _PHY_dsssDesprd_16_4_table[14][3] @ 3632
     371 00000144 0001          .field  1,16                    ; _PHY_dsssDesprd_16_4_table[14][4] @ 3648
     372 00000145 FFFF          .field  -1,16                   ; _PHY_dsssDesprd_16_4_table[14][5] @ 3664
     373 00000146 FFFF          .field  -1,16                   ; _PHY_dsssDesprd_16_4_table[14][6] @ 3680
     374 00000147 FFFF          .field  -1,16                   ; _PHY_dsssDesprd_16_4_table[14][7] @ 3696
     375 00000148 0001          .field  1,16                    ; _PHY_dsssDesprd_16_4_table[14][8] @ 3712
     376 00000149 0001          .field  1,16                    ; _PHY_dsssDesprd_16_4_table[14][9] @ 3728
     377 0000014a 0001          .field  1,16                    ; _PHY_dsssDesprd_16_4_table[14][10] @ 3744
     378 0000014b 0001          .field  1,16                    ; _PHY_dsssDesprd_16_4_table[14][11] @ 3760
     379 0000014c 0001          .field  1,16                    ; _PHY_dsssDesprd_16_4_table[14][12] @ 3776
     380 0000014d FFFF          .field  -1,16                   ; _PHY_dsssDesprd_16_4_table[14][13] @ 3792
     381 0000014e FFFF          .field  -1,16                   ; _PHY_dsssDesprd_16_4_table[14][14] @ 3808
     382 0000014f 0001          .field  1,16                    ; _PHY_dsssDesprd_16_4_table[14][15] @ 3824
     383 00000150 FFFF          .field  -1,16                   ; _PHY_dsssDesprd_16_4_table[15][0] @ 3840
     384 00000151 0001          .field  1,16                    ; _PHY_dsssDesprd_16_4_table[15][1] @ 3856
     385 00000152 FFFF          .field  -1,16                   ; _PHY_dsssDesprd_16_4_table[15][2] @ 3872
TMS320C2000 Assembler PC v6.1.3 Tue Oct 01 15:28:03 2013

Tools Copyright (c) 1996-2012 Texas Instruments Incorporated
C:\Users\a0272466\AppData\Local\Temp\1167610                         PAGE    8

     386 00000153 0001          .field  1,16                    ; _PHY_dsssDesprd_16_4_table[15][3] @ 3888
     387 00000154 FFFF          .field  -1,16                   ; _PHY_dsssDesprd_16_4_table[15][4] @ 3904
     388 00000155 FFFF          .field  -1,16                   ; _PHY_dsssDesprd_16_4_table[15][5] @ 3920
     389 00000156 0001          .field  1,16                    ; _PHY_dsssDesprd_16_4_table[15][6] @ 3936
     390 00000157 FFFF          .field  -1,16                   ; _PHY_dsssDesprd_16_4_table[15][7] @ 3952
     391 00000158 FFFF          .field  -1,16                   ; _PHY_dsssDesprd_16_4_table[15][8] @ 3968
     392 00000159 FFFF          .field  -1,16                   ; _PHY_dsssDesprd_16_4_table[15][9] @ 3984
     393 0000015a 0001          .field  1,16                    ; _PHY_dsssDesprd_16_4_table[15][10] @ 4000
     394 0000015b 0001          .field  1,16                    ; _PHY_dsssDesprd_16_4_table[15][11] @ 4016
     395 0000015c 0001          .field  1,16                    ; _PHY_dsssDesprd_16_4_table[15][12] @ 4032
     396 0000015d 0001          .field  1,16                    ; _PHY_dsssDesprd_16_4_table[15][13] @ 4048
     397 0000015e 0001          .field  1,16                    ; _PHY_dsssDesprd_16_4_table[15][14] @ 4064
     398 0000015f FFFF          .field  -1,16                   ; _PHY_dsssDesprd_16_4_table[15][15] @ 4080
     399              
     400              $C$DW$4 .dwtag  DW_TAG_variable, DW_AT_name("PHY_dsssDesprd_16_4_table")
     401                      .dwattr $C$DW$4, DW_AT_TI_symbol_name("_PHY_dsssDesprd_16_4_table")
     402                      .dwattr $C$DW$4, DW_AT_location[DW_OP_addr _PHY_dsssDesprd_16_4_table]
     403                      .dwattr $C$DW$4, DW_AT_type(*$C$DW$T$24)
     404                      .dwattr $C$DW$4, DW_AT_external
     405              ;       C:\ti\ccsv5\tools\compiler\c2000_6.1.3\bin\ac2000.exe -@C:\\Users\\a0272466\\AppData\\Local\\Temp\\11
     406              
     407              ;***************************************************************
     408              ;* TYPE INFORMATION                                            *
     409              ;***************************************************************
     410              $C$DW$T$4       .dwtag  DW_TAG_base_type
     411                      .dwattr $C$DW$T$4, DW_AT_encoding(DW_ATE_boolean)
     412                      .dwattr $C$DW$T$4, DW_AT_name("bool")
     413                      .dwattr $C$DW$T$4, DW_AT_byte_size(0x01)
     414              $C$DW$T$5       .dwtag  DW_TAG_base_type
     415                      .dwattr $C$DW$T$5, DW_AT_encoding(DW_ATE_signed_char)
     416                      .dwattr $C$DW$T$5, DW_AT_name("signed char")
     417                      .dwattr $C$DW$T$5, DW_AT_byte_size(0x01)
     418              $C$DW$T$6       .dwtag  DW_TAG_base_type
     419                      .dwattr $C$DW$T$6, DW_AT_encoding(DW_ATE_unsigned_char)
     420                      .dwattr $C$DW$T$6, DW_AT_name("unsigned char")
     421                      .dwattr $C$DW$T$6, DW_AT_byte_size(0x01)
     422              $C$DW$T$7       .dwtag  DW_TAG_base_type
     423                      .dwattr $C$DW$T$7, DW_AT_encoding(DW_ATE_signed_char)
     424                      .dwattr $C$DW$T$7, DW_AT_name("wchar_t")
     425                      .dwattr $C$DW$T$7, DW_AT_byte_size(0x01)
     426              $C$DW$T$8       .dwtag  DW_TAG_base_type
     427                      .dwattr $C$DW$T$8, DW_AT_encoding(DW_ATE_signed)
     428                      .dwattr $C$DW$T$8, DW_AT_name("short")
     429                      .dwattr $C$DW$T$8, DW_AT_byte_size(0x01)
     430              $C$DW$T$9       .dwtag  DW_TAG_base_type
     431                      .dwattr $C$DW$T$9, DW_AT_encoding(DW_ATE_unsigned)
     432                      .dwattr $C$DW$T$9, DW_AT_name("unsigned short")
     433                      .dwattr $C$DW$T$9, DW_AT_byte_size(0x01)
     434              $C$DW$T$10      .dwtag  DW_TAG_base_type
     435                      .dwattr $C$DW$T$10, DW_AT_encoding(DW_ATE_signed)
     436                      .dwattr $C$DW$T$10, DW_AT_name("int")
     437                      .dwattr $C$DW$T$10, DW_AT_byte_size(0x01)
     438              $C$DW$T$19      .dwtag  DW_TAG_typedef, DW_AT_name("SINT16")
     439                      .dwattr $C$DW$T$19, DW_AT_type(*$C$DW$T$10)
     440                      .dwattr $C$DW$T$19, DW_AT_language(DW_LANG_C)
TMS320C2000 Assembler PC v6.1.3 Tue Oct 01 15:28:03 2013

Tools Copyright (c) 1996-2012 Texas Instruments Incorporated
C:\Users\a0272466\AppData\Local\Temp\1167610                         PAGE    9

     441              $C$DW$5 .dwtag  DW_TAG_TI_far_type
     442                      .dwattr $C$DW$5, DW_AT_type(*$C$DW$T$19)
     443              $C$DW$T$20      .dwtag  DW_TAG_const_type
     444                      .dwattr $C$DW$T$20, DW_AT_type(*$C$DW$5)
     445              
     446              $C$DW$T$21      .dwtag  DW_TAG_array_type
     447                      .dwattr $C$DW$T$21, DW_AT_type(*$C$DW$T$20)
     448                      .dwattr $C$DW$T$21, DW_AT_language(DW_LANG_C)
     449                      .dwattr $C$DW$T$21, DW_AT_byte_size(0x08)
     450              $C$DW$6 .dwtag  DW_TAG_subrange_type
     451                      .dwattr $C$DW$6, DW_AT_upper_bound(0x07)
     452                      .dwendtag $C$DW$T$21
     453              
     454              
     455              $C$DW$T$22      .dwtag  DW_TAG_array_type
     456                      .dwattr $C$DW$T$22, DW_AT_type(*$C$DW$T$20)
     457                      .dwattr $C$DW$T$22, DW_AT_language(DW_LANG_C)
     458                      .dwattr $C$DW$T$22, DW_AT_byte_size(0x40)
     459              $C$DW$7 .dwtag  DW_TAG_subrange_type
     460                      .dwattr $C$DW$7, DW_AT_upper_bound(0x07)
     461              $C$DW$8 .dwtag  DW_TAG_subrange_type
     462                      .dwattr $C$DW$8, DW_AT_upper_bound(0x07)
     463                      .dwendtag $C$DW$T$22
     464              
     465              
     466              $C$DW$T$23      .dwtag  DW_TAG_array_type
     467                      .dwattr $C$DW$T$23, DW_AT_type(*$C$DW$T$20)
     468                      .dwattr $C$DW$T$23, DW_AT_language(DW_LANG_C)
     469                      .dwattr $C$DW$T$23, DW_AT_byte_size(0x10)
     470              $C$DW$9 .dwtag  DW_TAG_subrange_type
     471                      .dwattr $C$DW$9, DW_AT_upper_bound(0x0f)
     472                      .dwendtag $C$DW$T$23
     473              
     474              
     475              $C$DW$T$24      .dwtag  DW_TAG_array_type
     476                      .dwattr $C$DW$T$24, DW_AT_type(*$C$DW$T$20)
     477                      .dwattr $C$DW$T$24, DW_AT_language(DW_LANG_C)
     478                      .dwattr $C$DW$T$24, DW_AT_byte_size(0x100)
     479              $C$DW$10        .dwtag  DW_TAG_subrange_type
     480                      .dwattr $C$DW$10, DW_AT_upper_bound(0x0f)
     481              $C$DW$11        .dwtag  DW_TAG_subrange_type
     482                      .dwattr $C$DW$11, DW_AT_upper_bound(0x0f)
     483                      .dwendtag $C$DW$T$24
     484              
     485              $C$DW$T$11      .dwtag  DW_TAG_base_type
     486                      .dwattr $C$DW$T$11, DW_AT_encoding(DW_ATE_unsigned)
     487                      .dwattr $C$DW$T$11, DW_AT_name("unsigned int")
     488                      .dwattr $C$DW$T$11, DW_AT_byte_size(0x01)
     489              $C$DW$T$12      .dwtag  DW_TAG_base_type
     490                      .dwattr $C$DW$T$12, DW_AT_encoding(DW_ATE_signed)
     491                      .dwattr $C$DW$T$12, DW_AT_name("long")
     492                      .dwattr $C$DW$T$12, DW_AT_byte_size(0x02)
     493              $C$DW$T$13      .dwtag  DW_TAG_base_type
     494                      .dwattr $C$DW$T$13, DW_AT_encoding(DW_ATE_unsigned)
     495                      .dwattr $C$DW$T$13, DW_AT_name("unsigned long")
TMS320C2000 Assembler PC v6.1.3 Tue Oct 01 15:28:03 2013

Tools Copyright (c) 1996-2012 Texas Instruments Incorporated
C:\Users\a0272466\AppData\Local\Temp\1167610                         PAGE   10

     496                      .dwattr $C$DW$T$13, DW_AT_byte_size(0x02)
     497              $C$DW$T$14      .dwtag  DW_TAG_base_type
     498                      .dwattr $C$DW$T$14, DW_AT_encoding(DW_ATE_signed)
     499                      .dwattr $C$DW$T$14, DW_AT_name("long long")
     500                      .dwattr $C$DW$T$14, DW_AT_byte_size(0x04)
     501              $C$DW$T$15      .dwtag  DW_TAG_base_type
     502                      .dwattr $C$DW$T$15, DW_AT_encoding(DW_ATE_unsigned)
     503                      .dwattr $C$DW$T$15, DW_AT_name("unsigned long long")
     504                      .dwattr $C$DW$T$15, DW_AT_byte_size(0x04)
     505              $C$DW$T$16      .dwtag  DW_TAG_base_type
     506                      .dwattr $C$DW$T$16, DW_AT_encoding(DW_ATE_float)
     507                      .dwattr $C$DW$T$16, DW_AT_name("float")
     508                      .dwattr $C$DW$T$16, DW_AT_byte_size(0x02)
     509              $C$DW$T$17      .dwtag  DW_TAG_base_type
     510                      .dwattr $C$DW$T$17, DW_AT_encoding(DW_ATE_float)
     511                      .dwattr $C$DW$T$17, DW_AT_name("double")
     512                      .dwattr $C$DW$T$17, DW_AT_byte_size(0x02)
     513              $C$DW$T$18      .dwtag  DW_TAG_base_type
     514                      .dwattr $C$DW$T$18, DW_AT_encoding(DW_ATE_float)
     515                      .dwattr $C$DW$T$18, DW_AT_name("long double")
     516                      .dwattr $C$DW$T$18, DW_AT_byte_size(0x04)
     517                      .dwattr $C$DW$CU, DW_AT_language(DW_LANG_C)
     518              
     519              ;***************************************************************
     520              ;* DWARF CIE ENTRIES                                           *
     521              ;***************************************************************
     522              
     523              $C$DW$CIE       .dwcie 78
     524                      .dwcfi  cfa_register, 20
     525                      .dwcfi  cfa_offset, 0
     526                      .dwcfi  undefined, 0
     527                      .dwcfi  undefined, 1
     528                      .dwcfi  undefined, 2
     529                      .dwcfi  undefined, 3
     530                      .dwcfi  undefined, 22
     531                      .dwcfi  undefined, 37
     532                      .dwcfi  undefined, 36
     533                      .dwcfi  undefined, 23
     534                      .dwcfi  undefined, 30
     535                      .dwcfi  undefined, 31
     536                      .dwcfi  undefined, 32
     537                      .dwcfi  undefined, 38
     538                      .dwcfi  undefined, 75
     539                      .dwcfi  undefined, 24
     540                      .dwcfi  undefined, 33
     541                      .dwcfi  undefined, 35
     542                      .dwcfi  undefined, 34
     543                      .dwcfi  undefined, 76
     544                      .dwcfi  undefined, 21
     545                      .dwcfi  undefined, 20
     546                      .dwcfi  undefined, 28
     547                      .dwcfi  undefined, 29
     548                      .dwcfi  undefined, 25
     549                      .dwcfi  undefined, 77
     550                      .dwcfi  undefined, 4
TMS320C2000 Assembler PC v6.1.3 Tue Oct 01 15:28:03 2013

Tools Copyright (c) 1996-2012 Texas Instruments Incorporated
C:\Users\a0272466\AppData\Local\Temp\1167610                         PAGE   11

     551                      .dwcfi  undefined, 6
     552                      .dwcfi  undefined, 8
     553                      .dwcfi  undefined, 10
     554                      .dwcfi  undefined, 12
     555                      .dwcfi  undefined, 14
     556                      .dwcfi  undefined, 16
     557                      .dwcfi  undefined, 17
     558                      .dwcfi  undefined, 18
     559                      .dwcfi  undefined, 19
     560                      .dwcfi  undefined, 5
     561                      .dwcfi  undefined, 7
     562                      .dwcfi  undefined, 9
     563                      .dwcfi  undefined, 11
     564                      .dwcfi  undefined, 13
     565                      .dwcfi  undefined, 15
     566                      .dwcfi  undefined, 43
     567                      .dwcfi  undefined, 44
     568                      .dwcfi  undefined, 47
     569                      .dwcfi  undefined, 48
     570                      .dwcfi  undefined, 51
     571                      .dwcfi  undefined, 52
     572                      .dwcfi  undefined, 55
     573                      .dwcfi  undefined, 56
     574                      .dwcfi  undefined, 59
     575                      .dwcfi  undefined, 60
     576                      .dwcfi  undefined, 63
     577                      .dwcfi  undefined, 64
     578                      .dwcfi  undefined, 67
     579                      .dwcfi  undefined, 68
     580                      .dwcfi  undefined, 71
     581                      .dwcfi  undefined, 72
     582                      .dwcfi  undefined, 73
     583                      .dwcfi  undefined, 74
     584                      .dwcfi  undefined, 39
     585                      .dwcfi  undefined, 40
     586                      .dwcfi  undefined, 27
     587                      .dwcfi  undefined, 78
     588                      .dwendentry
     589              
     590              ;***************************************************************
     591              ;* DWARF REGISTER MAP                                          *
     592              ;***************************************************************
     593              
     594              $C$DW$12        .dwtag  DW_TAG_TI_assign_register, DW_AT_name("AL")
     595                      .dwattr $C$DW$12, DW_AT_location[DW_OP_reg0]
     596              $C$DW$13        .dwtag  DW_TAG_TI_assign_register, DW_AT_name("AH")
     597                      .dwattr $C$DW$13, DW_AT_location[DW_OP_reg1]
     598              $C$DW$14        .dwtag  DW_TAG_TI_assign_register, DW_AT_name("PL")
     599                      .dwattr $C$DW$14, DW_AT_location[DW_OP_reg2]
     600              $C$DW$15        .dwtag  DW_TAG_TI_assign_register, DW_AT_name("PH")
     601                      .dwattr $C$DW$15, DW_AT_location[DW_OP_reg3]
     602              $C$DW$16        .dwtag  DW_TAG_TI_assign_register, DW_AT_name("T")
     603                      .dwattr $C$DW$16, DW_AT_location[DW_OP_reg22]
     604              $C$DW$17        .dwtag  DW_TAG_TI_assign_register, DW_AT_name("IER")
     605                      .dwattr $C$DW$17, DW_AT_location[DW_OP_regx 0x25]
TMS320C2000 Assembler PC v6.1.3 Tue Oct 01 15:28:03 2013

Tools Copyright (c) 1996-2012 Texas Instruments Incorporated
C:\Users\a0272466\AppData\Local\Temp\1167610                         PAGE   12

     606              $C$DW$18        .dwtag  DW_TAG_TI_assign_register, DW_AT_name("IFR")
     607                      .dwattr $C$DW$18, DW_AT_location[DW_OP_regx 0x24]
     608              $C$DW$19        .dwtag  DW_TAG_TI_assign_register, DW_AT_name("ST0")
     609                      .dwattr $C$DW$19, DW_AT_location[DW_OP_reg23]
     610              $C$DW$20        .dwtag  DW_TAG_TI_assign_register, DW_AT_name("SXM")
     611                      .dwattr $C$DW$20, DW_AT_location[DW_OP_reg30]
     612              $C$DW$21        .dwtag  DW_TAG_TI_assign_register, DW_AT_name("PM")
     613                      .dwattr $C$DW$21, DW_AT_location[DW_OP_reg31]
     614              $C$DW$22        .dwtag  DW_TAG_TI_assign_register, DW_AT_name("OVM")
     615                      .dwattr $C$DW$22, DW_AT_location[DW_OP_regx 0x20]
     616              $C$DW$23        .dwtag  DW_TAG_TI_assign_register, DW_AT_name("V")
     617                      .dwattr $C$DW$23, DW_AT_location[DW_OP_regx 0x26]
     618              $C$DW$24        .dwtag  DW_TAG_TI_assign_register, DW_AT_name("PSEUDO")
     619                      .dwattr $C$DW$24, DW_AT_location[DW_OP_regx 0x4b]
     620              $C$DW$25        .dwtag  DW_TAG_TI_assign_register, DW_AT_name("ST1")
     621                      .dwattr $C$DW$25, DW_AT_location[DW_OP_reg24]
     622              $C$DW$26        .dwtag  DW_TAG_TI_assign_register, DW_AT_name("PAGE0")
     623                      .dwattr $C$DW$26, DW_AT_location[DW_OP_regx 0x21]
     624              $C$DW$27        .dwtag  DW_TAG_TI_assign_register, DW_AT_name("INTM")
     625                      .dwattr $C$DW$27, DW_AT_location[DW_OP_regx 0x23]
     626              $C$DW$28        .dwtag  DW_TAG_TI_assign_register, DW_AT_name("AMODE")
     627                      .dwattr $C$DW$28, DW_AT_location[DW_OP_regx 0x22]
     628              $C$DW$29        .dwtag  DW_TAG_TI_assign_register, DW_AT_name("PSEUDOH")
     629                      .dwattr $C$DW$29, DW_AT_location[DW_OP_regx 0x4c]
     630              $C$DW$30        .dwtag  DW_TAG_TI_assign_register, DW_AT_name("XT")
     631                      .dwattr $C$DW$30, DW_AT_location[DW_OP_reg21]
     632              $C$DW$31        .dwtag  DW_TAG_TI_assign_register, DW_AT_name("SP")
     633                      .dwattr $C$DW$31, DW_AT_location[DW_OP_reg20]
     634              $C$DW$32        .dwtag  DW_TAG_TI_assign_register, DW_AT_name("FP")
     635                      .dwattr $C$DW$32, DW_AT_location[DW_OP_reg28]
     636              $C$DW$33        .dwtag  DW_TAG_TI_assign_register, DW_AT_name("DP")
     637                      .dwattr $C$DW$33, DW_AT_location[DW_OP_reg29]
     638              $C$DW$34        .dwtag  DW_TAG_TI_assign_register, DW_AT_name("PC")
     639                      .dwattr $C$DW$34, DW_AT_location[DW_OP_reg25]
     640              $C$DW$35        .dwtag  DW_TAG_TI_assign_register, DW_AT_name("VOL")
     641                      .dwattr $C$DW$35, DW_AT_location[DW_OP_regx 0x4d]
     642              $C$DW$36        .dwtag  DW_TAG_TI_assign_register, DW_AT_name("AR0")
     643                      .dwattr $C$DW$36, DW_AT_location[DW_OP_reg4]
     644              $C$DW$37        .dwtag  DW_TAG_TI_assign_register, DW_AT_name("AR1")
     645                      .dwattr $C$DW$37, DW_AT_location[DW_OP_reg6]
     646              $C$DW$38        .dwtag  DW_TAG_TI_assign_register, DW_AT_name("AR2")
     647                      .dwattr $C$DW$38, DW_AT_location[DW_OP_reg8]
     648              $C$DW$39        .dwtag  DW_TAG_TI_assign_register, DW_AT_name("AR3")
     649                      .dwattr $C$DW$39, DW_AT_location[DW_OP_reg10]
     650              $C$DW$40        .dwtag  DW_TAG_TI_assign_register, DW_AT_name("AR4")
     651                      .dwattr $C$DW$40, DW_AT_location[DW_OP_reg12]
     652              $C$DW$41        .dwtag  DW_TAG_TI_assign_register, DW_AT_name("AR5")
     653                      .dwattr $C$DW$41, DW_AT_location[DW_OP_reg14]
     654              $C$DW$42        .dwtag  DW_TAG_TI_assign_register, DW_AT_name("AR6")
     655                      .dwattr $C$DW$42, DW_AT_location[DW_OP_reg16]
     656              $C$DW$43        .dwtag  DW_TAG_TI_assign_register, DW_AT_name("XAR6")
     657                      .dwattr $C$DW$43, DW_AT_location[DW_OP_reg17]
     658              $C$DW$44        .dwtag  DW_TAG_TI_assign_register, DW_AT_name("AR7")
     659                      .dwattr $C$DW$44, DW_AT_location[DW_OP_reg18]
     660              $C$DW$45        .dwtag  DW_TAG_TI_assign_register, DW_AT_name("XAR7")
TMS320C2000 Assembler PC v6.1.3 Tue Oct 01 15:28:03 2013

Tools Copyright (c) 1996-2012 Texas Instruments Incorporated
C:\Users\a0272466\AppData\Local\Temp\1167610                         PAGE   13

     661                      .dwattr $C$DW$45, DW_AT_location[DW_OP_reg19]
     662              $C$DW$46        .dwtag  DW_TAG_TI_assign_register, DW_AT_name("XAR0")
     663                      .dwattr $C$DW$46, DW_AT_location[DW_OP_reg5]
     664              $C$DW$47        .dwtag  DW_TAG_TI_assign_register, DW_AT_name("XAR1")
     665                      .dwattr $C$DW$47, DW_AT_location[DW_OP_reg7]
     666              $C$DW$48        .dwtag  DW_TAG_TI_assign_register, DW_AT_name("XAR2")
     667                      .dwattr $C$DW$48, DW_AT_location[DW_OP_reg9]
     668              $C$DW$49        .dwtag  DW_TAG_TI_assign_register, DW_AT_name("XAR3")
     669                      .dwattr $C$DW$49, DW_AT_location[DW_OP_reg11]
     670              $C$DW$50        .dwtag  DW_TAG_TI_assign_register, DW_AT_name("XAR4")
     671                      .dwattr $C$DW$50, DW_AT_location[DW_OP_reg13]
     672              $C$DW$51        .dwtag  DW_TAG_TI_assign_register, DW_AT_name("XAR5")
     673                      .dwattr $C$DW$51, DW_AT_location[DW_OP_reg15]
     674              $C$DW$52        .dwtag  DW_TAG_TI_assign_register, DW_AT_name("R0HL")
     675                      .dwattr $C$DW$52, DW_AT_location[DW_OP_regx 0x2b]
     676              $C$DW$53        .dwtag  DW_TAG_TI_assign_register, DW_AT_name("R0H")
     677                      .dwattr $C$DW$53, DW_AT_location[DW_OP_regx 0x2c]
     678              $C$DW$54        .dwtag  DW_TAG_TI_assign_register, DW_AT_name("R1HL")
     679                      .dwattr $C$DW$54, DW_AT_location[DW_OP_regx 0x2f]
     680              $C$DW$55        .dwtag  DW_TAG_TI_assign_register, DW_AT_name("R1H")
     681                      .dwattr $C$DW$55, DW_AT_location[DW_OP_regx 0x30]
     682              $C$DW$56        .dwtag  DW_TAG_TI_assign_register, DW_AT_name("R2HL")
     683                      .dwattr $C$DW$56, DW_AT_location[DW_OP_regx 0x33]
     684              $C$DW$57        .dwtag  DW_TAG_TI_assign_register, DW_AT_name("R2H")
     685                      .dwattr $C$DW$57, DW_AT_location[DW_OP_regx 0x34]
     686              $C$DW$58        .dwtag  DW_TAG_TI_assign_register, DW_AT_name("R3HL")
     687                      .dwattr $C$DW$58, DW_AT_location[DW_OP_regx 0x37]
     688              $C$DW$59        .dwtag  DW_TAG_TI_assign_register, DW_AT_name("R3H")
     689                      .dwattr $C$DW$59, DW_AT_location[DW_OP_regx 0x38]
     690              $C$DW$60        .dwtag  DW_TAG_TI_assign_register, DW_AT_name("R4HL")
     691                      .dwattr $C$DW$60, DW_AT_location[DW_OP_regx 0x3b]
     692              $C$DW$61        .dwtag  DW_TAG_TI_assign_register, DW_AT_name("R4H")
     693                      .dwattr $C$DW$61, DW_AT_location[DW_OP_regx 0x3c]
     694              $C$DW$62        .dwtag  DW_TAG_TI_assign_register, DW_AT_name("R5HL")
     695                      .dwattr $C$DW$62, DW_AT_location[DW_OP_regx 0x3f]
     696              $C$DW$63        .dwtag  DW_TAG_TI_assign_register, DW_AT_name("R5H")
     697                      .dwattr $C$DW$63, DW_AT_location[DW_OP_regx 0x40]
     698              $C$DW$64        .dwtag  DW_TAG_TI_assign_register, DW_AT_name("R6HL")
     699                      .dwattr $C$DW$64, DW_AT_location[DW_OP_regx 0x43]
     700              $C$DW$65        .dwtag  DW_TAG_TI_assign_register, DW_AT_name("R6H")
     701                      .dwattr $C$DW$65, DW_AT_location[DW_OP_regx 0x44]
     702              $C$DW$66        .dwtag  DW_TAG_TI_assign_register, DW_AT_name("R7HL")
     703                      .dwattr $C$DW$66, DW_AT_location[DW_OP_regx 0x47]
     704              $C$DW$67        .dwtag  DW_TAG_TI_assign_register, DW_AT_name("R7H")
     705                      .dwattr $C$DW$67, DW_AT_location[DW_OP_regx 0x48]
     706              $C$DW$68        .dwtag  DW_TAG_TI_assign_register, DW_AT_name("RBL")
     707                      .dwattr $C$DW$68, DW_AT_location[DW_OP_regx 0x49]
     708              $C$DW$69        .dwtag  DW_TAG_TI_assign_register, DW_AT_name("RB")
     709                      .dwattr $C$DW$69, DW_AT_location[DW_OP_regx 0x4a]
     710              $C$DW$70        .dwtag  DW_TAG_TI_assign_register, DW_AT_name("STFL")
     711                      .dwattr $C$DW$70, DW_AT_location[DW_OP_regx 0x27]
     712              $C$DW$71        .dwtag  DW_TAG_TI_assign_register, DW_AT_name("STF")
     713                      .dwattr $C$DW$71, DW_AT_location[DW_OP_regx 0x28]
     714              $C$DW$72        .dwtag  DW_TAG_TI_assign_register, DW_AT_name("FPUHAZ")
     715                      .dwattr $C$DW$72, DW_AT_location[DW_OP_reg27]
TMS320C2000 Assembler PC v6.1.3 Tue Oct 01 15:28:03 2013

Tools Copyright (c) 1996-2012 Texas Instruments Incorporated
C:\Users\a0272466\AppData\Local\Temp\1167610                         PAGE   14

     716              $C$DW$73        .dwtag  DW_TAG_TI_assign_register, DW_AT_name("CIE_RETA")
     717                      .dwattr $C$DW$73, DW_AT_location[DW_OP_regx 0x4e]
     718                      .dwendtag $C$DW$CU
     719              

No Assembly Errors, No Assembly Warnings
