TMS320C2000 Assembler PC v6.1.3 Thu Jan 30 10:31:46 2014

Tools Copyright (c) 1996-2012 Texas Instruments Incorporated
C:\Users\a0272466\AppData\Local\Temp\0802810                         PAGE    1

       1              ;***************************************************************
       2              ;* TMS320C2000 C/C++ Codegen                         PC v6.1.3 *
       3              ;* Date/Time created: Thu Jan 30 10:31:46 2014                 *
       4              ;***************************************************************
       5                      .compiler_opts --float_support=fpu32 --hll_source=on --mem_model:code=flat --mem_model:data=large --o
       6        0002  FP      .set    XAR2
       7              
       8              $C$DW$CU        .dwtag  DW_TAG_compile_unit
       9                      .dwattr $C$DW$CU, DW_AT_name("C:/work/grepos/bootrom/Boot_ROM/F2837x_bootROM-REVB/F2837x_bootROM_dev/
      10                      .dwattr $C$DW$CU, DW_AT_producer("TMS320C2000 C/C++ Codegen PC v6.1.3 Copyright (c) 1996-2012 Texas I
      11                      .dwattr $C$DW$CU, DW_AT_TI_version(0x01)
      12                      .dwattr $C$DW$CU, DW_AT_comp_dir("C:\work\grepos\bootrom\Boot_ROM\F2837x_bootROM-REVB\F2837x_bootROM_
      13                      .global _PHY_ofdmStfPreambleTbl
      14 00000000               .sect   "PLC_OFDMSTF"
      15                      .align  2
      16 00000000       _PHY_ofdmStfPreambleTbl:
      17 00000000 029A          .field  666,16                  ; _PHY_ofdmStfPreambleTbl[0] @ 0
      18 00000001 0000          .field  0,16                    ; _PHY_ofdmStfPreambleTbl[1] @ 16
      19 00000002 028D          .field  653,16                  ; _PHY_ofdmStfPreambleTbl[2] @ 32
      20 00000003 FEFD          .field  -259,16                 ; _PHY_ofdmStfPreambleTbl[3] @ 48
      21 00000004 0267          .field  615,16                  ; _PHY_ofdmStfPreambleTbl[4] @ 64
      22 00000005 FE0C          .field  -500,16                 ; _PHY_ofdmStfPreambleTbl[5] @ 80
      23 00000006 022A          .field  554,16                  ; _PHY_ofdmStfPreambleTbl[6] @ 96
      24 00000007 FD3C          .field  -708,16                 ; _PHY_ofdmStfPreambleTbl[7] @ 112
      25 00000008 01D7          .field  471,16                  ; _PHY_ofdmStfPreambleTbl[8] @ 128
      26 00000009 FC9A          .field  -870,16                 ; _PHY_ofdmStfPreambleTbl[9] @ 144
      27 0000000a 0172          .field  370,16                  ; _PHY_ofdmStfPreambleTbl[10] @ 160
      28 0000000b FC2F          .field  -977,16                 ; _PHY_ofdmStfPreambleTbl[11] @ 176
      29 0000000c 00FF          .field  255,16                  ; _PHY_ofdmStfPreambleTbl[12] @ 192
      30 0000000d FC01          .field  -1023,16                        ; _PHY_ofdmStfPreambleTbl[13] @ 208
      31 0000000e 0082          .field  130,16                  ; _PHY_ofdmStfPreambleTbl[14] @ 224
      32 0000000f FC0E          .field  -1010,16                        ; _PHY_ofdmStfPreambleTbl[15] @ 240
      33 00000010 0000          .field  0,16                    ; _PHY_ofdmStfPreambleTbl[16] @ 256
      34 00000011 FC52          .field  -942,16                 ; _PHY_ofdmStfPreambleTbl[17] @ 272
      35 00000012 FF7E          .field  -130,16                 ; _PHY_ofdmStfPreambleTbl[18] @ 288
      36 00000013 FCC3          .field  -829,16                 ; _PHY_ofdmStfPreambleTbl[19] @ 304
      37 00000014 FF01          .field  -255,16                 ; _PHY_ofdmStfPreambleTbl[20] @ 320
      38 00000015 FD54          .field  -684,16                 ; _PHY_ofdmStfPreambleTbl[21] @ 336
      39 00000016 FE8E          .field  -370,16                 ; _PHY_ofdmStfPreambleTbl[22] @ 352
      40 00000017 FDF6          .field  -522,16                 ; _PHY_ofdmStfPreambleTbl[23] @ 368
      41 00000018 FE29          .field  -471,16                 ; _PHY_ofdmStfPreambleTbl[24] @ 384
      42 00000019 FE97          .field  -361,16                 ; _PHY_ofdmStfPreambleTbl[25] @ 400
      43 0000001a FDD6          .field  -554,16                 ; _PHY_ofdmStfPreambleTbl[26] @ 416
      44 0000001b FF29          .field  -215,16                 ; _PHY_ofdmStfPreambleTbl[27] @ 432
      45 0000001c FD99          .field  -615,16                 ; _PHY_ofdmStfPreambleTbl[28] @ 448
      46 0000001d FF9D          .field  -99,16                  ; _PHY_ofdmStfPreambleTbl[29] @ 464
      47 0000001e FD73          .field  -653,16                 ; _PHY_ofdmStfPreambleTbl[30] @ 480
      48 0000001f FFE7          .field  -25,16                  ; _PHY_ofdmStfPreambleTbl[31] @ 496
      49 00000020 FD66          .field  -666,16                 ; _PHY_ofdmStfPreambleTbl[32] @ 512
      50 00000021 0000          .field  0,16                    ; _PHY_ofdmStfPreambleTbl[33] @ 528
      51 00000022 FD73          .field  -653,16                 ; _PHY_ofdmStfPreambleTbl[34] @ 544
      52 00000023 FFE7          .field  -25,16                  ; _PHY_ofdmStfPreambleTbl[35] @ 560
      53 00000024 FD99          .field  -615,16                 ; _PHY_ofdmStfPreambleTbl[36] @ 576
      54 00000025 FF9D          .field  -99,16                  ; _PHY_ofdmStfPreambleTbl[37] @ 592
      55 00000026 FDD6          .field  -554,16                 ; _PHY_ofdmStfPreambleTbl[38] @ 608
TMS320C2000 Assembler PC v6.1.3 Thu Jan 30 10:31:46 2014

Tools Copyright (c) 1996-2012 Texas Instruments Incorporated
C:\Users\a0272466\AppData\Local\Temp\0802810                         PAGE    2

      56 00000027 FF29          .field  -215,16                 ; _PHY_ofdmStfPreambleTbl[39] @ 624
      57 00000028 FE29          .field  -471,16                 ; _PHY_ofdmStfPreambleTbl[40] @ 640
      58 00000029 FE97          .field  -361,16                 ; _PHY_ofdmStfPreambleTbl[41] @ 656
      59 0000002a FE8E          .field  -370,16                 ; _PHY_ofdmStfPreambleTbl[42] @ 672
      60 0000002b FDF6          .field  -522,16                 ; _PHY_ofdmStfPreambleTbl[43] @ 688
      61 0000002c FF01          .field  -255,16                 ; _PHY_ofdmStfPreambleTbl[44] @ 704
      62 0000002d FD54          .field  -684,16                 ; _PHY_ofdmStfPreambleTbl[45] @ 720
      63 0000002e FF7E          .field  -130,16                 ; _PHY_ofdmStfPreambleTbl[46] @ 736
      64 0000002f FCC3          .field  -829,16                 ; _PHY_ofdmStfPreambleTbl[47] @ 752
      65 00000030 0000          .field  0,16                    ; _PHY_ofdmStfPreambleTbl[48] @ 768
      66 00000031 FC52          .field  -942,16                 ; _PHY_ofdmStfPreambleTbl[49] @ 784
      67 00000032 0082          .field  130,16                  ; _PHY_ofdmStfPreambleTbl[50] @ 800
      68 00000033 FC0E          .field  -1010,16                        ; _PHY_ofdmStfPreambleTbl[51] @ 816
      69 00000034 00FF          .field  255,16                  ; _PHY_ofdmStfPreambleTbl[52] @ 832
      70 00000035 FC01          .field  -1023,16                        ; _PHY_ofdmStfPreambleTbl[53] @ 848
      71 00000036 0172          .field  370,16                  ; _PHY_ofdmStfPreambleTbl[54] @ 864
      72 00000037 FC2F          .field  -977,16                 ; _PHY_ofdmStfPreambleTbl[55] @ 880
      73 00000038 01D7          .field  471,16                  ; _PHY_ofdmStfPreambleTbl[56] @ 896
      74 00000039 FC9A          .field  -870,16                 ; _PHY_ofdmStfPreambleTbl[57] @ 912
      75 0000003a 022A          .field  554,16                  ; _PHY_ofdmStfPreambleTbl[58] @ 928
      76 0000003b FD3C          .field  -708,16                 ; _PHY_ofdmStfPreambleTbl[59] @ 944
      77 0000003c 0267          .field  615,16                  ; _PHY_ofdmStfPreambleTbl[60] @ 960
      78 0000003d FE0C          .field  -500,16                 ; _PHY_ofdmStfPreambleTbl[61] @ 976
      79 0000003e 028D          .field  653,16                  ; _PHY_ofdmStfPreambleTbl[62] @ 992
      80 0000003f FEFD          .field  -259,16                 ; _PHY_ofdmStfPreambleTbl[63] @ 1008
      81 00000040 029A          .field  666,16                  ; _PHY_ofdmStfPreambleTbl[64] @ 1024
      82 00000041 0000          .field  0,16                    ; _PHY_ofdmStfPreambleTbl[65] @ 1040
      83 00000042 028D          .field  653,16                  ; _PHY_ofdmStfPreambleTbl[66] @ 1056
      84 00000043 0103          .field  259,16                  ; _PHY_ofdmStfPreambleTbl[67] @ 1072
      85 00000044 0267          .field  615,16                  ; _PHY_ofdmStfPreambleTbl[68] @ 1088
      86 00000045 01F4          .field  500,16                  ; _PHY_ofdmStfPreambleTbl[69] @ 1104
      87 00000046 022A          .field  554,16                  ; _PHY_ofdmStfPreambleTbl[70] @ 1120
      88 00000047 02C4          .field  708,16                  ; _PHY_ofdmStfPreambleTbl[71] @ 1136
      89 00000048 01D7          .field  471,16                  ; _PHY_ofdmStfPreambleTbl[72] @ 1152
      90 00000049 0366          .field  870,16                  ; _PHY_ofdmStfPreambleTbl[73] @ 1168
      91 0000004a 0172          .field  370,16                  ; _PHY_ofdmStfPreambleTbl[74] @ 1184
      92 0000004b 03D1          .field  977,16                  ; _PHY_ofdmStfPreambleTbl[75] @ 1200
      93 0000004c 00FF          .field  255,16                  ; _PHY_ofdmStfPreambleTbl[76] @ 1216
      94 0000004d 03FF          .field  1023,16                 ; _PHY_ofdmStfPreambleTbl[77] @ 1232
      95 0000004e 0082          .field  130,16                  ; _PHY_ofdmStfPreambleTbl[78] @ 1248
      96 0000004f 03F2          .field  1010,16                 ; _PHY_ofdmStfPreambleTbl[79] @ 1264
      97 00000050 0000          .field  0,16                    ; _PHY_ofdmStfPreambleTbl[80] @ 1280
      98 00000051 03AE          .field  942,16                  ; _PHY_ofdmStfPreambleTbl[81] @ 1296
      99 00000052 FF7E          .field  -130,16                 ; _PHY_ofdmStfPreambleTbl[82] @ 1312
     100 00000053 033D          .field  829,16                  ; _PHY_ofdmStfPreambleTbl[83] @ 1328
     101 00000054 FF01          .field  -255,16                 ; _PHY_ofdmStfPreambleTbl[84] @ 1344
     102 00000055 02AC          .field  684,16                  ; _PHY_ofdmStfPreambleTbl[85] @ 1360
     103 00000056 FE8E          .field  -370,16                 ; _PHY_ofdmStfPreambleTbl[86] @ 1376
     104 00000057 020A          .field  522,16                  ; _PHY_ofdmStfPreambleTbl[87] @ 1392
     105 00000058 FE29          .field  -471,16                 ; _PHY_ofdmStfPreambleTbl[88] @ 1408
     106 00000059 0169          .field  361,16                  ; _PHY_ofdmStfPreambleTbl[89] @ 1424
     107 0000005a FDD6          .field  -554,16                 ; _PHY_ofdmStfPreambleTbl[90] @ 1440
     108 0000005b 00D7          .field  215,16                  ; _PHY_ofdmStfPreambleTbl[91] @ 1456
     109 0000005c FD99          .field  -615,16                 ; _PHY_ofdmStfPreambleTbl[92] @ 1472
     110 0000005d 0063          .field  99,16                   ; _PHY_ofdmStfPreambleTbl[93] @ 1488
TMS320C2000 Assembler PC v6.1.3 Thu Jan 30 10:31:46 2014

Tools Copyright (c) 1996-2012 Texas Instruments Incorporated
C:\Users\a0272466\AppData\Local\Temp\0802810                         PAGE    3

     111 0000005e FD73          .field  -653,16                 ; _PHY_ofdmStfPreambleTbl[94] @ 1504
     112 0000005f 0019          .field  25,16                   ; _PHY_ofdmStfPreambleTbl[95] @ 1520
     113 00000060 FD66          .field  -666,16                 ; _PHY_ofdmStfPreambleTbl[96] @ 1536
     114 00000061 0000          .field  0,16                    ; _PHY_ofdmStfPreambleTbl[97] @ 1552
     115 00000062 FD73          .field  -653,16                 ; _PHY_ofdmStfPreambleTbl[98] @ 1568
     116 00000063 0019          .field  25,16                   ; _PHY_ofdmStfPreambleTbl[99] @ 1584
     117 00000064 FD99          .field  -615,16                 ; _PHY_ofdmStfPreambleTbl[100] @ 1600
     118 00000065 0063          .field  99,16                   ; _PHY_ofdmStfPreambleTbl[101] @ 1616
     119 00000066 FDD6          .field  -554,16                 ; _PHY_ofdmStfPreambleTbl[102] @ 1632
     120 00000067 00D7          .field  215,16                  ; _PHY_ofdmStfPreambleTbl[103] @ 1648
     121 00000068 FE29          .field  -471,16                 ; _PHY_ofdmStfPreambleTbl[104] @ 1664
     122 00000069 0169          .field  361,16                  ; _PHY_ofdmStfPreambleTbl[105] @ 1680
     123 0000006a FE8E          .field  -370,16                 ; _PHY_ofdmStfPreambleTbl[106] @ 1696
     124 0000006b 020A          .field  522,16                  ; _PHY_ofdmStfPreambleTbl[107] @ 1712
     125 0000006c FF01          .field  -255,16                 ; _PHY_ofdmStfPreambleTbl[108] @ 1728
     126 0000006d 02AC          .field  684,16                  ; _PHY_ofdmStfPreambleTbl[109] @ 1744
     127 0000006e FF7E          .field  -130,16                 ; _PHY_ofdmStfPreambleTbl[110] @ 1760
     128 0000006f 033D          .field  829,16                  ; _PHY_ofdmStfPreambleTbl[111] @ 1776
     129 00000070 0000          .field  0,16                    ; _PHY_ofdmStfPreambleTbl[112] @ 1792
     130 00000071 03AE          .field  942,16                  ; _PHY_ofdmStfPreambleTbl[113] @ 1808
     131 00000072 0082          .field  130,16                  ; _PHY_ofdmStfPreambleTbl[114] @ 1824
     132 00000073 03F2          .field  1010,16                 ; _PHY_ofdmStfPreambleTbl[115] @ 1840
     133 00000074 00FF          .field  255,16                  ; _PHY_ofdmStfPreambleTbl[116] @ 1856
     134 00000075 03FF          .field  1023,16                 ; _PHY_ofdmStfPreambleTbl[117] @ 1872
     135 00000076 0172          .field  370,16                  ; _PHY_ofdmStfPreambleTbl[118] @ 1888
     136 00000077 03D1          .field  977,16                  ; _PHY_ofdmStfPreambleTbl[119] @ 1904
     137 00000078 01D7          .field  471,16                  ; _PHY_ofdmStfPreambleTbl[120] @ 1920
     138 00000079 0366          .field  870,16                  ; _PHY_ofdmStfPreambleTbl[121] @ 1936
     139 0000007a 022A          .field  554,16                  ; _PHY_ofdmStfPreambleTbl[122] @ 1952
     140 0000007b 02C4          .field  708,16                  ; _PHY_ofdmStfPreambleTbl[123] @ 1968
     141 0000007c 0267          .field  615,16                  ; _PHY_ofdmStfPreambleTbl[124] @ 1984
     142 0000007d 01F4          .field  500,16                  ; _PHY_ofdmStfPreambleTbl[125] @ 2000
     143 0000007e 028D          .field  653,16                  ; _PHY_ofdmStfPreambleTbl[126] @ 2016
     144 0000007f 0103          .field  259,16                  ; _PHY_ofdmStfPreambleTbl[127] @ 2032
     145              
     146              $C$DW$1 .dwtag  DW_TAG_variable, DW_AT_name("PHY_ofdmStfPreambleTbl")
     147                      .dwattr $C$DW$1, DW_AT_TI_symbol_name("_PHY_ofdmStfPreambleTbl")
     148                      .dwattr $C$DW$1, DW_AT_location[DW_OP_addr _PHY_ofdmStfPreambleTbl]
     149                      .dwattr $C$DW$1, DW_AT_type(*$C$DW$T$21)
     150                      .dwattr $C$DW$1, DW_AT_external
     151              ;       C:\ti\ccsv5\tools\compiler\c2000_6.1.3\bin\ac2000.exe -@C:\\Users\\a0272466\\AppData\\Local\\Temp\\08
     152              
     153              ;***************************************************************
     154              ;* TYPE INFORMATION                                            *
     155              ;***************************************************************
     156              $C$DW$T$4       .dwtag  DW_TAG_base_type
     157                      .dwattr $C$DW$T$4, DW_AT_encoding(DW_ATE_boolean)
     158                      .dwattr $C$DW$T$4, DW_AT_name("bool")
     159                      .dwattr $C$DW$T$4, DW_AT_byte_size(0x01)
     160              $C$DW$T$5       .dwtag  DW_TAG_base_type
     161                      .dwattr $C$DW$T$5, DW_AT_encoding(DW_ATE_signed_char)
     162                      .dwattr $C$DW$T$5, DW_AT_name("signed char")
     163                      .dwattr $C$DW$T$5, DW_AT_byte_size(0x01)
     164              $C$DW$T$6       .dwtag  DW_TAG_base_type
     165                      .dwattr $C$DW$T$6, DW_AT_encoding(DW_ATE_unsigned_char)
TMS320C2000 Assembler PC v6.1.3 Thu Jan 30 10:31:46 2014

Tools Copyright (c) 1996-2012 Texas Instruments Incorporated
C:\Users\a0272466\AppData\Local\Temp\0802810                         PAGE    4

     166                      .dwattr $C$DW$T$6, DW_AT_name("unsigned char")
     167                      .dwattr $C$DW$T$6, DW_AT_byte_size(0x01)
     168              $C$DW$T$7       .dwtag  DW_TAG_base_type
     169                      .dwattr $C$DW$T$7, DW_AT_encoding(DW_ATE_signed_char)
     170                      .dwattr $C$DW$T$7, DW_AT_name("wchar_t")
     171                      .dwattr $C$DW$T$7, DW_AT_byte_size(0x01)
     172              $C$DW$T$8       .dwtag  DW_TAG_base_type
     173                      .dwattr $C$DW$T$8, DW_AT_encoding(DW_ATE_signed)
     174                      .dwattr $C$DW$T$8, DW_AT_name("short")
     175                      .dwattr $C$DW$T$8, DW_AT_byte_size(0x01)
     176              $C$DW$T$9       .dwtag  DW_TAG_base_type
     177                      .dwattr $C$DW$T$9, DW_AT_encoding(DW_ATE_unsigned)
     178                      .dwattr $C$DW$T$9, DW_AT_name("unsigned short")
     179                      .dwattr $C$DW$T$9, DW_AT_byte_size(0x01)
     180              $C$DW$T$10      .dwtag  DW_TAG_base_type
     181                      .dwattr $C$DW$T$10, DW_AT_encoding(DW_ATE_signed)
     182                      .dwattr $C$DW$T$10, DW_AT_name("int")
     183                      .dwattr $C$DW$T$10, DW_AT_byte_size(0x01)
     184              $C$DW$T$19      .dwtag  DW_TAG_typedef, DW_AT_name("SINT16")
     185                      .dwattr $C$DW$T$19, DW_AT_type(*$C$DW$T$10)
     186                      .dwattr $C$DW$T$19, DW_AT_language(DW_LANG_C)
     187              $C$DW$2 .dwtag  DW_TAG_TI_far_type
     188                      .dwattr $C$DW$2, DW_AT_type(*$C$DW$T$19)
     189              $C$DW$T$20      .dwtag  DW_TAG_const_type
     190                      .dwattr $C$DW$T$20, DW_AT_type(*$C$DW$2)
     191              
     192              $C$DW$T$21      .dwtag  DW_TAG_array_type
     193                      .dwattr $C$DW$T$21, DW_AT_type(*$C$DW$T$20)
     194                      .dwattr $C$DW$T$21, DW_AT_language(DW_LANG_C)
     195                      .dwattr $C$DW$T$21, DW_AT_byte_size(0x80)
     196              $C$DW$3 .dwtag  DW_TAG_subrange_type
     197                      .dwattr $C$DW$3, DW_AT_upper_bound(0x7f)
     198                      .dwendtag $C$DW$T$21
     199              
     200              $C$DW$T$11      .dwtag  DW_TAG_base_type
     201                      .dwattr $C$DW$T$11, DW_AT_encoding(DW_ATE_unsigned)
     202                      .dwattr $C$DW$T$11, DW_AT_name("unsigned int")
     203                      .dwattr $C$DW$T$11, DW_AT_byte_size(0x01)
     204              $C$DW$T$12      .dwtag  DW_TAG_base_type
     205                      .dwattr $C$DW$T$12, DW_AT_encoding(DW_ATE_signed)
     206                      .dwattr $C$DW$T$12, DW_AT_name("long")
     207                      .dwattr $C$DW$T$12, DW_AT_byte_size(0x02)
     208              $C$DW$T$13      .dwtag  DW_TAG_base_type
     209                      .dwattr $C$DW$T$13, DW_AT_encoding(DW_ATE_unsigned)
     210                      .dwattr $C$DW$T$13, DW_AT_name("unsigned long")
     211                      .dwattr $C$DW$T$13, DW_AT_byte_size(0x02)
     212              $C$DW$T$14      .dwtag  DW_TAG_base_type
     213                      .dwattr $C$DW$T$14, DW_AT_encoding(DW_ATE_signed)
     214                      .dwattr $C$DW$T$14, DW_AT_name("long long")
     215                      .dwattr $C$DW$T$14, DW_AT_byte_size(0x04)
     216              $C$DW$T$15      .dwtag  DW_TAG_base_type
     217                      .dwattr $C$DW$T$15, DW_AT_encoding(DW_ATE_unsigned)
     218                      .dwattr $C$DW$T$15, DW_AT_name("unsigned long long")
     219                      .dwattr $C$DW$T$15, DW_AT_byte_size(0x04)
     220              $C$DW$T$16      .dwtag  DW_TAG_base_type
TMS320C2000 Assembler PC v6.1.3 Thu Jan 30 10:31:46 2014

Tools Copyright (c) 1996-2012 Texas Instruments Incorporated
C:\Users\a0272466\AppData\Local\Temp\0802810                         PAGE    5

     221                      .dwattr $C$DW$T$16, DW_AT_encoding(DW_ATE_float)
     222                      .dwattr $C$DW$T$16, DW_AT_name("float")
     223                      .dwattr $C$DW$T$16, DW_AT_byte_size(0x02)
     224              $C$DW$T$17      .dwtag  DW_TAG_base_type
     225                      .dwattr $C$DW$T$17, DW_AT_encoding(DW_ATE_float)
     226                      .dwattr $C$DW$T$17, DW_AT_name("double")
     227                      .dwattr $C$DW$T$17, DW_AT_byte_size(0x02)
     228              $C$DW$T$18      .dwtag  DW_TAG_base_type
     229                      .dwattr $C$DW$T$18, DW_AT_encoding(DW_ATE_float)
     230                      .dwattr $C$DW$T$18, DW_AT_name("long double")
     231                      .dwattr $C$DW$T$18, DW_AT_byte_size(0x04)
     232                      .dwattr $C$DW$CU, DW_AT_language(DW_LANG_C)
     233              
     234              ;***************************************************************
     235              ;* DWARF CIE ENTRIES                                           *
     236              ;***************************************************************
     237              
     238              $C$DW$CIE       .dwcie 78
     239                      .dwcfi  cfa_register, 20
     240                      .dwcfi  cfa_offset, 0
     241                      .dwcfi  undefined, 0
     242                      .dwcfi  undefined, 1
     243                      .dwcfi  undefined, 2
     244                      .dwcfi  undefined, 3
     245                      .dwcfi  undefined, 22
     246                      .dwcfi  undefined, 37
     247                      .dwcfi  undefined, 36
     248                      .dwcfi  undefined, 23
     249                      .dwcfi  undefined, 30
     250                      .dwcfi  undefined, 31
     251                      .dwcfi  undefined, 32
     252                      .dwcfi  undefined, 38
     253                      .dwcfi  undefined, 75
     254                      .dwcfi  undefined, 24
     255                      .dwcfi  undefined, 33
     256                      .dwcfi  undefined, 35
     257                      .dwcfi  undefined, 34
     258                      .dwcfi  undefined, 76
     259                      .dwcfi  undefined, 21
     260                      .dwcfi  undefined, 20
     261                      .dwcfi  undefined, 28
     262                      .dwcfi  undefined, 29
     263                      .dwcfi  undefined, 25
     264                      .dwcfi  undefined, 77
     265                      .dwcfi  undefined, 4
     266                      .dwcfi  undefined, 6
     267                      .dwcfi  undefined, 8
     268                      .dwcfi  undefined, 10
     269                      .dwcfi  undefined, 12
     270                      .dwcfi  undefined, 14
     271                      .dwcfi  undefined, 16
     272                      .dwcfi  undefined, 17
     273                      .dwcfi  undefined, 18
     274                      .dwcfi  undefined, 19
     275                      .dwcfi  undefined, 5
TMS320C2000 Assembler PC v6.1.3 Thu Jan 30 10:31:46 2014

Tools Copyright (c) 1996-2012 Texas Instruments Incorporated
C:\Users\a0272466\AppData\Local\Temp\0802810                         PAGE    6

     276                      .dwcfi  undefined, 7
     277                      .dwcfi  undefined, 9
     278                      .dwcfi  undefined, 11
     279                      .dwcfi  undefined, 13
     280                      .dwcfi  undefined, 15
     281                      .dwcfi  undefined, 43
     282                      .dwcfi  undefined, 44
     283                      .dwcfi  undefined, 47
     284                      .dwcfi  undefined, 48
     285                      .dwcfi  undefined, 51
     286                      .dwcfi  undefined, 52
     287                      .dwcfi  undefined, 55
     288                      .dwcfi  undefined, 56
     289                      .dwcfi  undefined, 59
     290                      .dwcfi  undefined, 60
     291                      .dwcfi  undefined, 63
     292                      .dwcfi  undefined, 64
     293                      .dwcfi  undefined, 67
     294                      .dwcfi  undefined, 68
     295                      .dwcfi  undefined, 71
     296                      .dwcfi  undefined, 72
     297                      .dwcfi  undefined, 73
     298                      .dwcfi  undefined, 74
     299                      .dwcfi  undefined, 39
     300                      .dwcfi  undefined, 40
     301                      .dwcfi  undefined, 27
     302                      .dwcfi  undefined, 78
     303                      .dwendentry
     304              
     305              ;***************************************************************
     306              ;* DWARF REGISTER MAP                                          *
     307              ;***************************************************************
     308              
     309              $C$DW$4 .dwtag  DW_TAG_TI_assign_register, DW_AT_name("AL")
     310                      .dwattr $C$DW$4, DW_AT_location[DW_OP_reg0]
     311              $C$DW$5 .dwtag  DW_TAG_TI_assign_register, DW_AT_name("AH")
     312                      .dwattr $C$DW$5, DW_AT_location[DW_OP_reg1]
     313              $C$DW$6 .dwtag  DW_TAG_TI_assign_register, DW_AT_name("PL")
     314                      .dwattr $C$DW$6, DW_AT_location[DW_OP_reg2]
     315              $C$DW$7 .dwtag  DW_TAG_TI_assign_register, DW_AT_name("PH")
     316                      .dwattr $C$DW$7, DW_AT_location[DW_OP_reg3]
     317              $C$DW$8 .dwtag  DW_TAG_TI_assign_register, DW_AT_name("T")
     318                      .dwattr $C$DW$8, DW_AT_location[DW_OP_reg22]
     319              $C$DW$9 .dwtag  DW_TAG_TI_assign_register, DW_AT_name("IER")
     320                      .dwattr $C$DW$9, DW_AT_location[DW_OP_regx 0x25]
     321              $C$DW$10        .dwtag  DW_TAG_TI_assign_register, DW_AT_name("IFR")
     322                      .dwattr $C$DW$10, DW_AT_location[DW_OP_regx 0x24]
     323              $C$DW$11        .dwtag  DW_TAG_TI_assign_register, DW_AT_name("ST0")
     324                      .dwattr $C$DW$11, DW_AT_location[DW_OP_reg23]
     325              $C$DW$12        .dwtag  DW_TAG_TI_assign_register, DW_AT_name("SXM")
     326                      .dwattr $C$DW$12, DW_AT_location[DW_OP_reg30]
     327              $C$DW$13        .dwtag  DW_TAG_TI_assign_register, DW_AT_name("PM")
     328                      .dwattr $C$DW$13, DW_AT_location[DW_OP_reg31]
     329              $C$DW$14        .dwtag  DW_TAG_TI_assign_register, DW_AT_name("OVM")
     330                      .dwattr $C$DW$14, DW_AT_location[DW_OP_regx 0x20]
TMS320C2000 Assembler PC v6.1.3 Thu Jan 30 10:31:46 2014

Tools Copyright (c) 1996-2012 Texas Instruments Incorporated
C:\Users\a0272466\AppData\Local\Temp\0802810                         PAGE    7

     331              $C$DW$15        .dwtag  DW_TAG_TI_assign_register, DW_AT_name("V")
     332                      .dwattr $C$DW$15, DW_AT_location[DW_OP_regx 0x26]
     333              $C$DW$16        .dwtag  DW_TAG_TI_assign_register, DW_AT_name("PSEUDO")
     334                      .dwattr $C$DW$16, DW_AT_location[DW_OP_regx 0x4b]
     335              $C$DW$17        .dwtag  DW_TAG_TI_assign_register, DW_AT_name("ST1")
     336                      .dwattr $C$DW$17, DW_AT_location[DW_OP_reg24]
     337              $C$DW$18        .dwtag  DW_TAG_TI_assign_register, DW_AT_name("PAGE0")
     338                      .dwattr $C$DW$18, DW_AT_location[DW_OP_regx 0x21]
     339              $C$DW$19        .dwtag  DW_TAG_TI_assign_register, DW_AT_name("INTM")
     340                      .dwattr $C$DW$19, DW_AT_location[DW_OP_regx 0x23]
     341              $C$DW$20        .dwtag  DW_TAG_TI_assign_register, DW_AT_name("AMODE")
     342                      .dwattr $C$DW$20, DW_AT_location[DW_OP_regx 0x22]
     343              $C$DW$21        .dwtag  DW_TAG_TI_assign_register, DW_AT_name("PSEUDOH")
     344                      .dwattr $C$DW$21, DW_AT_location[DW_OP_regx 0x4c]
     345              $C$DW$22        .dwtag  DW_TAG_TI_assign_register, DW_AT_name("XT")
     346                      .dwattr $C$DW$22, DW_AT_location[DW_OP_reg21]
     347              $C$DW$23        .dwtag  DW_TAG_TI_assign_register, DW_AT_name("SP")
     348                      .dwattr $C$DW$23, DW_AT_location[DW_OP_reg20]
     349              $C$DW$24        .dwtag  DW_TAG_TI_assign_register, DW_AT_name("FP")
     350                      .dwattr $C$DW$24, DW_AT_location[DW_OP_reg28]
     351              $C$DW$25        .dwtag  DW_TAG_TI_assign_register, DW_AT_name("DP")
     352                      .dwattr $C$DW$25, DW_AT_location[DW_OP_reg29]
     353              $C$DW$26        .dwtag  DW_TAG_TI_assign_register, DW_AT_name("PC")
     354                      .dwattr $C$DW$26, DW_AT_location[DW_OP_reg25]
     355              $C$DW$27        .dwtag  DW_TAG_TI_assign_register, DW_AT_name("VOL")
     356                      .dwattr $C$DW$27, DW_AT_location[DW_OP_regx 0x4d]
     357              $C$DW$28        .dwtag  DW_TAG_TI_assign_register, DW_AT_name("AR0")
     358                      .dwattr $C$DW$28, DW_AT_location[DW_OP_reg4]
     359              $C$DW$29        .dwtag  DW_TAG_TI_assign_register, DW_AT_name("AR1")
     360                      .dwattr $C$DW$29, DW_AT_location[DW_OP_reg6]
     361              $C$DW$30        .dwtag  DW_TAG_TI_assign_register, DW_AT_name("AR2")
     362                      .dwattr $C$DW$30, DW_AT_location[DW_OP_reg8]
     363              $C$DW$31        .dwtag  DW_TAG_TI_assign_register, DW_AT_name("AR3")
     364                      .dwattr $C$DW$31, DW_AT_location[DW_OP_reg10]
     365              $C$DW$32        .dwtag  DW_TAG_TI_assign_register, DW_AT_name("AR4")
     366                      .dwattr $C$DW$32, DW_AT_location[DW_OP_reg12]
     367              $C$DW$33        .dwtag  DW_TAG_TI_assign_register, DW_AT_name("AR5")
     368                      .dwattr $C$DW$33, DW_AT_location[DW_OP_reg14]
     369              $C$DW$34        .dwtag  DW_TAG_TI_assign_register, DW_AT_name("AR6")
     370                      .dwattr $C$DW$34, DW_AT_location[DW_OP_reg16]
     371              $C$DW$35        .dwtag  DW_TAG_TI_assign_register, DW_AT_name("XAR6")
     372                      .dwattr $C$DW$35, DW_AT_location[DW_OP_reg17]
     373              $C$DW$36        .dwtag  DW_TAG_TI_assign_register, DW_AT_name("AR7")
     374                      .dwattr $C$DW$36, DW_AT_location[DW_OP_reg18]
     375              $C$DW$37        .dwtag  DW_TAG_TI_assign_register, DW_AT_name("XAR7")
     376                      .dwattr $C$DW$37, DW_AT_location[DW_OP_reg19]
     377              $C$DW$38        .dwtag  DW_TAG_TI_assign_register, DW_AT_name("XAR0")
     378                      .dwattr $C$DW$38, DW_AT_location[DW_OP_reg5]
     379              $C$DW$39        .dwtag  DW_TAG_TI_assign_register, DW_AT_name("XAR1")
     380                      .dwattr $C$DW$39, DW_AT_location[DW_OP_reg7]
     381              $C$DW$40        .dwtag  DW_TAG_TI_assign_register, DW_AT_name("XAR2")
     382                      .dwattr $C$DW$40, DW_AT_location[DW_OP_reg9]
     383              $C$DW$41        .dwtag  DW_TAG_TI_assign_register, DW_AT_name("XAR3")
     384                      .dwattr $C$DW$41, DW_AT_location[DW_OP_reg11]
     385              $C$DW$42        .dwtag  DW_TAG_TI_assign_register, DW_AT_name("XAR4")
TMS320C2000 Assembler PC v6.1.3 Thu Jan 30 10:31:46 2014

Tools Copyright (c) 1996-2012 Texas Instruments Incorporated
C:\Users\a0272466\AppData\Local\Temp\0802810                         PAGE    8

     386                      .dwattr $C$DW$42, DW_AT_location[DW_OP_reg13]
     387              $C$DW$43        .dwtag  DW_TAG_TI_assign_register, DW_AT_name("XAR5")
     388                      .dwattr $C$DW$43, DW_AT_location[DW_OP_reg15]
     389              $C$DW$44        .dwtag  DW_TAG_TI_assign_register, DW_AT_name("R0HL")
     390                      .dwattr $C$DW$44, DW_AT_location[DW_OP_regx 0x2b]
     391              $C$DW$45        .dwtag  DW_TAG_TI_assign_register, DW_AT_name("R0H")
     392                      .dwattr $C$DW$45, DW_AT_location[DW_OP_regx 0x2c]
     393              $C$DW$46        .dwtag  DW_TAG_TI_assign_register, DW_AT_name("R1HL")
     394                      .dwattr $C$DW$46, DW_AT_location[DW_OP_regx 0x2f]
     395              $C$DW$47        .dwtag  DW_TAG_TI_assign_register, DW_AT_name("R1H")
     396                      .dwattr $C$DW$47, DW_AT_location[DW_OP_regx 0x30]
     397              $C$DW$48        .dwtag  DW_TAG_TI_assign_register, DW_AT_name("R2HL")
     398                      .dwattr $C$DW$48, DW_AT_location[DW_OP_regx 0x33]
     399              $C$DW$49        .dwtag  DW_TAG_TI_assign_register, DW_AT_name("R2H")
     400                      .dwattr $C$DW$49, DW_AT_location[DW_OP_regx 0x34]
     401              $C$DW$50        .dwtag  DW_TAG_TI_assign_register, DW_AT_name("R3HL")
     402                      .dwattr $C$DW$50, DW_AT_location[DW_OP_regx 0x37]
     403              $C$DW$51        .dwtag  DW_TAG_TI_assign_register, DW_AT_name("R3H")
     404                      .dwattr $C$DW$51, DW_AT_location[DW_OP_regx 0x38]
     405              $C$DW$52        .dwtag  DW_TAG_TI_assign_register, DW_AT_name("R4HL")
     406                      .dwattr $C$DW$52, DW_AT_location[DW_OP_regx 0x3b]
     407              $C$DW$53        .dwtag  DW_TAG_TI_assign_register, DW_AT_name("R4H")
     408                      .dwattr $C$DW$53, DW_AT_location[DW_OP_regx 0x3c]
     409              $C$DW$54        .dwtag  DW_TAG_TI_assign_register, DW_AT_name("R5HL")
     410                      .dwattr $C$DW$54, DW_AT_location[DW_OP_regx 0x3f]
     411              $C$DW$55        .dwtag  DW_TAG_TI_assign_register, DW_AT_name("R5H")
     412                      .dwattr $C$DW$55, DW_AT_location[DW_OP_regx 0x40]
     413              $C$DW$56        .dwtag  DW_TAG_TI_assign_register, DW_AT_name("R6HL")
     414                      .dwattr $C$DW$56, DW_AT_location[DW_OP_regx 0x43]
     415              $C$DW$57        .dwtag  DW_TAG_TI_assign_register, DW_AT_name("R6H")
     416                      .dwattr $C$DW$57, DW_AT_location[DW_OP_regx 0x44]
     417              $C$DW$58        .dwtag  DW_TAG_TI_assign_register, DW_AT_name("R7HL")
     418                      .dwattr $C$DW$58, DW_AT_location[DW_OP_regx 0x47]
     419              $C$DW$59        .dwtag  DW_TAG_TI_assign_register, DW_AT_name("R7H")
     420                      .dwattr $C$DW$59, DW_AT_location[DW_OP_regx 0x48]
     421              $C$DW$60        .dwtag  DW_TAG_TI_assign_register, DW_AT_name("RBL")
     422                      .dwattr $C$DW$60, DW_AT_location[DW_OP_regx 0x49]
     423              $C$DW$61        .dwtag  DW_TAG_TI_assign_register, DW_AT_name("RB")
     424                      .dwattr $C$DW$61, DW_AT_location[DW_OP_regx 0x4a]
     425              $C$DW$62        .dwtag  DW_TAG_TI_assign_register, DW_AT_name("STFL")
     426                      .dwattr $C$DW$62, DW_AT_location[DW_OP_regx 0x27]
     427              $C$DW$63        .dwtag  DW_TAG_TI_assign_register, DW_AT_name("STF")
     428                      .dwattr $C$DW$63, DW_AT_location[DW_OP_regx 0x28]
     429              $C$DW$64        .dwtag  DW_TAG_TI_assign_register, DW_AT_name("FPUHAZ")
     430                      .dwattr $C$DW$64, DW_AT_location[DW_OP_reg27]
     431              $C$DW$65        .dwtag  DW_TAG_TI_assign_register, DW_AT_name("CIE_RETA")
     432                      .dwattr $C$DW$65, DW_AT_location[DW_OP_regx 0x4e]
     433                      .dwendtag $C$DW$CU
     434              

No Assembly Errors, No Assembly Warnings
