TMS320C2000 Assembler PC v6.1.3 Tue Oct 01 15:27:20 2013

Tools Copyright (c) 1996-2012 Texas Instruments Incorporated
C:/work/grepos/device_support/device_support/f2837x/F2837x_bootROM_dev/F2837x_bootROM/cpu01-bootROM/source/Vectors_Boot.asm PAGE    1

       1              
       2              ;; TI File $Revision: /main/1 $
       3              ;; Checkin $Date: August 13, 2012   11:54:19 $
       4              ;;###########################################################################
       5              ;;
       6              ;; FILE:    Vectors_Boot.h
       7              ;;
       8              ;; TITLE:   Boot Rom vector table.
       9              ;;
      10              ;; Functions:
      11              ;;
      12              ;; This section of code populates the vector table in the boot ROM.  The reset
      13              ;; vector at 0x3FFFC0 points to the entry into the boot loader functions (InitBoot())
      14              ;; The rest of the vectors are populated for test purposes only. 
      15              ;;
      16              ;;###########################################################################
      17              ;; $TI Release: F2837x Boot ROM V1.0 $
      18              ;; $Release Date: January 22, 2009 $
      19              ;;###########################################################################
      20              ;-----------------------------------------------------------
      21              ; The vector table located in boot ROM at 0x3F FFC0 - 0x3F FFFF
      22              ; will be filled with the following data. 
      23              ; 
      24              ; Only the reset vector, which points to the InitBoot
      25              ; routine will be used during normal operation.  The remaining
      26              ; vectors are set for internal testing purposes and will not be
      27              ; fetched from this location during normal operation.
      28              ; 
      29              ; On reset vector is always fetched from this table. 
      30              ;
      31              ;----------------------------------------------------------
      32                   .ref _InitBoot
      33                   .ref _c1brom_handle_nmi
      34                   .ref _c1brom_itrap_isr
      35                   .ref _c1brom_pie_vect_mismatch_handler
      36 00000000            .sect ".BootVecs"
      37 00000000 56CF!       BF _c1brom_pie_vect_mismatch_handler, UNC ;pie vect mismatch handler at address 0x3fffbe
         00000001 0000 
      38 00000002 0000!      .long _InitBoot ;Reset
         00000003 0000 
      39 00000004 0042       .long 0x000042
         00000005 0000 
      40 00000006 0044       .long 0x000044
         00000007 0000 
      41 00000008 0046       .long 0x000046
         00000009 0000 
      42 0000000a 0048       .long 0x000048
         0000000b 0000 
      43 0000000c 004A       .long 0x00004a
         0000000d 0000 
      44 0000000e 004C       .long 0x00004c
         0000000f 0000 
      45 00000010 004E       .long 0x00004e
         00000011 0000 
      46 00000012 0050       .long 0x000050
TMS320C2000 Assembler PC v6.1.3 Tue Oct 01 15:27:20 2013

Tools Copyright (c) 1996-2012 Texas Instruments Incorporated
C:/work/grepos/device_support/device_support/f2837x/F2837x_bootROM_dev/F2837x_bootROM/cpu01-bootROM/source/Vectors_Boot.asm PAGE    2

         00000013 0000 
      47 00000014 0052       .long 0x000052
         00000015 0000 
      48 00000016 0054       .long 0x000054
         00000017 0000 
      49 00000018 0056       .long 0x000056
         00000019 0000 
      50 0000001a 0058       .long 0x000058
         0000001b 0000 
      51 0000001c 005A       .long 0x00005a
         0000001d 0000 
      52 0000001e 005C       .long 0x00005c
         0000001f 0000 
      53 00000020 005E       .long 0x00005e
         00000021 0000 
      54 00000022 0060       .long 0x000060
         00000023 0000 
      55 00000024 0062       .long 0x000062
         00000025 0000 
      56 00000026 0000!      .long _c1brom_handle_nmi   ;NMI
         00000027 0000 
      57 00000028 0000!      .long _c1brom_itrap_isr  ;ITRAP
         00000029 0000 
      58 0000002a 0068       .long 0x000068
         0000002b 0000 
      59 0000002c 006A       .long 0x00006a
         0000002d 0000 
      60 0000002e 006C       .long 0x00006c
         0000002f 0000 
      61 00000030 006E       .long 0x00006e
         00000031 0000 
      62 00000032 0070       .long 0x000070
         00000033 0000 
      63 00000034 0072       .long 0x000072
         00000035 0000 
      64 00000036 0074       .long 0x000074
         00000037 0000 
      65 00000038 0076       .long 0x000076
         00000039 0000 
      66 0000003a 0078       .long 0x000078
         0000003b 0000 
      67 0000003c 007A       .long 0x00007a
         0000003d 0000 
      68 0000003e 007C       .long 0x00007c
         0000003f 0000 
      69 00000040 007E       .long 0x00007e
         00000041 0000 
      70                

No Assembly Errors, No Assembly Warnings
