dspcl template.c -g -v2xx -as -frC:\tic2xx\myprojects\Release\Template
[template.c]
TMS320C2x/C2xx/C5x ANSI C Compiler          Version 7.00
Copyright (c) 1987-1999  Texas Instruments Incorporated 
   "template.c"   ==> init_GPT1
   "template.c"   ==> init_GPT2
   "template.c"   ==> init_ADC
   "template.c"   ==> read_ADC
   "template.c"   ==> main
TMS320C2x/C2xx/C5x ANSI C Codegen           Version 7.00
Copyright (c) 1987-1999  Texas Instruments Incorporated 
   "template.c"   ==> init_GPT1
   "template.c"   ==> init_GPT2
   "template.c"   ==> init_ADC
   "template.c"   ==> read_ADC
   "template.c"   ==> main
TMS320C1x/C2x/C2xx/C5x COFF Assembler       Version 7.00
Copyright (c) 1987-1999  Texas Instruments Incorporated 

 PASS 1
 PASS 2

 No Errors,  No Warnings

dsplnk template.mak
TMS320C1x/C2x/C2xx/C5x COFF Linker      Version 7.00
Copyright (c) 1987-1999  Texas Instruments Incorporated 

Build Complete,
  0 Errors, 0 Warnings.
