TMS320C2000 Assembler PC v6.1.3 Tue Oct 01 15:28:13 2013

Tools Copyright (c) 1996-2012 Texas Instruments Incorporated
C:/work/grepos/device_support/device_support/f2837x/F2837x_bootROM_dev/F2837x_bootROM/cpu02-bootROM/Cla_Data_Rom/source/tables/CLAacosineTable.asm PAGE    1

       1              ;******************************************************************************
       2              ; 
       3              ; FILE: CLAacosineTable.asm
       4              ; 
       5              ; DESCRIPTION: acosine Tables
       6              ; 
       7              ;******************************************************************************
       8              ;  $TI Release:  $
       9              ;  $Release Date:  $
      10              ;******************************************************************************
      11              ;  This software is licensed for use with Texas Instruments C28x
      12              ;  family DSCs.  This license was provided to you prior to installing
      13              ;  the software.  You may review this license by consulting a copy of
      14              ;  the agreement in the doc directory of this library.
      15              ; ------------------------------------------------------------------------
      16              ;          Copyright (C) 2010-2011 Texas Instruments, Incorporated.
      17              ;                          All Rights Reserved.
      18              ;******************************************************************************
      19              
      20              ;############################################################################
      21              ;/*! \addtogroup CLAMATH_TABLES
      22              ;  @{
      23              ;*/
      24              ;############################################################################
      25              
      26                      .def    _CLAacosinHalfPITable
      27                      .def    _CLAacosinTable
      28                      .def    _CLAacosinTableEnd
      29                      
      30 00000000          .sect    "CLA1mathTables"
      31                 
      32 00000000       _CLAacosinHalfPITable:
      33 00000000 0000          .float   2.0    ; 2.0
         00000001 4000 
      34 00000002 0FDB          .float   3.141592653589 ; PI
         00000003 4049 
      35              
      36 00000004       _CLAacosinTable:
      37 00000004 0FD5          .float  1.570795690593  ;               
         00000005 3FC9 
      38 00000006 F7FF          .float  -0.999877862610 ;               
         00000007 BF7F 
      39 00000008 0C01          .float  -0.007815361896 ;
         00000009 BC00 
      40 0000000a 0FB0          .float  1.570791227101  ;               
         0000000b 3FC9 
      41 0000000c DFEE          .float  -0.999510644409 ;               
         0000000d BF7F 
      42 0000000e 300F          .float  -0.015647916155 ;
         0000000f BC80 
      43 00000010 0F4A          .float  1.570779058483  ;               
         00000011 3FC9 
      44 00000012 B7A5          .float  -0.998895919094 ;               
         00000013 BF7F 
      45 00000014 A272          .float  -0.023514960332 ;
TMS320C2000 Assembler PC v6.1.3 Tue Oct 01 15:28:13 2013

Tools Copyright (c) 1996-2012 Texas Instruments Incorporated
C:/work/grepos/device_support/device_support/f2837x/F2837x_bootROM_dev/F2837x_bootROM/cpu02-bootROM/Cla_Data_Rom/source/tables/CLAacosineTable.asm PAGE    2

         00000015 BCC0 
      46 00000016 0E82          .float  1.570755205030  ;               
         00000017 3FC9 
      47 00000018 7EDE          .float  -0.998029615282 ;               
         00000019 BF7F 
      48 0000001a C0F1          .float  -0.031434003631 ;
         0000001b BD00 
      49 0000001c 0D35          .float  1.570715532275  ;               
         0000001d 3FC9 
      50 0000001e 353B          .float  -0.996905974725 ;               
         0000001f BF7F 
      51 00000020 79E2          .float  -0.039422875916 ;
         00000021 BD21 
      52 00000022 0B3F          .float  1.570655695706  ;               
         00000023 3FC9 
      53 00000024 DA3C          .float  -0.995517492804 ;               
         00000025 BF7E 
      54 00000026 8F31          .float  -0.047499840611 ;
         00000027 BD42 
      55 00000028 0879          .float  1.570571082211  ;               
         00000029 3FC9 
      56 0000002a 6D45          .float  -0.993854840311 ;               
         0000002b BF7E 
      57 0000002c 149B          .float  -0.055683712914 ;
         0000002d BD64 
      58 0000002e 04BA          .float  1.570456747283  ;               
         0000002f 3FC9 
      59 00000030 ED9A          .float  -0.991906765146 ;               
         00000031 BF7D 
      60 00000032 0F47          .float  -0.063993984848 ;
         00000033 BD83 
      61 00000034 FFD5          .float  1.570307346943  ;               
         00000035 3FC8 
      62 00000036 5A5B          .float  -0.989659972212 ;               
         00000037 BF7D 
      63 00000038 612B          .float  -0.072450958820 ;
         00000039 BD94 
      64 0000003a F999          .float  1.570117063183  ;               
         0000003b 3FC8 
      65 0000003c B285          .float  -0.987098979366 ;               
         0000003d BF7C 
      66 0000003e 0B1E          .float  -0.081075891529 ;
         0000003f BDA6 
      67 00000040 F1D0          .float  1.569879521613  ;               
         00000041 3FC8 
      68 00000042 F4EC          .float  -0.984205946802 ;               
         00000043 BF7B 
      69 00000044 18DA          .float  -0.089891150305 ;
         00000045 BDB8 
      70 00000046 E840          .float  1.569587699755  ;               
         00000047 3FC8 
      71 00000048 203A          .float  -0.980960476685 ;               
         00000049 BF7B 
      72 0000004a 96C5          .float  -0.098920384204 ;
         0000004b BDCA 
TMS320C2000 Assembler PC v6.1.3 Tue Oct 01 15:28:13 2013

Tools Copyright (c) 1996-2012 Texas Instruments Incorporated
C:/work/grepos/device_support/device_support/f2837x/F2837x_bootROM_dev/F2837x_bootROM/cpu02-bootROM/Cla_Data_Rom/source/tables/CLAacosineTable.asm PAGE    3

      73 0000004c DCA7          .float  1.569233824246  ;               
         0000004d 3FC8 
      74 0000004e 32EA          .float  -0.977339379243 ;               
         0000004f BF7A 
      75 00000050 920B          .float  -0.108188712551 ;
         00000051 BDDD 
      76 00000052 CEBE          .float  1.568809254867  ;               
         00000053 3FC8 
      77 00000054 2B43          .float  -0.973316400729 ;               
         00000055 BF79 
      78 00000056 18B9          .float  -0.117722933997 ;
         00000057 BDF1 
      79 00000058 BE32          .float  1.568304353010  ;               
         00000059 3FC8 
      80 0000005a 0756          .float  -0.968861907789 ;               
         0000005b BF78 
      81 0000005c 9CEE          .float  -0.127551759665 ;
         0000005d BE02 
      82 0000005e AAAB          .float  1.567708331742  ;               
         0000005f 3FC8 
      83 00000060 C4F0          .float  -0.963942521723 ;               
         00000061 BF76 
      84 00000062 02D2          .float  -0.137706074532 ;
         00000063 BE0D 
      85 00000064 93C1          .float  1.567009084103  ;               
         00000065 3FC8 
      86 00000066 619D          .float  -0.958520694794 ;               
         00000067 BF75 
      87 00000068 C6C8          .float  -0.148219231941 ;
         00000069 BE17 
      88 0000006a 7903          .float  1.566192985657  ;               
         0000006b 3FC8 
      89 0000006c DA98          .float  -0.952554219267 ;               
         0000006d BF73 
      90 0000006e F24A          .float  -0.159127386977 ;
         0000006f BE22 
      91 00000070 59F0          .float  1.565244666501  ;               
         00000071 3FC8 
      92 00000072 2CC5          .float  -0.945995657913 ;               
         00000073 BF72 
      93 00000074 8FA8          .float  -0.170469875522 ;
         00000075 BE2E 
      94 00000076 35F6          .float  1.564146746998  ;               
         00000077 3FC8 
      95 00000078 54A7          .float  -0.938791682505 ;               
         00000079 BF70 
      96 0000007a AA23          .float  -0.182289647088 ;
         0000007b BE3A 
      97 0000007c 0C70          .float  1.562879530320  ;               
         0000007d 3FC8 
      98 0000007e 4E4D          .float  -0.930882303984 ;               
         0000007f BF6E 
      99 00000080 4E13          .float  -0.194633761132 ;
         00000081 BE47 
     100 00000082 DCA2          .float  1.561420643385  ;               
TMS320C2000 Assembler PC v6.1.3 Tue Oct 01 15:28:13 2013

Tools Copyright (c) 1996-2012 Texas Instruments Incorporated
C:/work/grepos/device_support/device_support/f2837x/F2837x_bootROM_dev/F2837x_bootROM/cpu02-bootROM/Cla_Data_Rom/source/tables/CLAacosineTable.asm PAGE    4

         00000083 3FC7 
     101 00000084 154C          .float  -0.922199974574 ;               
         00000085 BF6C 
     102 00000086 8906          .float  -0.207553958472 ;
         00000087 BE54 
     103 00000088 A5B6          .float  1.559744615987  ;               
         00000089 3FC7 
     104 0000008a A4A5          .float  -0.912668537890 ;               
         0000008b BF69 
     105 0000008c 69F5          .float  -0.221107321885 ;
         0000008d BE62 
     106 0000008e 66B9          .float  1.557822385620  ;               
         0000008f 3FC7 
     107 00000090 F6B6          .float  -0.902201997769 ;               
         00000091 BF66 
     108 00000092 0170          .float  -0.235357042896 ;
         00000093 BE71 
     109 00000094 1E94          .float  1.555620712621  ;               
         00000095 3FC7 
     110 00000096 051E          .float  -0.890703070035 ;               
         00000097 BF64 
     111 00000098 30EE          .float  -0.250373315541 ;
         00000099 BE80 
     112 0000009a CC08          .float  1.553101486693  ;               
         0000009b 3FC6 
     113 0000009c C8A3          .float  -0.878061473098 ;               
         0000009d BF60 
     114 0000009e 4FDF          .float  -0.266234382514 ;
         0000009f BE88 
     115 000000a0 6DA3          .float  1.550220901258  ;               
         000000a1 3FC6 
     116 000000a2 390F          .float  -0.864151902887 ;               
         000000a3 BF5D 
     117 000000a4 E904          .float  -0.283027765009 ;
         000000a5 BE90 
     118 000000a6 01C1          .float  1.546928466282  ;               
         000000a7 3FC6 
     119 000000a8 4D08          .float  -0.848831624374 ;               
         000000a9 BF59 
     120 000000aa 093C          .float  -0.300851714968 ;
         000000ab BE9A 
     121 000000ac 8675          .float  1.543165822740  ;               
         000000ad 3FC5 
     122 000000ae F9DD          .float  -0.831937595031 ;               
         000000af BF54 
     123 000000b0 BF0C          .float  -0.319816937941 ;
         000000b1 BEA3 
     124 000000b2 F98A          .float  1.538865312248  ;               
         000000b3 3FC4 
     125 000000b4 3351          .float  -0.813283013821 ;               
         000000b5 BF50 
     126 000000b6 1ADB          .float  -0.340048646894 ;
         000000b7 BEAE 
     127 000000b8 586B          .float  1.533948242840  ;               
         000000b9 3FC4 
TMS320C2000 Assembler PC v6.1.3 Tue Oct 01 15:28:13 2013

Tools Copyright (c) 1996-2012 Texas Instruments Incorporated
C:/work/grepos/device_support/device_support/f2837x/F2837x_bootROM_dev/F2837x_bootROM/cpu02-bootROM/Cla_Data_Rom/source/tables/CLAacosineTable.asm PAGE    5

     128 000000ba EB51          .float  -0.792653161200 ;               
         000000bb BF4A 
     129 000000bc 2F4E          .float  -0.361689022958 ;
         000000bd BEB9 
     130 000000be A015          .float  1.528322775521  ;               
         000000bf 3FC3 
     131 000000c0 11A3          .float  -0.769800358920 ;               
         000000c1 BF45 
     132 000000c2 11A3          .float  -0.384900179460 ;
         000000c3 BEC5 
     133 000000c4 CD02          .float  1.521881334589  ;               
         000000c5 3FC2 
     134 000000c6 937A          .float  -0.744437830278 ;               
         000000c7 BF3E 
     135 000000c8 DA30          .float  -0.409867752228 ;
         000000c9 BED1 
     136 000000ca DB0D          .float  1.514497416045  ;               
         000000cb 3FC1 
     137 000000cc 5AFE          .float  -0.716232177740 ;               
         000000cd BF37 
     138 000000ce A4F1          .float  -0.436805274317 ;
         000000cf BEDF 
     139 000000d0 C551          .float  1.506021630009  ;               
         000000d1 3FC0 
     140 000000d2 4EAB          .float  -0.684794109766 ;               
         000000d3 BF2F 
     141 000000d4 9240          .float  -0.465959540059 ;
         000000d5 BEEE 
     142 000000d6 85FF          .float  1.496276761095  ;               
         000000d7 3FBF 
     143 000000d8 5092          .float  -0.649666934178 ;               
         000000d9 BF26 
     144 000000da C7AF          .float  -0.497617226179 ;
         000000db BEFE 
     145 000000dc 162B          .float  1.485051559906  ;               
         000000dd 3FBE 
     146 000000de 3D6B          .float  -0.610312179660 ;               
         000000df BF1C 
     147 000000e0 3891          .float  -0.532113122767 ;
         000000e1 BF08 
     148 000000e2 6D8A          .float  1.472092881189  ;               
         000000e3 3FBC 
     149 000000e4 EB5F          .float  -0.566091493186 ;               
         000000e5 BF10 
     150 000000e6 E110          .float  -0.569840443472 ;
         000000e7 BF11 
     151 000000e8 821C          .float  1.457095648266  ;               
         000000e9 3FBA 
     152 000000ea 288B          .float  -0.516243664372 ;               
         000000eb BF04 
     153 000000ec 7BCA          .float  -0.611263845480 ;
         000000ed BF1C 
     154 000000ee 47C2          .float  1.439689931785  ;               
         000000ef 3FB8 
     155 000000f0 7224          .float  -0.459855210927 ;               
TMS320C2000 Assembler PC v6.1.3 Tue Oct 01 15:28:13 2013

Tools Copyright (c) 1996-2012 Texas Instruments Incorporated
C:/work/grepos/device_support/device_support/f2837x/F2837x_bootROM_dev/F2837x_bootROM/cpu02-bootROM/Cla_Data_Rom/source/tables/CLAacosineTable.asm PAGE    6

         000000f1 BEEB 
     156 000000f2 2CF5          .float  -0.656936015611 ;
         000000f3 BF28 
     157 000000f4 AFB1          .float  1.419424157563  ;               
         000000f5 3FB5 
     158 000000f6 A93B          .float  -0.395822366759 ;               
         000000f7 BECA 
     159 000000f8 1FF7          .float  -0.707518998893 ;
         000000f9 BF35 
     160 000000fa A7B5          .float  1.395743063136  ;               
         000000fb 3FB2 
     161 000000fc 463C          .float  -0.322801460177 ;               
         000000fd BEA5 
     162 000000fe 892D          .float  -0.763811905770 ;
         000000ff BF43 
     163 00000100 1943          .float  1.367958442925  ;               
         00000101 3FAF 
     164 00000102 E203          .float  -0.239143420888 ;               
         00000103 BE74 
     165 00000104 A855          .float  -0.826787304376 ;
         00000105 BF53 
     166 00000106 E828          .float  1.335209858030  ;               
         00000107 3FAA 
     167 00000108 3BD1          .float  -0.142806299514 ;               
         00000109 BE12 
     168 0000010a CBB5          .float  -0.897639596948 ;
         0000010b BF65 
     169 0000010c F0CD          .float  1.296411176970  ;               
         0000010d 3FA5 
     170 0000010e E47D          .float  -0.031236880585 ;               
         0000010f BCFF 
     171 00000110 5464          .float  -0.977850174820 ;
         00000111 BF7A 
     172 00000112 05CB          .float  1.250176790856  ;               
         00000113 3FA0 
     173 00000114 5361          .float  0.098791845166  ;               
         00000115 3DCA 
     174 00000116 DE0D          .float  -1.069276441800 ;
         00000117 BF88 
     175 00000118 EC86          .float  1.194718157174  ;               
         00000119 3F98 
     176 0000011a B877          .float  0.251407364538  ;               
         0000011b 3E80 
     177 0000011c 4EA8          .float  -1.174275392129 ;
         0000011d BF96 
     178 0000011e 5859          .float  1.127696183180  ;               
         0000011f 3F90 
     179 00000120 29C8          .float  0.431959397725  ;               
         00000121 3EDD 
     180 00000122 DF56          .float  -1.295878193174 ;
         00000123 BFA5 
     181 00000124 E38A          .float  1.046006454968  ;               
         00000125 3F85 
     182 00000126 C19E          .float  0.647485610469  ;               
         00000127 3F25 
TMS320C2000 Assembler PC v6.1.3 Tue Oct 01 15:28:13 2013

Tools Copyright (c) 1996-2012 Texas Instruments Incorporated
C:/work/grepos/device_support/device_support/f2837x/F2837x_bootROM_dev/F2837x_bootROM/cpu02-bootROM/Cla_Data_Rom/source/tables/CLAacosineTable.asm PAGE    7

     183 00000128 11C0          .float  -1.438041695773 ;
         00000129 BFB8 
     184 0000012a 09A8          .float  0.945459855532  ;               
         0000012b 3F72 
     185 0000012c 4B68          .float  0.907400624736  ;               
         0000012d 3F68 
     186 0000012e 9206          .float  -1.606018804842 ;
         0000012f BFCD 
     187 00000130 FEE7          .float  0.820295736860  ;               
         00000131 3F51 
     188 00000132 BDC2          .float  1.224540947101  ;               
         00000133 3F9C 
     189 00000134 4913          .float  -1.806917563896 ;
         00000135 BFE7 
     190 00000136 9445          .float  0.662418669454  ;               
         00000137 3F29 
     191 00000138 F323          .float  1.616794995066  ;               
         00000139 3FCE 
     192 0000013a 3C87          .float  -2.050569262035 ;
         0000013b C003 
     193 0000013c 9A69          .float  0.460162432609  ;               
         0000013d 3EEB 
     194 0000013e 05D0          .float  2.109729648039  ;               
         0000013f 4007 
     195 00000140 757D          .float  -2.350920816737 ;
         00000141 C016 
     196 00000142 EBB2          .float  0.196211605358  ;               
         00000143 3E48 
     197 00000144 6C4D          .float  2.740985157716  ;               
         00000145 402F 
     198 00000146 9D5A          .float  -2.728353889708 ;
         00000147 C02E 
     199 00000148 CC13          .float  -0.156051915958 ;               
         00000149 BE1F 
     200 0000014a 5981          .float  3.567962877198  ;               
         0000014b 4064 
     201 0000014c ADA3          .float  -3.213722960014 ;
         0000014d C04D 
     202 0000014e AA8E          .float  -0.639321234262 ;               
         0000014f BF23 
     203 00000150 D2FF          .float  4.682006534082  ;               
         00000151 4095 
     204 00000152 C4F0          .float  -3.855770086891 ;
         00000153 C076 
     205 00000154 B26E          .float  -1.325757685059 ;               
         00000155 BFA9 
     206 00000156 8FDF          .float  6.236312386687  ;               
         00000157 40C7 
     207 00000158 8A74          .float  -4.735651038017 ;
         00000159 C097 
     208 0000015a 201A          .float  -2.345709388587 ;               
         0000015b C016 
     209 0000015c 167B          .float  8.505488022524  ;               
         0000015d 4108 
     210 0000015e EDE7          .float  -5.997790945975 ;
TMS320C2000 Assembler PC v6.1.3 Tue Oct 01 15:28:13 2013

Tools Copyright (c) 1996-2012 Texas Instruments Incorporated
C:/work/grepos/device_support/device_support/f2837x/F2837x_bootROM_dev/F2837x_bootROM/cpu02-bootROM/Cla_Data_Rom/source/tables/CLAacosineTable.asm PAGE    8

         0000015f C0BF 
     211 00000160 3014          .float  -3.956059541908 ;               
         00000161 C07D 
     212 00000162 6D06          .float  12.026617159136 ;               
         00000163 4140 
     213 00000164 862C          .float  -7.922628470498 ;
         00000165 C0FD 
     214 00000166 46DE          .float  -6.727400789527 ;               
         00000167 C0D7 
     215 00000168 DEA1          .float  17.983705080358 ;               
         00000169 418F 
     216 0000016a FBAA          .float  -11.123941286820;
         0000016b C131 
     217 0000016c BC0C          .float  -12.170909745654;       
         0000016d C142 
     218 0000016e E954          .float  29.488929624542 ;               
         0000016f 41EB 
     219 00000170 A073          .float  -17.203344479111;
         00000171 C189 
     220 00000172 0E28          .float  -25.631911490690;               
         00000173 C1CD 
     221 00000174 DDCC          .float  57.466598393615 ;               
         00000175 4265 
     222 00000176 ED9A          .float  -31.741016484669;
         00000177 C1FD 
     223 00000178 2CB3          .float  -81.587305009103;               
         00000179 C2A3 
     224 0000017a CDAC          .float  171.803399517566;               
         0000017b 432B 
     225 0000017c 4CB7          .float  -90.149831709374;
         0000017d C2B4 
     226 0000017e 0000          .float  0.0;            
         0000017f 0000 
     227 00000180 0000          .float  0.0;            
         00000181 0000 
     228 00000182 0000          .float  0.0;
         00000183 0000 
     229              
     230                       
     231 00000184       _CLAacosinTableEnd:
     232              
     233              ;############################################################################
     234              ;//! @}
     235              ;############################################################################

No Assembly Errors, No Assembly Warnings
