TMS320C2000 Assembler PC v6.1.3 Tue Oct 01 15:28:13 2013

Tools Copyright (c) 1996-2012 Texas Instruments Incorporated
C:/work/grepos/device_support/device_support/f2837x/F2837x_bootROM_dev/F2837x_bootROM/cpu02-bootROM/Cla_Data_Rom/source/tables/CLAasineTable.asm PAGE    1

       1              ;******************************************************************************
       2              ; 
       3              ; FILE: CLAasineTable.asm
       4              ; 
       5              ; DESCRIPTION: asine Tables
       6              ; 
       7              ;******************************************************************************
       8              ;  $TI Release:  $
       9              ;  $Release Date:  $
      10              ;******************************************************************************
      11              ;  This software is licensed for use with Texas Instruments C28x
      12              ;  family DSCs.  This license was provided to you prior to installing
      13              ;  the software.  You may review this license by consulting a copy of
      14              ;  the agreement in the doc directory of this library.
      15              ; ------------------------------------------------------------------------
      16              ;          Copyright (C) 2010-2011 Texas Instruments, Incorporated.
      17              ;                          All Rights Reserved.
      18              ;******************************************************************************
      19                      
      20              ;############################################################################
      21              ;/*! \addtogroup CLAMATH_TABLES
      22              ;  @{
      23              ;*/
      24              ;############################################################################
      25              
      26                  .def        _CLAasinHalfPITable     
      27                      .def    _CLAasinTable
      28                      .def    _CLAasinTableEnd
      29              
      30 00000000          .sect    "CLA1mathTables"
      31              
      32 00000000       _CLAasinHalfPITable:
      33 00000000 0000          .float   2.0    ; 2.0
         00000001 4000 
      34 00000002 0FDB          .float   1.570796327    ; PI/2
         00000003 3FC9 
      35              
      36 00000004       _CLAasinTable:
      37              
      38 00000004 0000          .float  0.0
         00000005 0000 
      39 00000006 0000          .float  1.0
         00000007 3F80 
      40 00000008 0000          .float  0.0
         00000009 0000 
      41 0000000a C778          .float  0.000000636202                  
         0000000b 352A 
      42 0000000c F7FF          .float  0.999877862610                  
         0000000d 3F7F 
      43 0000000e 0C01          .float  0.007815361896   
         0000000f 3C00 
      44 00000010 1E0A          .float  0.000005099694                  
         00000011 36AB 
      45 00000012 DFEE          .float  0.999510644409                  
         00000013 3F7F 
TMS320C2000 Assembler PC v6.1.3 Tue Oct 01 15:28:13 2013

Tools Copyright (c) 1996-2012 Texas Instruments Incorporated
C:/work/grepos/device_support/device_support/f2837x/F2837x_bootROM_dev/F2837x_bootROM/cpu02-bootROM/Cla_Data_Rom/source/tables/CLAasineTable.asm PAGE    2

      46 00000014 300F          .float  0.015647916155   
         00000015 3C80 
      47 00000016 DB6B          .float  0.000017268312                  
         00000017 3790 
      48 00000018 B7A5          .float  0.998895919094                  
         00000019 3F7F 
      49 0000001a A272          .float  0.023514960332   
         0000001b 3CC0 
      50 0000001c 7A29          .float  0.000041121765                  
         0000001d 382C 
      51 0000001e 7EDE          .float  0.998029615282                  
         0000001f 3F7F 
      52 00000020 C0F1          .float  0.031434003631   
         00000021 3D00 
      53 00000022 703A          .float  0.000080794520                  
         00000023 38A9 
      54 00000024 353B          .float  0.996905974725                  
         00000025 3F7F 
      55 00000026 79E2          .float  0.039422875916   
         00000027 3D21 
      56 00000028 765F          .float  0.000140631089                  
         00000029 3913 
      57 0000002a DA3C          .float  0.995517492804                  
         0000002b 3F7E 
      58 0000002c 8F31          .float  0.047499840611   
         0000002d 3D42 
      59 0000002e 2FA2          .float  0.000225244584                  
         0000002f 396C 
      60 00000030 6D45          .float  0.993854840311                  
         00000031 3F7E 
      61 00000032 149B          .float  0.055683712914   
         00000033 3D64 
      62 00000034 0997          .float  0.000339579512                  
         00000035 39B2 
      63 00000036 ED9A          .float  0.991906765146                  
         00000037 3F7D 
      64 00000038 0F47          .float  0.063993984848   
         00000039 3D83 
      65 0000003a 2EE2          .float  0.000488979852                  
         0000003b 3A00 
      66 0000003c 5A5B          .float  0.989659972212                  
         0000003d 3F7D 
      67 0000003e 612B          .float  0.072450958820   
         0000003f 3D94 
      68 00000040 109C          .float  0.000679263611                  
         00000041 3A32 
      69 00000042 B285          .float  0.987098979366                  
         00000043 3F7C 
      70 00000044 0B1E          .float  0.081075891529   
         00000045 3DA6 
      71 00000046 55C1          .float  0.000916805182                  
         00000047 3A70 
      72 00000048 F4EC          .float  0.984205946802                  
         00000049 3F7B 
      73 0000004a 18DA          .float  0.089891150305   
TMS320C2000 Assembler PC v6.1.3 Tue Oct 01 15:28:13 2013

Tools Copyright (c) 1996-2012 Texas Instruments Incorporated
C:/work/grepos/device_support/device_support/f2837x/F2837x_bootROM_dev/F2837x_bootROM/cpu02-bootROM/Cla_Data_Rom/source/tables/CLAasineTable.asm PAGE    3

         0000004b 3DB8 
      74 0000004c 6ACB          .float  0.001208627040                  
         0000004d 3A9E 
      75 0000004e 203A          .float  0.980960476685                  
         0000004f 3F7B 
      76 00000050 96C5          .float  0.098920384204   
         00000051 3DCA 
      77 00000052 CCE3          .float  0.001562502549                  
         00000053 3ACC 
      78 00000054 32EA          .float  0.977339379243                  
         00000055 3F7A 
      79 00000056 920B          .float  0.108188712551   
         00000057 3DDD 
      80 00000058 3989          .float  0.001987071928                  
         00000059 3B02 
      81 0000005a 2B43          .float  0.973316400729                  
         0000005b 3F79 
      82 0000005c 18B9          .float  0.117722933997   
         0000005d 3DF1 
      83 0000005e 5062          .float  0.002491973784                  
         0000005f 3B23 
      84 00000060 0756          .float  0.968861907789                  
         00000061 3F78 
      85 00000062 9CEE          .float  0.127551759665   
         00000063 3E02 
      86 00000064 5FF6          .float  0.003087995053                  
         00000065 3B4A 
      87 00000066 C4F0          .float  0.963942521723                  
         00000067 3F76 
      88 00000068 02D2          .float  0.137706074532   
         00000069 3E0D 
      89 0000006a 3364          .float  0.003787242692                  
         0000006b 3B78 
      90 0000006c 619D          .float  0.958520694794                  
         0000006d 3F75 
      91 0000006e C6C8          .float  0.148219231941   
         0000006f 3E17 
      92 00000070 D7A0          .float  0.004603341138                  
         00000071 3B96 
      93 00000072 DA98          .float  0.952554219267                  
         00000073 3F73 
      94 00000074 F24A          .float  0.159127386977   
         00000075 3E22 
      95 00000076 EAB4          .float  0.005551660294                  
         00000077 3BB5 
      96 00000078 2CC5          .float  0.945995657913                  
         00000079 3F72 
      97 0000007a 8FA8          .float  0.170469875522   
         0000007b 3E2E 
      98 0000007c E4B8          .float  0.006649579796                  
         0000007d 3BD9 
      99 0000007e 54A7          .float  0.938791682505                  
         0000007f 3F70 
     100 00000080 AA23          .float  0.182289647088   
         00000081 3E3A 
TMS320C2000 Assembler PC v6.1.3 Tue Oct 01 15:28:13 2013

Tools Copyright (c) 1996-2012 Texas Instruments Incorporated
C:/work/grepos/device_support/device_support/f2837x/F2837x_bootROM_dev/F2837x_bootROM/cpu02-bootROM/Cla_Data_Rom/source/tables/CLAasineTable.asm PAGE    4

     101 00000082 B573          .float  0.007916796475                  
         00000083 3C01 
     102 00000084 4E4D          .float  0.930882303984                  
         00000085 3F6E 
     103 00000086 4E13          .float  0.194633761132   
         00000087 3E47 
     104 00000088 9C77          .float  0.009375683410                  
         00000089 3C19 
     105 0000008a 154C          .float  0.922199974574                  
         0000008b 3F6C 
     106 0000008c 8906          .float  0.207553958472   
         0000008d 3E54 
     107 0000008e 123C          .float  0.011051710808                  
         0000008f 3C35 
     108 00000090 A4A5          .float  0.912668537890                  
         00000091 3F69 
     109 00000092 69F5          .float  0.221107321885   
         00000093 3E62 
     110 00000094 90A7          .float  0.012973941175                  
         00000095 3C54 
     111 00000096 F6B6          .float  0.902201997769                  
         00000097 3F66 
     112 00000098 0170          .float  0.235357042896   
         00000099 3E71 
     113 0000009a A324          .float  0.015175614174                  
         0000009b 3C78 
     114 0000009c 051E          .float  0.890703070035                  
         0000009d 3F64 
     115 0000009e 30EE          .float  0.250373315541   
         0000009f 3E80 
     116 000000a0 F4C5          .float  0.017694840102                  
         000000a1 3C90 
     117 000000a2 C8A3          .float  0.878061473098                  
         000000a3 3F60 
     118 000000a4 4FDF          .float  0.266234382514   
         000000a5 3E88 
     119 000000a6 8DCB          .float  0.020575425537                  
         000000a7 3CA8 
     120 000000a8 390F          .float  0.864151902887                  
         000000a9 3F5D 
     121 000000aa E904          .float  0.283027765009   
         000000ab 3E90 
     122 000000ac 8688          .float  0.023867860513                  
         000000ad 3CC3 
     123 000000ae 4D08          .float  0.848831624374          
         000000af 3F59 
     124 000000b0 093C          .float  0.300851714968   
         000000b1 3E9A 
     125 000000b2 595E          .float  0.027630504055                  
         000000b3 3CE2 
     126 000000b4 F9DD          .float  0.831937595031                  
         000000b5 3F54 
     127 000000b6 BF0C          .float  0.319816937941   
         000000b7 3EA3 
     128 000000b8 CA18          .float  0.031931014547                  
TMS320C2000 Assembler PC v6.1.3 Tue Oct 01 15:28:13 2013

Tools Copyright (c) 1996-2012 Texas Instruments Incorporated
C:/work/grepos/device_support/device_support/f2837x/F2837x_bootROM_dev/F2837x_bootROM/cpu02-bootROM/Cla_Data_Rom/source/tables/CLAasineTable.asm PAGE    5

         000000b9 3D02 
     129 000000ba 3351          .float  0.813283013821                  
         000000bb 3F50 
     130 000000bc 1ADB          .float  0.340048646894   
         000000bd 3EAE 
     131 000000be EE04          .float  0.036848083955                  
         000000bf 3D16 
     132 000000c0 EB51          .float  0.792653161200                  
         000000c1 3F4A 
     133 000000c2 2F4E          .float  0.361689022958   
         000000c3 3EB9 
     134 000000c4 F8BF          .float  0.042473551274                  
         000000c5 3D2D 
     135 000000c6 11A3          .float  0.769800358920                  
         000000c7 3F45 
     136 000000c8 11A3          .float  0.384900179460   
         000000c9 3EC5 
     137 000000ca 5B16          .float  0.048914992206                  
         000000cb 3D48 
     138 000000cc 937A          .float  0.744437830278                  
         000000cd 3F3E 
     139 000000ce DA30          .float  0.409867752228   
         000000cf 3ED1 
     140 000000d0 99B0          .float  0.056298910750                  
         000000d1 3D66 
     141 000000d2 5AFE          .float  0.716232177740                  
         000000d3 3F37 
     142 000000d4 A4F1          .float  0.436805274317   
         000000d5 3EDF 
     143 000000d6 A899          .float  0.064774696786                  
         000000d7 3D84 
     144 000000d8 4EAB          .float  0.684794109766                  
         000000d9 3F2F 
     145 000000da 9240          .float  0.465959540059   
         000000db 3EEE 
     146 000000dc 9DB7          .float  0.074519565699                  
         000000dd 3D98 
     147 000000de 5092          .float  0.649666934178                  
         000000df 3F26 
     148 000000e0 C7AF          .float  0.497617226179   
         000000e1 3EFE 
     149 000000e2 9AF4          .float  0.085744766889                  
         000000e3 3DAF 
     150 000000e4 3D6B          .float  0.610312179660                  
         000000e5 3F1C 
     151 000000e6 3891          .float  0.532113122767   
         000000e7 3F08 
     152 000000e8 2508          .float  0.098703445606                  
         000000e9 3DCA 
     153 000000ea EB5F          .float  0.566091493186                  
         000000eb 3F10 
     154 000000ec E110          .float  0.569840443472   
         000000ed 3F11 
     155 000000ee DBE7          .float  0.113700678529                  
         000000ef 3DE8 
TMS320C2000 Assembler PC v6.1.3 Tue Oct 01 15:28:13 2013

Tools Copyright (c) 1996-2012 Texas Instruments Incorporated
C:/work/grepos/device_support/device_support/f2837x/F2837x_bootROM_dev/F2837x_bootROM/cpu02-bootROM/Cla_Data_Rom/source/tables/CLAasineTable.asm PAGE    6

     156 000000f0 288B          .float  0.516243664372                  
         000000f1 3F04 
     157 000000f2 7BCA          .float  0.611263845480   
         000000f3 3F1C 
     158 000000f4 40C1          .float  0.131106395009                  
         000000f5 3E06 
     159 000000f6 7224          .float  0.459855210927                  
         000000f7 3EEB 
     160 000000f8 2CF5          .float  0.656936015611   
         000000f9 3F28 
     161 000000fa 014E          .float  0.151372169232                  
         000000fb 3E1B 
     162 000000fc A93B          .float  0.395822366759                  
         000000fd 3ECA 
     163 000000fe 1FF7          .float  0.707518998893   
         000000ff 3F35 
     164 00000100 412A          .float  0.175053263659                  
         00000101 3E33 
     165 00000102 463C          .float  0.322801460177                  
         00000103 3EA5 
     166 00000104 892D          .float  0.763811905770   
         00000105 3F43 
     167 00000106 B4BC          .float  0.202837883870                  
         00000107 3E4F 
     168 00000108 E203          .float  0.239143420888                  
         00000109 3E74 
     169 0000010a A855          .float  0.826787304376   
         0000010b 3F53 
     170 0000010c 3D94          .float  0.235586468765                  
         0000010d 3E71 
     171 0000010e 3BD1          .float  0.142806299514                  
         0000010f 3E12 
     172 00000110 CBB5          .float  0.897639596948   
         00000111 3F65 
     173 00000112 7C36          .float  0.274385149825                  
         00000113 3E8C 
     174 00000114 E47D          .float  0.031236880585                  
         00000115 3CFF 
     175 00000116 5464          .float  0.977850174820   
         00000117 3F7A 
     176 00000118 283E          .float  0.320619535938                  
         00000119 3EA4 
     177 0000011a 5361          .float  -0.098791845166                 
         0000011b BDCA 
     178 0000011c DE0D          .float  1.069276441800   
         0000011d 3F88 
     179 0000011e 8D51          .float  0.376078169620                  
         0000011f 3EC0 
     180 00000120 B877          .float  -0.251407364538                 
         00000121 BE80 
     181 00000122 4EA8          .float  1.174275392129   
         00000123 3F96 
     182 00000124 DE06          .float  0.443100143614                  
         00000125 3EE2 
     183 00000126 29C8          .float  -0.431959397725                 
TMS320C2000 Assembler PC v6.1.3 Tue Oct 01 15:28:13 2013

Tools Copyright (c) 1996-2012 Texas Instruments Incorporated
C:/work/grepos/device_support/device_support/f2837x/F2837x_bootROM_dev/F2837x_bootROM/cpu02-bootROM/Cla_Data_Rom/source/tables/CLAasineTable.asm PAGE    7

         00000127 BEDD 
     184 00000128 DF56          .float  1.295878193174   
         00000129 3FA5 
     185 0000012a 58A1          .float  0.524789871827                  
         0000012b 3F06 
     186 0000012c C19E          .float  -0.647485610469                 
         0000012d BF25 
     187 0000012e 11C0          .float  1.438041695773   
         0000012f 3FB8 
     188 00000130 160D          .float  0.625336471263                  
         00000131 3F20 
     189 00000132 4B68          .float  -0.907400624736                 
         00000133 BF68 
     190 00000134 9206          .float  1.606018804842   
         00000135 3FCD 
     191 00000136 20CF          .float  0.750500589935                  
         00000137 3F40 
     192 00000138 BDC2          .float  -1.224540947101                 
         00000139 BF9C 
     193 0000013a 4913          .float  1.806917563896   
         0000013b 3FE7 
     194 0000013c 8B70          .float  0.908377657341                  
         0000013d 3F68 
     195 0000013e F323          .float  -1.616794995066                 
         0000013f BFCE 
     196 00000140 3C87          .float  2.050569262035   
         00000141 4003 
     197 00000142 2940          .float  1.110633894185                  
         00000143 3F8E 
     198 00000144 05D0          .float  -2.109729648039                 
         00000145 C007 
     199 00000146 757D          .float  2.350920816737   
         00000147 4016 
     200 00000148 F264          .float  1.374584721437                  
         00000149 3FAF 
     201 0000014a 6C4D          .float  -2.740985157716                 
         0000014b C02F 
     202 0000014c 9D5A          .float  2.728353889708   
         0000014d 402E 
     203 0000014e 095D          .float  1.726848242753                  
         0000014f 3FDD 
     204 00000150 5981          .float  -3.567962877198                 
         00000151 C064 
     205 00000152 ADA3          .float  3.213722960014   
         00000153 404D 
     206 00000154 7291          .float  2.210117561056                  
         00000155 400D 
     207 00000156 D2FF          .float  -4.682006534082                 
         00000157 C095 
     208 00000158 C4F0          .float  3.855770086891   
         00000159 4076 
     209 0000015a 6124          .float  2.896554011854                  
         0000015b 4039 
     210 0000015c 8FDF          .float  -6.236312386687                 
         0000015d C0C7 
TMS320C2000 Assembler PC v6.1.3 Tue Oct 01 15:28:13 2013

Tools Copyright (c) 1996-2012 Texas Instruments Incorporated
C:/work/grepos/device_support/device_support/f2837x/F2837x_bootROM_dev/F2837x_bootROM/cpu02-bootROM/Cla_Data_Rom/source/tables/CLAasineTable.asm PAGE    8

     211 0000015e 8A74          .float  4.735651038017   
         0000015f 4097 
     212 00000160 A808          .float  3.916505715382                  
         00000161 407A 
     213 00000162 167B          .float  -8.505488022524                 
         00000163 C108 
     214 00000164 EDE7          .float  5.997790945975   
         00000165 40BF 
     215 00000166 DC01          .float  5.526855868703                  
         00000167 40B0 
     216 00000168 6D06          .float  -12.026617159136                        
         00000169 C140 
     217 0000016a 862C          .float  7.922628470498   
         0000016b 40FD 
     218 0000016c C56A          .float  8.298197116322                  
         0000016d 4104 
     219 0000016e DEA1          .float  -17.983705080358                        
         0000016f C18F 
     220 00000170 FBAA          .float  11.123941286820  
         00000171 4131 
     221 00000172 DE07          .float  13.741706072449                 
         00000173 415B 
     222 00000174 E954          .float  -29.488929624542                        
         00000175 C1EB 
     223 00000176 A073          .float  17.203344479111  
         00000177 4189 
     224 00000178 9F25          .float  27.202707817485                 
         00000179 41D9 
     225 0000017a DDCC          .float  -57.466598393615                        
         0000017b C265 
     226 0000017c ED9A          .float  31.741016484669  
         0000017d 41FD 
     227 0000017e 50F3          .float  83.158101335898                 
         0000017f 42A6 
     228 00000180 CDAC          .float  -171.803399517566                       
         00000181 C32B 
     229 00000182 4CB7          .float  90.149831709374  
         00000183 42B4 
     230              
     231 00000184 0FDB          .float  1.5707963267948966192313216916398
         00000185 3FC9 
     232 00000186 0000          .float  0
         00000187 0000 
     233 00000188 0000          .float  0 
         00000189 0000 
     234                       
     235 0000018a       _CLAasinTableEnd:
     236              ;############################################################################
     237              ;//! @}
     238              ;############################################################################

No Assembly Errors, No Assembly Warnings
