TMS320C2000 Assembler PC v6.1.3 Tue Oct 01 15:28:13 2013

Tools Copyright (c) 1996-2012 Texas Instruments Incorporated
C:/work/grepos/device_support/device_support/f2837x/F2837x_bootROM_dev/F2837x_bootROM/cpu02-bootROM/Cla_Data_Rom/source/tables/CLAatanTable.asm PAGE    1

       1              ;******************************************************************************
       2              ; 
       3              ; FILE: CLAatanTable.asm
       4              ; 
       5              ; DESCRIPTION: atan Tables
       6              ; 
       7              ;******************************************************************************
       8              ;  $TI Release:  $
       9              ;  $Release Date:  $
      10              ;******************************************************************************
      11              ;  This software is licensed for use with Texas Instruments C28x
      12              ;  family DSCs.  This license was provided to you prior to installing
      13              ;  the software.  You may review this license by consulting a copy of
      14              ;  the agreement in the doc directory of this library.
      15              ; ------------------------------------------------------------------------
      16              ;          Copyright (C) 2010-2011 Texas Instruments, Incorporated.
      17              ;                          All Rights Reserved.
      18              ;******************************************************************************
      19                      
      20              ;############################################################################
      21              ;/*! \addtogroup CLAMATH_TABLES
      22              ;  @{
      23              ;*/
      24              ;############################################################################
      25              
      26                      .def    _CLAatan2HalfPITable
      27                      .def    _CLAINV2PI
      28                      .def    _CLAatan2Table
      29                      .def    _CLAatan2TableEnd
      30              
      31 00000000          .sect    "CLA1mathTables"
      32                 
      33 00000000       _CLAatan2HalfPITable:
      34 00000000 0000          .float   2.0    ; 2.0
         00000001 4000 
      35 00000002 0FDB          .float   1.570796327    ; PI/2
         00000003 3FC9 
      36 00000004       _CLAINV2PI:
      37 00000004 F983          .float   0.159154943    ;1 / {2*PI}
         00000005 3E22 
      38              
      39 00000006       _CLAatan2Table:
      40 00000006 0000          .float    0.000000000000        ;   0 x0 =   0.000000000000 -> a0 =   0.000000000000
         00000007 0000 
      41 00000008 0155          .float    1.000040679675        ;   0 x1 =   0.007812500000 -> a1 =   1.000040679675
         00000009 3F80 
      42 0000000a F401          .float   -0.007811069750        ;   0 x2 =   0.015625000000 -> a2 =  -0.007811069750
         0000000b BBFF 
      43              
      44 0000000c 7C24          .float   -0.000003807022        ;   1 x0 =   0.015625000000 -> a0 =  -0.000003807022
         0000000d B67F 
      45 0000000e 114E          .float    1.000528067772        ;   1 x1 =   0.023437500000 -> a1 =   1.000528067772
         0000000f 3F80 
      46 00000010 C70E          .float   -0.023410345493        ;   1 x2 =   0.031250000000 -> a2 =  -0.023410345493
         00000011 BCBF 
TMS320C2000 Assembler PC v6.1.3 Tue Oct 01 15:28:13 2013

Tools Copyright (c) 1996-2012 Texas Instruments Incorporated
C:/work/grepos/device_support/device_support/f2837x/F2837x_bootROM_dev/F2837x_bootROM/cpu02-bootROM/Cla_Data_Rom/source/tables/CLAatanTable.asm PAGE    2

      47              
      48 00000012 1E23          .float   -0.000018968310        ;   2 x0 =   0.031250000000 -> a0 =  -0.000018968310
         00000013 B79F 
      49 00000014 311B          .float    1.001498568106        ;   2 x1 =   0.039062500000 -> a1 =   1.001498568106
         00000015 3F80 
      50 00000016 80CE          .float   -0.038941197075        ;   2 x2 =   0.046875000000 -> a2 =  -0.038941197075
         00000017 BD1F 
      51              
      52 00000018 97DA          .float   -0.000052831927        ;   3 x0 =   0.046875000000 -> a0 =  -0.000052831927
         00000019 B85D 
      53 0000001a 6075          .float    1.002943680965        ;   3 x1 =   0.054687500000 -> a1 =   1.002943680965
         0000001b 3F80 
      54 0000001c A716          .float   -0.054358563160        ;   3 x2 =   0.062500000000 -> a2 =  -0.054358563160
         0000001d BD5E 
      55              
      56 0000001e C1F4          .float   -0.000112417996        ;   4 x0 =   0.062500000000 -> a0 =  -0.000112417996
         0000001f B8EB 
      57 00000020 9EF3          .float    1.004850785788        ;   4 x1 =   0.070312500000 -> a1 =   1.004850785788
         00000021 3F80 
      58 00000022 93FE          .float   -0.069618206649        ;   4 x2 =   0.078125000000 -> a2 =  -0.069618206649
         00000023 BD8E 
      59              
      60 00000024 3842          .float   -0.000204295885        ;   5 x0 =   0.078125000000 -> a0 =  -0.000204295885
         00000025 B956 
      61 00000026 EC0A          .float    1.007203293243        ;   5 x1 =   0.085937500000 -> a1 =   1.007203293243
         00000027 3F80 
      62 00000028 6B26          .float   -0.084677028723        ;   5 x2 =   0.093750000000 -> a2 =  -0.084677028723
         00000029 BDAD 
      63 0000002a 5BBC          .float   -0.000334469493        ;   6 x0 =   0.093750000000 -> a0 =  -0.000334469493
         0000002b B9AF 
      64 0000002c 470D          .float    1.009980843501        ;   6 x1 =   0.101562500000 -> a1 =   1.009980843501
         0000002d 3F81 
      65 0000002e C32E          .float   -0.099493367628        ;   6 x2 =   0.109375000000 -> a2 =  -0.099493367628
         0000002f BDCB 
      66 00000030 3D99          .float   -0.000508272606        ;   7 x0 =   0.109375000000 -> a0 =  -0.000508272606
         00000031 BA05 
      67 00000032 AF36          .float    1.013159547023        ;   7 x1 =   0.117187500000 -> a1 =   1.013159547023
         00000033 3F81 
      68 00000034 8722          .float   -0.114027278430        ;   7 x2 =   0.125000000000 -> a2 =  -0.114027278430
         00000035 BDE9 
      69 00000036 6FFF          .float   -0.000730276035        ;   8 x0 =   0.125000000000 -> a0 =  -0.000730276035
         00000037 BA3F 
      70 00000038 23A1          .float    1.016712263449        ;   8 x1 =   0.132812500000 -> a1 =   1.016712263449
         00000039 3F82 
      71 0000003a 518E          .float   -0.128240790343        ;   8 x2 =   0.140625000000 -> a2 =  -0.128240790343
         0000003b BE03 
      72 0000003c 9FA1          .float   -0.001004207980        ;   9 x0 =   0.140625000000 -> a0 =  -0.001004207980
         0000003d BA83 
      73 0000003e A350          .float    1.020608913557        ;   9 x1 =   0.148437500000 -> a1 =   1.020608913557
         0000003f 3F82 
      74 00000040 822D          .float   -0.142098138715        ;   9 x2 =   0.156250000000 -> a2 =  -0.142098138715
         00000041 BE11 
      75 00000042 B453          .float   -0.001332888717        ;  10 x0 =   0.156250000000 -> a0 =  -0.001332888717
         00000043 BAAE 
      76 00000044 2D33          .float    1.024816818801        ;  10 x1 =   0.164062500000 -> a1 =   1.024816818801
TMS320C2000 Assembler PC v6.1.3 Tue Oct 01 15:28:13 2013

Tools Copyright (c) 1996-2012 Texas Instruments Incorporated
C:/work/grepos/device_support/device_support/f2837x/F2837x_bootROM_dev/F2837x_bootROM/cpu02-bootROM/Cla_Data_Rom/source/tables/CLAatanTable.asm PAGE    3

         00000045 3F83 
      77 00000046 4CAF          .float   -0.155565969259        ;  10 x2 =   0.171875000000 -> a2 =  -0.155565969259
         00000047 BE1F 
      78 00000048 3492          .float   -0.001718180431        ;  11 x0 =   0.171875000000 -> a0 =  -0.001718180431
         00000049 BAE1 
      79 0000004a C023          .float    1.029301062569        ;  11 x1 =   0.179687500000 -> a1 =   1.029301062569
         0000004b 3F83 
      80 0000004c A905          .float   -0.168613512667        ;  11 x2 =   0.187500000000 -> a2 =  -0.168613512667
         0000004d BE2C 
      81 0000004e 9EC5          .float   -0.002160952612        ;  12 x0 =   0.187500000000 -> a0 =  -0.002160952612
         0000004f BB0D 
      82 00000050 5AED          .float    1.034024867135        ;  12 x1 =   0.195312500000 -> a1 =   1.034024867135
         00000051 3F84 
      83 00000052 8FD4          .float   -0.181212728329        ;  12 x2 =   0.203125000000 -> a2 =  -0.181212728329
         00000053 BE39 
      84 00000054 653B          .float   -0.002661063159        ;  13 x0 =   0.203125000000 -> a0 =  -0.002661063159
         00000055 BB2E 
      85 00000056 FC50          .float    1.038949980222        ;  13 x1 =   0.210937500000 -> a1 =   1.038949980222
         00000057 3F84 
      86 00000058 FA81          .float   -0.193338416410        ;  13 x2 =   0.218750000000 -> a2 =  -0.193338416410
         00000059 BE45 
      87 0000005a DA42          .float   -0.003217354977        ;  14 x0 =   0.218750000000 -> a0 =  -0.003217354977
         0000005b BB52 
      88 0000005c A302          .float    1.044037065160        ;  14 x1 =   0.226562500000 -> a1 =   1.044037065160
         0000005d 3F85 
      89 0000005e E336          .float   -0.204968298146        ;  14 x2 =   0.234375000000 -> a2 =  -0.204968298146
         0000005f BE51 
      90 00000060 D99B          .float   -0.003827667546        ;  15 x0 =   0.234375000000 -> a0 =  -0.003827667546
         00000061 BB7A 
      91 00000062 4DB2          .float    1.049246088868        ;  15 x1 =   0.242187500000 -> a1 =   1.049246088868
         00000063 3F86 
      92 00000064 44E1          .float   -0.216083064706        ;  15 x2 =   0.250000000000 -> a2 =  -0.216083064706
         00000065 BE5D 
      93 00000066 174F          .float   -0.004488862702        ;  16 x0 =   0.250000000000 -> a0 =  -0.004488862702
         00000067 BB93 
      94 00000068 FB0F          .float    1.054536702192        ;  16 x1 =   0.257812500000 -> a1 =   1.054536702192
         00000069 3F86 
      95 0000006a 1B3C          .float   -0.226666395507        ;  16 x2 =   0.265625000000 -> a2 =  -0.226666395507
         0000006b BE68 
      96 0000006c 4A74          .float   -0.005196863579        ;  17 x0 =   0.265625000000 -> a0 =  -0.005196863579
         0000006d BBAA 
      97 0000006e A9C6          .float    1.059868607573        ;  17 x1 =   0.273437500000 -> a1 =   1.059868607573
         0000006f 3F87 
      98 00000070 62C8          .float   -0.236704947279        ;  17 x2 =   0.281250000000 -> a2 =  -0.236704947279
         00000071 BE72 
      99 00000072 DC95          .float   -0.005946705500        ;  18 x0 =   0.281250000000 -> a0 =  -0.005946705500
         00000073 BBC2 
     100 00000074 5889          .float    1.065201909527        ;  18 x1 =   0.289062500000 -> a1 =   1.065201909527
         00000075 3F88 
     101 00000076 18CA          .float   -0.246188315613        ;  18 x2 =   0.296875000000 -> a2 =  -0.246188315613
         00000077 BE7C 
     102 00000078 9D1F          .float   -0.006732597422        ;  19 x0 =   0.296875000000 -> a0 =  -0.006732597422
         00000079 BBDC 
     103 0000007a 060F          .float    1.070497443994        ;  19 x1 =   0.304687500000 -> a1 =   1.070497443994
         0000007b 3F89 
TMS320C2000 Assembler PC v6.1.3 Tue Oct 01 15:28:13 2013

Tools Copyright (c) 1996-2012 Texas Instruments Incorporated
C:/work/grepos/device_support/device_support/f2837x/F2837x_bootROM_dev/F2837x_bootROM/cpu02-bootROM/Cla_Data_Rom/source/tables/CLAatanTable.asm PAGE    4

     104 0000007c 9DA5          .float   -0.255108971022        ;  19 x2 =   0.312500000000 -> a2 =  -0.255108971022
         0000007d BE82 
     105 0000007e 5526          .float   -0.007547992413        ;  20 x0 =   0.312500000000 -> a0 =  -0.007547992413
         0000007f BBF7 
     106 00000080 B119          .float    1.075717083222        ;  20 x1 =   0.320312500000 -> a1 =   1.075717083222
         00000081 3F89 
     107 00000082 E484          .float   -0.263462171840        ;  20 x2 =   0.328125000000 -> a2 =  -0.263462171840
         00000083 BE86 
     108 00000084 6408          .float   -0.008385665599        ;  21 x0 =   0.328125000000 -> a0 =  -0.008385665599
         00000085 BC09 
     109 00000086 5871          .float    1.080824013499        ;  21 x1 =   0.335937500000 -> a1 =   1.080824013499
         00000087 3F8A 
     110 00000088 E0BD          .float   -0.271245856476        ;  21 x2 =   0.343750000000 -> a2 =  -0.271245856476
         00000089 BE8A 
     111 0000008a 5A22          .float   -0.009237797924        ;  22 x0 =   0.343750000000 -> a0 =  -0.009237797924
         0000008b BC17 
     112 0000008c FAF0          .float    1.085782983693        ;  22 x1 =   0.351562500000 -> a1 =   1.085782983693
         0000008d 3F8A 
     113 0000008e 9261          .float   -0.278460517693        ;  22 x2 =   0.359375000000 -> a2 =  -0.278460517693
         0000008f BE8E 
     114 00000090 69F6          .float   -0.010096064139        ;  23 x0 =   0.359375000000 -> a0 =  -0.010096064139
         00000091 BC25 
     115 00000092 977D          .float    1.090560523211        ;  23 x1 =   0.367187500000 -> a1 =   1.090560523211
         00000093 3F8B 
     116 00000094 F9D1          .float   -0.285109061650        ;  23 x2 =   0.375000000000 -> a2 =  -0.285109061650
         00000095 BE91 
     117 00000096 6EDB          .float   -0.010951723407        ;  24 x0 =   0.375000000000 -> a0 =  -0.010951723407
         00000097 BC33 
     118 00000098 2D0F          .float    1.095125128557        ;  24 x1 =   0.382812500000 -> a1 =   1.095125128557
         00000099 3F8C 
     119 0000009a 17BA          .float   -0.291196654447        ;  24 x2 =   0.390625000000 -> a2 =  -0.291196654447
         0000009b BE95 
     120 0000009c 42CC          .float   -0.011795711029        ;  25 x0 =   0.390625000000 -> a0 =  -0.011795711029
         0000009d BC41 
     121 0000009e BAB1          .float    1.099447418304        ;  25 x1 =   0.398437500000 -> a1 =   1.099447418304
         0000009f 3F8C 
     122 000000a0 ED11          .float   -0.296730558920        ;  25 x2 =   0.406250000000 -> a2 =  -0.296730558920
         000000a1 BE97 
     123 000000a2 BECA          .float   -0.012618729873        ;  26 x0 =   0.406250000000 -> a0 =  -0.012618729873
         000000a3 BC4E 
     124 000000a4 3F7F          .float    1.103500256784        ;  26 x1 =   0.414062500000 -> a1 =   1.103500256784
         000000a5 3F8D 
     125 000000a6 7B0A          .float   -0.301719964310        ;  26 x2 =   0.421875000000 -> a2 =  -0.301719964310
         000000a7 BE9A 
     126 000000a8 BB3D          .float   -0.013411340199        ;  27 x0 =   0.421875000000 -> a0 =  -0.013411340199
         000000a9 BC5B 
     127 000000aa BAA8          .float    1.107258847274        ;  27 x1 =   0.429687500000 -> a1 =   1.107258847274
         000000ab 3F8D 
     128 000000ac C313          .float   -0.306175811325        ;  27 x2 =   0.437500000000 -> a2 =  -0.306175811325
         000000ad BE9C 
     129 000000ae 1051          .float   -0.014164046711        ;  28 x0 =   0.437500000000 -> a0 =  -0.014164046711
         000000af BC68 
     130 000000b0 2B72          .float    1.110700795887        ;  28 x1 =   0.445312500000 -> a1 =   1.110700795887
         000000b1 3F8E 
     131 000000b2 C6D2          .float   -0.310110614947        ;  28 x2 =   0.453125000000 -> a2 =  -0.310110614947
TMS320C2000 Assembler PC v6.1.3 Tue Oct 01 15:28:13 2013

Tools Copyright (c) 1996-2012 Texas Instruments Incorporated
C:/work/grepos/device_support/device_support/f2837x/F2837x_bootROM_dev/F2837x_bootROM/cpu02-bootROM/Cla_Data_Rom/source/tables/CLAatanTable.asm PAGE    5

         000000b3 BE9E 
     132 000000b4 9652          .float   -0.014867381831        ;  29 x0 =   0.453125000000 -> a0 =  -0.014867381831
         000000b5 BC73 
     133 000000b6 9133          .float    1.113806147717        ;  29 x1 =   0.460937500000 -> a1 =   1.113806147717
         000000b7 3F8E 
     134 000000b8 8817          .float   -0.313538287176        ;  29 x2 =   0.468750000000 -> a2 =  -0.313538287176
         000000b9 BEA0 
     135 000000ba 25FA          .float   -0.015511984298        ;  30 x0 =   0.468750000000 -> a0 =  -0.015511984298
         000000bb BC7E 
     136 000000bc EB5A          .float    1.116557397059        ;  30 x1 =   0.476562500000 -> a1 =   1.116557397059
         000000bd 3F8E 
     137 000000be 08E0          .float   -0.316473961655        ;  30 x2 =   0.484375000000 -> a2 =  -0.316473961655
         000000bf BEA2 
     138 000000c0 CC64          .float   -0.016088672395        ;  31 x0 =   0.484375000000 -> a0 =  -0.016088672395
         000000c1 BC83 
     139 000000c2 3969          .float    1.118939473766        ;  31 x1 =   0.492187500000 -> a1 =   1.118939473766
         000000c3 3F8F 
     140 000000c4 4B4B          .float   -0.318933821948        ;  31 x2 =   0.500000000000 -> a2 =  -0.318933821948
         000000c5 BEA3 
     141 000000c6 E4A1          .float   -0.016588511229        ;  32 x0 =   0.500000000000 -> a0 =  -0.016588511229
         000000c7 BC87 
     142 000000c8 7AF4          .float    1.120939707956        ;  32 x1 =   0.507812500000 -> a1 =   1.120939707956
         000000c9 3F8F 
     143 000000ca 5195          .float   -0.320934934991        ;  32 x2 =   0.515625000000 -> a2 =  -0.320934934991
         000000cb BEA4 
     144 000000cc 499C          .float   -0.017002873645        ;  33 x0 =   0.515625000000 -> a0 =  -0.017002873645
         000000cd BC8B 
     145 000000ce AFA5          .float    1.122547775367        ;  33 x1 =   0.523437500000 -> a1 =   1.122547775367
         000000cf 3F8F 
     146 000000d0 1E14          .float   -0.322495091022        ;  33 x2 =   0.531250000000 -> a2 =  -0.322495091022
         000000d1 BEA5 
     147 000000d2 EA00          .float   -0.017323494499        ;  34 x0 =   0.531250000000 -> a0 =  -0.017323494499
         000000d3 BC8D 
     148 000000d4 D739          .float    1.123755625749        ;  34 x1 =   0.539062500000 -> a1 =   1.123755625749
         000000d5 3F8F 
     149 000000d6 B32E          .float   -0.323632651068        ;  34 x2 =   0.546875000000 -> a2 =  -0.323632651068
         000000d7 BEA5 
     150 000000d8 B554          .float   -0.017542518140        ;  35 x0 =   0.546875000000 -> a0 =  -0.017542518140
         000000d9 BC8F 
     151 000000da F17F          .float    1.124557396633        ;  35 x1 =   0.554687500000 -> a1 =   1.124557396633
         000000db 3F8F 
     152 000000dc 135A          .float   -0.324366402860        ;  35 x2 =   0.562500000000 -> a2 =  -0.324366402860
         000000dd BEA6 
     153 000000de 9C0F          .float   -0.017652539065        ;  36 x0 =   0.562500000000 -> a0 =  -0.017652539065
         000000df BC90 
     154 000000e0 FE57          .float    1.124949314810        ;  36 x1 =   0.570312500000 -> a1 =   1.124949314810
         000000e1 3F8F 
     155 000000e2 411A          .float   -0.324715425833        ;  36 x2 =   0.578125000000 -> a2 =  -0.324715425833
         000000e3 BEA6 
     156 000000e4 8FAD          .float   -0.017646635823        ;  37 x0 =   0.578125000000 -> a0 =  -0.017646635823
         000000e5 BC90 
     157 000000e6 FDB1          .float    1.124929587773        ;  37 x1 =   0.585937500000 -> a1 =   1.124929587773
         000000e7 3F8F 
     158 000000e8 3EF1          .float   -0.324698965683        ;  37 x2 =   0.593750000000 -> a2 =  -0.324698965683
         000000e9 BEA6 
TMS320C2000 Assembler PC v6.1.3 Tue Oct 01 15:28:13 2013

Tools Copyright (c) 1996-2012 Texas Instruments Incorporated
C:/work/grepos/device_support/device_support/f2837x/F2837x_bootROM_dev/F2837x_bootROM/cpu02-bootROM/Cla_Data_Rom/source/tables/CLAatanTable.asm PAGE    6

     159 000000ea 82BE          .float   -0.017518398344        ;  38 x0 =   0.593750000000 -> a0 =  -0.017518398344
         000000eb BC8F 
     160 000000ec EF8F          .float    1.124498287266        ;  38 x1 =   0.601562500000 -> a1 =   1.124498287266
         000000ed 3F8F 
     161 000000ee 0F69          .float   -0.324336318787        ;  38 x2 =   0.609375000000 -> a2 =  -0.324336318787
         000000ef BEA6 
     162 000000f0 68EE          .float   -0.017261948920        ;  39 x0 =   0.609375000000 -> a0 =  -0.017261948920
         000000f1 BC8D 
     163 000000f2 D400          .float    1.123657226955        ;  39 x1 =   0.617187500000 -> a1 =   1.123657226955
         000000f3 3F8F 
     164 000000f4 B506          .float   -0.323646726613        ;  39 x2 =   0.625000000000 -> a2 =  -0.323646726613
         000000f5 BEA5 
     165 000000f6 370F          .float   -0.016871957164        ;  40 x0 =   0.625000000000 -> a0 =  -0.016871957164
         000000f7 BC8A 
     166 000000f8 AB20          .float    1.122409836098        ;  40 x1 =   0.632812500000 -> a1 =   1.122409836098
         000000f9 3F8F 
     167 000000fa 3249          .float   -0.322649280139        ;  40 x2 =   0.640625000000 -> a2 =  -0.322649280139
         000000fb BEA5 
     168 000000fc E31E          .float   -0.016343649294        ;  41 x0 =   0.640625000000 -> a0 =  -0.016343649294
         000000fd BC85 
     169 000000fe 7519          .float    1.120761030918        ;  41 x1 =   0.648437500000 -> a1 =   1.120761030918
         000000ff 3F8F 
     170 00000100 89AB          .float   -0.321362834119        ;  41 x2 =   0.656250000000 -> a2 =  -0.321362834119
         00000101 BEA4 
     171 00000102 6445          .float   -0.015672812166        ;  42 x0 =   0.656250000000 -> a0 =  -0.015672812166
         00000103 BC80 
     172 00000104 321F          .float    1.118717085258        ;  42 x1 =   0.664062500000 -> a1 =   1.118717085258
         00000105 3F8F 
     173 00000106 BD9A          .float   -0.319805931024        ;  42 x2 =   0.671875000000 -> a2 =  -0.319805931024
         00000107 BEA3 
     174 00000108 65B6          .float   -0.014855792451        ;  43 x0 =   0.671875000000 -> a0 =  -0.014855792451
         00000109 BC73 
     175 0000010a E271          .float    1.116285501852        ;  43 x1 =   0.679687500000 -> a1 =   1.116285501852
         0000010b 3F8E 
     176 0000010c D078          .float   -0.317996734279        ;  43 x2 =   0.687500000000 -> a2 =  -0.317996734279
         0000010d BEA2 
     177 0000010e 90C0          .float   -0.013889491441        ;  44 x0 =   0.687500000000 -> a0 =  -0.013889491441
         0000010f BC63 
     178 00000110 8658          .float    1.113474885484        ;  44 x1 =   0.695312500000 -> a1 =   1.113474885484
         00000111 3F8E 
     179 00000112 C496          .float   -0.315952970460        ;  44 x2 =   0.703125000000 -> a2 =  -0.315952970460
         00000113 BEA1 
     180 00000114 3EF3          .float   -0.012771355912        ;  45 x0 =   0.703125000000 -> a0 =  -0.012771355912
         00000115 BC51 
     181 00000116 1E24          .float    1.110294819035        ;  45 x1 =   0.710937500000 -> a1 =   1.110294819035
         00000117 3F8E 
     182 00000118 9C39          .float   -0.313691879968        ;  45 x2 =   0.718750000000 -> a2 =  -0.313691879968
         00000119 BEA0 
     183 0000011a 67D6          .float   -0.011499365513        ;  46 x0 =   0.718750000000 -> a0 =  -0.011499365513
         0000011b BC3C 
     184 0000011c AA2C          .float    1.106755743329        ;  46 x1 =   0.726562500000 -> a1 =   1.106755743329
         0000011d 3F8D 
     185 0000011e 5990          .float   -0.311230175714        ;  46 x2 =   0.734375000000 -> a2 =  -0.311230175714
         0000011f BE9F 
     186 00000120 051A          .float   -0.010072017131        ;  47 x0 =   0.734375000000 -> a0 =  -0.010072017131
TMS320C2000 Assembler PC v6.1.3 Tue Oct 01 15:28:13 2013

Tools Copyright (c) 1996-2012 Texas Instruments Incorporated
C:/work/grepos/device_support/device_support/f2837x/F2837x_bootROM_dev/F2837x_bootROM/cpu02-bootROM/Cla_Data_Rom/source/tables/CLAatanTable.asm PAGE    7

         00000121 BC25 
     187 00000122 2ACE          .float    1.102868841531        ;  47 x1 =   0.742187500000 -> a1 =   1.102868841531
         00000123 3F8D 
     188 00000124 FEB9          .float   -0.308584009287        ;  47 x2 =   0.750000000000 -> a2 =  -0.308584009287
         00000125 BE9D 
     189 00000126 128A          .float   -0.008488306656        ;  48 x0 =   0.750000000000 -> a0 =  -0.008488306656
         00000127 BC0B 
     190 00000128 A06E          .float    1.098645928648        ;  48 x1 =   0.757812500000 -> a1 =   1.098645928648
         00000129 3F8C 
     191 0000012a 8DBF          .float   -0.305768944066        ;  48 x2 =   0.765625000000 -> a2 =  -0.305768944066
         0000012b BE9C 
     192 0000012c 1BE2          .float   -0.006747708579        ;  49 x0 =   0.765625000000 -> a0 =  -0.006747708579
         0000012d BBDD 
     193 0000012e 0B73          .float    1.094099346648        ;  49 x1 =   0.773437500000 -> a1 =   1.094099346648
         0000012f 3F8C 
     194 00000130 0898          .float   -0.302799934724        ;  49 x2 =   0.781250000000 -> a2 =  -0.302799934724
         00000131 BE9B 
     195 00000132 EE0A          .float   -0.004850153815        ;  50 x0 =   0.781250000000 -> a0 =  -0.004850153815
         00000133 BB9E 
     196 00000134 6C47          .float    1.089241865523        ;  50 x1 =   0.789062500000 -> a1 =   1.089241865523
         00000135 3F8B 
     197 00000136 7124          .float   -0.299691312610        ;  50 x2 =   0.796875000000 -> a2 =  -0.299691312610
         00000137 BE99 
     198 00000138 3D33          .float   -0.002796006119        ;  51 x0 =   0.796875000000 -> a0 =  -0.002796006119
         00000139 BB37 
     199 0000013a C359          .float    1.084086590517        ;  51 x1 =   0.804687500000 -> a1 =   1.084086590517
         0000013b 3F8A 
     200 0000013c C92F          .float   -0.296456776409        ;  51 x2 =   0.812500000000 -> a2 =  -0.296456776409
         0000013d BE97 
     201 0000013e A04F          .float   -0.000586037441        ;  52 x0 =   0.812500000000 -> a0 =  -0.000586037441
         0000013f BA19 
     202 00000140 111A          .float    1.078646875666        ;  52 x1 =   0.820312500000 -> a1 =   1.078646875666
         00000141 3F8A 
     203 00000142 126F          .float   -0.293109387609        ;  52 x2 =   0.828125000000 -> a2 =  -0.293109387609
         00000143 BE96 
     204 00000144 1FD4          .float    0.001778597452        ;  53 x0 =   0.828125000000 -> a0 =   0.001778597452
         00000145 3AE9 
     205 00000146 55FA          .float    1.072936243727        ;  53 x1 =   0.835937500000 -> a1 =   1.072936243727
         00000147 3F89 
     206 00000148 4E85          .float   -0.289661570229        ;  53 x2 =   0.843750000000 -> a2 =  -0.289661570229
         00000149 BE94 
     207 0000014a C8B4          .float    0.004296386804        ;  54 x0 =   0.843750000000 -> a0 =   0.004296386804
         0000014b 3B8C 
     208 0000014c 926B          .float    1.066968312440        ;  54 x1 =   0.851562500000 -> a1 =   1.066968312440
         0000014d 3F88 
     209 0000014e 7EFE          .float   -0.286125114351        ;  54 x2 =   0.859375000000 -> a2 =  -0.286125114351
         0000014f BE92 
     210 00000150 3EBF          .float    0.006965487894        ;  55 x0 =   0.859375000000 -> a0 =   0.006965487894
         00000151 3BE4 
     211 00000152 C6E0          .float    1.060756727064        ;  55 x1 =   0.867187500000 -> a1 =   1.060756727064
         00000153 3F87 
     212 00000154 A54E          .float   -0.282511182960        ;  55 x2 =   0.875000000000 -> a2 =  -0.282511182960
         00000155 BE90 
     213 00000156 4C09          .float    0.009783753017        ;  56 x0 =   0.875000000000 -> a0 =   0.009783753017
         00000157 3C20 
TMS320C2000 Assembler PC v6.1.3 Tue Oct 01 15:28:13 2013

Tools Copyright (c) 1996-2012 Texas Instruments Incorporated
C:/work/grepos/device_support/device_support/f2837x/F2837x_bootROM_dev/F2837x_bootROM/cpu02-bootROM/Cla_Data_Rom/source/tables/CLAatanTable.asm PAGE    8

     214 00000158 F3CC          .float    1.054315099009        ;  56 x1 =   0.882812500000 -> a1 =   1.054315099009
         00000159 3F86 
     215 0000015a C2D9          .float   -0.278830321668        ;  56 x2 =   0.890625000000 -> a2 =  -0.278830321668
         0000015b BE8E 
     216 0000015c E028          .float    0.012748755207        ;  57 x0 =   0.890625000000 -> a0 =   0.012748755207
         0000015d 3C50 
     217 0000015e 199F          .float    1.047656950440        ;  57 x1 =   0.898437500000 -> a1 =   1.047656950440
         0000015f 3F86 
     218 00000160 D8EC          .float   -0.275092470943        ;  57 x2 =   0.906250000000 -> a2 =  -0.275092470943
         00000161 BE8C 
     219 00000162 E83F          .float    0.015857813546        ;  58 x0 =   0.906250000000 -> a0 =   0.015857813546
         00000163 3C81 
     220 00000164 38CB          .float    1.040795664582        ;  58 x1 =   0.914062500000 -> a1 =   1.040795664582
         00000165 3F85 
     221 00000166 E8C0          .float   -0.271306980411        ;  58 x2 =   0.921875000000 -> a2 =  -0.271306980411
         00000167 BE8A 
     222 00000168 886B          .float    0.019108017893        ;  59 x0 =   0.921875000000 -> a0 =   0.019108017893
         00000169 3C9C 
     223 0000016a 51BD          .float    1.033744441476        ;  59 x1 =   0.929687500000 -> a1 =   1.033744441476
         0000016b 3F84 
     224 0000016c F37C          .float   -0.267482624928        ;  59 x2 =   0.937500000000 -> a2 =  -0.267482624928
         0000016d BE88 
     225 0000016e 4A10          .float    0.022496252887        ;  60 x0 =   0.937500000000 -> a0 =   0.022496252887
         0000016f 3CB8 
     226 00000170 64E3          .float    1.026516258989        ;  60 x1 =   0.945312500000 -> a1 =   1.026516258989
         00000171 3F83 
     227 00000172 FA33          .float   -0.263627622089        ;  60 x2 =   0.953125000000 -> a2 =  -0.263627622089
         00000173 BE86 
     228 00000174 2643          .float    0.026019221162        ;  61 x0 =   0.953125000000 -> a0 =   0.026019221162
         00000175 3CD5 
     229 00000176 72A6          .float    1.019123838651        ;  61 x1 =   0.960937500000 -> a1 =   1.019123838651
         00000177 3F82 
     230 00000178 FDE8          .float   -0.259749650860        ;  61 x2 =   0.968750000000 -> a2 =  -0.259749650860
         00000179 BE84 
     231 0000017a 15C5          .float    0.029673465636        ;  62 x0 =   0.968750000000 -> a0 =   0.029673465636
         0000017b 3CF3 
     232 0000017c 7B71          .float    1.011579616186        ;  62 x1 =   0.976562500000 -> a1 =   1.011579616186
         0000017d 3F81 
     233 0000017e FF8A          .float   -0.255855871106        ;  62 x2 =   0.984375000000 -> a2 =  -0.255855871106
         0000017f BE82 
     234              
     235 00000180 0885          .float    0.033455390838        ;  63 x0 =   0.984375000000 -> a0 =   0.033455390838
         00000181 3D09 
     236 00000182 7FA8          .float    1.003895716322        ;  63 x1 =   0.992187500000 -> a1 =   1.003895716322
         00000183 3F80 
     237 00000184 FFFA          .float   -0.251952943763        ;  63 x2 =   1.000000000000 -> a2 =  -0.251952943763
         00000185 BE80 
     238              
     239 00000186 0825          .float    0.037361283212        ;  64 x0 =   1.000000000000 -> a0 =   0.037361283212
         00000187 3D19 
     240 00000188 FF5B          .float    0.996083931611        ;  64 x1 =   1.007812500000 -> a1 =   0.996083931611
         00000189 3F7E 
     241 0000018a 000C          .float   -0.248047051426        ;  64 x2 =   1.015625000000 -> a2 =  -0.248047051426
         0000018b BE7E 
     242 0000018c       _CLAatan2TableEnd:
TMS320C2000 Assembler PC v6.1.3 Tue Oct 01 15:28:13 2013

Tools Copyright (c) 1996-2012 Texas Instruments Incorporated
C:/work/grepos/device_support/device_support/f2837x/F2837x_bootROM_dev/F2837x_bootROM/cpu02-bootROM/Cla_Data_Rom/source/tables/CLAatanTable.asm PAGE    9

     243              
     244              ;############################################################################
     245              ;//! @}
     246              ;############################################################################

No Assembly Errors, No Assembly Warnings
